2016-02-02 10:30:27.946 DEBUG /api/mobile/GetOrderApproveNewList:  参数:[{"usercode":"1002","orderId":"201601140018"}]
2016-02-02 10:34:43.997 DEBUG /api/mobile/GetOrderDetail:  参数:[{"usercode":"1002","orderId":"201602020059"}]
2016-02-02 10:51:59.673 DEBUG /api/mobile/GetOrderDetail:  参数:[{"usercode":"1002","orderId":"201602020060"}]
2016-02-02 11:10:14.255 DEBUG /api/mobile/GetOrderDetail:  参数:[{"usercode":"1002","orderId":"201602020060"}]
2016-02-02 11:10:19.666 DEBUG /api/mobile/GetOrderDetail: “System.Collections.Generic.List<<>f__AnonymousType3<Pharos.Logic.Entity.VwOrder,string,string,string,decimal,string,decimal,decimal,decimal,short>>”未包含“Barcode”的定义
2016-02-02 11:10:36.352 DEBUG /api/mobile/GetOrderDetail:  参数:[{"usercode":"1002","orderId":"201602020060"}]
2016-02-02 11:10:45.459 DEBUG /api/mobile/GetOrderDetail: “System.Collections.Generic.List<<>f__AnonymousType3<Pharos.Logic.Entity.VwOrder,string,string,string,decimal,string,decimal,decimal,decimal,short>>”未包含“Barcode”的定义
2016-02-02 11:11:05.328 DEBUG /api/mobile/GetOrderDetail:  参数:[{"usercode":"1002","orderId":"201602020060"}]
2016-02-02 11:11:40.380 DEBUG /api/mobile/GetOrderDetail: “System.Collections.Generic.List<<>f__AnonymousType3<Pharos.Logic.Entity.VwOrder,string,string,string,decimal,string,decimal,decimal,decimal,short>>”未包含“Barcode”的定义
2016-02-02 11:23:32.753 DEBUG /api/mobile/GetOrderDetail:  参数:[{"usercode":"1002","orderId":"201602020060"}]
2016-02-02 11:34:44.038 DEBUG /api/mobile/GetOrderDetail:  参数:[{"usercode":"1002","orderId":"201602020060"}]
2016-02-02 11:37:00.741 DEBUG /api/mobile/GetOrderDeliveryList:  参数:[{"supplierId":"576c22a2e3774e8190be6dfd7f3848d9","date":"2016-2-2"}]
2016-02-02 14:47:21.898 DEBUG /api/mobile/GetTakestockList:  参数:[{"storeId":"17","checkBatch":"1716020201"}]
2016-02-02 15:08:47.738 DEBUG /api/mobile/GetTakestockList:  参数:[{"storeId":"17","checkBatch":"1716020201"}]
2016-02-02 15:09:53.316 DEBUG /api/mobile/GetTakestockList:  参数:[{"storeId":"15","checkBatch":"1516012101"}]
2016-02-02 18:14:13.087 DEBUG /api/getimgs:  参数:[{"source":"app","type":"android","position":"sysLoginBj"}]
2016-02-02 18:14:13.426 DEBUG /api/getimgs: 未能找到路径“E:\daoc\Pharos\Pharos.Api.Retailing\Images\app\1\android640”的一部分。
2016-02-02 18:14:31.313 DEBUG /api/getimgs:  参数:[{"source":"app","type":"android","position":"sysLoginBj"}]
2016-02-02 18:14:42.841 DEBUG /api/getimgs: 未能找到路径“E:\daoc\Pharos\Pharos.Api.Retailing\Images\app\1\android640”的一部分。
2016-02-02 18:14:46.084 DEBUG /api/getimgs:  参数:[{"source":"app","type":"android","position":"sysLoginBj"}]
2016-02-02 18:15:25.744 DEBUG /api/getimgs: 未能找到路径“E:\daoc\Pharos\Pharos.Api.Retailing\Images\app\1\android640”的一部分。
2016-02-02 18:16:57.015 DEBUG /api/getimgs:  参数:[{"source":"app","type":"android","position":"sysLoginBj"}]
2016-02-02 18:17:00.838 DEBUG /api/getimgs:  参数:[{"source":"app","type":"android","position":"sysLoginBj"}]
2016-02-02 18:17:02.723 DEBUG /api/getimgs:  参数:[{"source":"app","type":"android","position":"sysLoginBj"}]
2016-02-02 18:17:04.195 DEBUG /api/getimgs:  参数:[{"source":"app","type":"android","position":"sysLoginBj"}]
2016-02-02 18:17:06.296 DEBUG /api/getimgs:  参数:[{"source":"app","type":"android","position":"sysLoginBj"}]
2016-02-02 18:17:07.286 DEBUG /api/getimgs:  参数:[{"source":"app","type":"android","position":"sysLoginBj"}]
2016-02-02 18:17:52.146 DEBUG /api/getimgs:  参数:[{"source":"app","type":"android","position":"sysLoginBj"}]
2016-02-02 18:17:54.429 DEBUG /api/getimgs:  参数:[{"source":"app","type":"android","position":"sysLoginBj"}]
2016-02-02 18:17:56.034 DEBUG /api/getimgs:  参数:[{"source":"app","type":"android","position":"sysLoginBj"}]
2016-02-02 18:17:57.206 DEBUG /api/getimgs:  参数:[{"source":"app","type":"android","position":"sysLoginBj"}]
2016-02-02 18:17:58.378 DEBUG /api/getimgs:  参数:[{"source":"app","type":"android","position":"sysLoginBj"}]
2016-02-02 18:17:59.791 DEBUG /api/getimgs:  参数:[{"source":"app","type":"android","position":"sysLoginBj"}]
2016-02-02 18:18:00.976 DEBUG /api/getimgs:  参数:[{"source":"app","type":"android","position":"sysLoginBj"}]
2016-02-02 18:18:02.428 DEBUG /api/getimgs:  参数:[{"source":"app","type":"android","position":"sysLoginBj"}]
2016-02-02 18:18:03.583 DEBUG /api/getimgs:  参数:[{"source":"app","type":"android","position":"sysLoginBj"}]
2016-02-02 18:18:04.615 DEBUG /api/getimgs:  参数:[{"source":"app","type":"android","position":"sysLoginBj"}]
2016-02-02 18:18:05.603 DEBUG /api/getimgs:  参数:[{"source":"app","type":"android","position":"sysLoginBj"}]
2016-02-02 18:18:06.570 DEBUG /api/getimgs:  参数:[{"source":"app","type":"android","position":"sysLoginBj"}]
2016-02-02 18:18:07.405 DEBUG /api/getimgs:  参数:[{"source":"app","type":"android","position":"sysLoginBj"}]
2016-02-02 18:18:08.477 DEBUG /api/getimgs:  参数:[{"source":"app","type":"android","position":"sysLoginBj"}]
2016-02-02 18:18:09.417 DEBUG /api/getimgs:  参数:[{"source":"app","type":"android","position":"sysLoginBj"}]
2016-02-02 18:18:10.374 DEBUG /api/getimgs:  参数:[{"source":"app","type":"android","position":"sysLoginBj"}]
2016-02-02 18:18:11.422 DEBUG /api/getimgs:  参数:[{"source":"app","type":"android","position":"sysLoginBj"}]
2016-02-02 18:18:12.722 DEBUG /api/getimgs:  参数:[{"source":"app","type":"android","position":"sysLoginBj"}]
2016-02-02 18:18:13.801 DEBUG /api/getimgs:  参数:[{"source":"app","type":"android","position":"sysLoginBj"}]
