2016-01-29 11:32:14.430 DEBUG /api/mobile/MemberDayReport:  参数:[{"storeid":"16","date":"2015-11-04"}]
2016-01-29 11:32:48.864 DEBUG /api/mobile/MemberDayReport:  参数:[{"date":"2015-11-04"}]
2016-01-29 11:33:14.204 DEBUG /api/mobile/MemberDayReport:  参数:[{"":"2015-11-04"}]
2016-01-29 11:33:14.324 DEBUG MessageException: 当前日期为空!
源:System.Web.Http
引发原因:Void MoveNext()
堆栈跟踪:   在 System.Web.Http.Filters.ActionFilterAttribute.<CallOnActionExecutedAsync>d__1.MoveNext()
--- 引发异常的上一位置中堆栈跟踪的末尾 ---
   在 System.Runtime.CompilerServices.TaskAwaiter.ThrowForNonSuccess(Task task)
   在 System.Runtime.CompilerServices.TaskAwaiter.HandleNonSuccessAndDebuggerNotification(Task task)
   在 System.Runtime.CompilerServices.TaskAwaiter`1.GetResult()
   在 System.Web.Http.Controllers.ActionFilterResult.<ExecuteAsync>d__2.MoveNext()
--- 引发异常的上一位置中堆栈跟踪的末尾 ---
   在 System.Runtime.CompilerServices.TaskAwaiter.ThrowForNonSuccess(Task task)
   在 System.Runtime.CompilerServices.TaskAwaiter.HandleNonSuccessAndDebuggerNotification(Task task)
   在 System.Web.Http.ApiController.<InvokeActionWithExceptionFilters>d__1.MoveNext()
2016-01-29 11:35:53.757 DEBUG /api/mobile/MemberDayReport:  参数:[{"":"2015-11-04"}]
2016-01-29 11:35:53.799 DEBUG /api/mobile/MemberDayReport: 当前日期为空!
2016-01-29 11:40:48.273 DEBUG /api/mobile/MemberDayReport:  参数:[{"":"2015-11-04"}]
2016-01-29 11:40:48.315 DEBUG /api/mobile/MemberDayReport: 当前日期为空!
2016-01-29 16:23:19.140 DEBUG /api/mobile/MemberDayReport:  参数:[{"date":"2015-11-04"}]
2016-01-29 16:23:51.908 DEBUG /api/mobile/SaleCategoryDayReport:  参数:[{"storeid":"16","date":"2016-01-15"}]
2016-01-29 16:38:50.054 DEBUG /api/mobile/SaleDetailDayReport:  参数:[{"storeid":"16","date":"2016-01-15"}]
2016-01-29 16:39:19.414 DEBUG /api/mobile/SaleDetailDayReport:  参数:[{"storeid":"","date":"2016-01-15"}]
2016-01-29 16:39:19.420 DEBUG /api/mobile/SaleDetailDayReport: 门店号为空!
2016-01-29 16:39:24.006 DEBUG /api/mobile/SaleDetailDayReport:  参数:[{"storeid":"16","date":"2016-01-15"}]
2016-01-29 16:39:54.221 DEBUG /api/mobile/SaleDetailDayReport:  参数:[{"storeid":"16","date":"2016-01-15"}]
2016-01-29 16:41:03.981 DEBUG /api/mobile/SaleDetailDayReport:  参数:[{"storeid":"16","date":"2016-01-15"}]
2016-01-29 16:44:28.306 DEBUG /api/mobile/SaleDetailDayReport:  参数:[{"storeid":"16","date":"2016-01-15"}]
2016-01-29 16:44:59.845 DEBUG /api/mobile/SaleDetailDayReport:  参数:[{"storeid":"16","date":"2016-01-15"}]
2016-01-29 16:46:10.932 DEBUG /api/mobile/SaleDetailDayReport:  参数:[{"storeid":"16","date":"2016-01-15"}]
2016-01-29 17:01:18.875 DEBUG /api/mobile/SaleDetailDayReport:  参数:[{"storeid":"16","date":"2016-01-15"}]
