2016-04-05 11:08:15.686 DEBUG /api/login:  参数:[{"Account":"caisf","Password":"1234","EntryPoint":1,"DeviceType":0,"InTestMode":false,"StoreId":null,"MachineSn":null,"CompanyToken":0,"DeviceSn":null}]
2016-04-05 11:08:16.258 DEBUG /api/login: 帐号或密码错误!
2016-04-05 11:08:32.131 DEBUG /api/login:  参数:[{"Account":"caisf","Password":"123456","EntryPoint":1,"DeviceType":0,"InTestMode":false,"StoreId":null,"MachineSn":null,"CompanyToken":0,"DeviceSn":null}]
2016-04-05 11:09:22.612 DEBUG /api/login:  参数:[{"Account":"caisf","Password":"123456","EntryPoint":1,"DeviceType":0,"InTestMode":false,"StoreId":null,"MachineSn":null,"CompanyToken":0,"DeviceSn":null}]
2016-04-05 11:11:30.630 DEBUG /api/login:  参数:[{"Account":"caisf","Password":"123456","EntryPoint":1,"DeviceType":0,"InTestMode":false,"StoreId":null,"MachineSn":null,"CompanyToken":0,"DeviceSn":null}]
2016-04-05 11:13:01.721 DEBUG /api/login:  参数:[{"Account":"caisf","Password":"123456","EntryPoint":1,"DeviceType":0,"InTestMode":false,"CID":1,"StoreId":null,"MachineSn":null,"CompanyToken":0,"DeviceSn":null}]
2016-04-05 11:17:57.872 DEBUG /api/login:  参数:[{"Account":"caisf","Password":"123456","EntryPoint":1,"DeviceType":0,"InTestMode":false,"CID":1,"StoreId":null,"MachineSn":null,"CompanyToken":0,"DeviceSn":null}]
2016-04-05 11:20:35.542 DEBUG /api/login:  参数:[{"Account":"caisf","Password":"123456","EntryPoint":1,"DeviceType":0,"InTestMode":false,"CID":1,"StoreId":null,"MachineSn":null,"CompanyToken":0,"DeviceSn":null}]
2016-04-05 11:25:45.454 DEBUG /api/mobile/SaleSupplierDayReport:  参数:[{"storeid":"15","date":"2016-04-01"}]
2016-04-05 11:30:01.807 DEBUG /api/mobile/SaleSupplierDayReport:  参数:[{"storeid":"15","date":"2016-04-01"}]
2016-04-05 11:30:22.572 DEBUG /api/login:  参数:[{"Account":"caisf","Password":"123456","EntryPoint":1,"DeviceType":0,"InTestMode":false,"CID":1,"StoreId":null,"MachineSn":null,"CompanyToken":0,"DeviceSn":null}]
2016-04-05 11:30:46.404 DEBUG /api/login:  参数:[{"Account":"caisf","Password":"123456","EntryPoint":1,"DeviceType":0,"InTestMode":false,"CID":1,"StoreId":null,"MachineSn":null,"CompanyToken":0,"DeviceSn":null}]
2016-04-05 11:52:05.616 DEBUG /api/login:  参数:[{"Account":"caisf","Password":"123456","EntryPoint":1,"DeviceType":0,"InTestMode":false,"CID":1,"StoreId":null,"MachineSn":null,"CompanyToken":0,"DeviceSn":null}]
2016-04-05 11:52:24.130 DEBUG /api/login:  参数:[{"Account":"caisf","Password":"123456","EntryPoint":1,"DeviceType":0,"InTestMode":false,"CID":1,"StoreId":null,"MachineSn":null,"CompanyToken":0,"DeviceSn":null}]
2016-04-05 11:52:58.024 DEBUG /api/mobile/SaleSupplierDayReport:  参数:[{"storeid":"15","date":"2016-04-01"}]
2016-04-05 13:53:14.310 DEBUG /api/login:  参数:[{"Account":"caisf","Password":"123456","EntryPoint":1,"DeviceType":0,"InTestMode":false,"CID":1,"StoreId":null,"MachineSn":null,"CompanyToken":0,"DeviceSn":null}]
2016-04-05 13:53:53.743 DEBUG /api/mobile/SaleSupplierDayReport:  参数:[{"storeid":"15","date":"2016-04-01"}]
2016-04-05 13:55:14.654 DEBUG /api/login:  参数:[{"Account":"caisf","Password":"123456","EntryPoint":1,"DeviceType":0,"InTestMode":false,"CID":1,"StoreId":null,"MachineSn":null,"CompanyToken":0,"DeviceSn":null}]
2016-04-05 13:55:26.367 DEBUG /api/login:  参数:[{"Account":"caisf","Password":"123456","EntryPoint":1,"DeviceType":0,"InTestMode":false,"CID":1,"StoreId":null,"MachineSn":null,"CompanyToken":0,"DeviceSn":null}]
2016-04-05 13:56:08.631 DEBUG /api/mobile/SaleSupplierDayReport:  参数:[{"storeid":"15","date":"2016-04-01"}]
2016-04-05 14:11:34.584 DEBUG /api/mobile/SaleSupplierDayReport:  参数:[{"storeid":"15","date":"2016-04-01"}]
2016-04-05 14:12:19.821 DEBUG /api/login:  参数:[{"Account":"caisf","Password":"123456","EntryPoint":1,"DeviceType":0,"InTestMode":false,"CID":1,"StoreId":null,"MachineSn":null,"CompanyToken":0,"DeviceSn":null}]
2016-04-05 14:13:04.854 DEBUG /api/mobile/SaleSupplierDayReport:  参数:[{"storeid":"15","date":"2016-04-01"}]
2016-04-05 14:13:51.141 DEBUG /api/mobile/SaleSupplierDayReport:  参数:[{"storeid":"15","date":"2016-04-01"}]
2016-04-05 14:14:01.772 DEBUG /api/login:  参数:[{"Account":"caisf","Password":"123456","EntryPoint":1,"DeviceType":0,"InTestMode":false,"CID":1,"StoreId":null,"MachineSn":null,"CompanyToken":0,"DeviceSn":null}]
2016-04-05 14:14:21.632 DEBUG /api/mobile/SaleSupplierDayReport:  参数:[{"storeid":"15","date":"2016-04-01"}]
2016-04-05 14:16:05.851 DEBUG /api/login:  参数:[{"Account":"caisf","Password":"123456","EntryPoint":1,"DeviceType":0,"InTestMode":false,"CID":1,"StoreId":null,"MachineSn":null,"CompanyToken":0,"DeviceSn":null}]
2016-04-05 14:17:20.321 DEBUG /api/mobile/SaleSupplierDayReport:  参数:[{"storeid":"15","date":"2016-04-01"}]
2016-04-05 14:43:17.806 DEBUG /api/mobile/GetStoreList: 给定关键字不在字典中。
2016-04-05 14:43:43.801 DEBUG /api/mobile/GetStoreList: 给定关键字不在字典中。
2016-04-05 14:44:17.120 DEBUG /api/login:  参数:[{"Account":"caisf","Password":"123456","EntryPoint":1,"DeviceType":0,"InTestMode":false,"CID":1,"StoreId":null,"MachineSn":null,"CompanyToken":0,"DeviceSn":null}]
2016-04-05 14:44:37.771 DEBUG /api/login:  参数:[{"Account":"caisf","Password":"123456","EntryPoint":1,"DeviceType":0,"InTestMode":false,"CID":1,"StoreId":null,"MachineSn":null,"CompanyToken":0,"DeviceSn":null}]
2016-04-05 14:45:20.870 DEBUG /api/login: 给定关键字不在字典中。
2016-04-05 14:47:08.042 DEBUG /api/login:  参数:[{"Account":"caisf","Password":"123456","EntryPoint":1,"DeviceType":0,"InTestMode":false,"CID":1,"StoreId":null,"MachineSn":null,"CompanyToken":0,"DeviceSn":null}]
2016-04-05 14:47:19.132 DEBUG /api/login:  参数:[{"Account":"caisf","Password":"123456","EntryPoint":1,"DeviceType":0,"InTestMode":false,"CID":1,"StoreId":null,"MachineSn":null,"CompanyToken":0,"DeviceSn":null}]
2016-04-05 15:47:40.319 DEBUG /api/login:  参数:[{"Account":"caisf","Password":"123456","EntryPoint":1,"DeviceType":0,"InTestMode":false,"CID":1,"StoreId":null,"MachineSn":null,"CompanyToken":0,"DeviceSn":null}]
2016-04-05 15:47:40.536 DEBUG /api/login: 帐号或密码错误!
2016-04-05 15:47:49.131 DEBUG /api/login:  参数:[{"Account":"caisf","Password":"123456","EntryPoint":1,"DeviceType":0,"InTestMode":false,"CID":2,"StoreId":null,"MachineSn":null,"CompanyToken":0,"DeviceSn":null}]
2016-04-05 15:48:59.926 DEBUG /api/login:  参数:[{"Account":"caisf","Password":"123456","EntryPoint":1,"DeviceType":0,"InTestMode":false,"CID":2,"StoreId":null,"MachineSn":null,"CompanyToken":0,"DeviceSn":null}]
2016-04-05 15:49:19.984 DEBUG /api/login:  参数:[{"Account":"caisf","Password":"123456","EntryPoint":1,"DeviceType":0,"InTestMode":false,"CID":2,"StoreId":null,"MachineSn":null,"CompanyToken":0,"DeviceSn":null}]
2016-04-05 15:49:20.404 DEBUG /api/login: “Pharos.Logic.ApiData.Mobile.Services.ChatService”的类型初始值设定项引发异常。
2016-04-05 15:50:17.735 DEBUG /api/login:  参数:[{"Account":"caisf","Password":"123456","EntryPoint":1,"DeviceType":0,"InTestMode":false,"CID":2,"StoreId":null,"MachineSn":null,"CompanyToken":0,"DeviceSn":null}]
2016-04-05 15:53:20.715 DEBUG StoreController: companyid:2
