2016-01-04 10:36:21.276 DEBUG WxPayApi: UnfiedOrder request : <xml><appid><![CDATA[wxefc6681a35189ab8]]></appid><attach><![CDATA[112233]]></attach><body><![CDATA[东本-订单编号112233]]></body><goods_tag><![CDATA[]]></goods_tag><mch_id><![CDATA[1273991801]]></mch_id><nonce_str><![CDATA[05d2ff08362e4d15b8ce43dc8df7e532]]></nonce_str><notify_url><![CDATA[http://demo.xmpharos.com/WXNotify.aspx]]></notify_url><out_trade_no><![CDATA[127399180120160104103621727]]></out_trade_no><product_id><![CDATA[112233]]></product_id><sign><![CDATA[585FBD38D98B1C317A7174AF066AAD76]]></sign><spbill_create_ip><![CDATA[8.8.8.8]]></spbill_create_ip><time_expire><![CDATA[20160104104621]]></time_expire><time_start><![CDATA[20160104103621]]></time_start><total_fee>1</total_fee><trade_type><![CDATA[NATIVE]]></trade_type></xml>
2016-01-04 10:36:21.874 DEBUG WxPayApi: UnfiedOrder response : <xml><return_code><![CDATA[SUCCESS]]></return_code>
<return_msg><![CDATA[OK]]></return_msg>
<appid><![CDATA[wxefc6681a35189ab8]]></appid>
<mch_id><![CDATA[1273991801]]></mch_id>
<nonce_str><![CDATA[hXSNErYFECE6Yo8y]]></nonce_str>
<sign><![CDATA[59B949734E17940A26FD457E18CF22E8]]></sign>
<result_code><![CDATA[SUCCESS]]></result_code>
<prepay_id><![CDATA[wx201601041035567b6b36c4a70702247056]]></prepay_id>
<trade_type><![CDATA[NATIVE]]></trade_type>
<code_url><![CDATA[weixin://wxpay/bizpayurl?pr=J1WAEnJ]]></code_url>
</xml>
2016-01-04 10:38:10.178 DEBUG WxPayApi: UnfiedOrder request : <xml><appid><![CDATA[wxefc6681a35189ab8]]></appid><attach><![CDATA[112233]]></attach><body><![CDATA[东本-订单编号112233]]></body><goods_tag><![CDATA[]]></goods_tag><mch_id><![CDATA[1273991801]]></mch_id><nonce_str><![CDATA[7141e830093940abb8d32e01959d330e]]></nonce_str><notify_url><![CDATA[http://27.154.234.10/WXNotify.aspx]]></notify_url><out_trade_no><![CDATA[127399180120160104103810293]]></out_trade_no><product_id><![CDATA[112233]]></product_id><sign><![CDATA[7A566AE82B9212D1A5A021929C0F1394]]></sign><spbill_create_ip><![CDATA[8.8.8.8]]></spbill_create_ip><time_expire><![CDATA[20160104104810]]></time_expire><time_start><![CDATA[20160104103810]]></time_start><total_fee>1</total_fee><trade_type><![CDATA[NATIVE]]></trade_type></xml>
2016-01-04 10:38:10.672 DEBUG WxPayApi: UnfiedOrder response : <xml><return_code><![CDATA[SUCCESS]]></return_code>
<return_msg><![CDATA[OK]]></return_msg>
<appid><![CDATA[wxefc6681a35189ab8]]></appid>
<mch_id><![CDATA[1273991801]]></mch_id>
<nonce_str><![CDATA[k6R2CMAEyB8cUMDw]]></nonce_str>
<sign><![CDATA[F60F8C0CB7D02CEDC1CA4C9C1790324B]]></sign>
<result_code><![CDATA[SUCCESS]]></result_code>
<prepay_id><![CDATA[wx2016010410374554c76247b00005372639]]></prepay_id>
<trade_type><![CDATA[NATIVE]]></trade_type>
<code_url><![CDATA[weixin://wxpay/bizpayurl?pr=iuXnviV]]></code_url>
</xml>
2016-01-04 14:32:12.297 DEBUG WxPayApi: UnfiedOrder request : <xml><appid><![CDATA[wxefc6681a35189ab8]]></appid><attach><![CDATA[2125]]></attach><body><![CDATA[东本-订单编号2125]]></body><goods_tag><![CDATA[]]></goods_tag><mch_id><![CDATA[1273991801]]></mch_id><nonce_str><![CDATA[26558ff601b24c679fa9649aeace041d]]></nonce_str><notify_url><![CDATA[http://demo.xmpharos.com/WXNotify.aspx]]></notify_url><out_trade_no><![CDATA[127399180120160104143212201]]></out_trade_no><product_id><![CDATA[2125]]></product_id><sign><![CDATA[9B6C4F97E1F316612CC01C7AA1DA01A7]]></sign><spbill_create_ip><![CDATA[8.8.8.8]]></spbill_create_ip><time_expire><![CDATA[20160104144212]]></time_expire><time_start><![CDATA[20160104143212]]></time_start><total_fee>1</total_fee><trade_type><![CDATA[NATIVE]]></trade_type></xml>
2016-01-04 14:32:12.882 DEBUG WxPayApi: UnfiedOrder response : <xml><return_code><![CDATA[SUCCESS]]></return_code>
<return_msg><![CDATA[OK]]></return_msg>
<appid><![CDATA[wxefc6681a35189ab8]]></appid>
<mch_id><![CDATA[1273991801]]></mch_id>
<nonce_str><![CDATA[RXwX5DbV0nwpmPx4]]></nonce_str>
<sign><![CDATA[9CE29241E69BB28B89E05E584D63924C]]></sign>
<result_code><![CDATA[SUCCESS]]></result_code>
<prepay_id><![CDATA[wx201601041431475e4fd813b90454970292]]></prepay_id>
<trade_type><![CDATA[NATIVE]]></trade_type>
<code_url><![CDATA[weixin://wxpay/bizpayurl?pr=uOoqdmG]]></code_url>
</xml>
2016-01-04 14:34:21.835 DEBUG WxPayApi: UnfiedOrder request : <xml><appid><![CDATA[wxefc6681a35189ab8]]></appid><attach><![CDATA[2125]]></attach><body><![CDATA[东本-订单编号2125]]></body><goods_tag><![CDATA[]]></goods_tag><mch_id><![CDATA[1273991801]]></mch_id><nonce_str><![CDATA[1a50c07c3d7f4be99414026c6c1e80a5]]></nonce_str><notify_url><![CDATA[http://demo.xmpharos.com/WXNotify.aspx]]></notify_url><out_trade_no><![CDATA[127399180120160104143421548]]></out_trade_no><product_id><![CDATA[2125]]></product_id><sign><![CDATA[E1BC4477BAFEFA460E22D8E037D263A8]]></sign><spbill_create_ip><![CDATA[8.8.8.8]]></spbill_create_ip><time_expire><![CDATA[20160104144421]]></time_expire><time_start><![CDATA[20160104143421]]></time_start><total_fee>1</total_fee><trade_type><![CDATA[NATIVE]]></trade_type></xml>
2016-01-04 14:34:22.371 DEBUG WxPayApi: UnfiedOrder response : <xml><return_code><![CDATA[SUCCESS]]></return_code>
<return_msg><![CDATA[OK]]></return_msg>
<appid><![CDATA[wxefc6681a35189ab8]]></appid>
<mch_id><![CDATA[1273991801]]></mch_id>
<nonce_str><![CDATA[nOaRVkUnP6AZTy8G]]></nonce_str>
<sign><![CDATA[859872804D430C762F0CC0AED64FD037]]></sign>
<result_code><![CDATA[SUCCESS]]></result_code>
<prepay_id><![CDATA[wx201601041433562c0d4a341d0560277112]]></prepay_id>
<trade_type><![CDATA[NATIVE]]></trade_type>
<code_url><![CDATA[weixin://wxpay/bizpayurl?pr=bd7NoPG]]></code_url>
</xml>
2016-01-04 14:36:05.513 DEBUG WxPayApi: UnfiedOrder request : <xml><appid><![CDATA[wxefc6681a35189ab8]]></appid><attach><![CDATA[212500]]></attach><body><![CDATA[东本-订单编号212500]]></body><goods_tag><![CDATA[]]></goods_tag><mch_id><![CDATA[1273991801]]></mch_id><nonce_str><![CDATA[49e20a1289db4b109d4e94114c543e1b]]></nonce_str><notify_url><![CDATA[http://demo.xmpharos.com/WXNotify.aspx]]></notify_url><out_trade_no><![CDATA[127399180120160104143605278]]></out_trade_no><product_id><![CDATA[212500]]></product_id><sign><![CDATA[DA2229387631FDC77518437548751DA3]]></sign><spbill_create_ip><![CDATA[8.8.8.8]]></spbill_create_ip><time_expire><![CDATA[20160104144605]]></time_expire><time_start><![CDATA[20160104143605]]></time_start><total_fee>1</total_fee><trade_type><![CDATA[NATIVE]]></trade_type></xml>
2016-01-04 14:36:08.672 DEBUG WxPayApi: UnfiedOrder response : <xml><return_code><![CDATA[SUCCESS]]></return_code>
<return_msg><![CDATA[OK]]></return_msg>
<appid><![CDATA[wxefc6681a35189ab8]]></appid>
<mch_id><![CDATA[1273991801]]></mch_id>
<nonce_str><![CDATA[vCtSG8IwL0izIicE]]></nonce_str>
<sign><![CDATA[E1502A6EC2D063C97B2B886E712FE5DD]]></sign>
<result_code><![CDATA[SUCCESS]]></result_code>
<prepay_id><![CDATA[wx2016010414354246b803ec980595514203]]></prepay_id>
<trade_type><![CDATA[NATIVE]]></trade_type>
<code_url><![CDATA[weixin://wxpay/bizpayurl?pr=efq5Lzq]]></code_url>
</xml>
