2016-01-27 09:33:57.641 DEBUG /api/mobile/SaleTypeMonthReport:  参数:[{"storeid":"16","date":"2016-01"}]
2016-01-27 09:55:00.649 DEBUG /api/mobile/SaleTypeDayReport:  参数:[{"storeid":"16","date":"2016-01"}]
2016-01-27 09:55:14.200 DEBUG /api/mobile/SaleTypeDayReport:  参数:[{"storeid":"16","date":"2016-01-15"}]
2016-01-27 09:55:52.006 DEBUG /api/mobile/SaleDetailDayReport:  参数:[{"storeid":"16","date":"2016-01-15"}]
2016-01-27 09:56:51.589 DEBUG /api/mobile/SaleCategoryDayReport:  参数:[{"storeid":"16","date":"2016-01-15"}]
2016-01-27 09:58:19.935 DEBUG /api/mobile/SaleBrandDayReport:  参数:[{"storeid":"16","date":"2016-01-15"}]
2016-01-27 09:58:58.111 DEBUG /api/mobile/SaleSupplierDayReport:  参数:[{"storeid":"16","date":"2016-01-15"}]
2016-01-27 10:01:07.081 DEBUG /api/mobile/SaleGiftReport:  参数:[{"storeid":"16","date":"2016-01-15"}]
2016-01-27 10:01:18.158 DEBUG /api/mobile/SaleGiftReport:  参数:[{"storeid":"16","date":"2016-01"}]
2016-01-27 10:01:34.945 DEBUG /api/mobile/SaleGiftReport:  参数:[{"storeid":"15","date":"2016-01"}]
2016-01-27 10:02:49.832 DEBUG /api/mobile/MemberDayReport:  参数:[{"storeid":"15","date":"2016-01-15"}]
2016-01-27 10:02:55.284 DEBUG /api/mobile/MemberDayReport:  参数:[{"storeid":"15","date":"2016-01-16"}]
2016-01-27 10:03:13.656 DEBUG /api/mobile/MemberMonthReport:  参数:[{"storeid":"15","date":"2016-01"}]
2016-01-27 10:03:20.580 DEBUG /api/mobile/MemberMonthReport:  参数:[{"storeid":"16","date":"2016-01"}]
2016-01-27 10:07:27.376 DEBUG /api/mobile/MemberMonthReport:  参数:[{"storeid":"16","date":"2016-01"}]
2016-01-27 10:07:49.964 DEBUG /api/mobile/MemberMonthReport:  参数:[{"storeid":"16","date":"2015-12"}]
2016-01-27 10:09:50.900 DEBUG /api/mobile/MemberDayReport:  参数:[{"storeid":"16","date":"2015-11-04"}]
2016-01-27 10:10:16.050 DEBUG /api/mobile/MemberDayReport:  参数:[{"storeid":"15","date":"2015-11-18"}]
2016-01-27 17:19:18.779 DEBUG /api/mobile/MemberDayReport:  参数:[{"storeid":"15","date":"2015-11-18"}]
2016-01-27 17:20:45.854 DEBUG /api/pay:  参数:[{"StoreId":"16","MachineSn":"1601","Mode":2,"Receivable":3.0,"Payway":[{"Type":3,"Amount":2.0,"Receive":3.0,"Change":4.0,"CardNo":null}],"ChangeRecord":null}]
2016-01-27 17:20:51.656 DEBUG /api/pay:  参数:[{"StoreId":"16","MachineSn":"1601","Mode":2,"Receivable":3.0,"Payway":[{"Type":3,"Amount":2.0,"Receive":3.0,"Change":4.0,"CardNo":null}],"ChangeRecord":null}]
2016-01-27 17:21:45.986 DEBUG /api/pay:  参数:[{"StoreId":"16","MachineSn":"1601","Mode":2,"Receivable":3.0,"Payway":[{"Type":3,"Amount":2.0,"Receive":3.0,"Change":4.0,"CardNo":null}],"ChangeRecord":null}]
2016-01-27 17:23:25.720 DEBUG /api/pay:  参数:[{"StoreId":"16","MachineSn":"1601","Mode":2,"Receivable":3.0,"Payway":[{"Type":3,"Amount":2.0,"Receive":3.0,"Change":4.0,"CardNo":null}],"ChangeRecord":null}]
