2016-03-04 14:04:04.018 DEBUG WxPayApi: UnfiedOrder request : <xml><appid><![CDATA[wxbeb2e5a46ca7bf69]]></appid><attach><![CDATA[2254]]></attach><body><![CDATA[订单编号2254]]></body><goods_tag><![CDATA[]]></goods_tag><mch_id><![CDATA[1240541002]]></mch_id><nonce_str><![CDATA[2dfb987a91fc4ca48cd5bbc3b7fba98a]]></nonce_str><notify_url><![CDATA[http://demo.xmpharos.com/WXNotify.aspx]]></notify_url><out_trade_no><![CDATA[124054100220160304140403674]]></out_trade_no><product_id><![CDATA[2254]]></product_id><sign><![CDATA[E44AF95239DD85F40D3A3A7060B0410C]]></sign><spbill_create_ip><![CDATA[8.8.8.8]]></spbill_create_ip><time_expire><![CDATA[20160304141403]]></time_expire><time_start><![CDATA[20160304140403]]></time_start><total_fee>100</total_fee><trade_type><![CDATA[NATIVE]]></trade_type></xml>
2016-03-04 14:04:04.162 DEBUG QrcodeController: 支付宝扫码,“Pharos.Component.qrcode._1.Submit”的类型初始值设定项引发异常。
2016-03-04 14:04:04.694 DEBUG WxPayApi: UnfiedOrder response : <xml><return_code><![CDATA[SUCCESS]]></return_code>
<return_msg><![CDATA[OK]]></return_msg>
<appid><![CDATA[wxbeb2e5a46ca7bf69]]></appid>
<mch_id><![CDATA[1240541002]]></mch_id>
<nonce_str><![CDATA[ZenKWtQcaMyqerSP]]></nonce_str>
<sign><![CDATA[DEF2815C5BA4DFF1A4E8C4B77CC5CDE2]]></sign>
<result_code><![CDATA[SUCCESS]]></result_code>
<prepay_id><![CDATA[wx20160304140438015d4704a40192515900]]></prepay_id>
<trade_type><![CDATA[NATIVE]]></trade_type>
<code_url><![CDATA[weixin://wxpay/bizpayurl?pr=itqeDCi]]></code_url>
</xml>
2016-03-04 14:04:36.703 DEBUG WxPayApi: UnfiedOrder request : <xml><appid><![CDATA[wxbeb2e5a46ca7bf69]]></appid><attach><![CDATA[2254]]></attach><body><![CDATA[订单编号2254]]></body><goods_tag><![CDATA[]]></goods_tag><mch_id><![CDATA[1240541002]]></mch_id><nonce_str><![CDATA[690a838f1aa641398c97eba53e3a98a1]]></nonce_str><notify_url><![CDATA[http://demo.xmpharos.com/WXNotify.aspx]]></notify_url><out_trade_no><![CDATA[124054100220160304140436133]]></out_trade_no><product_id><![CDATA[2254]]></product_id><sign><![CDATA[3781BE6FBB843A4470EA24CA389642C8]]></sign><spbill_create_ip><![CDATA[8.8.8.8]]></spbill_create_ip><time_expire><![CDATA[20160304141433]]></time_expire><time_start><![CDATA[20160304140433]]></time_start><total_fee>100</total_fee><trade_type><![CDATA[NATIVE]]></trade_type></xml>
2016-03-04 14:04:57.985 ERROR HttpService: System.Net.WebException: 操作超时
   在 System.Net.HttpWebRequest.GetRequestStream(TransportContext& context)
   在 System.Net.HttpWebRequest.GetRequestStream()
   在 Pharos.Component.qrcode.wx.HttpService.Post(String xml, String url, Boolean isUseCert, Int32 timeout, String certPwd) 位置 e:\daoc\Pharos\Pharos.Component\qrcode\wx\HttpService.cs:行号 74
2016-03-04 14:04:58.500 ERROR QrcodeController: 微信扫码,System.Net.WebException: 操作超时
   在 System.Net.HttpWebRequest.GetRequestStream(TransportContext& context)
   在 System.Net.HttpWebRequest.GetRequestStream()
   在 Pharos.Component.qrcode.wx.HttpService.Post(String xml, String url, Boolean isUseCert, Int32 timeout, String certPwd) 位置 e:\daoc\Pharos\Pharos.Component\qrcode\wx\HttpService.cs:行号 74
2016-03-04 14:05:20.641 DEBUG QrcodeController: 支付宝扫码,“Pharos.Component.qrcode._1.Submit”的类型初始值设定项引发异常。
2016-03-04 14:05:30.748 DEBUG WxPayApi: UnfiedOrder request : <xml><appid><![CDATA[wxbeb2e5a46ca7bf69]]></appid><attach><![CDATA[2254]]></attach><body><![CDATA[订单编号2254]]></body><goods_tag><![CDATA[]]></goods_tag><mch_id><![CDATA[1240541002]]></mch_id><nonce_str><![CDATA[54b79cb60cb146d08f7853f0dfd9a299]]></nonce_str><notify_url><![CDATA[http://demo.xmpharos.com/WXNotify.aspx]]></notify_url><out_trade_no><![CDATA[124054100220160304140530311]]></out_trade_no><product_id><![CDATA[2254]]></product_id><sign><![CDATA[3B098BE9AD621FB8CE9D8E64AB048944]]></sign><spbill_create_ip><![CDATA[8.8.8.8]]></spbill_create_ip><time_expire><![CDATA[20160304141526]]></time_expire><time_start><![CDATA[20160304140526]]></time_start><total_fee>100</total_fee><trade_type><![CDATA[NATIVE]]></trade_type></xml>
2016-03-04 14:05:41.129 ERROR HttpService: System.Net.WebException: 操作超时
   在 System.Net.HttpWebRequest.GetRequestStream(TransportContext& context)
   在 System.Net.HttpWebRequest.GetRequestStream()
   在 Pharos.Component.qrcode.wx.HttpService.Post(String xml, String url, Boolean isUseCert, Int32 timeout, String certPwd) 位置 e:\daoc\Pharos\Pharos.Component\qrcode\wx\HttpService.cs:行号 74
2016-03-04 14:05:41.152 ERROR QrcodeController: 微信扫码,System.Net.WebException: 操作超时
   在 System.Net.HttpWebRequest.GetRequestStream(TransportContext& context)
   在 System.Net.HttpWebRequest.GetRequestStream()
   在 Pharos.Component.qrcode.wx.HttpService.Post(String xml, String url, Boolean isUseCert, Int32 timeout, String certPwd) 位置 e:\daoc\Pharos\Pharos.Component\qrcode\wx\HttpService.cs:行号 74
2016-03-04 14:05:41.182 DEBUG QrcodeController: 支付宝扫码,“Pharos.Component.qrcode._1.Submit”的类型初始值设定项引发异常。
2016-03-04 14:05:51.040 DEBUG WxPayApi: UnfiedOrder request : <xml><appid><![CDATA[wxbeb2e5a46ca7bf69]]></appid><attach><![CDATA[2254]]></attach><body><![CDATA[订单编号2254]]></body><goods_tag><![CDATA[]]></goods_tag><mch_id><![CDATA[1240541002]]></mch_id><nonce_str><![CDATA[5a235d8c7ba24b4fb8dd1954783abb6e]]></nonce_str><notify_url><![CDATA[http://demo.xmpharos.com/WXNotify.aspx]]></notify_url><out_trade_no><![CDATA[124054100220160304140551618]]></out_trade_no><product_id><![CDATA[2254]]></product_id><sign><![CDATA[BDA560AA0EF9FF0A3E915A7ADFC3A309]]></sign><spbill_create_ip><![CDATA[8.8.8.8]]></spbill_create_ip><time_expire><![CDATA[20160304141547]]></time_expire><time_start><![CDATA[20160304140547]]></time_start><total_fee>100</total_fee><trade_type><![CDATA[NATIVE]]></trade_type></xml>
2016-03-04 14:05:54.815 DEBUG QrcodeController: 支付宝扫码,“Pharos.Component.qrcode._1.Submit”的类型初始值设定项引发异常。
2016-03-04 14:05:55.301 DEBUG WxPayApi: UnfiedOrder response : <xml><return_code><![CDATA[SUCCESS]]></return_code>
<return_msg><![CDATA[OK]]></return_msg>
<appid><![CDATA[wxbeb2e5a46ca7bf69]]></appid>
<mch_id><![CDATA[1240541002]]></mch_id>
<nonce_str><![CDATA[TEnoa4kUYQgf777b]]></nonce_str>
<sign><![CDATA[3673401935E00589798B070F68FE3FDB]]></sign>
<result_code><![CDATA[SUCCESS]]></result_code>
<prepay_id><![CDATA[wx201603041406292ba4e173dc0864877189]]></prepay_id>
<trade_type><![CDATA[NATIVE]]></trade_type>
<code_url><![CDATA[weixin://wxpay/bizpayurl?pr=isomXvd]]></code_url>
</xml>
2016-03-04 14:06:12.214 DEBUG WxPayApi: UnfiedOrder request : <xml><appid><![CDATA[wxbeb2e5a46ca7bf69]]></appid><attach><![CDATA[2254]]></attach><body><![CDATA[订单编号2254]]></body><goods_tag><![CDATA[]]></goods_tag><mch_id><![CDATA[1240541002]]></mch_id><nonce_str><![CDATA[92ad31aa1751461d8c19ae510530802a]]></nonce_str><notify_url><![CDATA[http://demo.xmpharos.com/WXNotify.aspx]]></notify_url><out_trade_no><![CDATA[124054100220160304140612676]]></out_trade_no><product_id><![CDATA[2254]]></product_id><sign><![CDATA[A3CF1AB3FF70649DA794F941D68BEE90]]></sign><spbill_create_ip><![CDATA[8.8.8.8]]></spbill_create_ip><time_expire><![CDATA[20160304141612]]></time_expire><time_start><![CDATA[20160304140612]]></time_start><total_fee>100</total_fee><trade_type><![CDATA[NATIVE]]></trade_type></xml>
2016-03-04 14:06:12.387 DEBUG QrcodeController: 支付宝扫码,“Pharos.Component.qrcode._1.Submit”的类型初始值设定项引发异常。
2016-03-04 14:06:12.746 DEBUG WxPayApi: UnfiedOrder response : <xml><return_code><![CDATA[SUCCESS]]></return_code>
<return_msg><![CDATA[OK]]></return_msg>
<appid><![CDATA[wxbeb2e5a46ca7bf69]]></appid>
<mch_id><![CDATA[1240541002]]></mch_id>
<nonce_str><![CDATA[PbJE3ASq6L5aU1bs]]></nonce_str>
<sign><![CDATA[889F672FAD93460ABBAAE66E5AD1FF71]]></sign>
<result_code><![CDATA[SUCCESS]]></result_code>
<prepay_id><![CDATA[wx20160304140646b8743bc0df0266158452]]></prepay_id>
<trade_type><![CDATA[NATIVE]]></trade_type>
<code_url><![CDATA[weixin://wxpay/bizpayurl?pr=gubQoz6]]></code_url>
</xml>
2016-03-04 14:06:51.985 DEBUG WxPayApi: UnfiedOrder request : <xml><appid><![CDATA[wxbeb2e5a46ca7bf69]]></appid><attach><![CDATA[2254]]></attach><body><![CDATA[订单编号2254]]></body><goods_tag><![CDATA[]]></goods_tag><mch_id><![CDATA[1240541002]]></mch_id><nonce_str><![CDATA[881196f7d65243f1bc70f4f1779cb4b7]]></nonce_str><notify_url><![CDATA[http://demo.xmpharos.com/WXNotify.aspx]]></notify_url><out_trade_no><![CDATA[124054100220160304140623857]]></out_trade_no><product_id><![CDATA[2254]]></product_id><sign><![CDATA[633951663B5D80AA2518C8A4B772CE21]]></sign><spbill_create_ip><![CDATA[8.8.8.8]]></spbill_create_ip><time_expire><![CDATA[20160304141623]]></time_expire><time_start><![CDATA[20160304140623]]></time_start><total_fee>100</total_fee><trade_type><![CDATA[NATIVE]]></trade_type></xml>
2016-03-04 14:08:34.457 DEBUG WxPayApi: UnfiedOrder request : <xml><appid><![CDATA[wxbeb2e5a46ca7bf69]]></appid><attach><![CDATA[2254]]></attach><body><![CDATA[订单编号2254]]></body><goods_tag><![CDATA[]]></goods_tag><mch_id><![CDATA[1240541002]]></mch_id><nonce_str><![CDATA[9b884b2656854142b956f4a1ed4a8994]]></nonce_str><notify_url><![CDATA[http://demo.xmpharos.com/WXNotify.aspx]]></notify_url><out_trade_no><![CDATA[124054100220160304140823474]]></out_trade_no><product_id><![CDATA[2254]]></product_id><sign><![CDATA[71C3E86E19BDE104CECD5E023C88D55C]]></sign><spbill_create_ip><![CDATA[8.8.8.8]]></spbill_create_ip><time_expire><![CDATA[20160304141812]]></time_expire><time_start><![CDATA[20160304140812]]></time_start><total_fee>100</total_fee><trade_type><![CDATA[NATIVE]]></trade_type></xml>
2016-03-04 14:09:39.127 DEBUG WxPayApi: UnfiedOrder request : <xml><appid><![CDATA[wxbeb2e5a46ca7bf69]]></appid><attach><![CDATA[2254]]></attach><body><![CDATA[订单编号2254]]></body><goods_tag><![CDATA[]]></goods_tag><mch_id><![CDATA[1240541002]]></mch_id><nonce_str><![CDATA[4116ddd6bb1b4e65bf14c97f24910ac1]]></nonce_str><notify_url><![CDATA[http://demo.xmpharos.com/WXNotify.aspx]]></notify_url><out_trade_no><![CDATA[124054100220160304140933233]]></out_trade_no><product_id><![CDATA[2254]]></product_id><sign><![CDATA[132F74FDF296589C6C817BFD469E21E9]]></sign><spbill_create_ip><![CDATA[8.8.8.8]]></spbill_create_ip><time_expire><![CDATA[20160304141933]]></time_expire><time_start><![CDATA[20160304140933]]></time_start><total_fee>100</total_fee><trade_type><![CDATA[NATIVE]]></trade_type></xml>
2016-03-04 14:11:20.026 DEBUG WxPayApi: UnfiedOrder request : <xml><appid><![CDATA[wxbeb2e5a46ca7bf69]]></appid><attach><![CDATA[2254]]></attach><body><![CDATA[订单编号2254]]></body><goods_tag><![CDATA[]]></goods_tag><mch_id><![CDATA[1240541002]]></mch_id><nonce_str><![CDATA[54ed5d68da8d415a9f2733ec6494388d]]></nonce_str><notify_url><![CDATA[http://demo.xmpharos.com/WXNotify.aspx]]></notify_url><out_trade_no><![CDATA[124054100220160304141116912]]></out_trade_no><product_id><![CDATA[2254]]></product_id><sign><![CDATA[995B4F2F42DC9A4E8EF45859683544F3]]></sign><spbill_create_ip><![CDATA[8.8.8.8]]></spbill_create_ip><time_expire><![CDATA[20160304142116]]></time_expire><time_start><![CDATA[20160304141116]]></time_start><total_fee>100</total_fee><trade_type><![CDATA[NATIVE]]></trade_type></xml>
2016-03-04 14:11:22.041 DEBUG WxPayApi: UnfiedOrder response : <xml><return_code><![CDATA[SUCCESS]]></return_code>
<return_msg><![CDATA[OK]]></return_msg>
<appid><![CDATA[wxbeb2e5a46ca7bf69]]></appid>
<mch_id><![CDATA[1240541002]]></mch_id>
<nonce_str><![CDATA[1meKfKd8bYFisGzc]]></nonce_str>
<sign><![CDATA[2FA6A6887648B0C5787F48C6D6947288]]></sign>
<result_code><![CDATA[SUCCESS]]></result_code>
<prepay_id><![CDATA[wx201603041411541aa1e65c000274326826]]></prepay_id>
<trade_type><![CDATA[NATIVE]]></trade_type>
<code_url><![CDATA[weixin://wxpay/bizpayurl?pr=URrwgNB]]></code_url>
</xml>
2016-03-04 14:12:15.779 DEBUG QrcodeController: 支付宝扫码,请求失败！
2016-03-04 14:20:20.760 DEBUG WxPayApi: UnfiedOrder request : <xml><appid><![CDATA[wxbeb2e5a46ca7bf69]]></appid><attach><![CDATA[2254]]></attach><body><![CDATA[订单编号2254]]></body><goods_tag><![CDATA[]]></goods_tag><mch_id><![CDATA[1240541002]]></mch_id><nonce_str><![CDATA[123ea3656e134bb1b4543ffb6649ddff]]></nonce_str><notify_url><![CDATA[http://demo.xmpharos.com/WXNotify.aspx]]></notify_url><out_trade_no><![CDATA[124054100220160304142020885]]></out_trade_no><product_id><![CDATA[2254]]></product_id><sign><![CDATA[205D34AA26BF4240E481443B7D8FFE24]]></sign><spbill_create_ip><![CDATA[8.8.8.8]]></spbill_create_ip><time_expire><![CDATA[20160304143018]]></time_expire><time_start><![CDATA[20160304142018]]></time_start><total_fee>100</total_fee><trade_type><![CDATA[NATIVE]]></trade_type></xml>
2016-03-04 14:20:21.817 DEBUG WxPayApi: UnfiedOrder response : <xml><return_code><![CDATA[SUCCESS]]></return_code>
<return_msg><![CDATA[OK]]></return_msg>
<appid><![CDATA[wxbeb2e5a46ca7bf69]]></appid>
<mch_id><![CDATA[1240541002]]></mch_id>
<nonce_str><![CDATA[tiwCw6dUR4UQFzFm]]></nonce_str>
<sign><![CDATA[8A3D6832F912C29189E0D8DA5BCA67FD]]></sign>
<result_code><![CDATA[SUCCESS]]></result_code>
<prepay_id><![CDATA[wx201603041420559c9b9e501f0575666705]]></prepay_id>
<trade_type><![CDATA[NATIVE]]></trade_type>
<code_url><![CDATA[weixin://wxpay/bizpayurl?pr=mEONAKl]]></code_url>
</xml>
2016-03-04 15:13:33.557 DEBUG WxPayApi: UnfiedOrder request : <xml><appid><![CDATA[wxbeb2e5a46ca7bf69]]></appid><attach><![CDATA[1234]]></attach><body><![CDATA[订单编号1234]]></body><goods_tag><![CDATA[]]></goods_tag><mch_id><![CDATA[1240541002]]></mch_id><nonce_str><![CDATA[dab8454140e142a597a94e41dfa9e397]]></nonce_str><notify_url><![CDATA[http://demo.xmpharos.com/WXNotify.aspx]]></notify_url><out_trade_no><![CDATA[124054100220160304151333294]]></out_trade_no><product_id><![CDATA[1234]]></product_id><sign><![CDATA[D8FA7814F219B545957D5AC7FD3C1555]]></sign><spbill_create_ip><![CDATA[8.8.8.8]]></spbill_create_ip><time_expire><![CDATA[20160304152333]]></time_expire><time_start><![CDATA[20160304151333]]></time_start><total_fee>1</total_fee><trade_type><![CDATA[NATIVE]]></trade_type></xml>
2016-03-04 15:13:33.833 DEBUG QrcodeController: 支付宝扫码,请求失败！
2016-03-04 15:13:34.201 DEBUG WxPayApi: UnfiedOrder response : <xml><return_code><![CDATA[SUCCESS]]></return_code>
<return_msg><![CDATA[OK]]></return_msg>
<appid><![CDATA[wxbeb2e5a46ca7bf69]]></appid>
<mch_id><![CDATA[1240541002]]></mch_id>
<nonce_str><![CDATA[Y5tB2U1MfQ02sLSE]]></nonce_str>
<sign><![CDATA[B50316C9A0686D9604A4E9B7B3A5538F]]></sign>
<result_code><![CDATA[SUCCESS]]></result_code>
<prepay_id><![CDATA[wx20160304151408ff7473ded80401774047]]></prepay_id>
<trade_type><![CDATA[NATIVE]]></trade_type>
<code_url><![CDATA[weixin://wxpay/bizpayurl?pr=HEXmPDY]]></code_url>
</xml>
2016-03-04 15:14:41.289 DEBUG WxPayApi: UnfiedOrder request : <xml><appid><![CDATA[wxbeb2e5a46ca7bf69]]></appid><attach><![CDATA[1234]]></attach><body><![CDATA[订单编号1234]]></body><goods_tag><![CDATA[]]></goods_tag><mch_id><![CDATA[1240541002]]></mch_id><nonce_str><![CDATA[07ef3111c4a347928904e08109c1884b]]></nonce_str><notify_url><![CDATA[http://demo.xmpharos.com/WXNotify.aspx]]></notify_url><out_trade_no><![CDATA[124054100220160304151441295]]></out_trade_no><product_id><![CDATA[1234]]></product_id><sign><![CDATA[D8714C92BD87014E5E7543CA034EF54E]]></sign><spbill_create_ip><![CDATA[8.8.8.8]]></spbill_create_ip><time_expire><![CDATA[20160304152441]]></time_expire><time_start><![CDATA[20160304151441]]></time_start><total_fee>1</total_fee><trade_type><![CDATA[NATIVE]]></trade_type></xml>
2016-03-04 15:14:41.424 DEBUG QrcodeController: 支付宝扫码,请求失败！
2016-03-04 15:14:41.830 DEBUG WxPayApi: UnfiedOrder response : <xml><return_code><![CDATA[SUCCESS]]></return_code>
<return_msg><![CDATA[OK]]></return_msg>
<appid><![CDATA[wxbeb2e5a46ca7bf69]]></appid>
<mch_id><![CDATA[1240541002]]></mch_id>
<nonce_str><![CDATA[CXOdlUycYvhkywE3]]></nonce_str>
<sign><![CDATA[295653B5DB7EAEE2B465241567B70556]]></sign>
<result_code><![CDATA[SUCCESS]]></result_code>
<prepay_id><![CDATA[wx201603041515151b46377a770661842767]]></prepay_id>
<trade_type><![CDATA[NATIVE]]></trade_type>
<code_url><![CDATA[weixin://wxpay/bizpayurl?pr=nXVr1rB]]></code_url>
</xml>
2016-03-04 15:35:54.948 DEBUG WxPayApi: UnfiedOrder request : <xml><appid><![CDATA[wxbeb2e5a46ca7bf69]]></appid><attach><![CDATA[112]]></attach><body><![CDATA[订单编号112]]></body><goods_tag><![CDATA[]]></goods_tag><mch_id><![CDATA[1240541002]]></mch_id><nonce_str><![CDATA[d3bb4d9f16304902ab6bc31240024a2f]]></nonce_str><notify_url><![CDATA[http://demo.xmpharos.com/WXNotify.aspx]]></notify_url><out_trade_no><![CDATA[124054100220160304153552875]]></out_trade_no><product_id><![CDATA[112]]></product_id><sign><![CDATA[95910FC6F01A9C3F6985C01E5EF4C7AB]]></sign><spbill_create_ip><![CDATA[8.8.8.8]]></spbill_create_ip><time_expire><![CDATA[20160304154552]]></time_expire><time_start><![CDATA[20160304153552]]></time_start><total_fee>100</total_fee><trade_type><![CDATA[NATIVE]]></trade_type></xml>
2016-03-04 15:36:24.186 DEBUG WxPayApi: UnfiedOrder response : <xml><return_code><![CDATA[SUCCESS]]></return_code>
<return_msg><![CDATA[OK]]></return_msg>
<appid><![CDATA[wxbeb2e5a46ca7bf69]]></appid>
<mch_id><![CDATA[1240541002]]></mch_id>
<nonce_str><![CDATA[AM5ecoKbAf2bLQwX]]></nonce_str>
<sign><![CDATA[3A28C2B1B56AED816A5C13F1C990A0A5]]></sign>
<result_code><![CDATA[SUCCESS]]></result_code>
<prepay_id><![CDATA[wx20160304153657cf7bbad4b50834323755]]></prepay_id>
<trade_type><![CDATA[NATIVE]]></trade_type>
<code_url><![CDATA[weixin://wxpay/bizpayurl?pr=5uMSSfG]]></code_url>
</xml>
2016-03-04 15:39:27.761 DEBUG WxPayApi: UnfiedOrder request : <xml><appid><![CDATA[wxbeb2e5a46ca7bf69]]></appid><attach><![CDATA[112]]></attach><body><![CDATA[订单编号112]]></body><goods_tag><![CDATA[]]></goods_tag><mch_id><![CDATA[1240541002]]></mch_id><nonce_str><![CDATA[af2c4c1f72d3422b9979f070a8fbe181]]></nonce_str><notify_url><![CDATA[http://demo.xmpharos.com/WXNotify.aspx]]></notify_url><out_trade_no><![CDATA[124054100220160304153917427]]></out_trade_no><product_id><![CDATA[112]]></product_id><sign><![CDATA[F008830E0727F0D2CBD7C6206B15149F]]></sign><spbill_create_ip><![CDATA[8.8.8.8]]></spbill_create_ip><time_expire><![CDATA[20160304154917]]></time_expire><time_start><![CDATA[20160304153917]]></time_start><total_fee>100</total_fee><trade_type><![CDATA[NATIVE]]></trade_type></xml>
2016-03-04 15:40:22.645 ERROR HttpService: System.Net.WebException: 操作超时
   在 System.Net.HttpWebRequest.GetRequestStream(TransportContext& context)
   在 System.Net.HttpWebRequest.GetRequestStream()
   在 Pharos.Component.qrcode.wx.HttpService.Post(String xml, String url, Boolean isUseCert, Int32 timeout, String certPwd) 位置 e:\daoc\Pharos\Pharos.Component\qrcode\wx\HttpService.cs:行号 74
2016-03-04 15:40:22.679 ERROR QrcodeController: 微信扫码,System.Net.WebException: 操作超时
   在 System.Net.HttpWebRequest.GetRequestStream(TransportContext& context)
   在 System.Net.HttpWebRequest.GetRequestStream()
   在 Pharos.Component.qrcode.wx.HttpService.Post(String xml, String url, Boolean isUseCert, Int32 timeout, String certPwd) 位置 e:\daoc\Pharos\Pharos.Component\qrcode\wx\HttpService.cs:行号 74
2016-03-04 15:42:42.178 DEBUG WxPayApi: UnfiedOrder request : <xml><appid><![CDATA[wxbeb2e5a46ca7bf69]]></appid><attach><![CDATA[112]]></attach><body><![CDATA[订单编号112]]></body><goods_tag><![CDATA[]]></goods_tag><mch_id><![CDATA[1240541002]]></mch_id><nonce_str><![CDATA[206e68fa461a466c8bc7079e6bc352bc]]></nonce_str><notify_url><![CDATA[http://demo.xmpharos.com/WXNotify.aspx]]></notify_url><out_trade_no><![CDATA[124054100220160304154155777]]></out_trade_no><product_id><![CDATA[112]]></product_id><sign><![CDATA[82C40F0EF441E0B85F180A86232537D6]]></sign><spbill_create_ip><![CDATA[8.8.8.8]]></spbill_create_ip><time_expire><![CDATA[20160304155155]]></time_expire><time_start><![CDATA[20160304154155]]></time_start><total_fee>100</total_fee><trade_type><![CDATA[NATIVE]]></trade_type></xml>
2016-03-04 15:42:56.673 ERROR HttpService: System.Net.WebException: 操作超时
   在 System.Net.HttpWebRequest.GetRequestStream(TransportContext& context)
   在 System.Net.HttpWebRequest.GetRequestStream()
   在 Pharos.Component.qrcode.wx.HttpService.Post(String xml, String url, Boolean isUseCert, Int32 timeout, String certPwd) 位置 e:\daoc\Pharos\Pharos.Component\qrcode\wx\HttpService.cs:行号 74
2016-03-04 15:42:56.695 ERROR QrcodeController: 微信扫码,System.Net.WebException: 操作超时
   在 System.Net.HttpWebRequest.GetRequestStream(TransportContext& context)
   在 System.Net.HttpWebRequest.GetRequestStream()
   在 Pharos.Component.qrcode.wx.HttpService.Post(String xml, String url, Boolean isUseCert, Int32 timeout, String certPwd) 位置 e:\daoc\Pharos\Pharos.Component\qrcode\wx\HttpService.cs:行号 74
2016-03-04 15:43:12.629 DEBUG QrcodeController: 支付宝扫码,http://localhost:3122/Qrcode/GenerateQrcode?codeUrl=https%3A%2F%2Fqr.alipay.com%2Fgdxox0xoyth9sgc166
2016-03-04 15:43:28.828 DEBUG WxPayApi: UnfiedOrder request : <xml><appid><![CDATA[wxbeb2e5a46ca7bf69]]></appid><attach><![CDATA[112]]></attach><body><![CDATA[订单编号112]]></body><goods_tag><![CDATA[]]></goods_tag><mch_id><![CDATA[1240541002]]></mch_id><nonce_str><![CDATA[e0670d108ed945cd9615ea6f81af54c8]]></nonce_str><notify_url><![CDATA[http://demo.xmpharos.com/WXNotify.aspx]]></notify_url><out_trade_no><![CDATA[124054100220160304154328400]]></out_trade_no><product_id><![CDATA[112]]></product_id><sign><![CDATA[1DB452E6CEB703CEED86A6A8A2A41AFE]]></sign><spbill_create_ip><![CDATA[8.8.8.8]]></spbill_create_ip><time_expire><![CDATA[20160304155328]]></time_expire><time_start><![CDATA[20160304154328]]></time_start><total_fee>100</total_fee><trade_type><![CDATA[NATIVE]]></trade_type></xml>
2016-03-04 15:43:29.021 DEBUG QrcodeController: 支付宝扫码,http://localhost:3122/Qrcode/GenerateQrcode?codeUrl=https%3A%2F%2Fqr.alipay.com%2Fgdxox0xob68fblmnd1
2016-03-04 15:43:29.304 DEBUG WxPayApi: UnfiedOrder response : <xml><return_code><![CDATA[SUCCESS]]></return_code>
<return_msg><![CDATA[OK]]></return_msg>
<appid><![CDATA[wxbeb2e5a46ca7bf69]]></appid>
<mch_id><![CDATA[1240541002]]></mch_id>
<nonce_str><![CDATA[9pA2gY6vJuB3sBVj]]></nonce_str>
<sign><![CDATA[629CC11E4629840653A73C51B1F22980]]></sign>
<result_code><![CDATA[SUCCESS]]></result_code>
<prepay_id><![CDATA[wx20160304154403ea2e94863c0107014456]]></prepay_id>
<trade_type><![CDATA[NATIVE]]></trade_type>
<code_url><![CDATA[weixin://wxpay/bizpayurl?pr=9Jes9Wn]]></code_url>
</xml>
2016-03-04 15:44:05.028 DEBUG WxPayApi: UnfiedOrder request : <xml><appid><![CDATA[wxbeb2e5a46ca7bf69]]></appid><attach><![CDATA[112]]></attach><body><![CDATA[订单编号112]]></body><goods_tag><![CDATA[]]></goods_tag><mch_id><![CDATA[1240541002]]></mch_id><nonce_str><![CDATA[bdde537876f544d0b910c431bd7a9a30]]></nonce_str><notify_url><![CDATA[http://demo.xmpharos.com/WXNotify.aspx]]></notify_url><out_trade_no><![CDATA[124054100220160304154405376]]></out_trade_no><product_id><![CDATA[112]]></product_id><sign><![CDATA[F21265C64F91373379477B42F4B3A061]]></sign><spbill_create_ip><![CDATA[8.8.8.8]]></spbill_create_ip><time_expire><![CDATA[20160304155405]]></time_expire><time_start><![CDATA[20160304154405]]></time_start><total_fee>100</total_fee><trade_type><![CDATA[NATIVE]]></trade_type></xml>
2016-03-04 15:44:05.243 DEBUG QrcodeController: 支付宝扫码,http://localhost:3122/Qrcode/GenerateQrcode?codeUrl=https%3A%2F%2Fqr.alipay.com%2Fgdxox0xoao96mbida6
2016-03-04 15:44:05.564 DEBUG WxPayApi: UnfiedOrder response : <xml><return_code><![CDATA[SUCCESS]]></return_code>
<return_msg><![CDATA[OK]]></return_msg>
<appid><![CDATA[wxbeb2e5a46ca7bf69]]></appid>
<mch_id><![CDATA[1240541002]]></mch_id>
<nonce_str><![CDATA[YSor9ySzLucPZbYB]]></nonce_str>
<sign><![CDATA[8B5462D8C625B0F8AE496D92B03DD12E]]></sign>
<result_code><![CDATA[SUCCESS]]></result_code>
<prepay_id><![CDATA[wx20160304154439a166404b0a0502483019]]></prepay_id>
<trade_type><![CDATA[NATIVE]]></trade_type>
<code_url><![CDATA[weixin://wxpay/bizpayurl?pr=1hwYrrj]]></code_url>
</xml>
2016-03-04 15:44:21.566 DEBUG WxPayApi: UnfiedOrder request : <xml><appid><![CDATA[wxbeb2e5a46ca7bf69]]></appid><attach><![CDATA[112]]></attach><body><![CDATA[订单编号112]]></body><goods_tag><![CDATA[]]></goods_tag><mch_id><![CDATA[1240541002]]></mch_id><nonce_str><![CDATA[9d10c524831e4be78d6bb74bf51dd050]]></nonce_str><notify_url><![CDATA[http://demo.xmpharos.com/WXNotify.aspx]]></notify_url><out_trade_no><![CDATA[124054100220160304154421201]]></out_trade_no><product_id><![CDATA[112]]></product_id><sign><![CDATA[CB82ECBD057EC8D6BB6DB9E932D95F49]]></sign><spbill_create_ip><![CDATA[8.8.8.8]]></spbill_create_ip><time_expire><![CDATA[20160304155421]]></time_expire><time_start><![CDATA[20160304154421]]></time_start><total_fee>100</total_fee><trade_type><![CDATA[NATIVE]]></trade_type></xml>
2016-03-04 15:44:33.893 ERROR HttpService: System.Net.WebException: 操作超时
   在 System.Net.HttpWebRequest.GetRequestStream(TransportContext& context)
   在 System.Net.HttpWebRequest.GetRequestStream()
   在 Pharos.Component.qrcode.wx.HttpService.Post(String xml, String url, Boolean isUseCert, Int32 timeout, String certPwd) 位置 e:\daoc\Pharos\Pharos.Component\qrcode\wx\HttpService.cs:行号 74
2016-03-04 15:44:33.914 ERROR QrcodeController: 微信扫码,System.Net.WebException: 操作超时
   在 System.Net.HttpWebRequest.GetRequestStream(TransportContext& context)
   在 System.Net.HttpWebRequest.GetRequestStream()
   在 Pharos.Component.qrcode.wx.HttpService.Post(String xml, String url, Boolean isUseCert, Int32 timeout, String certPwd) 位置 e:\daoc\Pharos\Pharos.Component\qrcode\wx\HttpService.cs:行号 74
2016-03-04 15:44:33.991 DEBUG QrcodeController: 支付宝扫码,http://localhost:3122/Qrcode/GenerateQrcode?codeUrl=https%3A%2F%2Fqr.alipay.com%2Fgdxox0xopeujm7ih22
2016-03-04 15:47:06.235 DEBUG QrcodeController: 支付宝当面付,{"alipay_trade_pay_response":{"code":"40004","msg":"Business Failed","sub_code":"ACQ.TRADE_BUYER_NOT_MATCH","sub_msg":"支付失败，交易买家不匹配，请收银员取消本笔交易并重新收款。[TRADE_BUYER_NOT_MATCH]","buyer_pay_amount":"0.00","invoice_amount":"0.00","out_trade_no":"111","point_amount":"0.00","receipt_amount":"0.00"},"sign":"VxPSe4o13Sz+NAbMBDkOzj0LfYXnDbEeVG97uUUgRJ2CkZDhvXIxRN4fHxuYOT8XOKWbb7yQA8rKwdXo3+4fe3FLdWeOEgzCBbXPcK0utHrongcZxSHjcygVONaase4NMQ6f1g7oGrV7oJ0x9m0D5dh0A283qLDo3Yki7jrNS14="}
2016-03-04 15:47:18.001 DEBUG QrcodeController: 支付宝当面付,{"alipay_trade_pay_response":{"code":"40004","msg":"Business Failed","sub_code":"ACQ.TRADE_BUYER_NOT_MATCH","sub_msg":"支付失败，交易买家不匹配，请收银员取消本笔交易并重新收款。[TRADE_BUYER_NOT_MATCH]","buyer_pay_amount":"0.00","invoice_amount":"0.00","out_trade_no":"111","point_amount":"0.00","receipt_amount":"0.00"},"sign":"VxPSe4o13Sz+NAbMBDkOzj0LfYXnDbEeVG97uUUgRJ2CkZDhvXIxRN4fHxuYOT8XOKWbb7yQA8rKwdXo3+4fe3FLdWeOEgzCBbXPcK0utHrongcZxSHjcygVONaase4NMQ6f1g7oGrV7oJ0x9m0D5dh0A283qLDo3Yki7jrNS14="}
2016-03-04 15:47:37.317 DEBUG QrcodeController: 支付宝当面付,{"alipay_trade_pay_response":{"code":"40004","msg":"Business Failed","sub_code":"ACQ.TRADE_BUYER_NOT_MATCH","sub_msg":"支付失败，交易买家不匹配，请收银员取消本笔交易并重新收款。[TRADE_BUYER_NOT_MATCH]","buyer_pay_amount":"0.00","invoice_amount":"0.00","out_trade_no":"111","point_amount":"0.00","receipt_amount":"0.00"},"sign":"VxPSe4o13Sz+NAbMBDkOzj0LfYXnDbEeVG97uUUgRJ2CkZDhvXIxRN4fHxuYOT8XOKWbb7yQA8rKwdXo3+4fe3FLdWeOEgzCBbXPcK0utHrongcZxSHjcygVONaase4NMQ6f1g7oGrV7oJ0x9m0D5dh0A283qLDo3Yki7jrNS14="}
2016-03-04 15:47:44.279 DEBUG QrcodeController: 支付宝当面付,{"alipay_trade_pay_response":{"code":"40004","msg":"Business Failed","sub_code":"ACQ.PAYMENT_AUTH_CODE_INVALID","sub_msg":"支付失败，获取顾客账户信息失败，请顾客刷新付款码后重新收款，如再次收款失败，请联系管理员处理。[SOUNDWAVE_PARSER_FAIL]","buyer_pay_amount":"0.00","invoice_amount":"0.00","out_trade_no":"21521","point_amount":"0.00","receipt_amount":"0.00"},"sign":"oAOFpLjHO+/aFbW2ZnbYiFr2t1Jobn4bS7Mo42F8JcTzqOF4LiZnfB0aP7u440S2j2sb5JN5OMvyMyLaPwyF1hFCaXlxEiZB7nvKXexNlvtqRLnKzEYTVYGdawkySyRyDhZRXnlTdUWb7+gnTp9HIiFC8q2mjyin5Nfs+nZ3Wv8="}
2016-03-04 15:48:39.964 DEBUG QrcodeController: 支付宝当面付,{"alipay_trade_pay_response":{"code":"40004","msg":"Business Failed","sub_code":"ACQ.PAYMENT_AUTH_CODE_INVALID","sub_msg":"支付失败，获取顾客账户信息失败，请顾客刷新付款码后重新收款，如再次收款失败，请联系管理员处理。[SOUNDWAVE_PARSER_FAIL]","buyer_pay_amount":"0.00","invoice_amount":"0.00","out_trade_no":"21521","point_amount":"0.00","receipt_amount":"0.00"},"sign":"oAOFpLjHO+/aFbW2ZnbYiFr2t1Jobn4bS7Mo42F8JcTzqOF4LiZnfB0aP7u440S2j2sb5JN5OMvyMyLaPwyF1hFCaXlxEiZB7nvKXexNlvtqRLnKzEYTVYGdawkySyRyDhZRXnlTdUWb7+gnTp9HIiFC8q2mjyin5Nfs+nZ3Wv8="}
2016-03-04 15:50:16.337 DEBUG QrcodeController: 支付宝当面付,{"alipay_trade_pay_response":{"code":"10003","msg":" order success pay inprocess","buyer_logon_id":"251***@qq.com","buyer_pay_amount":"0.00","buyer_user_id":"2088202511799684","invoice_amount":"0.00","open_id":"20881007822324006729587460413368","out_trade_no":"21521","point_amount":"0.00","receipt_amount":"0.00","total_amount":"0.01","trade_no":"2016030421001004680289290693"},"sign":"hmB1qbLUamk3sg+MILQ5HyeGFl0rFk/6GfrvHhb7Mux97JiYjkb/5uWrH6ItIDfPlqPoPO07czgpu/OW0sX7pyMNZTyw9h/yec+thwj4za0S0dGeJ9bYRsbtywllVQX0fjso2IeOzQkSuSY0crfTokqpedqnFYmbkN4uEoBaHkU="}
2016-03-04 16:14:53.361 DEBUG QrcodeController: 支付宝当面付,{"alipay_trade_pay_response":{"code":"10000","msg":"Success","buyer_logon_id":"251***@qq.com","buyer_pay_amount":"0.01","buyer_user_id":"2088202511799684","fund_bill_list":[{"amount":"0.01","fund_channel":"ALIPAYACCOUNT"}],"gmt_payment":"2016-03-04 16:15:18","invoice_amount":"0.01","open_id":"20881007822324006729587460413368","out_trade_no":"876451","point_amount":"0.00","receipt_amount":"0.01","total_amount":"0.01","trade_no":"2016030421001004680284379445"},"sign":"c09hc813Qsac8HkwjZ+yTIyLvvKnL6J2dPb2GmGAhlKr1Evlfj3SlchGVhAIDOG6BbkWlkfZOU0zModXZIxftvHF8lZ2IzDkMvyizTt51Ok/877DMzAhxlIyji73DWpmoTGBHi2Nl9zWQT/RDhuwkkli5G1FtaaWaYYMZQvND8k="}
