2016-01-21 11:16:41.211 DEBUG /api/mobile/GetStoreNoticeList:  参数:[{"usercode":"1004"}]
2016-01-21 11:18:31.631 DEBUG /api/mobile/GetStoreNoticeList:  参数:[{"usercode":"1004"}]
2016-01-21 11:23:38.151 DEBUG /api/mobile/GetStoreNoticeList:  参数:[{"usercode":"1004"}]
2016-01-21 11:24:22.673 DEBUG /api/mobile/GetStoreNoticeList:  参数:[{"usercode":"1004"}]
2016-01-21 11:25:47.172 DEBUG /api/mobile/GetStoreNoticeList:  参数:[{"usercode":"1004"}]
2016-01-21 11:26:00.038 DEBUG /api/mobile/GetStoreNoticeList:  参数:[{"usercode":"1004"}]
2016-01-21 11:26:06.913 DEBUG /api/mobile/GetStoreNoticeList:  参数:[{"usercode":"1004"}]
2016-01-21 11:26:27.638 DEBUG /api/mobile/GetStoreNoticeList:  参数:[{"usercode":"1002"}]
2016-01-21 11:27:26.116 DEBUG /api/mobile/GetStoreNoticeList:  参数:[{"usercode":"1002"}]
2016-01-21 11:28:10.929 DEBUG /api/mobile/GetStoreNoticeList:  参数:[{"usercode":"1002"}]
2016-01-21 11:28:27.793 DEBUG /api/mobile/GetStoreNoticeList:  参数:[{"usercode":"1002"}]
2016-01-21 11:28:35.744 DEBUG /api/mobile/GetStoreNoticeList:  参数:[{"usercode":"1002"}]
2016-01-21 11:28:55.303 DEBUG /api/mobile/GetStoreNoticeList:  参数:[{"usercode":"1005"}]
2016-01-21 11:29:05.437 DEBUG /api/mobile/GetStoreNoticeList:  参数:[{"usercode":"1005"}]
2016-01-21 12:30:14.143 DEBUG /api/mobile/GetOrderNewList:  参数:[{"usercode":"1002"}]
2016-01-21 12:57:00.221 DEBUG /api/mobile/GetOrderNewList:  参数:[{"usercode":"1002"}]
2016-01-21 12:58:11.618 DEBUG /api/mobile/GetOrderDetail:  参数:[{"usercode":"1002","orderId":"201601210040"}]
2016-01-21 12:58:25.367 DEBUG /api/mobile/GetOrderDetail:  参数:[{"usercode":"1002","orderId":"201601210040"}]
2016-01-21 12:58:40.747 DEBUG /api/mobile/GetOrderDetail:  参数:[{"usercode":"1005","orderId":"201601210040"}]
2016-01-21 13:21:46.133 DEBUG /api/mobile/GetOrderNewList:  参数:[{"supplierId":"b83f434fc7f84494a858737bc595d3ca","orderId":"201601210040"}]
2016-01-21 13:38:39.712 DEBUG /api/mobile/GetOrderDeliveryDetail:  参数:[{"supplierId":"b83f434fc7f84494a858737bc595d3ca","orderId":"201601210041"}]
2016-01-21 13:39:43.653 DEBUG /api/mobile/GetOrderDeliveryDetail:  参数:[{"supplierId":"b83f434fc7f84494a858737bc595d3ca","orderId":"201601210041"}]
2016-01-21 13:40:28.350 DEBUG /api/mobile/GetOrderDeliveryDetail:  参数:[{"supplierId":"b83f434fc7f84494a858737bc595d3ca","orderId":"201601210040"}]
2016-01-21 13:42:08.600 DEBUG /api/mobile/GetOrderNewList:  参数:[{"supplierId":"b83f434fc7f84494a858737bc595d3ca","orderId":"201601210040"}]
2016-01-21 13:42:26.018 DEBUG /api/mobile/GetOrderNewList:  参数:[{"supplierId":"b83f434fc7f84494a858737bc595d3ca","orderId":"201601200036"}]
2016-01-21 13:42:48.217 DEBUG /api/mobile/GetOrderDeliveryDetail:  参数:[{"supplierId":"b83f434fc7f84494a858737bc595d3ca","orderId":"201601200036"}]
2016-01-21 13:46:39.044 DEBUG /api/mobile/GetOrderNewList:  参数:[{"supplierId":"b83f434fc7f84494a858737bc595d3ca","orderId":"201601200036"}]
2016-01-21 13:47:32.091 DEBUG /api/mobile/GetOrderDeliveryDetail:  参数:[{"supplierId":"b83f434fc7f84494a858737bc595d3ca","orderId":"201601150023"}]
2016-01-21 13:48:07.121 DEBUG /api/mobile/GetOrderDeliveryDetail:  参数:[{"supplierId":"b83f434fc7f84494a858737bc595d3ca","orderId":"201601150023"}]
2016-01-21 13:57:56.964 DEBUG /api/mobile/GetSupplierNotDeliveyNum:  参数:[{"supplierId":"b83f434fc7f84494a858737bc595d3ca","orderId":"201601150023"}]
2016-01-21 14:01:40.175 DEBUG /api/mobile/GetSupplierNotDeliveyNum:  参数:[{"supplierId":"b83f434fc7f84494a858737bc595d3ca","orderId":"201601150023"}]
2016-01-21 14:02:14.679 DEBUG /api/mobile/GetOrderNewList:  参数:[{"supplierId":"b83f434fc7f84494a858737bc595d3ca","orderId":"201601150023"}]
2016-01-21 14:02:49.515 DEBUG /api/mobile/GetOrderDeliveryDetail:  参数:[{"supplierId":"b83f434fc7f84494a858737bc595d3ca","orderId":"201601140018"}]
2016-01-21 14:03:14.194 DEBUG /api/mobile/GetOrderNewList:  参数:[{"supplierId":"b83f434fc7f84494a858737bc595d3ca","orderId":"201601140018"}]
2016-01-21 14:03:50.698 DEBUG /api/mobile/GetSupplierNotDeliveyNum:  参数:[{"supplierId":"b83f434fc7f84494a858737bc595d3ca","orderId":"201601140018"}]
2016-01-21 14:04:11.979 DEBUG /api/mobile/GetOrderNotApproveNum:  参数:[{"supplierId":"b83f434fc7f84494a858737bc595d3ca","orderId":"201601140018"}]
2016-01-21 14:04:27.068 DEBUG /api/mobile/GetOrderNotApproveNum:  参数:[{"supplierId":"b83f434fc7f84494a858737bc595d3ca","usercode":"1002"}]
2016-01-21 14:04:49.756 DEBUG /api/mobile/GetOrderNotApproveNum:  参数:[{"supplierId":"b83f434fc7f84494a858737bc595d3ca","usercode":"1003"}]
2016-01-21 14:04:54.566 DEBUG /api/mobile/GetOrderNotApproveNum:  参数:[{"supplierId":"b83f434fc7f84494a858737bc595d3ca","usercode":"1004"}]
