Header checksum is valid.
Source      : E:\daoc\Pharos\Pharos.POS.ClientService\bin\Debug\Database\LocalDB.sdf
Destination : n/a
Verifying - verMajor: 4, verMinor: 0, verBuild: 8876, verPoint: 1
Time - 2016-10-08 11:41:24.281

 All Pages have valid checksum.
Parse the db file and build list of tables ... DONE.
Cleanup Page list ... DONE.
Scan bad pages ... DONE.
Parse SysObjects table ... DONE.
Copy Tables ... DONE.

Header checksum is valid.
Source      : E:\daoc\Pharos\Pharos.POS.ClientService\bin\Debug\Database\LocalDB.sdf
Destination : n/a
Verifying - verMajor: 4, verMinor: 0, verBuild: 8876, verPoint: 1
Time - 2016-10-08 13:51:00.189

 All Pages have valid checksum.
Parse the db file and build list of tables ... DONE.
Cleanup Page list ... DONE.
Scan bad pages ... DONE.
Parse SysObjects table ... DONE.
Copy Tables ... DONE.

Header checksum is valid.
Source      : E:\daoc\Pharos\Pharos.POS.ClientService\bin\Debug\Database\LocalDB.sdf
Destination : n/a
Verifying - verMajor: 4, verMinor: 0, verBuild: 8876, verPoint: 1
Time - 2016-10-08 14:10:40.258

 All Pages have valid checksum.
Parse the db file and build list of tables ... DONE.
Cleanup Page list ... DONE.
Scan bad pages ... DONE.
Parse SysObjects table ... DONE.
Copy Tables ... DONE.

Header checksum is valid.
Source      : E:\daoc\Pharos\Pharos.POS.ClientService\bin\Debug\Database\LocalDB.sdf
Destination : n/a
Verifying - verMajor: 4, verMinor: 0, verBuild: 8876, verPoint: 1
Time - 2016-10-08 14:16:59.640

 All Pages have valid checksum.
Parse the db file and build list of tables ... DONE.
Cleanup Page list ... DONE.
Scan bad pages ... DONE.
Parse SysObjects table ... DONE.
Copy Tables ... DONE.

Header checksum is valid.
Source      : E:\daoc\Pharos\Pharos.POS.ClientService\bin\Debug\Database\LocalDB.sdf
Destination : n/a
Verifying - verMajor: 4, verMinor: 0, verBuild: 8876, verPoint: 1
Time - 2016-10-08 14:23:35.957

 All Pages have valid checksum.
Parse the db file and build list of tables ... DONE.
Cleanup Page list ... DONE.
Scan bad pages ... DONE.
Parse SysObjects table ... DONE.
Copy Tables ... DONE.

