2016-08-06 10:31:21.236 DEBUG /api/Login:  参数:[{"Account":"1008","Password":"123456","EntryPoint":0,"DeviceType":1,"InTestMode":false,"CID":1,"IsLock":false,"StoreId":"1","MachineSn":"01","DeviceSn":"FCAA147DA9F9"}]
2016-08-06 10:31:24.671 DEBUG /api/ClearOrder:  参数:[{"StoreId":"1","MachineSn":"01","CID":1,"DeviceSn":"FCAA147DA9F9"}]
2016-08-06 10:31:24.786 DEBUG /api/HandBillNum:  参数:[{"OrderSn":null,"StoreId":"1","MachineSn":"01","CID":1,"DeviceSn":"FCAA147DA9F9"}]
2016-08-06 10:31:27.431 DEBUG /api/GetRefundAllOrderSn:  参数:[{"StoreId":"1","MachineSn":"01","CID":1,"DeviceSn":"FCAA147DA9F9"}]
2016-08-06 10:32:02.115 DEBUG /api/SetOldCustomerOrderSn:  参数:[{"OldCustomerOrderSN":"01201606140002","Mode":1,"StoreId":"1","MachineSn":"01","CID":1,"DeviceSn":"FCAA147DA9F9"}]
2016-08-06 10:32:55.552 DEBUG /api/AddRefundOrChangeInfo:  参数:[{"Barcode":"2710019990001","ChangeNumber":0.0,"ChangePrice":0.0,"Status":false,"Mode":1,"RecordId":null,"ProductType":0,"StoreId":"1","MachineSn":"01","CID":1,"DeviceSn":"FCAA147DA9F9"}]
2016-08-06 10:33:41.712 DEBUG /api/AddRefundOrChangeInfo:  参数:[{"Barcode":"0101020001","ChangeNumber":0.0,"ChangePrice":0.0,"Status":true,"Mode":1,"RecordId":null,"ProductType":0,"StoreId":"1","MachineSn":"01","CID":1,"DeviceSn":"FCAA147DA9F9"}]
2016-08-06 10:34:12.427 DEBUG /api/Authorization:  参数:[{"Password":"123456","StoreId":"1","MachineSn":"01","CID":1,"DeviceSn":"FCAA147DA9F9"}]
2016-08-06 10:34:12.512 DEBUG /api/SetSaleMan:  参数:[{"SaleMan":"2111","Source":1,"Mode":1,"StoreId":"1","MachineSn":"01","CID":1,"DeviceSn":"FCAA147DA9F9"}]
2016-08-06 10:34:15.350 DEBUG /api/PaysStatus:  参数:[{"StoreId":"1","MachineSn":null,"CID":1,"DeviceSn":"FCAA147DA9F9"}]
2016-08-06 10:34:22.286 DEBUG /api/Pay:  参数:[{"Mode":1,"Receivable":-22980.0,"OrderAmount":-22980.0000,"Payway":[{"Type":2,"Amount":-22980.0,"Receive":-22980.0,"Change":0.0,"CardNo":null,"WipeZero":0.0000}],"Reason":0,"OldOrderSn":"","SaleMan":null,"StoreId":"1","MachineSn":"01","CID":1,"DeviceSn":"FCAA147DA9F9"}]
2016-08-06 10:34:25.804 DEBUG /api/ClearOrder:  参数:[{"StoreId":"1","MachineSn":"01","CID":1,"DeviceSn":"FCAA147DA9F9"}]
2016-08-06 10:34:25.859 DEBUG /api/ClearRefundOrChangeInfo:  参数:[{"Barcode":null,"ChangeNumber":0.0,"ChangePrice":0.0,"Status":false,"Mode":2,"RecordId":null,"ProductType":0,"StoreId":"1","MachineSn":"01","CID":1,"DeviceSn":"FCAA147DA9F9"}]
2016-08-06 10:34:25.860 DEBUG /api/ClearRefundOrChangeInfo:  参数:[{"Barcode":null,"ChangeNumber":0.0,"ChangePrice":0.0,"Status":false,"Mode":1,"RecordId":null,"ProductType":0,"StoreId":"1","MachineSn":"01","CID":1,"DeviceSn":"FCAA147DA9F9"}]
2016-08-06 10:34:31.357 DEBUG /api/FindBills:  参数:[{"Date":"2016-08-06 10:34:31","Range":0,"PaySn":null,"Cashier":"1008","QueryMachineSn":"01","StoreId":"1","MachineSn":"01","CID":1,"DeviceSn":"FCAA147DA9F9"}]
2016-08-06 10:34:33.150 DEBUG /api/FindBillHistory:  参数:[{"PaySn":"01201608060001","StoreId":"1","MachineSn":"01","CID":1,"DeviceSn":"FCAA147DA9F9"}]
2016-08-06 10:34:44.706 DEBUG /api/ClearOrder:  参数:[{"StoreId":"1","MachineSn":"01","CID":1,"DeviceSn":"FCAA147DA9F9"}]
2016-08-06 11:07:53.277 DEBUG /api/GetProductCategory:  参数:[{"StoreId":"1","MachineSn":"01","CID":1,"DeviceSn":"FCAA147DA9F9"}]
2016-08-06 11:07:53.287 DEBUG /api/PaysStatus:  参数:[{"StoreId":"1","MachineSn":null,"CID":1,"DeviceSn":"FCAA147DA9F9"}]
2016-08-06 11:08:00.353 DEBUG /api/Login:  参数:[{"Account":"1008","Password":"123456","EntryPoint":0,"DeviceType":1,"InTestMode":false,"CID":1,"IsLock":false,"StoreId":"1","MachineSn":"01","DeviceSn":"FCAA147DA9F9"}]
2016-08-06 11:08:00.818 DEBUG /api/ClearOrder:  参数:[{"StoreId":"1","MachineSn":"01","CID":1,"DeviceSn":"FCAA147DA9F9"}]
2016-08-06 11:08:00.957 DEBUG /api/HandBillNum:  参数:[{"OrderSn":null,"StoreId":"1","MachineSn":"01","CID":1,"DeviceSn":"FCAA147DA9F9"}]
2016-08-06 11:08:10.723 DEBUG /api/GetRefundAllOrderSn:  参数:[{"StoreId":"1","MachineSn":"01","CID":1,"DeviceSn":"FCAA147DA9F9"}]
2016-08-06 11:08:36.724 DEBUG /api/SetOldCustomerOrderSn:  参数:[{"OldCustomerOrderSN":"01201608040001","Mode":1,"StoreId":"1","MachineSn":"01","CID":1,"DeviceSn":"FCAA147DA9F9"}]
2016-08-06 11:09:14.843 DEBUG /api/SetOldCustomerOrderSn:  参数:[{"OldCustomerOrderSN":"01201606140003","Mode":1,"StoreId":"1","MachineSn":"01","CID":1,"DeviceSn":"FCAA147DA9F9"}]
2016-08-06 11:09:33.613 DEBUG /api/AddRefundOrChangeInfo:  参数:[{"Barcode":"2710047990001","ChangeNumber":0.0,"ChangePrice":0.0,"Status":false,"Mode":1,"RecordId":null,"ProductType":0,"StoreId":"1","MachineSn":"01","CID":1,"DeviceSn":"FCAA147DA9F9"}]
2016-08-06 11:09:51.220 DEBUG /api/AddRefundOrChangeInfo:  参数:[{"Barcode":"0101020001","ChangeNumber":0.0,"ChangePrice":0.0,"Status":true,"Mode":1,"RecordId":null,"ProductType":0,"StoreId":"1","MachineSn":"01","CID":1,"DeviceSn":"FCAA147DA9F9"}]
2016-08-06 11:11:10.315 DEBUG /api/GetProductCategory:  参数:[{"StoreId":"1","MachineSn":"01","CID":1,"DeviceSn":"FCAA147DA9F9"}]
2016-08-06 11:11:10.315 DEBUG /api/PaysStatus:  参数:[{"StoreId":"1","MachineSn":null,"CID":1,"DeviceSn":"FCAA147DA9F9"}]
2016-08-06 11:11:18.466 DEBUG /api/Login:  参数:[{"Account":"1008","Password":"123456","EntryPoint":0,"DeviceType":1,"InTestMode":false,"CID":1,"IsLock":false,"StoreId":"1","MachineSn":"01","DeviceSn":"FCAA147DA9F9"}]
2016-08-06 11:11:18.913 DEBUG /api/ClearOrder:  参数:[{"StoreId":"1","MachineSn":"01","CID":1,"DeviceSn":"FCAA147DA9F9"}]
2016-08-06 11:11:19.033 DEBUG /api/HandBillNum:  参数:[{"OrderSn":null,"StoreId":"1","MachineSn":"01","CID":1,"DeviceSn":"FCAA147DA9F9"}]
2016-08-06 11:11:36.596 DEBUG /api/GetProductCategory:  参数:[{"StoreId":"1","MachineSn":"01","CID":1,"DeviceSn":"FCAA147DA9F9"}]
2016-08-06 11:11:39.815 DEBUG /api/GetRefundAllOrderSn:  参数:[{"StoreId":"1","MachineSn":"01","CID":1,"DeviceSn":"FCAA147DA9F9"}]
2016-08-06 11:11:47.143 DEBUG /api/SetOldCustomerOrderSn:  参数:[{"OldCustomerOrderSN":"01201606140003","Mode":1,"StoreId":"1","MachineSn":"01","CID":1,"DeviceSn":"FCAA147DA9F9"}]
2016-08-06 11:11:53.738 DEBUG /api/AddRefundOrChangeInfo:  参数:[{"Barcode":"2710047990001","ChangeNumber":0.0,"ChangePrice":0.0,"Status":false,"Mode":1,"RecordId":null,"ProductType":0,"StoreId":"1","MachineSn":"01","CID":1,"DeviceSn":"FCAA147DA9F9"}]
2016-08-06 11:12:00.328 DEBUG /api/AddRefundOrChangeInfo:  参数:[{"Barcode":"0101020001","ChangeNumber":0.0,"ChangePrice":0.0,"Status":true,"Mode":1,"RecordId":null,"ProductType":0,"StoreId":"1","MachineSn":"01","CID":1,"DeviceSn":"FCAA147DA9F9"}]
2016-08-06 11:14:07.502 DEBUG /api/GetProductCategory:  参数:[{"StoreId":"1","MachineSn":"01","CID":1,"DeviceSn":"FCAA147DA9F9"}]
2016-08-06 11:14:07.502 DEBUG /api/PaysStatus:  参数:[{"StoreId":"1","MachineSn":null,"CID":1,"DeviceSn":"FCAA147DA9F9"}]
2016-08-06 11:14:11.477 DEBUG /api/Login:  参数:[{"Account":"1008","Password":"123456","EntryPoint":0,"DeviceType":1,"InTestMode":false,"CID":1,"IsLock":false,"StoreId":"1","MachineSn":"01","DeviceSn":"FCAA147DA9F9"}]
2016-08-06 11:14:11.972 DEBUG /api/ClearOrder:  参数:[{"StoreId":"1","MachineSn":"01","CID":1,"DeviceSn":"FCAA147DA9F9"}]
2016-08-06 11:14:12.080 DEBUG /api/HandBillNum:  参数:[{"OrderSn":null,"StoreId":"1","MachineSn":"01","CID":1,"DeviceSn":"FCAA147DA9F9"}]
2016-08-06 11:14:14.214 DEBUG /api/GetRefundAllOrderSn:  参数:[{"StoreId":"1","MachineSn":"01","CID":1,"DeviceSn":"FCAA147DA9F9"}]
2016-08-06 11:14:23.891 DEBUG /api/SetOldCustomerOrderSn:  参数:[{"OldCustomerOrderSN":"01201606140003","Mode":1,"StoreId":"1","MachineSn":"01","CID":1,"DeviceSn":"FCAA147DA9F9"}]
2016-08-06 11:14:36.609 DEBUG /api/AddRefundOrChangeInfo:  参数:[{"Barcode":"2710047990001","ChangeNumber":0.0,"ChangePrice":0.0,"Status":false,"Mode":1,"RecordId":null,"ProductType":0,"StoreId":"1","MachineSn":"01","CID":1,"DeviceSn":"FCAA147DA9F9"}]
2016-08-06 11:14:43.806 DEBUG /api/AddRefundOrChangeInfo:  参数:[{"Barcode":"0101020001","ChangeNumber":0.0,"ChangePrice":0.0,"Status":true,"Mode":1,"RecordId":null,"ProductType":0,"StoreId":"1","MachineSn":"01","CID":1,"DeviceSn":"FCAA147DA9F9"}]
2016-08-06 11:16:33.067 DEBUG /api/ClearRefundOrChangeInfo:  参数:[{"Barcode":null,"ChangeNumber":0.0,"ChangePrice":0.0,"Status":false,"Mode":1,"RecordId":null,"ProductType":0,"StoreId":"1","MachineSn":"01","CID":1,"DeviceSn":"FCAA147DA9F9"}]
2016-08-06 11:16:33.067 DEBUG /api/ClearRefundOrChangeInfo:  参数:[{"Barcode":null,"ChangeNumber":0.0,"ChangePrice":0.0,"Status":false,"Mode":2,"RecordId":null,"ProductType":0,"StoreId":"1","MachineSn":"01","CID":1,"DeviceSn":"FCAA147DA9F9"}]
2016-08-06 11:16:34.216 DEBUG /api/GetRefundAllOrderSn:  参数:[{"StoreId":"1","MachineSn":"01","CID":1,"DeviceSn":"FCAA147DA9F9"}]
2016-08-06 11:16:39.326 DEBUG /api/SetOldCustomerOrderSn:  参数:[{"OldCustomerOrderSN":"01201606140003","Mode":1,"StoreId":"1","MachineSn":"01","CID":1,"DeviceSn":"FCAA147DA9F9"}]
2016-08-06 11:16:45.524 DEBUG /api/AddRefundOrChangeInfo:  参数:[{"Barcode":"2710047990001","ChangeNumber":0.0,"ChangePrice":0.0,"Status":false,"Mode":1,"RecordId":null,"ProductType":0,"StoreId":"1","MachineSn":"01","CID":1,"DeviceSn":"FCAA147DA9F9"}]
2016-08-06 11:16:52.312 DEBUG /api/AddRefundOrChangeInfo:  参数:[{"Barcode":"0101020001","ChangeNumber":0.0,"ChangePrice":0.0,"Status":true,"Mode":1,"RecordId":null,"ProductType":0,"StoreId":"1","MachineSn":"01","CID":1,"DeviceSn":"FCAA147DA9F9"}]
2016-08-06 11:19:41.712 DEBUG /api/RemoveRefundOrChangeInfo:  参数:[{"Barcode":"2710047990001","ChangeNumber":0.0,"ChangePrice":0.0,"Status":true,"Mode":1,"RecordId":"80899541-cac4-4677-bd19-75130e10228b","ProductType":0,"StoreId":"1","MachineSn":"01","CID":1,"DeviceSn":"FCAA147DA9F9"}]
2016-08-06 11:19:43.171 DEBUG /api/RemoveRefundOrChangeInfo:  参数:[{"Barcode":"0101020001","ChangeNumber":0.0,"ChangePrice":0.0,"Status":true,"Mode":1,"RecordId":"65c1d115-b3e5-470e-9279-238d04b6d313","ProductType":0,"StoreId":"1","MachineSn":"01","CID":1,"DeviceSn":"FCAA147DA9F9"}]
2016-08-06 11:19:50.155 DEBUG /api/AddRefundOrChangeInfo:  参数:[{"Barcode":"2710047990001","ChangeNumber":0.0,"ChangePrice":0.0,"Status":false,"Mode":1,"RecordId":null,"ProductType":0,"StoreId":"1","MachineSn":"01","CID":1,"DeviceSn":"FCAA147DA9F9"}]
2016-08-06 11:20:43.523 DEBUG /api/ClearRefundOrChangeInfo:  参数:[{"Barcode":null,"ChangeNumber":0.0,"ChangePrice":0.0,"Status":false,"Mode":2,"RecordId":null,"ProductType":0,"StoreId":"1","MachineSn":"01","CID":1,"DeviceSn":"FCAA147DA9F9"}]
2016-08-06 11:20:43.530 DEBUG /api/ClearRefundOrChangeInfo:  参数:[{"Barcode":null,"ChangeNumber":0.0,"ChangePrice":0.0,"Status":false,"Mode":1,"RecordId":null,"ProductType":0,"StoreId":"1","MachineSn":"01","CID":1,"DeviceSn":"FCAA147DA9F9"}]
2016-08-06 11:20:45.771 DEBUG /api/ClearOrder:  参数:[{"StoreId":"1","MachineSn":"01","CID":1,"DeviceSn":"FCAA147DA9F9"}]
2016-08-06 11:22:16.747 DEBUG /api/GetProductCategory:  参数:[{"StoreId":"1","MachineSn":"01","CID":1,"DeviceSn":"FCAA147DA9F9"}]
2016-08-06 11:22:16.747 DEBUG /api/PaysStatus:  参数:[{"StoreId":"1","MachineSn":null,"CID":1,"DeviceSn":"FCAA147DA9F9"}]
2016-08-06 11:22:22.216 DEBUG /api/Login:  参数:[{"Account":"1008","Password":"123456","EntryPoint":0,"DeviceType":1,"InTestMode":false,"CID":1,"IsLock":false,"StoreId":"1","MachineSn":"01","DeviceSn":"FCAA147DA9F9"}]
2016-08-06 11:22:22.655 DEBUG /api/ClearOrder:  参数:[{"StoreId":"1","MachineSn":"01","CID":1,"DeviceSn":"FCAA147DA9F9"}]
2016-08-06 11:22:22.763 DEBUG /api/HandBillNum:  参数:[{"OrderSn":null,"StoreId":"1","MachineSn":"01","CID":1,"DeviceSn":"FCAA147DA9F9"}]
2016-08-06 11:22:25.599 DEBUG /api/GetRefundAllOrderSn:  参数:[{"StoreId":"1","MachineSn":"01","CID":1,"DeviceSn":"FCAA147DA9F9"}]
2016-08-06 11:22:34.180 DEBUG /api/SetOldCustomerOrderSn:  参数:[{"OldCustomerOrderSN":"01201606140003","Mode":1,"StoreId":"1","MachineSn":"01","CID":1,"DeviceSn":"FCAA147DA9F9"}]
2016-08-06 11:22:47.459 DEBUG /api/AddRefundOrChangeInfo:  参数:[{"Barcode":"2710047990001","ChangeNumber":0.0,"ChangePrice":0.0,"Status":false,"Mode":1,"RecordId":null,"ProductType":0,"StoreId":"1","MachineSn":"01","CID":1,"DeviceSn":"FCAA147DA9F9"}]
2016-08-06 11:28:01.610 DEBUG /api/PaysStatus:  参数:[{"StoreId":"1","MachineSn":null,"CID":1,"DeviceSn":"FCAA147DA9F9"}]
2016-08-06 11:28:01.610 DEBUG /api/GetProductCategory:  参数:[{"StoreId":"1","MachineSn":"01","CID":1,"DeviceSn":"FCAA147DA9F9"}]
2016-08-06 11:28:04.872 DEBUG /api/Login:  参数:[{"Account":"1008","Password":"123456","EntryPoint":0,"DeviceType":1,"InTestMode":false,"CID":1,"IsLock":false,"StoreId":"1","MachineSn":"01","DeviceSn":"FCAA147DA9F9"}]
2016-08-06 11:28:05.322 DEBUG /api/ClearOrder:  参数:[{"StoreId":"1","MachineSn":"01","CID":1,"DeviceSn":"FCAA147DA9F9"}]
2016-08-06 11:28:05.445 DEBUG /api/HandBillNum:  参数:[{"OrderSn":null,"StoreId":"1","MachineSn":"01","CID":1,"DeviceSn":"FCAA147DA9F9"}]
2016-08-06 11:28:07.687 DEBUG /api/GetRefundAllOrderSn:  参数:[{"StoreId":"1","MachineSn":"01","CID":1,"DeviceSn":"FCAA147DA9F9"}]
2016-08-06 11:28:16.036 DEBUG /api/SetOldCustomerOrderSn:  参数:[{"OldCustomerOrderSN":"01201606140003","Mode":1,"StoreId":"1","MachineSn":"01","CID":1,"DeviceSn":"FCAA147DA9F9"}]
2016-08-06 11:28:21.162 DEBUG /api/AddRefundOrChangeInfo:  参数:[{"Barcode":"2710047990001","ChangeNumber":0.0,"ChangePrice":0.0,"Status":false,"Mode":1,"RecordId":null,"ProductType":0,"StoreId":"1","MachineSn":"01","CID":1,"DeviceSn":"FCAA147DA9F9"}]
2016-08-06 11:30:37.703 DEBUG /api/ClearRefundOrChangeInfo:  参数:[{"Barcode":null,"ChangeNumber":0.0,"ChangePrice":0.0,"Status":false,"Mode":2,"RecordId":null,"ProductType":0,"StoreId":"1","MachineSn":"01","CID":1,"DeviceSn":"FCAA147DA9F9"}]
2016-08-06 11:30:37.703 DEBUG /api/ClearRefundOrChangeInfo:  参数:[{"Barcode":null,"ChangeNumber":0.0,"ChangePrice":0.0,"Status":false,"Mode":1,"RecordId":null,"ProductType":0,"StoreId":"1","MachineSn":"01","CID":1,"DeviceSn":"FCAA147DA9F9"}]
2016-08-06 11:30:39.589 DEBUG /api/ClearOrder:  参数:[{"StoreId":"1","MachineSn":"01","CID":1,"DeviceSn":"FCAA147DA9F9"}]
2016-08-06 11:31:29.285 DEBUG /api/GetProductCategory:  参数:[{"StoreId":"1","MachineSn":"01","CID":1,"DeviceSn":"FCAA147DA9F9"}]
2016-08-06 11:31:29.285 DEBUG /api/PaysStatus:  参数:[{"StoreId":"1","MachineSn":null,"CID":1,"DeviceSn":"FCAA147DA9F9"}]
2016-08-06 11:31:33.519 DEBUG /api/Login:  参数:[{"Account":"1008","Password":"123456","EntryPoint":0,"DeviceType":1,"InTestMode":false,"CID":1,"IsLock":false,"StoreId":"1","MachineSn":"01","DeviceSn":"FCAA147DA9F9"}]
2016-08-06 11:31:33.999 DEBUG /api/ClearOrder:  参数:[{"StoreId":"1","MachineSn":"01","CID":1,"DeviceSn":"FCAA147DA9F9"}]
2016-08-06 11:31:34.125 DEBUG /api/HandBillNum:  参数:[{"OrderSn":null,"StoreId":"1","MachineSn":"01","CID":1,"DeviceSn":"FCAA147DA9F9"}]
2016-08-06 11:31:36.241 DEBUG /api/GetRefundAllOrderSn:  参数:[{"StoreId":"1","MachineSn":"01","CID":1,"DeviceSn":"FCAA147DA9F9"}]
2016-08-06 11:31:45.817 DEBUG /api/SetOldCustomerOrderSn:  参数:[{"OldCustomerOrderSN":"01201606140003","Mode":1,"StoreId":"1","MachineSn":"01","CID":1,"DeviceSn":"FCAA147DA9F9"}]
2016-08-06 11:31:48.482 DEBUG /api/AddRefundOrChangeInfo:  参数:[{"Barcode":"2710047990001","ChangeNumber":0.0,"ChangePrice":0.0,"Status":false,"Mode":1,"RecordId":null,"ProductType":0,"StoreId":"1","MachineSn":"01","CID":1,"DeviceSn":"FCAA147DA9F9"}]
2016-08-06 11:32:51.297 DEBUG /api/GetProductCategory:  参数:[{"StoreId":"1","MachineSn":"01","CID":1,"DeviceSn":"FCAA147DA9F9"}]
2016-08-06 11:32:51.297 DEBUG /api/PaysStatus:  参数:[{"StoreId":"1","MachineSn":null,"CID":1,"DeviceSn":"FCAA147DA9F9"}]
2016-08-06 11:32:56.183 DEBUG /api/Login:  参数:[{"Account":"1008","Password":"123456","EntryPoint":0,"DeviceType":1,"InTestMode":false,"CID":1,"IsLock":false,"StoreId":"1","MachineSn":"01","DeviceSn":"FCAA147DA9F9"}]
2016-08-06 11:32:56.624 DEBUG /api/ClearOrder:  参数:[{"StoreId":"1","MachineSn":"01","CID":1,"DeviceSn":"FCAA147DA9F9"}]
2016-08-06 11:32:56.761 DEBUG /api/HandBillNum:  参数:[{"OrderSn":null,"StoreId":"1","MachineSn":"01","CID":1,"DeviceSn":"FCAA147DA9F9"}]
2016-08-06 11:32:58.197 DEBUG /api/GetRefundAllOrderSn:  参数:[{"StoreId":"1","MachineSn":"01","CID":1,"DeviceSn":"FCAA147DA9F9"}]
2016-08-06 11:33:07.179 DEBUG /api/SetOldCustomerOrderSn:  参数:[{"OldCustomerOrderSN":"01201606140003","Mode":1,"StoreId":"1","MachineSn":"01","CID":1,"DeviceSn":"FCAA147DA9F9"}]
2016-08-06 11:33:11.399 DEBUG /api/AddRefundOrChangeInfo:  参数:[{"Barcode":"2710047990001","ChangeNumber":0.0,"ChangePrice":0.0,"Status":false,"Mode":1,"RecordId":null,"ProductType":0,"StoreId":"1","MachineSn":"01","CID":1,"DeviceSn":"FCAA147DA9F9"}]
2016-08-06 11:35:35.436 DEBUG /api/GetProductCategory:  参数:[{"StoreId":"1","MachineSn":"01","CID":1,"DeviceSn":"FCAA147DA9F9"}]
2016-08-06 11:35:35.437 DEBUG /api/PaysStatus:  参数:[{"StoreId":"1","MachineSn":null,"CID":1,"DeviceSn":"FCAA147DA9F9"}]
2016-08-06 11:35:41.447 DEBUG /api/Login:  参数:[{"Account":"1008","Password":"123456","EntryPoint":0,"DeviceType":1,"InTestMode":false,"CID":1,"IsLock":false,"StoreId":"1","MachineSn":"01","DeviceSn":"FCAA147DA9F9"}]
2016-08-06 11:35:41.915 DEBUG /api/ClearOrder:  参数:[{"StoreId":"1","MachineSn":"01","CID":1,"DeviceSn":"FCAA147DA9F9"}]
2016-08-06 11:35:42.032 DEBUG /api/HandBillNum:  参数:[{"OrderSn":null,"StoreId":"1","MachineSn":"01","CID":1,"DeviceSn":"FCAA147DA9F9"}]
2016-08-06 11:35:44.887 DEBUG /api/GetProductCategory:  参数:[{"StoreId":"1","MachineSn":"01","CID":1,"DeviceSn":"FCAA147DA9F9"}]
2016-08-06 11:35:47.010 DEBUG /api/GetRefundAllOrderSn:  参数:[{"StoreId":"1","MachineSn":"01","CID":1,"DeviceSn":"FCAA147DA9F9"}]
2016-08-06 11:35:54.734 DEBUG /api/SetOldCustomerOrderSn:  参数:[{"OldCustomerOrderSN":"01201606140003","Mode":1,"StoreId":"1","MachineSn":"01","CID":1,"DeviceSn":"FCAA147DA9F9"}]
2016-08-06 11:35:58.574 DEBUG /api/AddRefundOrChangeInfo:  参数:[{"Barcode":"2710047990001","ChangeNumber":0.0,"ChangePrice":0.0,"Status":false,"Mode":1,"RecordId":null,"ProductType":0,"StoreId":"1","MachineSn":"01","CID":1,"DeviceSn":"FCAA147DA9F9"}]
2016-08-06 11:38:32.415 DEBUG /api/PaysStatus:  参数:[{"StoreId":"1","MachineSn":null,"CID":1,"DeviceSn":"FCAA147DA9F9"}]
2016-08-06 11:38:32.415 DEBUG /api/GetProductCategory:  参数:[{"StoreId":"1","MachineSn":"01","CID":1,"DeviceSn":"FCAA147DA9F9"}]
2016-08-06 11:38:39.087 DEBUG /api/Login:  参数:[{"Account":"1008","Password":"123456","EntryPoint":0,"DeviceType":1,"InTestMode":false,"CID":1,"IsLock":false,"StoreId":"1","MachineSn":"01","DeviceSn":"FCAA147DA9F9"}]
2016-08-06 11:38:39.666 DEBUG /api/ClearOrder:  参数:[{"StoreId":"1","MachineSn":"01","CID":1,"DeviceSn":"FCAA147DA9F9"}]
2016-08-06 11:38:39.792 DEBUG /api/HandBillNum:  参数:[{"OrderSn":null,"StoreId":"1","MachineSn":"01","CID":1,"DeviceSn":"FCAA147DA9F9"}]
2016-08-06 11:38:43.278 DEBUG /api/GetRefundAllOrderSn:  参数:[{"StoreId":"1","MachineSn":"01","CID":1,"DeviceSn":"FCAA147DA9F9"}]
2016-08-06 11:38:49.745 DEBUG /api/SetOldCustomerOrderSn:  参数:[{"OldCustomerOrderSN":"01201606140003","Mode":1,"StoreId":"1","MachineSn":"01","CID":1,"DeviceSn":"FCAA147DA9F9"}]
2016-08-06 11:39:06.593 DEBUG /api/SetOldCustomerOrderSn:  参数:[{"OldCustomerOrderSN":"01201606140003","Mode":1,"StoreId":"1","MachineSn":"01","CID":1,"DeviceSn":"FCAA147DA9F9"}]
2016-08-06 11:40:13.832 DEBUG /api/PaysStatus:  参数:[{"StoreId":"1","MachineSn":null,"CID":1,"DeviceSn":"FCAA147DA9F9"}]
2016-08-06 11:40:13.832 DEBUG /api/GetProductCategory:  参数:[{"StoreId":"1","MachineSn":"01","CID":1,"DeviceSn":"FCAA147DA9F9"}]
2016-08-06 11:40:49.039 DEBUG /api/Login:  参数:[{"Account":"1008","Password":"123456","EntryPoint":0,"DeviceType":1,"InTestMode":false,"CID":1,"IsLock":false,"StoreId":"1","MachineSn":"01","DeviceSn":"FCAA147DA9F9"}]
2016-08-06 11:40:51.692 DEBUG /api/ClearOrder:  参数:[{"StoreId":"1","MachineSn":"01","CID":1,"DeviceSn":"FCAA147DA9F9"}]
2016-08-06 11:40:51.809 DEBUG /api/HandBillNum:  参数:[{"OrderSn":null,"StoreId":"1","MachineSn":"01","CID":1,"DeviceSn":"FCAA147DA9F9"}]
2016-08-06 11:40:53.570 DEBUG /api/GetRefundAllOrderSn:  参数:[{"StoreId":"1","MachineSn":"01","CID":1,"DeviceSn":"FCAA147DA9F9"}]
2016-08-06 11:41:00.947 DEBUG /api/SetOldCustomerOrderSn:  参数:[{"OldCustomerOrderSN":"01201606140003","Mode":1,"StoreId":"1","MachineSn":"01","CID":1,"DeviceSn":"FCAA147DA9F9"}]
2016-08-06 11:41:14.693 DEBUG /api/SetOldCustomerOrderSn:  参数:[{"OldCustomerOrderSN":"01201606140003","Mode":1,"StoreId":"1","MachineSn":"01","CID":1,"DeviceSn":"FCAA147DA9F9"}]
2016-08-06 11:41:51.955 DEBUG /api/GetProductCategory:  参数:[{"StoreId":"1","MachineSn":"01","CID":1,"DeviceSn":"FCAA147DA9F9"}]
2016-08-06 11:41:51.963 DEBUG /api/PaysStatus:  参数:[{"StoreId":"1","MachineSn":null,"CID":1,"DeviceSn":"FCAA147DA9F9"}]
2016-08-06 11:41:55.357 DEBUG /api/Login:  参数:[{"Account":"1008","Password":"123456","EntryPoint":0,"DeviceType":1,"InTestMode":false,"CID":1,"IsLock":false,"StoreId":"1","MachineSn":"01","DeviceSn":"FCAA147DA9F9"}]
2016-08-06 11:41:56.083 DEBUG /api/ClearOrder:  参数:[{"StoreId":"1","MachineSn":"01","CID":1,"DeviceSn":"FCAA147DA9F9"}]
2016-08-06 11:41:56.185 DEBUG /api/HandBillNum:  参数:[{"OrderSn":null,"StoreId":"1","MachineSn":"01","CID":1,"DeviceSn":"FCAA147DA9F9"}]
2016-08-06 11:41:57.941 DEBUG /api/GetRefundAllOrderSn:  参数:[{"StoreId":"1","MachineSn":"01","CID":1,"DeviceSn":"FCAA147DA9F9"}]
2016-08-06 11:41:59.926 DEBUG /api/SetOldCustomerOrderSn:  参数:[{"OldCustomerOrderSN":"01201606140003","Mode":1,"StoreId":"1","MachineSn":"01","CID":1,"DeviceSn":"FCAA147DA9F9"}]
2016-08-06 11:42:24.617 DEBUG /api/AddRefundOrChangeInfo:  参数:[{"Barcode":"2710047990001","ChangeNumber":0.0,"ChangePrice":0.0,"Status":false,"Mode":1,"RecordId":null,"ProductType":0,"StoreId":"1","MachineSn":"01","CID":1,"DeviceSn":"FCAA147DA9F9"}]
2016-08-06 11:42:57.716 DEBUG /api/AddRefundOrChangeInfo:  参数:[{"Barcode":"0101020001","ChangeNumber":0.0,"ChangePrice":0.0,"Status":true,"Mode":1,"RecordId":null,"ProductType":0,"StoreId":"1","MachineSn":"01","CID":1,"DeviceSn":"FCAA147DA9F9"}]
2016-08-06 11:43:12.658 DEBUG /api/SetOldCustomerOrderSn:  参数:[{"OldCustomerOrderSN":"01201606140003","Mode":2,"StoreId":"1","MachineSn":"01","CID":1,"DeviceSn":"FCAA147DA9F9"}]
2016-08-06 11:43:20.153 DEBUG /api/AddRefundOrChangeInfo:  参数:[{"Barcode":"2710047990001","ChangeNumber":0.0,"ChangePrice":0.0,"Status":false,"Mode":2,"RecordId":null,"ProductType":0,"StoreId":"1","MachineSn":"01","CID":1,"DeviceSn":"FCAA147DA9F9"}]
2016-08-06 11:43:48.155 DEBUG /api/Authorization:  参数:[{"Password":"123456","StoreId":"1","MachineSn":"01","CID":1,"DeviceSn":"FCAA147DA9F9"}]
2016-08-06 11:43:52.110 DEBUG /api/PaysStatus:  参数:[{"StoreId":"1","MachineSn":null,"CID":1,"DeviceSn":"FCAA147DA9F9"}]
2016-08-06 11:43:56.276 DEBUG /api/Pay:  参数:[{"Mode":1,"Receivable":-34860.0,"OrderAmount":-34860.0000,"Payway":[{"Type":2,"Amount":-34860.0,"Receive":-34860.0,"Change":0.0,"CardNo":null,"WipeZero":0.0000}],"Reason":0,"OldOrderSn":"","SaleMan":null,"StoreId":"1","MachineSn":"01","CID":1,"DeviceSn":"FCAA147DA9F9"}]
2016-08-06 11:43:59.819 DEBUG /api/ClearOrder:  参数:[{"StoreId":"1","MachineSn":"01","CID":1,"DeviceSn":"FCAA147DA9F9"}]
2016-08-06 11:43:59.840 DEBUG /api/ClearRefundOrChangeInfo:  参数:[{"Barcode":null,"ChangeNumber":0.0,"ChangePrice":0.0,"Status":false,"Mode":2,"RecordId":null,"ProductType":0,"StoreId":"1","MachineSn":"01","CID":1,"DeviceSn":"FCAA147DA9F9"}]
2016-08-06 11:43:59.840 DEBUG /api/ClearRefundOrChangeInfo:  参数:[{"Barcode":null,"ChangeNumber":0.0,"ChangePrice":0.0,"Status":false,"Mode":1,"RecordId":null,"ProductType":0,"StoreId":"1","MachineSn":"01","CID":1,"DeviceSn":"FCAA147DA9F9"}]
2016-08-06 11:44:02.956 DEBUG /api/ClearOrder:  参数:[{"StoreId":"1","MachineSn":"01","CID":1,"DeviceSn":"FCAA147DA9F9"}]
2016-08-06 11:46:49.494 DEBUG /api/PaysStatus:  参数:[{"StoreId":"1","MachineSn":null,"CID":1,"DeviceSn":"FCAA147DA9F9"}]
2016-08-06 11:46:49.494 DEBUG /api/GetProductCategory:  参数:[{"StoreId":"1","MachineSn":"01","CID":1,"DeviceSn":"FCAA147DA9F9"}]
2016-08-06 11:46:53.803 DEBUG /api/Login:  参数:[{"Account":"1008","Password":"123456","EntryPoint":0,"DeviceType":1,"InTestMode":false,"CID":1,"IsLock":false,"StoreId":"1","MachineSn":"01","DeviceSn":"FCAA147DA9F9"}]
2016-08-06 11:46:54.515 DEBUG /api/ClearOrder:  参数:[{"StoreId":"1","MachineSn":"01","CID":1,"DeviceSn":"FCAA147DA9F9"}]
2016-08-06 11:46:54.621 DEBUG /api/HandBillNum:  参数:[{"OrderSn":null,"StoreId":"1","MachineSn":"01","CID":1,"DeviceSn":"FCAA147DA9F9"}]
2016-08-06 11:46:56.530 DEBUG /api/GetProductCategory:  参数:[{"StoreId":"1","MachineSn":"01","CID":1,"DeviceSn":"FCAA147DA9F9"}]
2016-08-06 11:47:06.201 DEBUG /api/GetRefundAllOrderSn:  参数:[{"StoreId":"1","MachineSn":"01","CID":1,"DeviceSn":"FCAA147DA9F9"}]
2016-08-06 11:47:40.657 DEBUG /api/SetOldCustomerOrderSn:  参数:[{"OldCustomerOrderSN":"08201606170005","Mode":1,"StoreId":"1","MachineSn":"01","CID":1,"DeviceSn":"FCAA147DA9F9"}]
2016-08-06 11:47:49.619 DEBUG /api/SetOldCustomerOrderSn:  参数:[{"OldCustomerOrderSN":"01201606120034","Mode":1,"StoreId":"1","MachineSn":"01","CID":1,"DeviceSn":"FCAA147DA9F9"}]
2016-08-06 11:47:53.774 DEBUG /api/SetOldCustomerOrderSn:  参数:[{"OldCustomerOrderSN":"01201606120034","Mode":2,"StoreId":"1","MachineSn":"01","CID":1,"DeviceSn":"FCAA147DA9F9"}]
