2016-08-09 15:31:06.153 DEBUG /api/Login:  参数:[{"Account":"1008","Password":"123456","EntryPoint":0,"DeviceType":1,"InTestMode":false,"CID":1,"IsLock":false,"StoreId":"21","MachineSn":"01","DeviceSn":"FCAA147DA9F9"}]
2016-08-09 15:31:08.863 DEBUG /api/ClearOrder:  参数:[{"StoreId":"21","MachineSn":"01","CID":1,"DeviceSn":"FCAA147DA9F9"}]
2016-08-09 15:31:08.978 DEBUG /api/HandBillNum:  参数:[{"OrderSn":null,"StoreId":"21","MachineSn":"01","CID":1,"DeviceSn":"FCAA147DA9F9"}]
2016-08-09 15:31:14.905 DEBUG /api/GetRefundAllOrderSn:  参数:[{"StoreId":"21","MachineSn":"01","CID":1,"DeviceSn":"FCAA147DA9F9"}]
2016-08-09 15:31:18.898 DEBUG /api/SetOldCustomerOrderSn:  参数:[{"OldCustomerOrderSN":"2710089002911","Mode":2,"StoreId":"21","MachineSn":"01","CID":1,"DeviceSn":"FCAA147DA9F9"}]
2016-08-09 15:31:24.901 DEBUG /api/AddRefundOrChangeInfo:  参数:[{"Barcode":"2710089002911","ChangeNumber":0.0,"ChangePrice":0.0,"Status":false,"Mode":2,"RecordId":null,"ProductType":0,"StoreId":"21","MachineSn":"01","CID":1,"DeviceSn":"FCAA147DA9F9"}]
2016-08-09 15:31:29.024 DEBUG /api/Authorization:  参数:[{"Password":"123456","StoreId":"21","MachineSn":"01","CID":1,"DeviceSn":"FCAA147DA9F9"}]
2016-08-09 15:31:30.197 DEBUG /api/PaysStatus:  参数:[{"StoreId":"21","MachineSn":null,"CID":1,"DeviceSn":"FCAA147DA9F9"}]
2016-08-09 15:31:33.507 DEBUG /api/Pay:  参数:[{"Mode":3,"Receivable":-57.0,"OrderAmount":-57.0360000,"Payway":[{"Type":2,"Amount":-57.0,"Receive":-57.0,"Change":0.0,"CardNo":null,"WipeZero":0.0360000}],"Reason":0,"OldOrderSn":"","SaleMan":null,"StoreId":"21","MachineSn":"01","CID":1,"DeviceSn":"FCAA147DA9F9"}]
2016-08-09 15:31:37.324 DEBUG /api/ClearOrder:  参数:[{"StoreId":"21","MachineSn":"01","CID":1,"DeviceSn":"FCAA147DA9F9"}]
2016-08-09 15:31:37.345 DEBUG /api/ClearRefundOrChangeInfo:  参数:[{"Barcode":null,"ChangeNumber":0.0,"ChangePrice":0.0,"Status":false,"Mode":1,"RecordId":null,"ProductType":0,"StoreId":"21","MachineSn":"01","CID":1,"DeviceSn":"FCAA147DA9F9"}]
2016-08-09 15:31:37.345 DEBUG /api/ClearRefundOrChangeInfo:  参数:[{"Barcode":null,"ChangeNumber":0.0,"ChangePrice":0.0,"Status":false,"Mode":2,"RecordId":null,"ProductType":0,"StoreId":"21","MachineSn":"01","CID":1,"DeviceSn":"FCAA147DA9F9"}]
2016-08-09 15:32:07.419 DEBUG /api/GetRefundAllOrderSn:  参数:[{"StoreId":"21","MachineSn":"01","CID":1,"DeviceSn":"FCAA147DA9F9"}]
2016-08-09 15:32:11.085 DEBUG /api/SetOldCustomerOrderSn:  参数:[{"OldCustomerOrderSN":"01201608060025","Mode":2,"StoreId":"21","MachineSn":"01","CID":1,"DeviceSn":"FCAA147DA9F9"}]
2016-08-09 15:32:17.630 DEBUG /api/AddRefundOrChangeInfo:  参数:[{"Barcode":"2710089002911","ChangeNumber":0.0,"ChangePrice":0.0,"Status":false,"Mode":2,"RecordId":null,"ProductType":0,"StoreId":"21","MachineSn":"01","CID":1,"DeviceSn":"FCAA147DA9F9"}]
2016-08-09 15:32:20.728 DEBUG /api/Authorization:  参数:[{"Password":"123456","StoreId":"21","MachineSn":"01","CID":1,"DeviceSn":"FCAA147DA9F9"}]
2016-08-09 15:32:21.790 DEBUG /api/PaysStatus:  参数:[{"StoreId":"21","MachineSn":null,"CID":1,"DeviceSn":"FCAA147DA9F9"}]
2016-08-09 15:32:23.705 DEBUG /api/Pay:  参数:[{"Mode":3,"Receivable":-57.0,"OrderAmount":-57.0360000,"Payway":[{"Type":2,"Amount":-57.0,"Receive":-57.0,"Change":0.0,"CardNo":null,"WipeZero":0.0360000}],"Reason":0,"OldOrderSn":"","SaleMan":null,"StoreId":"21","MachineSn":"01","CID":1,"DeviceSn":"FCAA147DA9F9"}]
2016-08-09 15:32:28.675 DEBUG /api/ClearOrder:  参数:[{"StoreId":"21","MachineSn":"01","CID":1,"DeviceSn":"FCAA147DA9F9"}]
2016-08-09 15:32:28.682 DEBUG /api/ClearRefundOrChangeInfo:  参数:[{"Barcode":null,"ChangeNumber":0.0,"ChangePrice":0.0,"Status":false,"Mode":1,"RecordId":null,"ProductType":0,"StoreId":"21","MachineSn":"01","CID":1,"DeviceSn":"FCAA147DA9F9"}]
2016-08-09 15:32:28.684 DEBUG /api/ClearRefundOrChangeInfo:  参数:[{"Barcode":null,"ChangeNumber":0.0,"ChangePrice":0.0,"Status":false,"Mode":2,"RecordId":null,"ProductType":0,"StoreId":"21","MachineSn":"01","CID":1,"DeviceSn":"FCAA147DA9F9"}]
2016-08-09 15:33:20.488 DEBUG /api/ClearOrder:  参数:[{"StoreId":"21","MachineSn":"01","CID":1,"DeviceSn":"FCAA147DA9F9"}]
2016-08-09 16:51:31.618 DEBUG /api/PaysStatus:  参数:[{"StoreId":"21","MachineSn":null,"CID":1,"DeviceSn":"FCAA147DA9F9"}]
2016-08-09 16:51:31.618 DEBUG /api/GetProductCategory:  参数:[{"StoreId":"21","MachineSn":"01","CID":1,"DeviceSn":"FCAA147DA9F9"}]
2016-08-09 16:55:52.956 DEBUG /api/PaysStatus:  参数:[{"StoreId":"21","MachineSn":null,"CID":1,"DeviceSn":"FCAA147DA9F9"}]
2016-08-09 16:55:52.956 DEBUG /api/GetProductCategory:  参数:[{"StoreId":"21","MachineSn":"01","CID":1,"DeviceSn":"FCAA147DA9F9"}]
2016-08-09 16:56:01.392 DEBUG /api/Login:  参数:[{"Account":"1008","Password":"123456","EntryPoint":0,"DeviceType":1,"InTestMode":false,"CID":1,"IsLock":false,"StoreId":"21","MachineSn":"01","DeviceSn":"FCAA147DA9F9"}]
2016-08-09 16:56:02.089 DEBUG /api/Login: Error getting value from 'CustomOrderSN' on 'Pharos.Logic.ApiData.Pos.Sale.ShoppingCart'.
2016-08-09 16:56:19.446 DEBUG /api/GetStoreName:  参数:[{"StoreId":"1","MachineSn":"01","CID":1,"DeviceSn":"FCAA147DA9F9"}]
2016-08-09 16:56:21.211 DEBUG /api/RegisterDevice:  参数:[{"Type":1,"StoreId":"1","MachineSn":"01","CID":1,"DeviceSn":"FCAA147DA9F9"}]
2016-08-09 16:56:26.827 DEBUG /api/Login:  参数:[{"Account":"1008","Password":"123456","EntryPoint":0,"DeviceType":1,"InTestMode":false,"CID":1,"IsLock":false,"StoreId":"1","MachineSn":"01","DeviceSn":"FCAA147DA9F9"}]
2016-08-09 16:56:27.168 DEBUG /api/Login: Error getting value from 'CustomOrderSN' on 'Pharos.Logic.ApiData.Pos.Sale.ShoppingCart'.
2016-08-09 17:01:54.273 DEBUG /api/GetProductCategory:  参数:[{"StoreId":"1","MachineSn":"01","CID":1,"DeviceSn":"FCAA147DA9F9"}]
2016-08-09 17:01:54.274 DEBUG /api/PaysStatus:  参数:[{"StoreId":"1","MachineSn":null,"CID":1,"DeviceSn":"FCAA147DA9F9"}]
2016-08-09 17:02:36.872 DEBUG /api/Login:  参数:[{"Account":"1008","Password":"123456","EntryPoint":0,"DeviceType":1,"InTestMode":false,"CID":1,"IsLock":false,"StoreId":"1","MachineSn":"01","DeviceSn":"FCAA147DA9F9"}]
2016-08-09 17:02:37.354 DEBUG /api/ClearOrder:  参数:[{"StoreId":"1","MachineSn":"01","CID":1,"DeviceSn":"FCAA147DA9F9"}]
2016-08-09 17:02:37.478 DEBUG /api/HandBillNum:  参数:[{"OrderSn":null,"StoreId":"1","MachineSn":"01","CID":1,"DeviceSn":"FCAA147DA9F9"}]
2016-08-09 17:02:45.479 DEBUG /api/GetProductCategory:  参数:[{"StoreId":"1","MachineSn":"01","CID":1,"DeviceSn":"FCAA147DA9F9"}]
2016-08-09 17:02:49.080 DEBUG /api/GetProductStock:  参数:[50,1,{"CategorySns":[5],"Keyword":null,"Price":0.0,"StoreId":"1","MachineSn":"01","CID":1,"DeviceSn":"FCAA147DA9F9"}]
2016-08-09 17:02:49.577 DEBUG /api/GetProductStock:  参数:[50,2,{"CategorySns":[5],"Keyword":null,"Price":0.0,"StoreId":"1","MachineSn":"01","CID":1,"DeviceSn":"FCAA147DA9F9"}]
2016-08-09 17:02:52.407 DEBUG /api/SaleOrderAdd:  参数:[{"Barcode":"0102010073","Status":47,"StoreId":"1","MachineSn":"01","CID":1,"DeviceSn":"FCAA147DA9F9"}]
2016-08-09 17:03:07.402 DEBUG /api/PaysStatus:  参数:[{"StoreId":"1","MachineSn":null,"CID":1,"DeviceSn":"FCAA147DA9F9"}]
2016-08-09 17:03:09.575 DEBUG /api/Pay:  参数:[{"Mode":2,"Receivable":12.0,"OrderAmount":12.00,"Payway":[{"Type":2,"Amount":12.0,"Receive":12.0,"Change":0.0,"CardNo":null,"WipeZero":0.00}],"Reason":0,"OldOrderSn":"","SaleMan":null,"StoreId":"1","MachineSn":"01","CID":1,"DeviceSn":"FCAA147DA9F9"}]
2016-08-09 17:03:13.288 DEBUG /api/ClearOrder:  参数:[{"StoreId":"1","MachineSn":"01","CID":1,"DeviceSn":"FCAA147DA9F9"}]
2016-08-09 17:04:40.480 DEBUG /api/PaysStatus:  参数:[{"StoreId":"1","MachineSn":null,"CID":1,"DeviceSn":"FCAA147DA9F9"}]
2016-08-09 17:04:40.480 DEBUG /api/GetProductCategory:  参数:[{"StoreId":"1","MachineSn":"01","CID":1,"DeviceSn":"FCAA147DA9F9"}]
2016-08-09 17:06:50.675 DEBUG /api/Login:  参数:[{"Account":"1008","Password":"123456","EntryPoint":0,"DeviceType":1,"InTestMode":false,"CID":1,"IsLock":false,"StoreId":"1","MachineSn":"01","DeviceSn":"FCAA147DA9F9"}]
2016-08-09 17:06:51.166 DEBUG /api/ClearOrder:  参数:[{"StoreId":"1","MachineSn":"01","CID":1,"DeviceSn":"FCAA147DA9F9"}]
2016-08-09 17:06:51.296 DEBUG /api/HandBillNum:  参数:[{"OrderSn":null,"StoreId":"1","MachineSn":"01","CID":1,"DeviceSn":"FCAA147DA9F9"}]
2016-08-09 17:06:56.048 DEBUG /api/GetProductCategory:  参数:[{"StoreId":"1","MachineSn":"01","CID":1,"DeviceSn":"FCAA147DA9F9"}]
2016-08-09 17:07:41.520 DEBUG /api/GetProductStock:  参数:[50,1,{"CategorySns":[30],"Keyword":null,"Price":0.0,"StoreId":"1","MachineSn":"01","CID":1,"DeviceSn":"FCAA147DA9F9"}]
2016-08-09 17:07:41.955 DEBUG /api/GetProductStock:  参数:[50,2,{"CategorySns":[30],"Keyword":null,"Price":0.0,"StoreId":"1","MachineSn":"01","CID":1,"DeviceSn":"FCAA147DA9F9"}]
2016-08-09 17:07:47.777 DEBUG /api/SaleOrderAdd:  参数:[{"Barcode":"0102010073","Status":47,"StoreId":"1","MachineSn":"01","CID":1,"DeviceSn":"FCAA147DA9F9"}]
2016-08-09 17:07:50.067 DEBUG /api/PaysStatus:  参数:[{"StoreId":"1","MachineSn":null,"CID":1,"DeviceSn":"FCAA147DA9F9"}]
2016-08-09 17:07:56.941 DEBUG /api/Pay:  参数:[{"Mode":2,"Receivable":12.0,"OrderAmount":12.00,"Payway":[{"Type":2,"Amount":12.0,"Receive":12.0,"Change":0.0,"CardNo":null,"WipeZero":0.00}],"Reason":0,"OldOrderSn":"","SaleMan":null,"StoreId":"1","MachineSn":"01","CID":1,"DeviceSn":"FCAA147DA9F9"}]
2016-08-09 17:08:00.688 DEBUG /api/ClearOrder:  参数:[{"StoreId":"1","MachineSn":"01","CID":1,"DeviceSn":"FCAA147DA9F9"}]
2016-08-09 17:08:06.684 DEBUG /api/ClearOrder:  参数:[{"StoreId":"1","MachineSn":"01","CID":1,"DeviceSn":"FCAA147DA9F9"}]
