2016-08-03 11:32:33.188 DEBUG /api/Login:  参数:[{"Account":"1008","Password":"123456","EntryPoint":0,"DeviceType":1,"InTestMode":false,"CID":1,"IsLock":false,"StoreId":"16","MachineSn":"01","DeviceSn":"FCAA147DA9F9"}]
2016-08-03 11:32:36.044 DEBUG /api/ClearOrder:  参数:[{"StoreId":"16","MachineSn":"01","CID":1,"DeviceSn":"FCAA147DA9F9"}]
2016-08-03 11:32:36.173 DEBUG /api/HandBillNum:  参数:[{"OrderSn":null,"StoreId":"16","MachineSn":"01","CID":1,"DeviceSn":"FCAA147DA9F9"}]
2016-08-03 11:32:42.385 DEBUG /api/GetProductCategory:  参数:[{"StoreId":"16","MachineSn":"01","CID":1,"DeviceSn":"FCAA147DA9F9"}]
2016-08-03 11:32:45.962 DEBUG /api/GetProductStock:  参数:[50,1,{"CategorySns":[5],"Keyword":null,"Price":0.0,"StoreId":"16","MachineSn":"01","CID":1,"DeviceSn":"FCAA147DA9F9"}]
2016-08-03 11:32:46.426 DEBUG /api/GetProductStock:  参数:[50,2,{"CategorySns":[5],"Keyword":null,"Price":0.0,"StoreId":"16","MachineSn":"01","CID":1,"DeviceSn":"FCAA147DA9F9"}]
2016-08-03 11:32:49.277 DEBUG /api/SaleOrderAdd:  参数:[{"Barcode":"0102010074","Status":47,"StoreId":"16","MachineSn":"01","CID":1,"DeviceSn":"FCAA147DA9F9"}]
2016-08-03 11:32:54.392 DEBUG /api/SaleOrderEdit:  参数:[{"Barcode":"0102010074","Status":47,"Number":2.0,"SalePrice":102.0000,"HasEditPrice":false,"RecordId":"3c94f316-4a8e-4d15-bd64-553419bedacf","StoreId":"16","MachineSn":"01","CID":1,"DeviceSn":"FCAA147DA9F9"}]
2016-08-03 11:33:06.724 DEBUG /api/Authorization:  参数:[{"Password":"123456","StoreId":"16","MachineSn":"01","CID":1,"DeviceSn":"FCAA147DA9F9"}]
2016-08-03 11:33:06.816 DEBUG /api/PaysStatus:  参数:[{"StoreId":"16","MachineSn":null,"CID":1,"DeviceSn":"FCAA147DA9F9"}]
2016-08-03 11:33:11.263 DEBUG /api/Pay:  参数:[{"Mode":2,"Receivable":102.0,"OrderAmount":102.0,"Payway":[{"Type":2,"Amount":102.0,"Receive":102.0,"Change":0.0,"CardNo":null,"WipeZero":0.0}],"Reason":0,"OldOrderSn":"","StoreId":"16","MachineSn":"01","CID":1,"DeviceSn":"FCAA147DA9F9"}]
2016-08-03 11:33:14.747 DEBUG /api/ClearOrder:  参数:[{"StoreId":"16","MachineSn":"01","CID":1,"DeviceSn":"FCAA147DA9F9"}]
2016-08-03 11:33:30.575 DEBUG /api/DayReport:  参数:[{"Range":1,"Mode":0,"Date":"2016-08-03 11:33:27","StoreId":"16","MachineSn":"01","CID":1,"DeviceSn":"FCAA147DA9F9"}]
2016-08-03 11:34:01.709 DEBUG /api/FindBills:  参数:[{"Date":"2016-08-03 11:34:01","Range":0,"PaySn":null,"Cashier":"1008","QueryMachineSn":"01","StoreId":"16","MachineSn":"01","CID":1,"DeviceSn":"FCAA147DA9F9"}]
2016-08-03 11:34:03.746 DEBUG /api/FindBillHistory:  参数:[{"PaySn":"01201608030001","StoreId":"16","MachineSn":"01","CID":1,"DeviceSn":"FCAA147DA9F9"}]
2016-08-03 11:34:10.741 DEBUG /api/FindBillHistory:  参数:[{"PaySn":"01201608030002","StoreId":"16","MachineSn":"01","CID":1,"DeviceSn":"FCAA147DA9F9"}]
2016-08-03 11:34:15.989 DEBUG /api/FindBillHistory:  参数:[{"PaySn":"01201608030001","StoreId":"16","MachineSn":"01","CID":1,"DeviceSn":"FCAA147DA9F9"}]
2016-08-03 11:34:53.026 DEBUG /api/FindBillHistory:  参数:[{"PaySn":"01201608030001","StoreId":"16","MachineSn":"01","CID":1,"DeviceSn":"FCAA147DA9F9"}]
2016-08-03 11:34:57.754 DEBUG /api/FindBillHistory:  参数:[{"PaySn":"01201608030002","StoreId":"16","MachineSn":"01","CID":1,"DeviceSn":"FCAA147DA9F9"}]
2016-08-03 11:35:24.160 DEBUG /api/FindBillHistory:  参数:[{"PaySn":"01201608030001","StoreId":"16","MachineSn":"01","CID":1,"DeviceSn":"FCAA147DA9F9"}]
2016-08-03 11:35:32.884 DEBUG /api/FindBillHistory:  参数:[{"PaySn":"01201608030001","StoreId":"16","MachineSn":"01","CID":1,"DeviceSn":"FCAA147DA9F9"}]
2016-08-03 11:35:47.131 DEBUG /api/GetProductCategory:  参数:[{"StoreId":"16","MachineSn":"01","CID":1,"DeviceSn":"FCAA147DA9F9"}]
2016-08-03 11:35:51.148 DEBUG /api/GetProductStock:  参数:[50,1,{"CategorySns":[5],"Keyword":null,"Price":0.0,"StoreId":"16","MachineSn":"01","CID":1,"DeviceSn":"FCAA147DA9F9"}]
2016-08-03 11:35:51.506 DEBUG /api/GetProductStock:  参数:[50,2,{"CategorySns":[5],"Keyword":null,"Price":0.0,"StoreId":"16","MachineSn":"01","CID":1,"DeviceSn":"FCAA147DA9F9"}]
2016-08-03 11:35:54.832 DEBUG /api/SaleOrderAdd:  参数:[{"Barcode":"0102020005","Status":47,"StoreId":"16","MachineSn":"01","CID":1,"DeviceSn":"FCAA147DA9F9"}]
2016-08-03 11:36:02.744 DEBUG /api/Authorization:  参数:[{"Password":"123456","StoreId":"16","MachineSn":"01","CID":1,"DeviceSn":"FCAA147DA9F9"}]
2016-08-03 11:36:02.781 DEBUG /api/PaysStatus:  参数:[{"StoreId":"16","MachineSn":null,"CID":1,"DeviceSn":"FCAA147DA9F9"}]
2016-08-03 11:36:05.381 DEBUG /api/Pay:  参数:[{"Mode":2,"Receivable":18.0,"OrderAmount":18.00,"Payway":[{"Type":2,"Amount":18.0,"Receive":18.0,"Change":0.0,"CardNo":null,"WipeZero":0.00}],"Reason":0,"OldOrderSn":"","StoreId":"16","MachineSn":"01","CID":1,"DeviceSn":"FCAA147DA9F9"}]
2016-08-03 11:36:08.719 DEBUG /api/ClearOrder:  参数:[{"StoreId":"16","MachineSn":"01","CID":1,"DeviceSn":"FCAA147DA9F9"}]
2016-08-03 11:36:11.365 DEBUG /api/FindBills:  参数:[{"Date":"2016-08-03 11:36:11","Range":0,"PaySn":null,"Cashier":"1008","QueryMachineSn":"01","StoreId":"16","MachineSn":"01","CID":1,"DeviceSn":"FCAA147DA9F9"}]
2016-08-03 11:36:12.720 DEBUG /api/FindBills:  参数:[{"Date":"2016-08-03 11:36:11","Range":0,"PaySn":null,"Cashier":"1008","QueryMachineSn":"01","StoreId":"16","MachineSn":"01","CID":1,"DeviceSn":"FCAA147DA9F9"}]
2016-08-03 11:36:18.733 DEBUG /api/FindBillHistory:  参数:[{"PaySn":"01201608030002","StoreId":"16","MachineSn":"01","CID":1,"DeviceSn":"FCAA147DA9F9"}]
2016-08-03 11:36:23.926 DEBUG /api/FindBillHistory:  参数:[{"PaySn":"01201608030001","StoreId":"16","MachineSn":"01","CID":1,"DeviceSn":"FCAA147DA9F9"}]
2016-08-03 11:36:27.525 DEBUG /api/FindBillHistory:  参数:[{"PaySn":"01201608030001","StoreId":"16","MachineSn":"01","CID":1,"DeviceSn":"FCAA147DA9F9"}]
2016-08-03 11:36:32.920 DEBUG /api/GetProductCategory:  参数:[{"StoreId":"16","MachineSn":"01","CID":1,"DeviceSn":"FCAA147DA9F9"}]
2016-08-03 11:36:35.316 DEBUG /api/GetProductStock:  参数:[50,1,{"CategorySns":[14],"Keyword":null,"Price":0.0,"StoreId":"16","MachineSn":"01","CID":1,"DeviceSn":"FCAA147DA9F9"}]
2016-08-03 11:36:35.683 DEBUG /api/GetProductStock:  参数:[50,2,{"CategorySns":[14],"Keyword":null,"Price":0.0,"StoreId":"16","MachineSn":"01","CID":1,"DeviceSn":"FCAA147DA9F9"}]
2016-08-03 11:36:40.357 DEBUG /api/SaleOrderAdd:  参数:[{"Barcode":"0109010005","Status":47,"StoreId":"16","MachineSn":"01","CID":1,"DeviceSn":"FCAA147DA9F9"}]
2016-08-03 11:36:52.701 DEBUG /api/Authorization:  参数:[{"Password":"123456","StoreId":"16","MachineSn":"01","CID":1,"DeviceSn":"FCAA147DA9F9"}]
2016-08-03 11:36:52.731 DEBUG /api/PaysStatus:  参数:[{"StoreId":"16","MachineSn":null,"CID":1,"DeviceSn":"FCAA147DA9F9"}]
2016-08-03 11:36:56.269 DEBUG /api/Pay:  参数:[{"Mode":2,"Receivable":216.0,"OrderAmount":216.00,"Payway":[{"Type":2,"Amount":216.0,"Receive":216.0,"Change":0.0,"CardNo":null,"WipeZero":0.00}],"Reason":0,"OldOrderSn":"","StoreId":"16","MachineSn":"01","CID":1,"DeviceSn":"FCAA147DA9F9"}]
2016-08-03 11:36:58.832 DEBUG /api/ClearOrder:  参数:[{"StoreId":"16","MachineSn":"01","CID":1,"DeviceSn":"FCAA147DA9F9"}]
2016-08-03 11:37:00.470 DEBUG /api/FindBills:  参数:[{"Date":"2016-08-03 11:37:00","Range":0,"PaySn":null,"Cashier":"1008","QueryMachineSn":"01","StoreId":"16","MachineSn":"01","CID":1,"DeviceSn":"FCAA147DA9F9"}]
2016-08-03 11:37:02.246 DEBUG /api/FindBillHistory:  参数:[{"PaySn":"01201608030003","StoreId":"16","MachineSn":"01","CID":1,"DeviceSn":"FCAA147DA9F9"}]
2016-08-03 13:22:25.652 DEBUG /api/FindBillHistory:  参数:[{"PaySn":"01201608030001","StoreId":"16","MachineSn":"01","CID":1,"DeviceSn":"FCAA147DA9F9"}]
2016-08-03 13:22:35.005 DEBUG /api/FindBillHistory:  参数:[{"PaySn":"01201608030002","StoreId":"16","MachineSn":"01","CID":1,"DeviceSn":"FCAA147DA9F9"}]
2016-08-03 13:22:41.109 DEBUG /api/FindBillHistory:  参数:[{"PaySn":"01201608030001","StoreId":"16","MachineSn":"01","CID":1,"DeviceSn":"FCAA147DA9F9"}]
2016-08-03 13:23:12.473 DEBUG /api/ClearOrder:  参数:[{"StoreId":"16","MachineSn":"01","CID":1,"DeviceSn":"FCAA147DA9F9"}]
2016-08-03 16:16:31.308 DEBUG /api/Login:  参数:[{"Account":"1008","Password":"123456","EntryPoint":0,"DeviceType":1,"InTestMode":false,"CID":1,"IsLock":false,"StoreId":"16","MachineSn":"01","DeviceSn":"FCAA147DA9F9"}]
2016-08-03 16:16:33.924 DEBUG /api/ClearOrder:  参数:[{"StoreId":"16","MachineSn":"01","CID":1,"DeviceSn":"FCAA147DA9F9"}]
2016-08-03 16:16:34.021 DEBUG /api/HandBillNum:  参数:[{"OrderSn":null,"StoreId":"16","MachineSn":"01","CID":1,"DeviceSn":"FCAA147DA9F9"}]
2016-08-03 16:16:58.459 DEBUG /api/FindBills:  参数:[{"Date":"2016-08-03 16:16:58","Range":0,"PaySn":null,"Cashier":"1008","QueryMachineSn":"01","StoreId":"16","MachineSn":"01","CID":1,"DeviceSn":"FCAA147DA9F9"}]
2016-08-03 16:17:01.448 DEBUG /api/FindBillHistory:  参数:[{"PaySn":"01201608030003","StoreId":"16","MachineSn":"01","CID":1,"DeviceSn":"FCAA147DA9F9"}]
2016-08-03 16:24:04.539 DEBUG /api/PaysStatus:  参数:[{"StoreId":"16","MachineSn":null,"CID":1,"DeviceSn":"FCAA147DA9F9"}]
2016-08-03 16:24:04.539 DEBUG /api/GetProductCategory:  参数:[{"StoreId":"16","MachineSn":"01","CID":1,"DeviceSn":"FCAA147DA9F9"}]
2016-08-03 16:24:05.971 DEBUG /api/Login:  参数:[{"Account":"1008","Password":"123456","EntryPoint":0,"DeviceType":1,"InTestMode":false,"CID":1,"IsLock":false,"StoreId":"16","MachineSn":"01","DeviceSn":"FCAA147DA9F9"}]
2016-08-03 16:24:06.954 DEBUG /api/ClearOrder:  参数:[{"StoreId":"16","MachineSn":"01","CID":1,"DeviceSn":"FCAA147DA9F9"}]
2016-08-03 16:24:07.088 DEBUG /api/HandBillNum:  参数:[{"OrderSn":null,"StoreId":"16","MachineSn":"01","CID":1,"DeviceSn":"FCAA147DA9F9"}]
2016-08-03 16:24:26.406 DEBUG /api/GetProductCategory:  参数:[{"StoreId":"16","MachineSn":"01","CID":1,"DeviceSn":"FCAA147DA9F9"}]
2016-08-03 16:24:30.210 DEBUG /api/FindBills:  参数:[{"Date":"2016-08-03 16:24:30","Range":0,"PaySn":null,"Cashier":"1008","QueryMachineSn":"01","StoreId":"16","MachineSn":"01","CID":1,"DeviceSn":"FCAA147DA9F9"}]
2016-08-03 16:24:32.267 DEBUG /api/FindBillHistory:  参数:[{"PaySn":"01201608030003","StoreId":"16","MachineSn":"01","CID":1,"DeviceSn":"FCAA147DA9F9"}]
2016-08-03 16:26:21.522 DEBUG /api/FindBillHistory:  参数:[{"PaySn":"01201608030002","StoreId":"16","MachineSn":"01","CID":1,"DeviceSn":"FCAA147DA9F9"}]
2016-08-03 16:26:25.529 DEBUG /api/FindBillHistory:  参数:[{"PaySn":"01201608030001","StoreId":"16","MachineSn":"01","CID":1,"DeviceSn":"FCAA147DA9F9"}]
2016-08-03 16:26:29.426 DEBUG /api/FindBillHistory:  参数:[{"PaySn":"01201608030002","StoreId":"16","MachineSn":"01","CID":1,"DeviceSn":"FCAA147DA9F9"}]
2016-08-03 16:26:32.784 DEBUG /api/FindBillHistory:  参数:[{"PaySn":"01201608030001","StoreId":"16","MachineSn":"01","CID":1,"DeviceSn":"FCAA147DA9F9"}]
2016-08-03 16:26:41.470 DEBUG /api/GetProductCategory:  参数:[{"StoreId":"16","MachineSn":"01","CID":1,"DeviceSn":"FCAA147DA9F9"}]
2016-08-03 16:26:45.263 DEBUG /api/GetProductStock:  参数:[50,1,{"CategorySns":[5],"Keyword":null,"Price":0.0,"StoreId":"16","MachineSn":"01","CID":1,"DeviceSn":"FCAA147DA9F9"}]
2016-08-03 16:26:45.645 DEBUG /api/GetProductStock:  参数:[50,2,{"CategorySns":[5],"Keyword":null,"Price":0.0,"StoreId":"16","MachineSn":"01","CID":1,"DeviceSn":"FCAA147DA9F9"}]
2016-08-03 16:26:49.855 DEBUG /api/SaleOrderAdd:  参数:[{"Barcode":"0102010074","Status":47,"StoreId":"16","MachineSn":"01","CID":1,"DeviceSn":"FCAA147DA9F9"}]
2016-08-03 16:26:57.252 DEBUG /api/SaleOrderEdit:  参数:[{"Barcode":"0102010074","Status":47,"Number":1.0,"SalePrice":91.80000,"HasEditPrice":false,"RecordId":"b792af01-8c9c-4a56-baa5-5d37b89bb2e1","StoreId":"16","MachineSn":"01","CID":1,"DeviceSn":"FCAA147DA9F9"}]
2016-08-03 16:27:01.338 DEBUG /api/PaysStatus:  参数:[{"StoreId":"16","MachineSn":null,"CID":1,"DeviceSn":"FCAA147DA9F9"}]
2016-08-03 16:27:03.750 DEBUG /api/Pay:  参数:[{"Mode":2,"Receivable":91.8,"OrderAmount":91.80,"Payway":[{"Type":2,"Amount":91.8,"Receive":91.8,"Change":0.0,"CardNo":null,"WipeZero":0.00}],"Reason":0,"OldOrderSn":"","StoreId":"16","MachineSn":"01","CID":1,"DeviceSn":"FCAA147DA9F9"}]
2016-08-03 16:27:07.293 DEBUG /api/ClearOrder:  参数:[{"StoreId":"16","MachineSn":"01","CID":1,"DeviceSn":"FCAA147DA9F9"}]
2016-08-03 16:27:09.808 DEBUG /api/FindBills:  参数:[{"Date":"2016-08-03 16:27:09","Range":0,"PaySn":null,"Cashier":"1008","QueryMachineSn":"01","StoreId":"16","MachineSn":"01","CID":1,"DeviceSn":"FCAA147DA9F9"}]
2016-08-03 16:27:11.694 DEBUG /api/FindBillHistory:  参数:[{"PaySn":"01201608030004","StoreId":"16","MachineSn":"01","CID":1,"DeviceSn":"FCAA147DA9F9"}]
2016-08-03 16:27:41.531 DEBUG /api/FindBillHistory:  参数:[{"PaySn":"01201608030004","StoreId":"16","MachineSn":"01","CID":1,"DeviceSn":"FCAA147DA9F9"}]
2016-08-03 16:29:18.357 DEBUG /api/GetProductCategory:  参数:[{"StoreId":"16","MachineSn":"01","CID":1,"DeviceSn":"FCAA147DA9F9"}]
2016-08-03 16:29:18.358 DEBUG /api/PaysStatus:  参数:[{"StoreId":"16","MachineSn":null,"CID":1,"DeviceSn":"FCAA147DA9F9"}]
2016-08-03 16:29:27.476 DEBUG /api/Login:  参数:[{"Account":"1008","Password":"123456","EntryPoint":0,"DeviceType":1,"InTestMode":false,"CID":1,"IsLock":false,"StoreId":"16","MachineSn":"01","DeviceSn":"FCAA147DA9F9"}]
2016-08-03 16:29:27.552 DEBUG /api/ClearOrder:  参数:[{"StoreId":"16","MachineSn":"01","CID":1,"DeviceSn":"FCAA147DA9F9"}]
2016-08-03 16:29:27.678 DEBUG /api/HandBillNum:  参数:[{"OrderSn":null,"StoreId":"16","MachineSn":"01","CID":1,"DeviceSn":"FCAA147DA9F9"}]
2016-08-03 16:29:33.284 DEBUG /api/FindBills:  参数:[{"Date":"2016-08-03 16:29:33","Range":0,"PaySn":null,"Cashier":"1008","QueryMachineSn":"01","StoreId":"16","MachineSn":"01","CID":1,"DeviceSn":"FCAA147DA9F9"}]
2016-08-03 16:29:35.537 DEBUG /api/FindBillHistory:  参数:[{"PaySn":"01201608030004","StoreId":"16","MachineSn":"01","CID":1,"DeviceSn":"FCAA147DA9F9"}]
2016-08-03 16:29:49.988 DEBUG /api/FindBillHistory:  参数:[{"PaySn":"01201608030003","StoreId":"16","MachineSn":"01","CID":1,"DeviceSn":"FCAA147DA9F9"}]
2016-08-03 16:29:56.237 DEBUG /api/FindBillHistory:  参数:[{"PaySn":"01201608030002","StoreId":"16","MachineSn":"01","CID":1,"DeviceSn":"FCAA147DA9F9"}]
2016-08-03 16:29:58.657 DEBUG /api/FindBillHistory:  参数:[{"PaySn":"01201608030004","StoreId":"16","MachineSn":"01","CID":1,"DeviceSn":"FCAA147DA9F9"}]
2016-08-03 16:31:55.713 DEBUG /api/Login:  参数:[{"Account":"1008","Password":"123456","EntryPoint":0,"DeviceType":1,"InTestMode":false,"CID":1,"IsLock":false,"StoreId":"16","MachineSn":"01","DeviceSn":"FCAA147DA9F9"}]
2016-08-03 16:31:58.447 DEBUG /api/ClearOrder:  参数:[{"StoreId":"16","MachineSn":"01","CID":1,"DeviceSn":"FCAA147DA9F9"}]
2016-08-03 16:31:58.608 DEBUG /api/HandBillNum:  参数:[{"OrderSn":null,"StoreId":"16","MachineSn":"01","CID":1,"DeviceSn":"FCAA147DA9F9"}]
2016-08-03 16:32:00.551 DEBUG /api/FindBills:  参数:[{"Date":"2016-08-03 16:32:00","Range":0,"PaySn":null,"Cashier":"1008","QueryMachineSn":"01","StoreId":"16","MachineSn":"01","CID":1,"DeviceSn":"FCAA147DA9F9"}]
2016-08-03 16:32:02.455 DEBUG /api/FindBillHistory:  参数:[{"PaySn":"01201608030004","StoreId":"16","MachineSn":"01","CID":1,"DeviceSn":"FCAA147DA9F9"}]
2016-08-03 16:32:10.986 DEBUG /api/FindBillHistory:  参数:[{"PaySn":"01201608030003","StoreId":"16","MachineSn":"01","CID":1,"DeviceSn":"FCAA147DA9F9"}]
2016-08-03 16:32:16.558 DEBUG /api/GetProductCategory:  参数:[{"StoreId":"16","MachineSn":"01","CID":1,"DeviceSn":"FCAA147DA9F9"}]
2016-08-03 16:32:20.169 DEBUG /api/GetProductStock:  参数:[50,1,{"CategorySns":[1],"Keyword":null,"Price":0.0,"StoreId":"16","MachineSn":"01","CID":1,"DeviceSn":"FCAA147DA9F9"}]
2016-08-03 16:32:21.474 DEBUG /api/GetProductStock:  参数:[50,2,{"CategorySns":[1],"Keyword":null,"Price":0.0,"StoreId":"16","MachineSn":"01","CID":1,"DeviceSn":"FCAA147DA9F9"}]
2016-08-03 16:32:22.768 DEBUG /api/GetProductStock:  参数:[50,3,{"CategorySns":[1],"Keyword":null,"Price":0.0,"StoreId":"16","MachineSn":"01","CID":1,"DeviceSn":"FCAA147DA9F9"}]
2016-08-03 16:32:24.047 DEBUG /api/GetProductStock:  参数:[50,4,{"CategorySns":[1],"Keyword":null,"Price":0.0,"StoreId":"16","MachineSn":"01","CID":1,"DeviceSn":"FCAA147DA9F9"}]
2016-08-03 16:32:25.287 DEBUG /api/GetProductStock:  参数:[50,5,{"CategorySns":[1],"Keyword":null,"Price":0.0,"StoreId":"16","MachineSn":"01","CID":1,"DeviceSn":"FCAA147DA9F9"}]
2016-08-03 16:32:26.550 DEBUG /api/GetProductStock:  参数:[50,6,{"CategorySns":[1],"Keyword":null,"Price":0.0,"StoreId":"16","MachineSn":"01","CID":1,"DeviceSn":"FCAA147DA9F9"}]
2016-08-03 16:32:27.816 DEBUG /api/GetProductStock:  参数:[50,7,{"CategorySns":[1],"Keyword":null,"Price":0.0,"StoreId":"16","MachineSn":"01","CID":1,"DeviceSn":"FCAA147DA9F9"}]
2016-08-03 16:32:29.072 DEBUG /api/GetProductStock:  参数:[50,8,{"CategorySns":[1],"Keyword":null,"Price":0.0,"StoreId":"16","MachineSn":"01","CID":1,"DeviceSn":"FCAA147DA9F9"}]
2016-08-03 16:32:29.287 DEBUG /api/GetProductCategory:  参数:[{"StoreId":"16","MachineSn":"01","CID":1,"DeviceSn":"FCAA147DA9F9"}]
2016-08-03 16:32:30.379 DEBUG /api/GetProductStock:  参数:[50,9,{"CategorySns":[1],"Keyword":null,"Price":0.0,"StoreId":"16","MachineSn":"01","CID":1,"DeviceSn":"FCAA147DA9F9"}]
2016-08-03 16:32:31.524 DEBUG /api/GetProductStock:  参数:[50,1,{"CategorySns":[1],"Keyword":null,"Price":0.0,"StoreId":"16","MachineSn":"01","CID":1,"DeviceSn":"FCAA147DA9F9"}]
2016-08-03 16:32:31.637 DEBUG /api/GetProductStock:  参数:[50,10,{"CategorySns":[1],"Keyword":null,"Price":0.0,"StoreId":"16","MachineSn":"01","CID":1,"DeviceSn":"FCAA147DA9F9"}]
2016-08-03 16:32:33.482 DEBUG /api/GetProductStock:  参数:[50,2,{"CategorySns":[1],"Keyword":null,"Price":0.0,"StoreId":"16","MachineSn":"01","CID":1,"DeviceSn":"FCAA147DA9F9"}]
2016-08-03 16:32:34.150 DEBUG /api/GetProductStock:  参数:[50,1,{"CategorySns":[4],"Keyword":null,"Price":0.0,"StoreId":"16","MachineSn":"01","CID":1,"DeviceSn":"FCAA147DA9F9"}]
2016-08-03 16:32:34.150 DEBUG /api/GetProductStock:  参数:[50,11,{"CategorySns":[1],"Keyword":null,"Price":0.0,"StoreId":"16","MachineSn":"01","CID":1,"DeviceSn":"FCAA147DA9F9"}]
2016-08-03 16:32:35.684 DEBUG /api/GetProductStock:  参数:[50,2,{"CategorySns":[4],"Keyword":null,"Price":0.0,"StoreId":"16","MachineSn":"01","CID":1,"DeviceSn":"FCAA147DA9F9"}]
2016-08-03 16:32:36.727 DEBUG /api/GetProductStock:  参数:[50,3,{"CategorySns":[4],"Keyword":null,"Price":0.0,"StoreId":"16","MachineSn":"01","CID":1,"DeviceSn":"FCAA147DA9F9"}]
2016-08-03 16:32:37.416 DEBUG /api/GetProductStock:  参数:[50,12,{"CategorySns":[1],"Keyword":null,"Price":0.0,"StoreId":"16","MachineSn":"01","CID":1,"DeviceSn":"FCAA147DA9F9"}]
2016-08-03 16:32:38.694 DEBUG /api/SaleOrderAdd:  参数:[{"Barcode":"0101041043","Status":49,"StoreId":"16","MachineSn":"01","CID":1,"DeviceSn":"FCAA147DA9F9"}]
2016-08-03 16:32:38.930 DEBUG /api/GetProductStock:  参数:[50,13,{"CategorySns":[1],"Keyword":null,"Price":0.0,"StoreId":"16","MachineSn":"01","CID":1,"DeviceSn":"FCAA147DA9F9"}]
2016-08-03 16:32:40.217 DEBUG /api/GetProductStock:  参数:[50,14,{"CategorySns":[1],"Keyword":null,"Price":0.0,"StoreId":"16","MachineSn":"01","CID":1,"DeviceSn":"FCAA147DA9F9"}]
2016-08-03 16:32:41.099 DEBUG /api/PaysStatus:  参数:[{"StoreId":"16","MachineSn":null,"CID":1,"DeviceSn":"FCAA147DA9F9"}]
2016-08-03 16:32:41.544 DEBUG /api/GetProductStock:  参数:[50,15,{"CategorySns":[1],"Keyword":null,"Price":0.0,"StoreId":"16","MachineSn":"01","CID":1,"DeviceSn":"FCAA147DA9F9"}]
2016-08-03 16:32:42.858 DEBUG /api/GetProductStock:  参数:[50,16,{"CategorySns":[1],"Keyword":null,"Price":0.0,"StoreId":"16","MachineSn":"01","CID":1,"DeviceSn":"FCAA147DA9F9"}]
2016-08-03 16:32:44.173 DEBUG /api/GetProductStock:  参数:[50,17,{"CategorySns":[1],"Keyword":null,"Price":0.0,"StoreId":"16","MachineSn":"01","CID":1,"DeviceSn":"FCAA147DA9F9"}]
2016-08-03 16:32:45.504 DEBUG /api/GetProductStock:  参数:[50,18,{"CategorySns":[1],"Keyword":null,"Price":0.0,"StoreId":"16","MachineSn":"01","CID":1,"DeviceSn":"FCAA147DA9F9"}]
2016-08-03 16:32:46.749 DEBUG /api/GetProductStock:  参数:[50,19,{"CategorySns":[1],"Keyword":null,"Price":0.0,"StoreId":"16","MachineSn":"01","CID":1,"DeviceSn":"FCAA147DA9F9"}]
2016-08-03 16:32:47.531 DEBUG /api/Pay:  参数:[{"Mode":2,"Receivable":0.0,"OrderAmount":0.0,"Payway":[{"Type":2,"Amount":0.0,"Receive":0.0,"Change":0.0,"CardNo":null,"WipeZero":0.0}],"Reason":0,"OldOrderSn":"","StoreId":"16","MachineSn":"01","CID":1,"DeviceSn":"FCAA147DA9F9"}]
2016-08-03 16:32:48.032 DEBUG /api/GetProductStock:  参数:[50,20,{"CategorySns":[1],"Keyword":null,"Price":0.0,"StoreId":"16","MachineSn":"01","CID":1,"DeviceSn":"FCAA147DA9F9"}]
2016-08-03 16:32:49.322 DEBUG /api/GetProductStock:  参数:[50,21,{"CategorySns":[1],"Keyword":null,"Price":0.0,"StoreId":"16","MachineSn":"01","CID":1,"DeviceSn":"FCAA147DA9F9"}]
2016-08-03 16:32:50.495 DEBUG /api/ClearOrder:  参数:[{"StoreId":"16","MachineSn":"01","CID":1,"DeviceSn":"FCAA147DA9F9"}]
2016-08-03 16:32:50.620 DEBUG /api/GetProductStock:  参数:[50,22,{"CategorySns":[1],"Keyword":null,"Price":0.0,"StoreId":"16","MachineSn":"01","CID":1,"DeviceSn":"FCAA147DA9F9"}]
2016-08-03 16:32:51.910 DEBUG /api/GetProductStock:  参数:[50,23,{"CategorySns":[1],"Keyword":null,"Price":0.0,"StoreId":"16","MachineSn":"01","CID":1,"DeviceSn":"FCAA147DA9F9"}]
2016-08-03 16:32:52.261 DEBUG /api/FindBills:  参数:[{"Date":"2016-08-03 16:32:52","Range":0,"PaySn":null,"Cashier":"1008","QueryMachineSn":"01","StoreId":"16","MachineSn":"01","CID":1,"DeviceSn":"FCAA147DA9F9"}]
2016-08-03 16:32:53.158 DEBUG /api/GetProductStock:  参数:[50,24,{"CategorySns":[1],"Keyword":null,"Price":0.0,"StoreId":"16","MachineSn":"01","CID":1,"DeviceSn":"FCAA147DA9F9"}]
2016-08-03 16:32:53.554 DEBUG /api/FindBillHistory:  参数:[{"PaySn":"01201608030005","StoreId":"16","MachineSn":"01","CID":1,"DeviceSn":"FCAA147DA9F9"}]
2016-08-03 16:32:54.445 DEBUG /api/GetProductStock:  参数:[50,25,{"CategorySns":[1],"Keyword":null,"Price":0.0,"StoreId":"16","MachineSn":"01","CID":1,"DeviceSn":"FCAA147DA9F9"}]
2016-08-03 16:32:55.730 DEBUG /api/GetProductStock:  参数:[50,26,{"CategorySns":[1],"Keyword":null,"Price":0.0,"StoreId":"16","MachineSn":"01","CID":1,"DeviceSn":"FCAA147DA9F9"}]
2016-08-03 16:32:56.995 DEBUG /api/GetProductStock:  参数:[50,27,{"CategorySns":[1],"Keyword":null,"Price":0.0,"StoreId":"16","MachineSn":"01","CID":1,"DeviceSn":"FCAA147DA9F9"}]
2016-08-03 16:32:58.263 DEBUG /api/GetProductStock:  参数:[50,28,{"CategorySns":[1],"Keyword":null,"Price":0.0,"StoreId":"16","MachineSn":"01","CID":1,"DeviceSn":"FCAA147DA9F9"}]
2016-08-03 16:32:59.559 DEBUG /api/GetProductStock:  参数:[50,29,{"CategorySns":[1],"Keyword":null,"Price":0.0,"StoreId":"16","MachineSn":"01","CID":1,"DeviceSn":"FCAA147DA9F9"}]
2016-08-03 16:33:00.813 DEBUG /api/GetProductStock:  参数:[50,30,{"CategorySns":[1],"Keyword":null,"Price":0.0,"StoreId":"16","MachineSn":"01","CID":1,"DeviceSn":"FCAA147DA9F9"}]
2016-08-03 16:33:01.184 DEBUG /api/FindBillHistory:  参数:[{"PaySn":"01201608030002","StoreId":"16","MachineSn":"01","CID":1,"DeviceSn":"FCAA147DA9F9"}]
2016-08-03 16:33:02.206 DEBUG /api/GetProductStock:  参数:[50,31,{"CategorySns":[1],"Keyword":null,"Price":0.0,"StoreId":"16","MachineSn":"01","CID":1,"DeviceSn":"FCAA147DA9F9"}]
2016-08-03 16:33:03.581 DEBUG /api/GetProductStock:  参数:[50,32,{"CategorySns":[1],"Keyword":null,"Price":0.0,"StoreId":"16","MachineSn":"01","CID":1,"DeviceSn":"FCAA147DA9F9"}]
2016-08-03 16:33:04.879 DEBUG /api/GetProductStock:  参数:[50,33,{"CategorySns":[1],"Keyword":null,"Price":0.0,"StoreId":"16","MachineSn":"01","CID":1,"DeviceSn":"FCAA147DA9F9"}]
2016-08-03 16:33:06.141 DEBUG /api/GetProductStock:  参数:[50,34,{"CategorySns":[1],"Keyword":null,"Price":0.0,"StoreId":"16","MachineSn":"01","CID":1,"DeviceSn":"FCAA147DA9F9"}]
2016-08-03 16:33:07.007 DEBUG /api/ClearOrder:  参数:[{"StoreId":"16","MachineSn":"01","CID":1,"DeviceSn":"FCAA147DA9F9"}]
