2016-09-08 17:33:32.770 DEBUG /api/Login:  参数:[{"Account":"1008","Password":"123456","EntryPoint":0,"DeviceType":1,"InTestMode":false,"CID":1,"IsLock":false,"StoreId":"17","MachineSn":"01","DeviceSn":"FCAA147DA9F9"}]
2016-09-08 17:33:35.420 DEBUG /api/Login: 设备尚未注册或未授权！
2016-09-08 17:33:59.764 DEBUG /api/GetStoreName:  参数:[{"StoreId":"16","MachineSn":"01","CID":1,"DeviceSn":"FCAA147DA9F9"}]
2016-09-08 17:33:59.880 DEBUG /api/RegisterDevice:  参数:[{"Type":1,"StoreId":"16","MachineSn":"01","CID":1,"DeviceSn":"FCAA147DA9F9"}]
2016-09-08 17:34:12.539 DEBUG /api/RegisterDevice:  参数:[{"Type":1,"StoreId":"16","MachineSn":"01","CID":1,"DeviceSn":"FCAA147DA9F9"}]
2016-09-08 17:34:15.721 DEBUG /api/Login:  参数:[{"Account":"1008","Password":"123456","EntryPoint":0,"DeviceType":1,"InTestMode":false,"CID":1,"IsLock":false,"StoreId":"16","MachineSn":"01","DeviceSn":"FCAA147DA9F9"}]
2016-09-08 17:34:15.856 DEBUG /api/Login: 设备尚未注册或未授权！
2016-09-08 17:34:49.253 DEBUG /api/Login:  参数:[{"Account":"1008","Password":"123456","EntryPoint":0,"DeviceType":1,"InTestMode":false,"CID":1,"IsLock":false,"StoreId":"16","MachineSn":"01","DeviceSn":"FCAA147DA9F9"}]
2016-09-08 17:34:49.719 DEBUG /api/ClearOrder:  参数:[{"StoreId":"16","MachineSn":"01","CID":1,"DeviceSn":"FCAA147DA9F9"}]
2016-09-08 17:34:50.227 DEBUG /api/HandBillNum:  参数:[{"OrderSn":null,"StoreId":"16","MachineSn":"01","CID":1,"DeviceSn":"FCAA147DA9F9"}]
2016-09-08 17:35:09.958 DEBUG /api/SetMember:  参数:[{"To":0,"Phone":"13906683854","ActivityId":null,"CardNo":null,"StoreId":"16","MachineSn":"01","CID":1,"DeviceSn":"FCAA147DA9F9"}]
2016-09-08 17:35:12.091 DEBUG /api/SetMember:  参数:[{"To":0,"Phone":"13906683854","ActivityId":null,"CardNo":null,"StoreId":"16","MachineSn":"01","CID":1,"DeviceSn":"FCAA147DA9F9"}]
2016-09-08 17:35:12.359 DEBUG /api/SetMember:  参数:[{"To":0,"Phone":"13906683854","ActivityId":null,"CardNo":null,"StoreId":"16","MachineSn":"01","CID":1,"DeviceSn":"FCAA147DA9F9"}]
2016-09-08 17:35:14.197 DEBUG /api/GetProductCategory:  参数:[{"StoreId":"16","MachineSn":"01","CID":1,"DeviceSn":"FCAA147DA9F9"}]
2016-09-08 17:35:17.703 DEBUG /api/GetProductStock:  参数:[50,1,{"CategorySns":[27],"Keyword":null,"Price":0.0,"StoreId":"16","MachineSn":"01","CID":1,"DeviceSn":"FCAA147DA9F9"}]
2016-09-08 17:35:19.094 DEBUG /api/SaleOrderAdd:  参数:[{"Barcode":"0101041027","Status":47,"StoreId":"16","MachineSn":"01","CID":1,"DeviceSn":"FCAA147DA9F9"}]
2016-09-08 17:35:19.834 DEBUG /api/SaleOrderAdd:  参数:[{"Barcode":"0101041043","Status":47,"StoreId":"16","MachineSn":"01","CID":1,"DeviceSn":"FCAA147DA9F9"}]
2016-09-08 17:35:19.894 DEBUG /api/SaleOrderAdd:  参数:[{"Barcode":"0101041054","Status":47,"StoreId":"16","MachineSn":"01","CID":1,"DeviceSn":"FCAA147DA9F9"}]
2016-09-08 17:35:25.911 DEBUG /api/Pay:  参数:[{"Mode":2,"Receivable":5580.0,"OrderAmount":5580.00,"Payway":[{"Type":2,"Amount":5580.0,"Receive":5580.0,"Change":0.0,"CardNo":null,"WipeZero":0.00}],"Reason":0,"OldOrderSn":"","SaleMan":null,"StoreId":"16","MachineSn":"01","CID":1,"DeviceSn":"FCAA147DA9F9"}]
2016-09-08 17:35:29.589 DEBUG /api/ClearOrder:  参数:[{"StoreId":"16","MachineSn":"01","CID":1,"DeviceSn":"FCAA147DA9F9"}]
2016-09-08 17:35:52.141 DEBUG /api/SetMember:  参数:[{"To":0,"Phone":"13906683854","ActivityId":null,"CardNo":null,"StoreId":"16","MachineSn":"01","CID":1,"DeviceSn":"FCAA147DA9F9"}]
2016-09-08 17:35:54.124 DEBUG /api/GetProductCategory:  参数:[{"StoreId":"16","MachineSn":"01","CID":1,"DeviceSn":"FCAA147DA9F9"}]
2016-09-08 17:35:56.794 DEBUG /api/GetProductStock:  参数:[50,1,{"CategorySns":[27],"Keyword":null,"Price":0.0,"StoreId":"16","MachineSn":"01","CID":1,"DeviceSn":"FCAA147DA9F9"}]
2016-09-08 17:35:57.754 DEBUG /api/SaleOrderAdd:  参数:[{"Barcode":"0101041027","Status":47,"StoreId":"16","MachineSn":"01","CID":1,"DeviceSn":"FCAA147DA9F9"}]
2016-09-08 17:35:58.107 DEBUG /api/SaleOrderAdd:  参数:[{"Barcode":"0101041043","Status":47,"StoreId":"16","MachineSn":"01","CID":1,"DeviceSn":"FCAA147DA9F9"}]
2016-09-08 17:35:58.777 DEBUG /api/SaleOrderAdd:  参数:[{"Barcode":"0101041054","Status":47,"StoreId":"16","MachineSn":"01","CID":1,"DeviceSn":"FCAA147DA9F9"}]
2016-09-08 17:35:59.650 DEBUG /api/SaleOrderAdd:  参数:[{"Barcode":"0101041054","Status":47,"StoreId":"16","MachineSn":"01","CID":1,"DeviceSn":"FCAA147DA9F9"}]
2016-09-08 17:36:00.487 DEBUG /api/SaleOrderAdd:  参数:[{"Barcode":"0101041054","Status":47,"StoreId":"16","MachineSn":"01","CID":1,"DeviceSn":"FCAA147DA9F9"}]
2016-09-08 17:36:01.300 DEBUG /api/SaleOrderAdd:  参数:[{"Barcode":"0101041054","Status":47,"StoreId":"16","MachineSn":"01","CID":1,"DeviceSn":"FCAA147DA9F9"}]
2016-09-08 17:36:05.861 DEBUG /api/Pay:  参数:[{"Mode":2,"Receivable":13330.0,"OrderAmount":13330.0,"Payway":[{"Type":2,"Amount":13330.0,"Receive":13330.0,"Change":0.0,"CardNo":null,"WipeZero":0.0}],"Reason":0,"OldOrderSn":"","SaleMan":null,"StoreId":"16","MachineSn":"01","CID":1,"DeviceSn":"FCAA147DA9F9"}]
2016-09-08 17:37:49.653 DEBUG /api/ClearOrder:  参数:[{"StoreId":"16","MachineSn":"01","CID":1,"DeviceSn":"FCAA147DA9F9"}]
