2017-03-09 09:41:55.729 DEBUG /api/mobile/TradeNotify:  参数:[{"charset":"utf-8","device_id":"123456","mch_id":"6","method":"qct.trade.notify.pay","out_trade_no":"P1000320170308000001","pay_channel":"WX","pay_status":"PAYSUCCESS","receipt_amount":"0.01","sign":"7FAACA995C4EA950442BAED713F44560","sign_type":"MD5","store_id":"10003","trade_date":"2017-03-08 10:52:21","version":"1.0"}]
2017-03-09 09:42:19.284 DEBUG /api/mobile/TradeNotify: 远程服务器返回错误: (400) 错误的请求。
2017-03-09 09:47:28.239 DEBUG /api/mobile/TradeNotify:  参数:[{"charset":"utf-8","device_id":"123456","mch_id":"6","method":"qct.trade.notify.pay","out_trade_no":"P1000320170308000001","pay_channel":"WX","pay_status":"PAYSUCCESS","receipt_amount":"0.01","sign":"7FAACA995C4EA950442BAED713F44560","sign_type":"MD5","store_id":"10003","trade_date":"2017-03-08 10:52:21","version":"1.0"}]
2017-03-09 09:50:53.135 DEBUG /api/mobile/TradeNotify:  参数:[{"charset":"utf-8","device_id":"123456","mch_id":"6","method":"qct.trade.notify.pay","out_trade_no":"P1000320170308000001","pay_channel":"WX","pay_status":"PAYSUCCESS","receipt_amount":"0.01","sign":"7FAACA995C4EA950442BAED713F44560","sign_type":"MD5","store_id":"10003","trade_date":"2017-03-08 10:52:21","version":"1.0"}]
2017-03-09 09:50:59.940 DEBUG /api/mobile/TradeNotify: 必须使用适当的属性或方法修改“Accept”标头。
参数名: name
2017-03-09 09:54:27.288 DEBUG /api/mobile/TradeNotify:  参数:[{"charset":"utf-8","device_id":"123456","mch_id":"6","method":"qct.trade.notify.pay","out_trade_no":"P1000320170308000001","pay_channel":"WX","pay_status":"PAYSUCCESS","receipt_amount":"0.01","sign":"7FAACA995C4EA950442BAED713F44560","sign_type":"MD5","store_id":"10003","trade_date":"2017-03-08 10:52:21","version":"1.0"}]
2017-03-09 09:54:37.722 DEBUG /api/mobile/TradeNotify: 远程服务器返回错误: (400) 错误的请求。
2017-03-09 09:59:44.765 DEBUG /api/mobile/TradeNotify:  参数:[{"charset":"utf-8","device_id":"123456","mch_id":"6","method":"qct.trade.notify.pay","out_trade_no":"P1000320170308000001","pay_channel":"WX","pay_status":"PAYSUCCESS","receipt_amount":"0.01","sign":"7FAACA995C4EA950442BAED713F44560","sign_type":"MD5","store_id":"10003","trade_date":"2017-03-08 10:52:21","version":"1.0"}]
2017-03-09 09:59:50.971 DEBUG /api/mobile/TradeNotify: 远程服务器返回错误: (400) 错误的请求。
2017-03-09 10:02:53.483 DEBUG /api/mobile/TradeNotify:  参数:[{"charset":"utf-8","device_id":"123456","mch_id":"6","method":"qct.trade.notify.pay","out_trade_no":"P1000320170308000001","pay_channel":"WX","pay_status":"PAYSUCCESS","receipt_amount":"0.01","sign":"7FAACA995C4EA950442BAED713F44560","sign_type":"MD5","store_id":"10003","trade_date":"2017-03-08 10:52:21","version":"1.0"}]
2017-03-09 10:02:58.003 DEBUG /api/mobile/TradeNotify: 远程服务器返回错误: (400) 错误的请求。
2017-03-09 10:04:42.658 DEBUG /api/mobile/TradeNotify:  参数:[{"charset":"utf-8","device_id":"123456","mch_id":"6","method":"qct.trade.notify.pay","out_trade_no":"P1000320170308000001","pay_channel":"WX","pay_status":"PAYSUCCESS","receipt_amount":"0.01","sign":"7FAACA995C4EA950442BAED713F44560","sign_type":"MD5","store_id":"10003","trade_date":"2017-03-08 10:52:21","version":"1.0"}]
2017-03-09 10:04:47.326 DEBUG /api/mobile/TradeNotify: 远程服务器返回错误: (400) 错误的请求。
2017-03-09 10:10:04.101 DEBUG /api/mobile/TradeNotify:  参数:[{"charset":"utf-8","device_id":"123456","mch_id":"6","method":"qct.trade.notify.pay","out_trade_no":"P1000320170308000001","pay_channel":"WX","pay_status":"PAYSUCCESS","receipt_amount":"0.01","sign":"7FAACA995C4EA950442BAED713F44560","sign_type":"MD5","store_id":"10003","trade_date":"2017-03-08 10:52:21","version":"1.0"}]
2017-03-09 10:11:01.246 DEBUG /api/mobile/TradeNotify: Error reading string. Unexpected token: StartObject. Path '', line 1, position 1.
2017-03-09 10:11:05.890 DEBUG /api/mobile/TradeNotify:  参数:[{"charset":"utf-8","device_id":"123456","mch_id":"6","method":"qct.trade.notify.pay","out_trade_no":"P1000320170308000001","pay_channel":"WX","pay_status":"PAYSUCCESS","receipt_amount":"0.01","sign":"7FAACA995C4EA950442BAED713F44560","sign_type":"MD5","store_id":"10003","trade_date":"2017-03-08 10:52:21","version":"1.0"}]
2017-03-09 10:11:09.685 DEBUG /api/mobile/TradeNotify: Error reading string. Unexpected token: StartObject. Path '', line 1, position 1.
2017-03-09 10:11:17.075 DEBUG /api/mobile/TradeNotify:  参数:[{"charset":"utf-8","device_id":"123456","mch_id":"6","method":"qct.trade.notify.pay","out_trade_no":"P1000320170308000001","pay_channel":"WX","pay_status":"PAYSUCCESS","receipt_amount":"0.01","sign":"7FAACA995C4EA950442BAED713F44560","sign_type":"MD5","store_id":"10003","trade_date":"2017-03-08 10:52:21","version":"1.0"}]
2017-03-09 10:13:27.115 DEBUG /api/mobile/TradeNotify:  参数:[{"charset":"utf-8","device_id":"123456","mch_id":"6","method":"qct.trade.notify.pay","out_trade_no":"P1000320170308000001","pay_channel":"WX","pay_status":"PAYSUCCESS","receipt_amount":"0.01","sign":"7FAACA995C4EA950442BAED713F44560","sign_type":"MD5","store_id":"10003","trade_date":"2017-03-08 10:52:21","version":"1.0"}]
2017-03-09 10:13:42.184 DEBUG /api/mobile/TradeNotify: Error reading string. Unexpected token: StartObject. Path '', line 1, position 1.
2017-03-09 10:13:53.459 DEBUG /api/mobile/TradeNotify:  参数:[{"charset":"utf-8","device_id":"123456","mch_id":"6","method":"qct.trade.notify.pay","out_trade_no":"P1000320170308000001","pay_channel":"WX","pay_status":"PAYSUCCESS","receipt_amount":"0.01","sign":"7FAACA995C4EA950442BAED713F44560","sign_type":"MD5","store_id":"10003","trade_date":"2017-03-08 10:52:21","version":"1.0"}]
2017-03-09 10:17:17.991 DEBUG /api/mobile/TradeNotify:  参数:[{"charset":"utf-8","device_id":"123456","mch_id":"6","method":"qct.trade.notify.pay","out_trade_no":"P1000320170308000001","pay_channel":"WX","pay_status":"PAYSUCCESS","receipt_amount":"0.01","sign":"7FAACA995C4EA950442BAED713F44560","sign_type":"MD5","store_id":"10003","trade_date":"2017-03-08 10:52:21","version":"1.0"}]
2017-03-09 10:19:45.473 DEBUG /api/mobile/TradeNotify: 远程服务器返回错误: (400) 错误的请求。
2017-03-09 10:20:01.477 DEBUG /api/mobile/TradeNotify:  参数:[{"charset":"utf-8","device_id":"123456","mch_id":"6","method":"qct.trade.notify.pay","out_trade_no":"P1000320170308000001","pay_channel":"WX","pay_status":"PAYSUCCESS","receipt_amount":"0.01","sign":"7FAACA995C4EA950442BAED713F44560","sign_type":"MD5","store_id":"10003","trade_date":"2017-03-08 10:52:21","version":"1.0"}]
2017-03-09 10:23:50.145 DEBUG /api/mobile/TradeNotify: 远程服务器返回错误: (400) 错误的请求。
2017-03-09 10:25:09.738 DEBUG /api/mobile/TradeNotify:  参数:[{"charset":"utf-8","device_id":"123456","mch_id":"6","method":"qct.trade.notify.pay","out_trade_no":"P1000320170308000001","pay_channel":"WX","pay_status":"PAYSUCCESS","receipt_amount":"0.01","sign":"7FAACA995C4EA950442BAED713F44560","sign_type":"MD5","store_id":"10003","trade_date":"2017-03-08 10:52:21","version":"1.0"}]
2017-03-09 10:25:32.363 DEBUG /api/mobile/TradeNotify: 远程服务器返回错误: (400) 错误的请求。
2017-03-09 10:25:44.862 DEBUG /api/mobile/TradeNotify:  参数:[{"charset":"utf-8","device_id":"123456","mch_id":"6","method":"qct.trade.notify.pay","out_trade_no":"P1000320170308000001","pay_channel":"WX","pay_status":"PAYSUCCESS","receipt_amount":"0.01","sign":"7FAACA995C4EA950442BAED713F44560","sign_type":"MD5","store_id":"10003","trade_date":"2017-03-08 10:52:21","version":"1.0"}]
2017-03-09 10:28:25.272 DEBUG /api/mobile/TradeNotify:  参数:[{"charset":"utf-8","device_id":"123456","mch_id":"6","method":"qct.trade.notify.pay","out_trade_no":"P1000320170308000001","pay_channel":"WX","pay_status":"PAYSUCCESS","receipt_amount":"0.01","sign":"7FAACA995C4EA950442BAED713F44560","sign_type":"MD5","store_id":"10003","trade_date":"2017-03-08 10:52:21","version":"1.0"}]
2017-03-09 10:29:12.054 DEBUG /api/mobile/TradeNotify: 远程服务器返回错误: (400) 错误的请求。
2017-03-09 10:37:41.003 DEBUG /api/mobile/TradeNotify:  参数:[{"charset":"utf-8","device_id":"123456","mch_id":"6","method":"qct.trade.notify.pay","out_trade_no":"P1000320170308000001","pay_channel":"WX","pay_status":"PAYSUCCESS","receipt_amount":"0.01","sign":"7FAACA995C4EA950442BAED713F44560","sign_type":"MD5","store_id":"10003","trade_date":"2017-03-08 10:52:21","version":"1.0"}]
2017-03-09 10:37:52.423 DEBUG /api/mobile/TradeNotify: 远程服务器返回错误: (400) 错误的请求。
2017-03-09 10:39:42.399 DEBUG /api/mobile/TradeNotify:  参数:[{"charset":"utf-8","device_id":"123456","mch_id":"6","method":"qct.trade.notify.pay","out_trade_no":"P1000320170308000001","pay_channel":"WX","pay_status":"PAYSUCCESS","receipt_amount":"0.01","sign":"7FAACA995C4EA950442BAED713F44560","sign_type":"MD5","store_id":"10003","trade_date":"2017-03-08 10:52:21","version":"1.0"}]
2017-03-09 10:39:49.343 DEBUG /api/mobile/TradeNotify: 远程服务器返回错误: (400) 错误的请求。
2017-03-09 10:49:24.441 DEBUG /api/mobile/TradeNotify:  参数:[{"charset":"utf-8","device_id":"123456","mch_id":"6","method":"qct.trade.notify.pay","out_trade_no":"P1000320170308000001","pay_channel":"WX","pay_status":"PAYSUCCESS","receipt_amount":"0.01","sign":"7FAACA995C4EA950442BAED713F44560","sign_type":"MD5","store_id":"10003","trade_date":"2017-03-08 10:52:21","version":"1.0"}]
2017-03-09 10:49:32.557 DEBUG /api/mobile/TradeNotify: 远程服务器返回错误: (400) 错误的请求。
2017-03-09 10:52:22.921 DEBUG /api/mobile/TradeNotify:  参数:[{"charset":"utf-8","device_id":"123456","mch_id":"6","method":"qct.trade.notify.pay","out_trade_no":"P1000320170308000001","pay_channel":"WX","pay_status":"PAYSUCCESS","receipt_amount":"0.01","sign":"7FAACA995C4EA950442BAED713F44560","sign_type":"MD5","store_id":"10003","trade_date":"2017-03-08 10:52:21","version":"1.0"}]
2017-03-09 10:52:41.496 DEBUG /api/mobile/TradeNotify: 远程服务器返回错误: (400) 错误的请求。
2017-03-09 10:54:15.481 DEBUG /api/mobile/TradeNotify:  参数:[{"charset":"utf-8","device_id":"123456","mch_id":"6","method":"qct.trade.notify.pay","out_trade_no":"P1000320170308000001","pay_channel":"WX","pay_status":"PAYSUCCESS","receipt_amount":"0.01","sign":"7FAACA995C4EA950442BAED713F44560","sign_type":"MD5","store_id":"10003","trade_date":"2017-03-08 10:52:21","version":"1.0"}]
2017-03-09 10:56:29.251 DEBUG /api/mobile/TradeNotify: 操作超时
2017-03-09 10:56:31.990 DEBUG /api/mobile/TradeNotify:  参数:[{"charset":"utf-8","device_id":"123456","mch_id":"6","method":"qct.trade.notify.pay","out_trade_no":"P1000320170308000001","pay_channel":"WX","pay_status":"PAYSUCCESS","receipt_amount":"0.01","sign":"7FAACA995C4EA950442BAED713F44560","sign_type":"MD5","store_id":"10003","trade_date":"2017-03-08 10:52:21","version":"1.0"}]
2017-03-09 10:57:54.182 DEBUG /api/mobile/TradeNotify:  参数:[{"charset":"utf-8","device_id":"123456","mch_id":"6","method":"qct.trade.notify.pay","out_trade_no":"P1000320170308000001","pay_channel":"WX","pay_status":"PAYSUCCESS","receipt_amount":"0.01","sign":"7FAACA995C4EA950442BAED713F44560","sign_type":"MD5","store_id":"10003","trade_date":"2017-03-08 10:52:21","version":"1.0"}]
2017-03-09 10:58:10.149 DEBUG /api/mobile/TradeNotify: 远程服务器返回错误: (400) 错误的请求。
2017-03-09 11:00:25.286 DEBUG /api/mobile/TradeNotify:  参数:[{"charset":"utf-8","device_id":"123456","mch_id":"6","method":"qct.trade.notify.pay","out_trade_no":"P1000320170308000001","pay_channel":"WX","pay_status":"PAYSUCCESS","receipt_amount":"0.01","sign":"7FAACA995C4EA950442BAED713F44560","sign_type":"MD5","store_id":"10003","trade_date":"2017-03-08 10:52:21","version":"1.0"}]
2017-03-09 11:01:17.435 DEBUG /api/mobile/TradeNotify: 远程服务器返回错误: (400) 错误的请求。
2017-03-09 11:03:43.836 DEBUG /api/mobile/TradeNotify:  参数:[{"charset":"utf-8","device_id":"123456","mch_id":"6","method":"qct.trade.notify.pay","out_trade_no":"P1000320170308000001","pay_channel":"WX","pay_status":"PAYSUCCESS","receipt_amount":"0.01","sign":"7FAACA995C4EA950442BAED713F44560","sign_type":"MD5","store_id":"10003","trade_date":"2017-03-08 10:52:21","version":"1.0"}]
2017-03-09 11:04:16.807 DEBUG /api/mobile/TradeNotify: 远程服务器返回错误: (400) 错误的请求。
