2017-03-14 11:00:26.557 DEBUG /api/mobile/PayBuyerScanDyna:  参数:[{"StoreId":"30006","Device_id":"123456","TotalAmount":0.01,"CardSN":"","UseIntegral":0.0,"DiscountAmount":0.0,"Received":0.01,"GetIntegral":0.0,"PayToken":"","MemberId":"","Alias":"023456","UserCode":"1002","CID":4}]
2017-03-14 11:02:04.314 DEBUG /api/mobile/PayBuyerScanDyna: 门店未开通授权支付！
2017-03-14 11:02:11.470 DEBUG /api/mobile/PayBuyerScanDyna:  参数:[{"StoreId":"3","Device_id":"123456","TotalAmount":0.01,"CardSN":"","UseIntegral":0.0,"DiscountAmount":0.0,"Received":0.01,"GetIntegral":0.0,"PayToken":"","MemberId":"","Alias":"023456","UserCode":"1002","CID":4}]
2017-03-14 11:02:51.364 DEBUG /api/mobile/PayBuyerScanDyna: 找不到商户门店信息
2017-03-14 11:03:14.111 DEBUG /api/mobile/PayBuyerScanDyna:  参数:[{"StoreId":"1","Device_id":"123456","TotalAmount":0.01,"CardSN":"","UseIntegral":0.0,"DiscountAmount":0.0,"Received":0.01,"GetIntegral":0.0,"PayToken":"","MemberId":"","Alias":"023456","UserCode":"1002","CID":130}]
2017-03-14 15:10:39.374 DEBUG /api/mobile/TradeNotify:  参数:[{"charset":"utf-8","device_id":"123456","mch_id":"6","method":"qct.trade.notify.pay","out_trade_no":"P1000320170308000001","pay_channel":"WX","pay_status":"PAYSUCCESS","receipt_amount":"0.01","sign":"7FAACA995C4EA950442BAED713F44560","sign_type":"MD5","store_id":"10003","trade_date":"2017-03-08 10:52:21","version":"1.0"}]
2017-03-14 15:17:00.096 DEBUG /api/mobile/TradeNotify:  参数:[{"charset":"utf-8","device_id":"123456","mch_id":"6","method":"qct.trade.notify.pay","out_trade_no":"P1000320170308000001","pay_channel":"WX","pay_status":"PAYSUCCESS","receipt_amount":"0.01","sign":"7FAACA995C4EA950442BAED713F44560","sign_type":"MD5","store_id":"10003","trade_date":"2017-03-08 10:52:21","version":"1.0"}]
2017-03-14 15:19:14.640 DEBUG /api/mobile/TradeNotify:  参数:[{"charset":"utf-8","device_id":"123456","mch_id":"6","method":"qct.trade.notify.pay","out_trade_no":"P1000320170308000001","pay_channel":"WX","pay_status":"PAYSUCCESS","receipt_amount":"0.01","sign":"7FAACA995C4EA950442BAED713F44560","sign_type":"MD5","store_id":"10003","trade_date":"2017-03-08 10:52:21","version":"1.0"}]
2017-03-14 15:23:40.005 DEBUG /api/mobile/TradeNotify:  参数:[{"charset":"utf-8","device_id":"123456","mch_id":"6","method":"qct.trade.notify.pay","out_trade_no":"P1000320170308000001","pay_channel":"WX","pay_status":"PAYSUCCESS","receipt_amount":"0.01","sign":"7FAACA995C4EA950442BAED713F44560","sign_type":"MD5","store_id":"10003","trade_date":"2017-03-08 10:52:21","version":"1.0"}]
2017-03-14 15:25:57.352 DEBUG /api/mobile/TradeNotify:  参数:[{"charset":"utf-8","device_id":"123456","mch_id":"6","method":"qct.trade.notify.pay","out_trade_no":"P1000320170308000001","pay_channel":"WX","pay_status":"PAYSUCCESS","receipt_amount":"0.01","sign":"7FAACA995C4EA950442BAED713F44560","sign_type":"MD5","store_id":"10003","trade_date":"2017-03-08 10:52:21","version":"1.0"}]
2017-03-14 15:28:56.143 DEBUG /api/mobile/TradeNotify:  参数:[{"charset":"utf-8","device_id":"123456","mch_id":"6","method":"qct.trade.notify.pay","out_trade_no":"P1000320170308000001","pay_channel":"WX","pay_status":"PAYSUCCESS","receipt_amount":"0.01","sign":"7FAACA995C4EA950442BAED713F44560","sign_type":"MD5","store_id":"10003","trade_date":"2017-03-08 10:52:21","version":"1.0"}]
2017-03-14 15:32:59.742 DEBUG /api/mobile/TradeNotify:  参数:[{"charset":"utf-8","device_id":"123456","mch_id":"6","method":"qct.trade.notify.pay","out_trade_no":"P1000320170308000001","pay_channel":"WX","pay_status":"PAYSUCCESS","receipt_amount":"0.01","sign":"7FAACA995C4EA950442BAED713F44560","sign_type":"MD5","store_id":"10003","trade_date":"2017-03-08 10:52:21","version":"1.0"}]
2017-03-14 15:34:00.256 DEBUG /api/mobile/TradeNotify:  参数:[{"charset":"utf-8","device_id":"123456","mch_id":"6","method":"qct.trade.notify.pay","out_trade_no":"P1000320170308000001","pay_channel":"WX","pay_status":"PAYSUCCESS","receipt_amount":"0.01","sign":"7FAACA995C4EA950442BAED713F44560","sign_type":"MD5","store_id":"10003","trade_date":"2017-03-08 10:52:21","version":"1.0"}]
2017-03-14 15:35:29.123 DEBUG /api/mobile/TradeNotify:  参数:[{"charset":"utf-8","device_id":"123456","mch_id":"6","method":"qct.trade.notify.pay","out_trade_no":"P1000320170308000001","pay_channel":"WX","pay_status":"PAYSUCCESS","receipt_amount":"0.01","sign":"7FAACA995C4EA950442BAED713F44560","sign_type":"MD5","store_id":"10003","trade_date":"2017-03-08 10:52:21","version":"1.0"}]
2017-03-14 15:55:28.243 DEBUG /api/mobile/PayMerchScanDyna:  参数:[{"StoreId":"1","Device_id":"string","TotalAmount":0.01,"CardSN":"string","UseIntegral":0.0,"DiscountAmount":0.0,"Received":0.01,"GetIntegral":0.0,"PayToken":"123456","MemberId":"","Alias":"","UserCode":"1002","CID":130}]
2017-03-14 15:56:14.568 DEBUG /api/mobile/PayMerchScanDyna: 支付渠道数据非法，它的枚举值范围：{WX,ALIPAY}
2017-03-14 15:57:05.034 DEBUG /api/mobile/PayBuyerScanDyna:  参数:[{"StoreId":"1","Device_id":"","TotalAmount":0.01,"CardSN":"","UseIntegral":0.0,"DiscountAmount":0.0,"Received":0.01,"GetIntegral":0.0,"PayToken":"","MemberId":"","Alias":"","UserCode":"1002","CID":130}]
2017-03-14 15:58:30.448 DEBUG /api/mobile/PayBuyerScanDyna: Device_Id 字段是必需的。
2017-03-14 15:58:36.006 DEBUG /api/mobile/PayBuyerScanDyna:  参数:[{"StoreId":"1","Device_id":"111111","TotalAmount":0.01,"CardSN":"","UseIntegral":0.0,"DiscountAmount":0.0,"Received":0.01,"GetIntegral":0.0,"PayToken":"","MemberId":"","Alias":"","UserCode":"1002","CID":130}]
2017-03-14 16:31:02.166 DEBUG /api/mobile/TradeNotify:  参数:[{"charset":"utf-8","device_id":"123456","mch_id":"6","method":"qct.trade.notify.pay","out_trade_no":"P1000320170308000001","pay_channel":"WX","pay_status":"PAYSUCCESS","receipt_amount":"0.01","sign":"7FAACA995C4EA950442BAED713F44560","sign_type":"MD5","store_id":"10003","trade_date":"2017-03-08 10:52:21","version":"1.0"}]
2017-03-14 16:31:29.064 DEBUG /api/mobile/TradeNotify:  参数:[{"charset":"utf-8","device_id":"123456","mch_id":"6","method":"qct.trade.notify.pay","out_trade_no":"P1000320170308000001","pay_channel":"WX","pay_status":"PAYSUCCESS","receipt_amount":"0.01","sign":"7FAACA995C4EA950442BAED713F44560","sign_type":"MD5","store_id":"10003","trade_date":"2017-03-08 10:52:21","version":"1.0"}]
2017-03-14 17:19:41.366 DEBUG /api/mobile/TradeNotify:  参数:[{"charset":"utf-8","device_id":"123456","mch_id":"6","method":"qct.trade.notify.pay","out_trade_no":"P1000320170308000001","pay_channel":"WX","pay_status":"PAYSUCCESS","receipt_amount":"0.01","sign":"7FAACA995C4EA950442BAED713F44560","sign_type":"MD5","store_id":"10003","trade_date":"2017-03-08 10:52:21","version":"1.0"}]
