2017-03-16 10:21:07.845 DEBUG /api/mobile/PayMerchScanDyna:  参数:[{"StoreId":"1","Device_id":"40d53de33a3ceed5","TotalAmount":0.01,"CardSN":"","UseIntegral":0.0,"DiscountAmount":0.0,"Received":0.01,"GetIntegral":0.0,"PayToken":"http://unitpay.sxfpay.cn/unitpay-online/OSTPPUB1/STP10002.tran?MERC_ID=201612100000000032&MERC_ORD_NO=P0000220170316000004&TOKEN=7e752f1da5cf23c5bea1cfcf89c51c2e","MemberId":"","Alias":"android_1002_40d53de33a3ceed5","UserCode":"1002","Remark":"12345678901234567890","CID":130}]
2017-03-16 10:22:30.274 DEBUG /api/mobile/PayMerchScanDyna: 已存在具有相同键的条目。
2017-03-16 10:22:32.956 DEBUG /api/mobile/PayMerchScanDyna:  参数:[{"StoreId":"1","Device_id":"40d53de33a3ceed5","TotalAmount":0.01,"CardSN":"","UseIntegral":0.0,"DiscountAmount":0.0,"Received":0.01,"GetIntegral":0.0,"PayToken":"http://unitpay.sxfpay.cn/unitpay-online/OSTPPUB1/STP10002.tran?MERC_ID=201612100000000032&MERC_ORD_NO=P0000220170316000004&TOKEN=7e752f1da5cf23c5bea1cfcf89c51c2e","MemberId":"","Alias":"android_1002_40d53de33a3ceed5","UserCode":"1002","Remark":"12345678901234567890","CID":130}]
2017-03-16 10:23:31.023 DEBUG /api/mobile/PayMerchScanDyna: 订单号已存在，不能重复提交
2017-03-16 10:23:43.220 DEBUG /api/mobile/PayMerchScanDyna:  参数:[{"StoreId":"1","Device_id":"40d53de33a3ceed5","TotalAmount":0.01,"CardSN":"","UseIntegral":0.0,"DiscountAmount":0.0,"Received":0.01,"GetIntegral":0.0,"PayToken":"http://unitpay.sxfpay.cn/unitpay-online/OSTPPUB1/STP10002.tran?MERC_ID=201612100000000032&MERC_ORD_NO=P0000220170316000004&TOKEN=7e752f1da5cf23c5bea1cfcf89c51c2e","MemberId":"","Alias":"android_1002_40d53de33a3ceed5","UserCode":"1002","Remark":"12345678901234567890","CID":130}]
2017-03-16 10:24:22.490 DEBUG /api/mobile/PayMerchScanDyna: 远程服务器返回错误: (500) 内部服务器错误。
2017-03-16 10:24:26.583 DEBUG /api/mobile/PayMerchScanDyna:  参数:[{"StoreId":"1","Device_id":"40d53de33a3ceed5","TotalAmount":0.01,"CardSN":"","UseIntegral":0.0,"DiscountAmount":0.0,"Received":0.01,"GetIntegral":0.0,"PayToken":"http://unitpay.sxfpay.cn/unitpay-online/OSTPPUB1/STP10002.tran?MERC_ID=201612100000000032&MERC_ORD_NO=P0000220170316000004&TOKEN=7e752f1da5cf23c5bea1cfcf89c51c2e","MemberId":"","Alias":"android_1002_40d53de33a3ceed5","UserCode":"1002","Remark":"12345678901234567890","CID":130}]
2017-03-16 10:25:57.113 DEBUG /api/mobile/PayMerchScanDyna: 远程服务器返回错误: (500) 内部服务器错误。
2017-03-16 10:26:03.745 DEBUG /api/mobile/PayMerchScanDyna:  参数:[{"StoreId":"1","Device_id":"40d53de33a3ceed5","TotalAmount":0.01,"CardSN":"","UseIntegral":0.0,"DiscountAmount":0.0,"Received":0.01,"GetIntegral":0.0,"PayToken":"http://unitpay.sxfpay.cn/unitpay-online/OSTPPUB1/STP10002.tran?MERC_ID=201612100000000032&MERC_ORD_NO=P0000220170316000004&TOKEN=7e752f1da5cf23c5bea1cfcf89c51c2e","MemberId":"","Alias":"android_1002_40d53de33a3ceed5","UserCode":"1002","Remark":"12345678901234567890","CID":130}]
2017-03-16 10:27:59.171 DEBUG /api/mobile/PayMerchScanDyna: 远程服务器返回错误: (500) 内部服务器错误。
2017-03-16 10:28:25.155 DEBUG /api/mobile/PayMerchScanDyna:  参数:[{"StoreId":"1","Device_id":"40d53de33a3ceed5","TotalAmount":0.01,"CardSN":"","UseIntegral":0.0,"DiscountAmount":0.0,"Received":0.01,"GetIntegral":0.0,"PayToken":"123456789456","MemberId":"","Alias":"android_1002_40d53de33a3ceed5","UserCode":"1002","Remark":"12345678901234567890","CID":130}]
2017-03-16 10:29:01.610 DEBUG /api/mobile/PayMerchScanDyna: 支付渠道数据非法，它的枚举值范围：{WX,ALIPAY}
2017-03-16 14:06:35.271 DEBUG /api/mobile/PayMerchScanDyna:  参数:[null]
2017-03-16 14:06:35.508 DEBUG /api/mobile/PayMerchScanDyna: 未将对象引用设置到对象的实例。
2017-03-16 14:06:50.670 DEBUG /api/mobile/PayMerchScanDyna:  参数:[null]
2017-03-16 14:07:08.901 DEBUG /api/mobile/PayMerchScanDyna: 未将对象引用设置到对象的实例。
2017-03-16 14:07:27.187 DEBUG /api/mobile/PayMerchScanDyna:  参数:[null]
2017-03-16 14:07:39.620 DEBUG /api/mobile/PayMerchScanDyna: 未将对象引用设置到对象的实例。
2017-03-16 14:08:10.343 DEBUG /api/mobile/PayMerchScanDyna:  参数:[null]
2017-03-16 14:11:15.567 DEBUG /api/mobile/PayMerchScanDyna: 未将对象引用设置到对象的实例。
2017-03-16 14:11:37.143 DEBUG /api/mobile/PayMerchScanDyna:  参数:[null]
2017-03-16 14:11:50.004 DEBUG /api/mobile/PayMerchScanDyna: 未将对象引用设置到对象的实例。
2017-03-16 14:12:02.089 DEBUG /api/mobile/PayMerchScanDyna:  参数:[null]
2017-03-16 14:12:08.392 DEBUG /api/mobile/PayMerchScanDyna: 未将对象引用设置到对象的实例。
2017-03-16 14:12:23.586 DEBUG /api/mobile/PayMerchScanDyna:  参数:[null]
2017-03-16 14:12:58.422 DEBUG /api/mobile/PayMerchScanDyna: 未将对象引用设置到对象的实例。
2017-03-16 14:14:28.147 DEBUG /api/mobile/PayMerchScanDyna:  参数:[null]
2017-03-16 14:15:08.951 DEBUG /api/mobile/PayMerchScanDyna: 未将对象引用设置到对象的实例。
2017-03-16 14:16:39.653 DEBUG /api/mobile/PayMerchScanDyna:  参数:[{"StoreId":"2","Device_id":"046201C427034F559E91820FF9AB4FCA","TotalAmount":88888888.00,"CardSN":"","UseIntegral":0.0,"DiscountAmount":0.0,"Received":88888888.00,"GetIntegral":0.0,"PayToken":"130137801163136672","MemberId":"","Alias":"iOS_1003_046201C4820FF9AB4FCA","UserCode":"1003","Remark":"","CID":130}]
2017-03-16 14:17:22.785 DEBUG /api/mobile/PayMerchScanDyna: 订单号已存在，不能重复提交
2017-03-16 14:17:27.054 DEBUG /api/mobile/PayMerchScanDyna:  参数:[{"StoreId":"2","Device_id":"046201C427034F559E91820FF9AB4FCA","TotalAmount":88888888.00,"CardSN":"","UseIntegral":0.0,"DiscountAmount":0.0,"Received":88888888.00,"GetIntegral":0.0,"PayToken":"130137801163136672","MemberId":"","Alias":"iOS_1003_046201C4820FF9AB4FCA","UserCode":"1003","Remark":"","CID":130}]
2017-03-16 14:18:01.196 DEBUG /api/mobile/PayMerchScanDyna: 远程服务器返回错误: (500) 内部服务器错误。
2017-03-16 14:18:05.620 DEBUG /api/mobile/PayMerchScanDyna:  参数:[{"StoreId":"2","Device_id":"046201C427034F559E91820FF9AB4FCA","TotalAmount":88888888.00,"CardSN":"","UseIntegral":0.0,"DiscountAmount":0.0,"Received":88888888.00,"GetIntegral":0.0,"PayToken":"130137801163136672","MemberId":"","Alias":"iOS_1003_046201C4820FF9AB4FCA","UserCode":"1003","Remark":"","CID":130}]
2017-03-16 14:18:36.070 DEBUG /api/mobile/PayMerchScanDyna: 远程服务器返回错误: (500) 内部服务器错误。
2017-03-16 16:10:05.632 DEBUG /api/mobile/RefundOrder:  参数:[{"mch_id":130,"store_id":"13002","device_id":"1111111","out_trade_no":"P0000220170316000027","out_refund_no":"R0000220170316000027"}]
2017-03-16 16:13:08.518 DEBUG /api/mobile/RefundOrder:  参数:[{"mch_id":130,"store_id":"13002","device_id":"1111111","out_trade_no":"P0000220170316000027","out_refund_no":"R0000220170316000027"}]
2017-03-16 16:15:28.154 DEBUG /api/mobile/RefundOrder:  参数:[{"mch_id":130,"store_id":"13002","device_id":"1111111","out_trade_no":"P0000220170316000027","out_refund_no":"R0000220170316000027"}]
2017-03-16 16:16:20.898 DEBUG /api/mobile/RefundOrder:  参数:[{"mch_id":130,"store_id":"13002","device_id":"1111111","out_trade_no":"P0000220170316000027","out_refund_no":"R0000220170316000027","refund_amount":"0.01"}]
2017-03-16 16:16:58.942 DEBUG /api/mobile/RefundOrder:  参数:[{"mch_id":130,"store_id":"13002","device_id":"1111111","out_trade_no":"P0000220170316000027","out_refund_no":"R0000220170316000001","refund_amount":"0.01"}]
2017-03-16 16:19:10.910 DEBUG /api/mobile/RefundOrder:  参数:[{"mch_id":130,"store_id":"13002","device_id":"1111111","out_trade_no":"P0000220170316000026","out_refund_no":"R0000220170316000002","refund_amount":"0.01"}]
2017-03-16 16:21:46.430 DEBUG /api/mobile/RefundOrder:  参数:[{"mch_id":130,"store_id":"13002","device_id":"1111111","out_trade_no":"P0000220170316000017","out_refund_no":"R0000220170316000003","refund_amount":"0.01"}]
2017-03-16 16:22:29.603 DEBUG /api/mobile/RefundOrder:  参数:[{"mch_id":130,"store_id":"13002","device_id":"1111111","out_trade_no":"P0000220170316000016","out_refund_no":"R0000220170316000004","refund_amount":"0.01"}]
2017-03-16 16:22:46.405 DEBUG /api/mobile/RefundOrder:  参数:[{"mch_id":130,"store_id":"13002","device_id":"1111111","out_trade_no":"P0000220170316000015","out_refund_no":"R0000220170316000005","refund_amount":"0.01"}]
2017-03-16 16:23:13.045 DEBUG /api/mobile/RefundOrder:  参数:[{"mch_id":130,"store_id":"13002","device_id":"1111111","out_trade_no":"P0000220170316000013","out_refund_no":"R0000220170316000006","refund_amount":"0.01"}]
2017-03-16 16:23:32.588 DEBUG /api/mobile/RefundOrder:  参数:[{"mch_id":130,"store_id":"13002","device_id":"1111111","out_trade_no":"P0000220170316000010","out_refund_no":"R0000220170316000007","refund_amount":"0.01"}]
2017-03-16 16:23:44.055 DEBUG /api/mobile/RefundOrder:  参数:[{"mch_id":130,"store_id":"13002","device_id":"1111111","out_trade_no":"P0000220170316000008","out_refund_no":"R0000220170316000008","refund_amount":"0.01"}]
2017-03-16 16:23:58.022 DEBUG /api/mobile/RefundOrder:  参数:[{"mch_id":130,"store_id":"13002","device_id":"1111111","out_trade_no":"P0000220170316000005","out_refund_no":"R0000220170316000009","refund_amount":"0.01"}]
2017-03-16 16:23:58.405 DEBUG /api/mobile/RefundOrder: 未能解析此远程名称: 'test.pay.qcterp.com'
2017-03-16 16:24:12.917 DEBUG /api/mobile/RefundOrder: 操作超时
2017-03-16 16:24:14.803 DEBUG /api/mobile/RefundOrder:  参数:[{"mch_id":130,"store_id":"13001","device_id":"1111111","out_trade_no":"P0000120170316000004","out_refund_no":"R0000220170316000009","refund_amount":"0.01"}]
2017-03-16 16:24:15.058 DEBUG /api/mobile/RefundOrder: 未能解析此远程名称: 'test.pay.qcterp.com'
2017-03-16 16:24:24.375 DEBUG /api/mobile/RefundOrder: 操作超时
2017-03-16 16:24:30.360 DEBUG /api/mobile/RefundOrder:  参数:[{"mch_id":130,"store_id":"13001","device_id":"1111111","out_trade_no":"P0000120170316000004","out_refund_no":"R0000220170316000009","refund_amount":"0.01"}]
2017-03-16 16:24:30.602 DEBUG /api/mobile/RefundOrder: 未能解析此远程名称: 'test.pay.qcterp.com'
2017-03-16 16:24:56.878 DEBUG /api/mobile/RefundOrder:  参数:[{"mch_id":130,"store_id":"13001","device_id":"1111111","out_trade_no":"P0000120170316000004","out_refund_no":"R0000220170316000009","refund_amount":"0.01"}]
2017-03-16 16:24:57.126 DEBUG /api/mobile/RefundOrder: 未能解析此远程名称: 'test.pay.qcterp.com'
2017-03-16 16:25:34.552 DEBUG /api/mobile/RefundOrder:  参数:[{"mch_id":130,"store_id":"13001","device_id":"1111111","out_trade_no":"P0000120170316000002","out_refund_no":"R0000220170316000010","refund_amount":"0.01"}]
2017-03-16 16:26:02.232 DEBUG /api/mobile/RefundOrder:  参数:[{"mch_id":130,"store_id":"13001","device_id":"1111111","out_trade_no":"P0000220170316000004","out_refund_no":"R0000220170316000011","refund_amount":"0.01"}]
2017-03-16 16:26:41.433 DEBUG /api/mobile/RefundOrder:  参数:[{"mch_id":130,"store_id":"13001","device_id":"1111111","out_trade_no":"P0000220170316000003","out_refund_no":"R0000220170316000012","refund_amount":"0.01"}]
2017-03-16 16:26:48.959 DEBUG /api/mobile/RefundOrder:  参数:[{"mch_id":130,"store_id":"13002","device_id":"1111111","out_trade_no":"P0000220170316000003","out_refund_no":"R0000220170316000012","refund_amount":"0.01"}]
2017-03-16 16:26:58.032 DEBUG /api/mobile/RefundOrder:  参数:[{"mch_id":130,"store_id":"13002","device_id":"1111111","out_trade_no":"P0000220170316000003","out_refund_no":"R0000220170316000013","refund_amount":"0.01"}]
2017-03-16 16:31:26.262 DEBUG /api/mobile/RefundOrder:  参数:[{"mch_id":130,"store_id":"13002","device_id":"1111111","out_trade_no":"P0000220170316000002","out_refund_no":"R0000220170316000014","refund_amount":"0.01"}]
2017-03-16 16:32:00.275 DEBUG /api/mobile/RefundOrder:  参数:[{"mch_id":130,"store_id":"13001","device_id":"1111111","out_trade_no":"P0000120170315000060","out_refund_no":"R0000220170316000015","refund_amount":"0.01"}]
2017-03-16 16:32:33.053 DEBUG /api/mobile/RefundOrder:  参数:[{"mch_id":130,"store_id":"13001","device_id":"1111111","out_trade_no":"P0000120170315000058","out_refund_no":"R0000220170316000016","refund_amount":"0.01"}]
2017-03-16 16:33:08.898 DEBUG /api/mobile/RefundOrder:  参数:[{"mch_id":130,"store_id":"13001","device_id":"1111111","out_trade_no":"P0000120170315000057","out_refund_no":"R0000220170316000017","refund_amount":"0.01"}]
2017-03-16 16:33:49.215 DEBUG /api/mobile/RefundOrder: 操作超时
2017-03-16 16:40:07.035 DEBUG /api/mobile/RefundOrder:  参数:[{"mch_id":6,"store_id":"10003","device_id":"1111111","out_trade_no":"P1000320170308000001","out_refund_no":"R0000220170316000018","refund_amount":"0.01"}]
