2017-03-08 11:09:04.723 DEBUG /api/mobile/TradeNotify:  参数:[{"charset":"utf-8","device_id":"123456","mch_id":"6","method":"qct.trade.notify.pay","out_trade_no":"P1000320170308000001","pay_channel":"WX","pay_status":"PAYSUCCESS","receipt_amount":"0.01","sign":"7FAACA995C4EA950442BAED713F44560","sign_type":"MD5","store_id":"10003","trade_date":"2017-03-08 10:52:21","version":"1.0"}]
2017-03-08 11:09:15.941 DEBUG /api/mobile/TradeNotify:  参数:[{"charset":"utf-8","device_id":"123456","mch_id":"6","method":"qct.trade.notify.pay","out_trade_no":"P1000320170308000001","pay_channel":"WX","pay_status":"PAYSUCCESS","receipt_amount":"0.01","sign":"7FAACA995C4EA950442BAED713F44560","sign_type":"MD5","store_id":"10003","trade_date":"2017-03-08 10:52:21","version":"1.0"}]
2017-03-08 11:21:19.684 DEBUG /api/mobile/TradeNotify:  参数:[{"charset":"utf-8","device_id":"123456","mch_id":"6","method":"qct.trade.notify.pay","out_trade_no":"P1000320170308000001","pay_channel":"WX","pay_status":"PAYSUCCESS","receipt_amount":"0.01","sign":"7FAACA995C4EA950442BAED713F44560","sign_type":"MD5","store_id":"10003","trade_date":"2017-03-08 10:52:21","version":"1.0"}]
2017-03-08 11:21:47.458 DEBUG /api/mobile/TradeNotify: An error occurred while executing the command definition. See the inner exception for details.
2017-03-08 11:23:42.324 DEBUG /api/mobile/TradeNotify:  参数:[{"charset":"utf-8","device_id":"123456","mch_id":"6","method":"qct.trade.notify.pay","out_trade_no":"P1000320170308000001","pay_channel":"WX","pay_status":"PAYSUCCESS","receipt_amount":"0.01","sign":"7FAACA995C4EA950442BAED713F44560","sign_type":"MD5","store_id":"10003","trade_date":"2017-03-08 10:52:21","version":"1.0"}]
2017-03-08 15:42:19.419 DEBUG /api/mobile/TradeNotify:  参数:[{"charset":"utf-8","device_id":"123456","mch_id":"6","method":"qct.trade.notify.pay","out_trade_no":"P1000320170308000001","pay_channel":"WX","pay_status":"PAYSUCCESS","receipt_amount":"0.01","sign":"7FAACA995C4EA950442BAED713F44560","sign_type":"MD5","store_id":"10003","trade_date":"2017-03-08 10:52:21","version":"1.0"}]
2017-03-08 15:44:59.343 DEBUG /api/mobile/TradeNotify: 基础连接已经关闭: 发送时发生错误。
2017-03-08 16:18:44.669 DEBUG /api/mobile/TradeNotify:  参数:[{"charset":"utf-8","device_id":"123456","mch_id":"6","method":"qct.trade.notify.pay","out_trade_no":"P1000320170308000001","pay_channel":"WX","pay_status":"PAYSUCCESS","receipt_amount":"0.01","sign":"7FAACA995C4EA950442BAED713F44560","sign_type":"MD5","store_id":"10003","trade_date":"2017-03-08 10:52:21","version":"1.0"}]
2017-03-08 16:21:08.827 DEBUG /api/mobile/TradeNotify: 基础连接已经关闭: 发送时发生错误。
2017-03-08 16:24:23.017 DEBUG /api/mobile/TradeNotify:  参数:[{"charset":"utf-8","device_id":"123456","mch_id":"6","method":"qct.trade.notify.pay","out_trade_no":"P1000320170308000001","pay_channel":"WX","pay_status":"PAYSUCCESS","receipt_amount":"0.01","sign":"7FAACA995C4EA950442BAED713F44560","sign_type":"MD5","store_id":"10003","trade_date":"2017-03-08 10:52:21","version":"1.0"}]
2017-03-08 16:24:36.954 DEBUG /api/mobile/TradeNotify: 基础连接已经关闭: 发送时发生错误。
2017-03-08 16:30:07.934 DEBUG /api/mobile/TradeNotify:  参数:[{"charset":"utf-8","device_id":"123456","mch_id":"6","method":"qct.trade.notify.pay","out_trade_no":"P1000320170308000001","pay_channel":"WX","pay_status":"PAYSUCCESS","receipt_amount":"0.01","sign":"7FAACA995C4EA950442BAED713F44560","sign_type":"MD5","store_id":"10003","trade_date":"2017-03-08 10:52:21","version":"1.0"}]
2017-03-08 16:36:49.406 DEBUG /api/mobile/TradeNotify:  参数:[{"charset":"utf-8","device_id":"123456","mch_id":"6","method":"qct.trade.notify.pay","out_trade_no":"P1000320170308000001","pay_channel":"WX","pay_status":"PAYSUCCESS","receipt_amount":"0.01","sign":"7FAACA995C4EA950442BAED713F44560","sign_type":"MD5","store_id":"10003","trade_date":"2017-03-08 10:52:21","version":"1.0"}]
2017-03-08 16:38:45.773 DEBUG /api/mobile/TradeNotify: 基础连接已经关闭: 发送时发生错误。
2017-03-08 16:48:02.355 DEBUG /api/mobile/TradeNotify:  参数:[{"charset":"utf-8","device_id":"123456","mch_id":"6","method":"qct.trade.notify.pay","out_trade_no":"P1000320170308000001","pay_channel":"WX","pay_status":"PAYSUCCESS","receipt_amount":"0.01","sign":"7FAACA995C4EA950442BAED713F44560","sign_type":"MD5","store_id":"10003","trade_date":"2017-03-08 10:52:21","version":"1.0"}]
2017-03-08 16:53:45.593 DEBUG /api/mobile/TradeNotify: 操作超时
2017-03-08 17:03:34.299 DEBUG /api/mobile/TradeNotify:  参数:[{"charset":"utf-8","device_id":"123456","mch_id":"6","method":"qct.trade.notify.pay","out_trade_no":"P1000320170308000001","pay_channel":"WX","pay_status":"PAYSUCCESS","receipt_amount":"0.01","sign":"7FAACA995C4EA950442BAED713F44560","sign_type":"MD5","store_id":"10003","trade_date":"2017-03-08 10:52:21","version":"1.0"}]
2017-03-08 17:04:45.717 DEBUG /api/mobile/TradeNotify: 基础连接已经关闭: 发送时发生错误。
2017-03-08 17:08:52.355 DEBUG /api/mobile/TradeNotify:  参数:[{"charset":"utf-8","device_id":"123456","mch_id":"6","method":"qct.trade.notify.pay","out_trade_no":"P1000320170308000001","pay_channel":"WX","pay_status":"PAYSUCCESS","receipt_amount":"0.01","sign":"7FAACA995C4EA950442BAED713F44560","sign_type":"MD5","store_id":"10003","trade_date":"2017-03-08 10:52:21","version":"1.0"}]
2017-03-08 17:10:45.668 DEBUG /api/mobile/TradeNotify: 基础连接已经关闭: 发送时发生错误。
2017-03-08 17:16:25.824 DEBUG /api/mobile/TradeNotify:  参数:[{"charset":"utf-8","device_id":"123456","mch_id":"6","method":"qct.trade.notify.pay","out_trade_no":"P1000320170308000001","pay_channel":"WX","pay_status":"PAYSUCCESS","receipt_amount":"0.01","sign":"7FAACA995C4EA950442BAED713F44560","sign_type":"MD5","store_id":"10003","trade_date":"2017-03-08 10:52:21","version":"1.0"}]
2017-03-08 17:16:46.318 DEBUG /api/mobile/TradeNotify: 基础连接已经关闭: 发送时发生错误。
2017-03-08 17:17:53.616 DEBUG /api/mobile/TradeNotify:  参数:[{"charset":"utf-8","device_id":"123456","mch_id":"6","method":"qct.trade.notify.pay","out_trade_no":"P1000320170308000001","pay_channel":"WX","pay_status":"PAYSUCCESS","receipt_amount":"0.01","sign":"7FAACA995C4EA950442BAED713F44560","sign_type":"MD5","store_id":"10003","trade_date":"2017-03-08 10:52:21","version":"1.0"}]
2017-03-08 17:17:59.017 DEBUG /api/mobile/TradeNotify: 基础连接已经关闭: 发送时发生错误。
2017-03-08 17:18:04.687 DEBUG /api/mobile/TradeNotify:  参数:[{"charset":"utf-8","device_id":"123456","mch_id":"6","method":"qct.trade.notify.pay","out_trade_no":"P1000320170308000001","pay_channel":"WX","pay_status":"PAYSUCCESS","receipt_amount":"0.01","sign":"7FAACA995C4EA950442BAED713F44560","sign_type":"MD5","store_id":"10003","trade_date":"2017-03-08 10:52:21","version":"1.0"}]
2017-03-08 17:19:03.063 DEBUG /api/mobile/TradeNotify: 基础连接已经关闭: 发送时发生错误。
2017-03-08 17:21:30.945 DEBUG /api/mobile/TradeNotify:  参数:[{"charset":"utf-8","device_id":"123456","mch_id":"6","method":"qct.trade.notify.pay","out_trade_no":"P1000320170308000001","pay_channel":"WX","pay_status":"PAYSUCCESS","receipt_amount":"0.01","sign":"7FAACA995C4EA950442BAED713F44560","sign_type":"MD5","store_id":"10003","trade_date":"2017-03-08 10:52:21","version":"1.0"}]
2017-03-08 17:21:55.569 DEBUG /api/mobile/TradeNotify: 基础连接已经关闭: 发送时发生错误。
2017-03-08 17:31:42.640 DEBUG /api/mobile/TradeNotify:  参数:[{"charset":"utf-8","device_id":"123456","mch_id":"6","method":"qct.trade.notify.pay","out_trade_no":"P1000320170308000001","pay_channel":"WX","pay_status":"PAYSUCCESS","receipt_amount":"0.01","sign":"7FAACA995C4EA950442BAED713F44560","sign_type":"MD5","store_id":"10003","trade_date":"2017-03-08 10:52:21","version":"1.0"}]
2017-03-08 17:32:38.684 DEBUG /api/mobile/TradeNotify: 基础连接已经关闭: 发送时发生错误。
2017-03-08 17:32:47.952 DEBUG /api/mobile/TradeNotify:  参数:[{"charset":"utf-8","device_id":"123456","mch_id":"6","method":"qct.trade.notify.pay","out_trade_no":"P1000320170308000001","pay_channel":"WX","pay_status":"PAYSUCCESS","receipt_amount":"0.01","sign":"7FAACA995C4EA950442BAED713F44560","sign_type":"MD5","store_id":"10003","trade_date":"2017-03-08 10:52:21","version":"1.0"}]
2017-03-08 17:34:37.681 DEBUG /api/mobile/TradeNotify:  参数:[{"charset":"utf-8","device_id":"123456","mch_id":"6","method":"qct.trade.notify.pay","out_trade_no":"P1000320170308000001","pay_channel":"WX","pay_status":"PAYSUCCESS","receipt_amount":"0.01","sign":"7FAACA995C4EA950442BAED713F44560","sign_type":"MD5","store_id":"10003","trade_date":"2017-03-08 10:52:21","version":"1.0"}]
2017-03-08 17:34:48.556 DEBUG /api/mobile/TradeNotify: 基础连接已经关闭: 发送时发生错误。
2017-03-08 17:35:16.876 DEBUG /api/mobile/TradeNotify:  参数:[{"charset":"utf-8","device_id":"123456","mch_id":"6","method":"qct.trade.notify.pay","out_trade_no":"P1000320170308000001","pay_channel":"WX","pay_status":"PAYSUCCESS","receipt_amount":"0.01","sign":"7FAACA995C4EA950442BAED713F44560","sign_type":"MD5","store_id":"10003","trade_date":"2017-03-08 10:52:21","version":"1.0"}]
2017-03-08 17:36:49.072 DEBUG /api/mobile/TradeNotify:  参数:[{"charset":"utf-8","device_id":"123456","mch_id":"6","method":"qct.trade.notify.pay","out_trade_no":"P1000320170308000001","pay_channel":"WX","pay_status":"PAYSUCCESS","receipt_amount":"0.01","sign":"7FAACA995C4EA950442BAED713F44560","sign_type":"MD5","store_id":"10003","trade_date":"2017-03-08 10:52:21","version":"1.0"}]
2017-03-08 17:37:11.663 DEBUG /api/mobile/TradeNotify: 请求被中止: 未能创建 SSL/TLS 安全通道。
2017-03-08 17:39:21.657 DEBUG /api/mobile/TradeNotify:  参数:[{"charset":"utf-8","device_id":"123456","mch_id":"6","method":"qct.trade.notify.pay","out_trade_no":"P1000320170308000001","pay_channel":"WX","pay_status":"PAYSUCCESS","receipt_amount":"0.01","sign":"7FAACA995C4EA950442BAED713F44560","sign_type":"MD5","store_id":"10003","trade_date":"2017-03-08 10:52:21","version":"1.0"}]
2017-03-08 17:41:30.566 DEBUG /api/mobile/TradeNotify:  参数:[{"charset":"utf-8","device_id":"123456","mch_id":"6","method":"qct.trade.notify.pay","out_trade_no":"P1000320170308000001","pay_channel":"WX","pay_status":"PAYSUCCESS","receipt_amount":"0.01","sign":"7FAACA995C4EA950442BAED713F44560","sign_type":"MD5","store_id":"10003","trade_date":"2017-03-08 10:52:21","version":"1.0"}]
2017-03-08 17:41:38.718 DEBUG /api/mobile/TradeNotify: 请求被中止: 未能创建 SSL/TLS 安全通道。
2017-03-08 17:41:58.243 DEBUG /api/mobile/TradeNotify:  参数:[{"charset":"utf-8","device_id":"123456","mch_id":"6","method":"qct.trade.notify.pay","out_trade_no":"P1000320170308000001","pay_channel":"WX","pay_status":"PAYSUCCESS","receipt_amount":"0.01","sign":"7FAACA995C4EA950442BAED713F44560","sign_type":"MD5","store_id":"10003","trade_date":"2017-03-08 10:52:21","version":"1.0"}]
2017-03-08 17:44:25.859 DEBUG /api/mobile/TradeNotify: 操作超时
2017-03-08 17:48:22.603 DEBUG /api/mobile/TradeNotify:  参数:[{"charset":"utf-8","device_id":"123456","mch_id":"6","method":"qct.trade.notify.pay","out_trade_no":"P1000320170308000001","pay_channel":"WX","pay_status":"PAYSUCCESS","receipt_amount":"0.01","sign":"7FAACA995C4EA950442BAED713F44560","sign_type":"MD5","store_id":"10003","trade_date":"2017-03-08 10:52:21","version":"1.0"}]
2017-03-08 17:48:45.353 DEBUG /api/mobile/TradeNotify: 请求被中止: 未能创建 SSL/TLS 安全通道。
2017-03-08 17:53:54.101 DEBUG /api/mobile/TradeNotify:  参数:[{"charset":"utf-8","device_id":"123456","mch_id":"6","method":"qct.trade.notify.pay","out_trade_no":"P1000320170308000001","pay_channel":"WX","pay_status":"PAYSUCCESS","receipt_amount":"0.01","sign":"7FAACA995C4EA950442BAED713F44560","sign_type":"MD5","store_id":"10003","trade_date":"2017-03-08 10:52:21","version":"1.0"}]
2017-03-08 18:08:23.911 DEBUG /api/mobile/TradeNotify:  参数:[{"charset":"utf-8","device_id":"123456","mch_id":"6","method":"qct.trade.notify.pay","out_trade_no":"P1000320170308000001","pay_channel":"WX","pay_status":"PAYSUCCESS","receipt_amount":"0.01","sign":"7FAACA995C4EA950442BAED713F44560","sign_type":"MD5","store_id":"10003","trade_date":"2017-03-08 10:52:21","version":"1.0"}]
2017-03-08 18:08:33.291 DEBUG /api/mobile/TradeNotify: 请求被中止: 未能创建 SSL/TLS 安全通道。
2017-03-08 18:13:06.877 DEBUG /api/mobile/TradeNotify:  参数:[{"charset":"utf-8","device_id":"123456","mch_id":"6","method":"qct.trade.notify.pay","out_trade_no":"P1000320170308000001","pay_channel":"WX","pay_status":"PAYSUCCESS","receipt_amount":"0.01","sign":"7FAACA995C4EA950442BAED713F44560","sign_type":"MD5","store_id":"10003","trade_date":"2017-03-08 10:52:21","version":"1.0"}]
2017-03-08 18:13:47.227 DEBUG /api/mobile/TradeNotify: 请求被中止: 未能创建 SSL/TLS 安全通道。
2017-03-08 18:15:49.432 DEBUG /api/mobile/TradeNotify:  参数:[{"charset":"utf-8","device_id":"123456","mch_id":"6","method":"qct.trade.notify.pay","out_trade_no":"P1000320170308000001","pay_channel":"WX","pay_status":"PAYSUCCESS","receipt_amount":"0.01","sign":"7FAACA995C4EA950442BAED713F44560","sign_type":"MD5","store_id":"10003","trade_date":"2017-03-08 10:52:21","version":"1.0"}]
2017-03-08 18:16:05.976 DEBUG /api/mobile/TradeNotify: 远程服务器返回错误: (401) 未经授权。
2017-03-08 18:18:01.754 DEBUG /api/mobile/TradeNotify:  参数:[{"charset":"utf-8","device_id":"123456","mch_id":"6","method":"qct.trade.notify.pay","out_trade_no":"P1000320170308000001","pay_channel":"WX","pay_status":"PAYSUCCESS","receipt_amount":"0.01","sign":"7FAACA995C4EA950442BAED713F44560","sign_type":"MD5","store_id":"10003","trade_date":"2017-03-08 10:52:21","version":"1.0"}]
2017-03-08 18:18:12.785 DEBUG /api/mobile/TradeNotify: 远程服务器返回错误: (401) 未经授权。
2017-03-08 18:18:27.335 DEBUG /api/mobile/TradeNotify:  参数:[{"charset":"utf-8","device_id":"123456","mch_id":"6","method":"qct.trade.notify.pay","out_trade_no":"P1000320170308000001","pay_channel":"WX","pay_status":"PAYSUCCESS","receipt_amount":"0.01","sign":"7FAACA995C4EA950442BAED713F44560","sign_type":"MD5","store_id":"10003","trade_date":"2017-03-08 10:52:21","version":"1.0"}]
2017-03-08 18:22:42.663 DEBUG /api/mobile/TradeNotify:  参数:[{"charset":"utf-8","device_id":"123456","mch_id":"6","method":"qct.trade.notify.pay","out_trade_no":"P1000320170308000001","pay_channel":"WX","pay_status":"PAYSUCCESS","receipt_amount":"0.01","sign":"7FAACA995C4EA950442BAED713F44560","sign_type":"MD5","store_id":"10003","trade_date":"2017-03-08 10:52:21","version":"1.0"}]
2017-03-08 18:22:52.160 DEBUG /api/mobile/TradeNotify: 远程服务器返回错误: (400) 错误的请求。
2017-03-08 18:22:58.786 DEBUG /api/mobile/TradeNotify:  参数:[{"charset":"utf-8","device_id":"123456","mch_id":"6","method":"qct.trade.notify.pay","out_trade_no":"P1000320170308000001","pay_channel":"WX","pay_status":"PAYSUCCESS","receipt_amount":"0.01","sign":"7FAACA995C4EA950442BAED713F44560","sign_type":"MD5","store_id":"10003","trade_date":"2017-03-08 10:52:21","version":"1.0"}]
2017-03-08 18:25:06.580 DEBUG /api/mobile/TradeNotify:  参数:[{"charset":"utf-8","device_id":"123456","mch_id":"6","method":"qct.trade.notify.pay","out_trade_no":"P1000320170308000001","pay_channel":"WX","pay_status":"PAYSUCCESS","receipt_amount":"0.01","sign":"7FAACA995C4EA950442BAED713F44560","sign_type":"MD5","store_id":"10003","trade_date":"2017-03-08 10:52:21","version":"1.0"}]
