2016-03-05 11:04:37.814 DEBUG QrcodeController: 支付宝当面付,返回结果:{"alipay_trade_pay_response":{"code":"40004","msg":"Business Failed","sub_code":"ACQ.PAYMENT_AUTH_CODE_INVALID","sub_msg":"支付失败，获取顾客账户信息失败，请顾客刷新付款码后重新收款，如再次收款失败，请联系管理员处理。[SOUNDWAVE_PARSER_FAIL]","buyer_pay_amount":"0.00","invoice_amount":"0.00","point_amount":"0.00","receipt_amount":"0.00"},"sign":"gFbi3Mkz250KLVaEUXeAu0pMPVo1aO9uwYiQPF5dPsU76yPgt7SWh27RPwOQyCViEjiSrbaLwzS0ebJvO5Dt7MS1arzPvgGN9S4u3uKC72W0LNeOsp4MNuOKbLF9VJeQQi4EyXo6rIpEbYwCSH5+1QHFgDxhwWMz26BFKxQ8NZ4="}
2016-03-05 11:04:57.908 DEBUG QrcodeController: 支付宝当面付,返回结果:{"alipay_trade_pay_response":{"code":"40004","msg":"Business Failed","sub_code":"ACQ.PAYMENT_AUTH_CODE_INVALID","sub_msg":"支付失败，获取顾客账户信息失败，请顾客刷新付款码后重新收款，如再次收款失败，请联系管理员处理。[SOUNDWAVE_PARSER_FAIL]","buyer_pay_amount":"0.00","invoice_amount":"0.00","point_amount":"0.00","receipt_amount":"0.00"},"sign":"gFbi3Mkz250KLVaEUXeAu0pMPVo1aO9uwYiQPF5dPsU76yPgt7SWh27RPwOQyCViEjiSrbaLwzS0ebJvO5Dt7MS1arzPvgGN9S4u3uKC72W0LNeOsp4MNuOKbLF9VJeQQi4EyXo6rIpEbYwCSH5+1QHFgDxhwWMz26BFKxQ8NZ4="}
2016-03-05 11:06:41.295 DEBUG QrcodeController: 支付宝当面付,返回结果:{"alipay_trade_pay_response":{"code":"40004","msg":"Business Failed","sub_code":"ACQ.TRADE_BUYER_NOT_MATCH","sub_msg":"支付失败，交易买家不匹配，请收银员取消本笔交易并重新收款。[TRADE_BUYER_NOT_MATCH]","buyer_pay_amount":"0.00","invoice_amount":"0.00","out_trade_no":"111","point_amount":"0.00","receipt_amount":"0.00"},"sign":"VxPSe4o13Sz+NAbMBDkOzj0LfYXnDbEeVG97uUUgRJ2CkZDhvXIxRN4fHxuYOT8XOKWbb7yQA8rKwdXo3+4fe3FLdWeOEgzCBbXPcK0utHrongcZxSHjcygVONaase4NMQ6f1g7oGrV7oJ0x9m0D5dh0A283qLDo3Yki7jrNS14="}
2016-03-05 11:07:03.692 DEBUG QrcodeController: 支付宝当面付,返回结果:{"alipay_trade_pay_response":{"code":"40004","msg":"Business Failed","sub_code":"ACQ.PAYMENT_AUTH_CODE_INVALID","sub_msg":"支付失败，获取顾客账户信息失败，请顾客刷新付款码后重新收款，如再次收款失败，请联系管理员处理。[SOUNDWAVE_PARSER_FAIL]","buyer_pay_amount":"0.00","invoice_amount":"0.00","out_trade_no":"21654","point_amount":"0.00","receipt_amount":"0.00"},"sign":"oPN+pzIvMZUmUIwbLPlqlj2JJ46CXOECq8gmk/GNin6qDB9u53J0KhI/7UUomYu7KQ8wj2CqTbfk6YZcNlbq5kbJjyiRgCCcl01EBXgBUFbsHs1Vs9r/xkVfGiowkhnxld3oJ5TytxxICTJj72FIQnFybSVkWHFF0/lBFsjZaTY="}
2016-03-05 11:07:11.507 DEBUG QrcodeController: 支付宝当面付,返回结果:{"alipay_trade_pay_response":{"code":"40004","msg":"Business Failed","sub_code":"ACQ.PAYMENT_AUTH_CODE_INVALID","sub_msg":"支付失败，获取顾客账户信息失败，请顾客刷新付款码后重新收款，如再次收款失败，请联系管理员处理。[SOUNDWAVE_PARSER_FAIL]","buyer_pay_amount":"0.00","invoice_amount":"0.00","out_trade_no":"21654","point_amount":"0.00","receipt_amount":"0.00"},"sign":"oPN+pzIvMZUmUIwbLPlqlj2JJ46CXOECq8gmk/GNin6qDB9u53J0KhI/7UUomYu7KQ8wj2CqTbfk6YZcNlbq5kbJjyiRgCCcl01EBXgBUFbsHs1Vs9r/xkVfGiowkhnxld3oJ5TytxxICTJj72FIQnFybSVkWHFF0/lBFsjZaTY="}
2016-03-05 11:09:07.053 DEBUG QrcodeController: 支付宝当面付,返回结果:{"alipay_trade_pay_response":{"code":"10003","msg":" order success pay inprocess","buyer_logon_id":"251***@qq.com","buyer_pay_amount":"0.00","buyer_user_id":"2088202511799684","invoice_amount":"0.00","open_id":"20881007822324006729587460413368","out_trade_no":"21654","point_amount":"0.00","receipt_amount":"0.00","total_amount":"0.10","trade_no":"2016030521001004680289373031"},"sign":"kl7+o4YpwjglTayIWHJnqaJb83GOOZeLHHV7WHIerY62I763teYsDmQrG/vEP7IKbha6BTi0UpK6pSV4vve7shwjb9ZaQadRTNruoSJvvl6BdP192Z9HXaPjpSXX8qW92mxfCkWHRiUJ/TGU2S4tRM3A60is+jpdiwb6a13GmGM="}
2016-03-05 11:13:12.547 DEBUG QrcodeController: 支付宝当面付,返回结果:{"alipay_trade_pay_response":{"code":"40004","msg":"Business Failed","sub_code":"ACQ.TRADE_BUYER_NOT_MATCH","sub_msg":"支付失败，交易买家不匹配，请收银员取消本笔交易并重新收款。[TRADE_BUYER_NOT_MATCH]","buyer_pay_amount":"0.00","invoice_amount":"0.00","out_trade_no":"111","point_amount":"0.00","receipt_amount":"0.00"},"sign":"VxPSe4o13Sz+NAbMBDkOzj0LfYXnDbEeVG97uUUgRJ2CkZDhvXIxRN4fHxuYOT8XOKWbb7yQA8rKwdXo3+4fe3FLdWeOEgzCBbXPcK0utHrongcZxSHjcygVONaase4NMQ6f1g7oGrV7oJ0x9m0D5dh0A283qLDo3Yki7jrNS14="}
2016-03-05 11:13:25.280 DEBUG QrcodeController: 支付宝当面付,返回结果:{"alipay_trade_pay_response":{"code":"40004","msg":"Business Failed","sub_code":"ACQ.PAYMENT_AUTH_CODE_INVALID","sub_msg":"支付失败，获取顾客账户信息失败，请顾客刷新付款码后重新收款，如再次收款失败，请联系管理员处理。[SOUNDWAVE_PARSER_FAIL]","buyer_pay_amount":"0.00","invoice_amount":"0.00","out_trade_no":"123123","point_amount":"0.00","receipt_amount":"0.00"},"sign":"OmVhO80JNrsS1bOn7k4G704Dh2Qqsz++lDVHmEwf2A96XLzZvwDQhSknEtMTn/GftLElAvsUCQ8Ap9CnYJWt5KduuBsPsEHNhUhOSJkmKyr5WFj/iT8P+XgRIYutamLS/OV7DSciwhZDtN/vzInr779EfnEV72rXdJKDlhiOc0c="}
2016-03-05 11:14:36.734 DEBUG QrcodeController: 支付宝当面付,返回结果:{"alipay_trade_pay_response":{"code":"40004","msg":"Business Failed","sub_code":"ACQ.PAYMENT_AUTH_CODE_INVALID","sub_msg":"支付失败，获取顾客账户信息失败，请顾客刷新付款码后重新收款，如再次收款失败，请联系管理员处理。[SOUNDWAVE_PARSER_FAIL]","buyer_pay_amount":"0.00","invoice_amount":"0.00","out_trade_no":"123123","point_amount":"0.00","receipt_amount":"0.00"},"sign":"OmVhO80JNrsS1bOn7k4G704Dh2Qqsz++lDVHmEwf2A96XLzZvwDQhSknEtMTn/GftLElAvsUCQ8Ap9CnYJWt5KduuBsPsEHNhUhOSJkmKyr5WFj/iT8P+XgRIYutamLS/OV7DSciwhZDtN/vzInr779EfnEV72rXdJKDlhiOc0c="}
2016-03-05 11:15:38.469 DEBUG QrcodeController: 支付宝当面付,返回结果:{"alipay_trade_pay_response":{"code":"10003","msg":" order success pay inprocess","buyer_logon_id":"251***@qq.com","buyer_pay_amount":"0.00","buyer_user_id":"2088202511799684","invoice_amount":"0.00","open_id":"20881007822324006729587460413368","out_trade_no":"123123","point_amount":"0.00","receipt_amount":"0.00","total_amount":"0.10","trade_no":"2016030521001004680290176372"},"sign":"I4o9zOQ/CoDzBaKUqOx+qLIH53dAMvJA+JBsfFp8uZVm0R1eNv7AdPEB1IAif041WuY/idQNgLPR3SXOhrxIoIulb3k4SBxFlhU2cqje0f6hOC4rkW39Wd6+mUtJAx40mpEyVUb1QcZfEb8rwUIfrIGpgERnuzYWPvgvZ01c0fM="}
2016-03-05 11:16:07.930 DEBUG QrcodeController: 支付宝当面付,返回结果:{"alipay_trade_pay_response":{"code":"40004","msg":"Business Failed","sub_code":"ACQ.PAYMENT_AUTH_CODE_INVALID","sub_msg":"支付失败，获取顾客账户信息失败，请顾客刷新付款码后重新收款，如再次收款失败，请联系管理员处理。[SOUNDWAVE_PARSER_FAIL]","buyer_pay_amount":"0.00","invoice_amount":"0.00","out_trade_no":"232212","point_amount":"0.00","receipt_amount":"0.00"},"sign":"GjhsXbeBG04ve2zKFz4wnZifeYVSS4iir80UcHria4T2b/nOBvEclHcYV3DbqYyYnTUzhHdhLOQp4xJ+5GyFfQeB04eIB56GJN68tye1s0NDmTBthlcwH1pG/6ilOwv/Q3wxWr9Hv41U3c4HHQh8XyJq5XKUB0BcOf4VqyKHJWI="}
2016-03-05 11:16:34.154 DEBUG QrcodeController: 支付宝当面付,返回结果:{"alipay_trade_pay_response":{"code":"10000","msg":"Success","buyer_logon_id":"251***@qq.com","buyer_pay_amount":"0.10","buyer_user_id":"2088202511799684","fund_bill_list":[{"amount":"0.10","fund_channel":"ALIPAYACCOUNT"}],"gmt_payment":"2016-03-05 11:17:09","invoice_amount":"0.10","open_id":"20881007822324006729587460413368","out_trade_no":"232212","point_amount":"0.00","receipt_amount":"0.10","total_amount":"0.10","trade_no":"2016030521001004680284081822"},"sign":"evrZNDMKpbvQlCP4zvjb7NZhULPBhw+CAldjI6ciU/mbqpI1M8r2aiDhkKUseI97/StgGRYj9NdbrOsEY5HTNl5RQ+qvX7s5RUNeXqFXk284rNUsDcyTg1UgQIpdsMtqFvHb12ZCjEhFNrffAKVUl5t3+mD7ehHPuXZ9Q+4ELio="}
2016-03-05 11:18:37.341 DEBUG QrcodeController: 支付宝当面付,返回结果:{"alipay_trade_pay_response":{"code":"40004","msg":"Business Failed","sub_code":"ACQ.CONTEXT_INCONSISTENT","sub_msg":"支付失败，商户订单号重复，请收银员取消本笔交易并重新收款。[CONTEXT_INCONSISTENT]","buyer_pay_amount":"0.00","invoice_amount":"0.00","out_trade_no":"232212","point_amount":"0.00","receipt_amount":"0.00"},"sign":"WzEXFQ9waMXMBLl5A5JrtbPm6WdO2qfmVm9+cwRWbhn5rRLVW46VPo0sDRCc3Ng9LC/Um2HwcchLRiMUkkjKtDcAXvFhPKBE7tpHj5KC9+qwXiP87GGsfdaBlJTgjFbn0Nlmb9J6vTGLcoxKxrzF+PKbB1RGDs8sU7azHlELZTk="}
2016-03-05 11:26:47.185 DEBUG QrcodeController: 支付宝当面付,返回结果:{"alipay_trade_pay_response":{"code":"40004","msg":"Business Failed","sub_code":"ACQ.CONTEXT_INCONSISTENT","sub_msg":"支付失败，商户订单号重复，请收银员取消本笔交易并重新收款。[CONTEXT_INCONSISTENT]","buyer_pay_amount":"0.00","invoice_amount":"0.00","out_trade_no":"232212","point_amount":"0.00","receipt_amount":"0.00"},"sign":"WzEXFQ9waMXMBLl5A5JrtbPm6WdO2qfmVm9+cwRWbhn5rRLVW46VPo0sDRCc3Ng9LC/Um2HwcchLRiMUkkjKtDcAXvFhPKBE7tpHj5KC9+qwXiP87GGsfdaBlJTgjFbn0Nlmb9J6vTGLcoxKxrzF+PKbB1RGDs8sU7azHlELZTk="}
2016-03-05 11:29:38.393 DEBUG WxPayApi: MicroPay request : <xml><appid><![CDATA[wxbeb2e5a46ca7bf69]]></appid><auth_code><![CDATA[287757350594992087]]></auth_code><body><![CDATA[订单编号 232212]]></body><mch_id><![CDATA[1240541002]]></mch_id><nonce_str><![CDATA[aedb8cb7eb9e4d7987f96fd3cb72eb4e]]></nonce_str><out_trade_no><![CDATA[124054100220160305112938967]]></out_trade_no><sign><![CDATA[D6B25E4FF1C4029FE8BF6AA8450F2F55]]></sign><spbill_create_ip><![CDATA[8.8.8.8]]></spbill_create_ip><total_fee>1</total_fee></xml>
2016-03-05 11:29:38.934 DEBUG WxPayApi: MicroPay response : <xml><return_code><![CDATA[SUCCESS]]></return_code>
<return_msg><![CDATA[OK]]></return_msg>
<appid><![CDATA[wxbeb2e5a46ca7bf69]]></appid>
<mch_id><![CDATA[1240541002]]></mch_id>
<nonce_str><![CDATA[6GHmPpikF6ulv0zX]]></nonce_str>
<sign><![CDATA[4E30D090DBA89E9267EE4BCDEB65D3AA]]></sign>
<result_code><![CDATA[FAIL]]></result_code>
<err_code><![CDATA[AUTH_CODE_INVALID]]></err_code>
<err_code_des><![CDATA[请扫描微信支付被扫条码/二维码]]></err_code_des>
</xml>
2016-03-05 11:29:39.002 ERROR QrcodeController: 微信当面付,业务处理失败!请扫描微信支付被扫条码/二维码
2016-03-05 11:29:58.155 DEBUG WxPayApi: MicroPay request : <xml><appid><![CDATA[wxbeb2e5a46ca7bf69]]></appid><auth_code><![CDATA[287757350594992087]]></auth_code><body><![CDATA[订单编号 232212]]></body><mch_id><![CDATA[1240541002]]></mch_id><nonce_str><![CDATA[fb4fcfd625f04d1fb61721c3f8c093b1]]></nonce_str><out_trade_no><![CDATA[124054100220160305112958899]]></out_trade_no><sign><![CDATA[71A9B954C73E2D0298851690F30B417B]]></sign><spbill_create_ip><![CDATA[8.8.8.8]]></spbill_create_ip><total_fee>1</total_fee></xml>
2016-03-05 11:29:58.605 DEBUG WxPayApi: MicroPay response : <xml><return_code><![CDATA[SUCCESS]]></return_code>
<return_msg><![CDATA[OK]]></return_msg>
<appid><![CDATA[wxbeb2e5a46ca7bf69]]></appid>
<mch_id><![CDATA[1240541002]]></mch_id>
<nonce_str><![CDATA[yMxBwQdQTU3E2AtT]]></nonce_str>
<sign><![CDATA[5C234D9FE04F6A6BF05738993FF9C0B8]]></sign>
<result_code><![CDATA[FAIL]]></result_code>
<err_code><![CDATA[AUTH_CODE_INVALID]]></err_code>
<err_code_des><![CDATA[请扫描微信支付被扫条码/二维码]]></err_code_des>
</xml>
2016-03-05 11:30:33.016 ERROR QrcodeController: 微信当面付,业务处理失败!请扫描微信支付被扫条码/二维码
2016-03-05 11:37:50.447 DEBUG WxPayApi: MicroPay request : <xml><appid><![CDATA[wxbeb2e5a46ca7bf69]]></appid><auth_code><![CDATA[287757350594992087]]></auth_code><body><![CDATA[订单编号 232212]]></body><mch_id><![CDATA[1240541002]]></mch_id><nonce_str><![CDATA[3794026219ea4962a2d39dfe1f3e05e6]]></nonce_str><out_trade_no><![CDATA[124054100220160305113750718]]></out_trade_no><sign><![CDATA[0C7A111204D1F8A128B2CFF5079A103F]]></sign><spbill_create_ip><![CDATA[8.8.8.8]]></spbill_create_ip><total_fee>1</total_fee></xml>
2016-03-05 11:37:50.921 DEBUG WxPayApi: MicroPay response : <xml><return_code><![CDATA[SUCCESS]]></return_code>
<return_msg><![CDATA[OK]]></return_msg>
<appid><![CDATA[wxbeb2e5a46ca7bf69]]></appid>
<mch_id><![CDATA[1240541002]]></mch_id>
<nonce_str><![CDATA[xUddXU9DsHijqVVB]]></nonce_str>
<sign><![CDATA[032F6321207C256B6E64F131C915F7B9]]></sign>
<result_code><![CDATA[FAIL]]></result_code>
<err_code><![CDATA[AUTH_CODE_INVALID]]></err_code>
<err_code_des><![CDATA[请扫描微信支付被扫条码/二维码]]></err_code_des>
</xml>
2016-03-05 11:37:55.452 ERROR QrcodeController: 微信当面付,业务处理失败!请扫描微信支付被扫条码/二维码
2016-03-05 11:38:27.203 DEBUG WxPayApi: MicroPay request : <xml><appid><![CDATA[wxbeb2e5a46ca7bf69]]></appid><auth_code><![CDATA[130150999629818874]]></auth_code><body><![CDATA[订单编号 232212]]></body><mch_id><![CDATA[1240541002]]></mch_id><nonce_str><![CDATA[ba8e966501004e37a4af30b3ac5d1386]]></nonce_str><out_trade_no><![CDATA[124054100220160305113827938]]></out_trade_no><sign><![CDATA[A4A4353AF674C70089CFF4D5685E3791]]></sign><spbill_create_ip><![CDATA[8.8.8.8]]></spbill_create_ip><total_fee>1</total_fee></xml>
2016-03-05 11:38:28.381 DEBUG WxPayApi: MicroPay response : <xml><return_code><![CDATA[SUCCESS]]></return_code>
<return_msg><![CDATA[OK]]></return_msg>
<appid><![CDATA[wxbeb2e5a46ca7bf69]]></appid>
<mch_id><![CDATA[1240541002]]></mch_id>
<nonce_str><![CDATA[lmV5iERy7UaE7fz2]]></nonce_str>
<sign><![CDATA[973395CE23EADF0D241A231F6271A01D]]></sign>
<result_code><![CDATA[SUCCESS]]></result_code>
<openid><![CDATA[oAZCps75h8Jyj1a0uyIktHiGHbho]]></openid>
<is_subscribe><![CDATA[Y]]></is_subscribe>
<trade_type><![CDATA[MICROPAY]]></trade_type>
<bank_type><![CDATA[ABC_DEBIT]]></bank_type>
<total_fee>1</total_fee>
<fee_type><![CDATA[CNY]]></fee_type>
<transaction_id><![CDATA[1007260902201603053740545886]]></transaction_id>
<out_trade_no><![CDATA[124054100220160305113827938]]></out_trade_no>
<attach><![CDATA[]]></attach>
<time_end><![CDATA[20160305113903]]></time_end>
<cash_fee>1</cash_fee>
<cash_fee_type><![CDATA[]]></cash_fee_type>
</xml>
2016-03-05 11:38:43.203 DEBUG WxPayApi: MicroPay request : <xml><appid><![CDATA[wxbeb2e5a46ca7bf69]]></appid><auth_code><![CDATA[130150999629818874]]></auth_code><body><![CDATA[订单编号 232212]]></body><mch_id><![CDATA[1240541002]]></mch_id><nonce_str><![CDATA[851c4bce0e3f45cb9a44a6615f12d618]]></nonce_str><out_trade_no><![CDATA[124054100220160305113843878]]></out_trade_no><sign><![CDATA[60CBECDF2FB8C67EEC7146F0D0FDE3FD]]></sign><spbill_create_ip><![CDATA[8.8.8.8]]></spbill_create_ip><total_fee>1</total_fee></xml>
2016-03-05 11:38:43.736 DEBUG WxPayApi: MicroPay response : <xml><return_code><![CDATA[SUCCESS]]></return_code>
<return_msg><![CDATA[OK]]></return_msg>
<appid><![CDATA[wxbeb2e5a46ca7bf69]]></appid>
<mch_id><![CDATA[1240541002]]></mch_id>
<nonce_str><![CDATA[uqjegzT7Z7xzyIrP]]></nonce_str>
<sign><![CDATA[A2886B40BB7D936AA795F66913B12F9E]]></sign>
<result_code><![CDATA[FAIL]]></result_code>
<err_code><![CDATA[AUTHCODEEXPIRE]]></err_code>
<err_code_des><![CDATA[每个二维码仅限使用一次，请刷新再试]]></err_code_des>
</xml>
2016-03-05 11:38:55.396 ERROR QrcodeController: 微信当面付,业务处理失败!每个二维码仅限使用一次，请刷新再试
2016-03-05 11:39:25.852 DEBUG WxPayApi: MicroPay request : <xml><appid><![CDATA[wxbeb2e5a46ca7bf69]]></appid><auth_code><![CDATA[130390716648871217]]></auth_code><body><![CDATA[订单编号 232212]]></body><mch_id><![CDATA[1240541002]]></mch_id><nonce_str><![CDATA[db02c39b0d044a00b412a6506a8a2815]]></nonce_str><out_trade_no><![CDATA[124054100220160305113925318]]></out_trade_no><sign><![CDATA[D7A5A5A09615066F75A75319BF4F065A]]></sign><spbill_create_ip><![CDATA[8.8.8.8]]></spbill_create_ip><total_fee>1</total_fee></xml>
2016-03-05 11:39:27.574 DEBUG WxPayApi: MicroPay response : <xml><return_code><![CDATA[SUCCESS]]></return_code>
<return_msg><![CDATA[OK]]></return_msg>
<appid><![CDATA[wxbeb2e5a46ca7bf69]]></appid>
<mch_id><![CDATA[1240541002]]></mch_id>
<nonce_str><![CDATA[MagRvPn1ULxSkNpc]]></nonce_str>
<sign><![CDATA[D082D5989D4F7FA6B3FABF9C1A21F1FC]]></sign>
<result_code><![CDATA[SUCCESS]]></result_code>
<openid><![CDATA[oAZCps75h8Jyj1a0uyIktHiGHbho]]></openid>
<is_subscribe><![CDATA[Y]]></is_subscribe>
<trade_type><![CDATA[MICROPAY]]></trade_type>
<bank_type><![CDATA[CFT]]></bank_type>
<total_fee>1</total_fee>
<fee_type><![CDATA[CNY]]></fee_type>
<transaction_id><![CDATA[1007260902201603053740562235]]></transaction_id>
<out_trade_no><![CDATA[124054100220160305113925318]]></out_trade_no>
<attach><![CDATA[]]></attach>
<time_end><![CDATA[20160305114002]]></time_end>
<cash_fee>1</cash_fee>
<cash_fee_type><![CDATA[]]></cash_fee_type>
</xml>
2016-03-05 11:47:51.480 DEBUG QrcodeController: 支付宝当面付,返回结果:{"alipay_trade_pay_response":{"code":"40004","msg":"Business Failed","sub_code":"ACQ.PAYMENT_AUTH_CODE_INVALID","sub_msg":"支付失败，获取顾客账户信息失败，请顾客刷新付款码后重新收款，如再次收款失败，请联系管理员处理。[SOUNDWAVE_PARSER_FAIL]","buyer_pay_amount":"0.00","invoice_amount":"0.00","point_amount":"0.00","receipt_amount":"0.00"},"sign":"gFbi3Mkz250KLVaEUXeAu0pMPVo1aO9uwYiQPF5dPsU76yPgt7SWh27RPwOQyCViEjiSrbaLwzS0ebJvO5Dt7MS1arzPvgGN9S4u3uKC72W0LNeOsp4MNuOKbLF9VJeQQi4EyXo6rIpEbYwCSH5+1QHFgDxhwWMz26BFKxQ8NZ4="}
2016-03-05 11:48:46.552 DEBUG QrcodeController: 支付宝当面付,返回结果:{"alipay_trade_pay_response":{"code":"40004","msg":"Business Failed","sub_code":"ACQ.PAYMENT_AUTH_CODE_INVALID","sub_msg":"支付失败，获取顾客账户信息失败，请顾客刷新付款码后重新收款，如再次收款失败，请联系管理员处理。[SOUNDWAVE_PARSER_FAIL]","buyer_pay_amount":"0.00","invoice_amount":"0.00","point_amount":"0.00","receipt_amount":"0.00"},"sign":"gFbi3Mkz250KLVaEUXeAu0pMPVo1aO9uwYiQPF5dPsU76yPgt7SWh27RPwOQyCViEjiSrbaLwzS0ebJvO5Dt7MS1arzPvgGN9S4u3uKC72W0LNeOsp4MNuOKbLF9VJeQQi4EyXo6rIpEbYwCSH5+1QHFgDxhwWMz26BFKxQ8NZ4="}
