2016-01-22 11:30:45.305 DEBUG QrcodeController: 支付失败，获取顾客账户信息失败，请顾客刷新付款码后重新收款，如再次收款失败，请联系管理员处理。[SOUNDWAVE_PARSER_FAIL]
2016-01-22 11:33:09.129 DEBUG QrcodeController:  order success pay inprocess
2016-01-22 11:46:31.315 DEBUG QrcodeController: 2016012221001004680088731358
2016-01-22 11:47:43.097 DEBUG QrcodeController: 
2016-01-22 11:49:24.990 DEBUG QrcodeController: 
2016-01-22 11:50:16.855 DEBUG QrcodeController: 2016012221001004680088731358
2016-01-22 11:50:53.646 DEBUG QrcodeController: 2016012221001004680088731358
2016-01-22 12:12:50.286 DEBUG QrcodeController: 2016012221001004680088731358
2016-01-22 12:13:38.465 DEBUG QrcodeController:  order success pay inprocess
2016-01-22 12:14:54.231 DEBUG QrcodeController: 支付失败，本笔交易已关闭。[TRADE_HAS_CLOSE]
2016-01-22 12:15:16.097 DEBUG QrcodeController: 2016012221001004680088731358
2016-01-22 12:18:32.051 DEBUG QrcodeController:  order success pay inprocess
2016-01-22 12:22:22.497 DEBUG QrcodeController:  order success pay inprocess
2016-01-22 12:22:52.584 DEBUG QrcodeController: 支付失败，本笔交易已关闭。[TRADE_HAS_CLOSE]
2016-01-22 12:23:13.762 DEBUG QrcodeController: 支付失败，获取顾客账户信息失败，请顾客刷新付款码后重新收款，如再次收款失败，请联系管理员处理。[SOUNDWAVE_PARSER_FAIL]
2016-01-22 12:24:26.033 DEBUG QrcodeController:  order success pay inprocess
2016-01-22 12:24:43.812 DEBUG QrcodeController: 支付失败，获取顾客账户信息失败，请顾客刷新付款码后重新收款，如再次收款失败，请联系管理员处理。[SOUNDWAVE_PARSER_FAIL]
2016-01-22 12:26:18.907 DEBUG QrcodeController:  order success pay inprocess
2016-01-22 12:27:45.162 DEBUG QrcodeController: 支付失败，本笔交易已关闭。[TRADE_HAS_CLOSE]
2016-01-22 12:52:24.119 DEBUG WxPayApi: MicroPay request : <xml><appid><![CDATA[wxefc6681a35189ab8]]></appid><auth_code><![CDATA[130257554384515830]]></auth_code><body><![CDATA[订单编号 65474414]]></body><mch_id><![CDATA[1273991801]]></mch_id><nonce_str><![CDATA[4749bf14b332486d8fc3cd6eca5a1e2b]]></nonce_str><out_trade_no><![CDATA[127399180120160122125224323]]></out_trade_no><sign><![CDATA[5988F57AC331B47D3DC73FFD63107DD8]]></sign><spbill_create_ip><![CDATA[8.8.8.8]]></spbill_create_ip><total_fee>5000</total_fee></xml>
2016-01-22 12:52:25.723 DEBUG WxPayApi: MicroPay response : <xml><return_code><![CDATA[SUCCESS]]></return_code>
<return_msg><![CDATA[OK]]></return_msg>
<appid><![CDATA[wxefc6681a35189ab8]]></appid>
<mch_id><![CDATA[1273991801]]></mch_id>
<nonce_str><![CDATA[VHRbIdrtzkRyydFV]]></nonce_str>
<sign><![CDATA[2739217072547A18CAF9ED7A420AA189]]></sign>
<result_code><![CDATA[FAIL]]></result_code>
<err_code><![CDATA[NOTENOUGH]]></err_code>
<err_code_des><![CDATA[余额不足]]></err_code_des>
</xml>
2016-01-22 12:52:25.731 ERROR QrcodeController: 业务处理失败!errCode:NOTENOUGH
2016-01-22 12:52:41.997 DEBUG WxPayApi: MicroPay request : <xml><appid><![CDATA[wxefc6681a35189ab8]]></appid><auth_code><![CDATA[130257554384515830]]></auth_code><body><![CDATA[订单编号 65474414]]></body><mch_id><![CDATA[1273991801]]></mch_id><nonce_str><![CDATA[f971db6a31954870b4eb990fece47e7f]]></nonce_str><out_trade_no><![CDATA[127399180120160122125241796]]></out_trade_no><sign><![CDATA[63C6F36CA36D4672628571BE8DA928CF]]></sign><spbill_create_ip><![CDATA[8.8.8.8]]></spbill_create_ip><total_fee>5000</total_fee></xml>
2016-01-22 12:52:42.524 DEBUG WxPayApi: MicroPay response : <xml><return_code><![CDATA[SUCCESS]]></return_code>
<return_msg><![CDATA[OK]]></return_msg>
<appid><![CDATA[wxefc6681a35189ab8]]></appid>
<mch_id><![CDATA[1273991801]]></mch_id>
<nonce_str><![CDATA[VKsJd8pY2rUhkdGg]]></nonce_str>
<sign><![CDATA[26ECB3DABD016593388A1DD7155277C0]]></sign>
<result_code><![CDATA[FAIL]]></result_code>
<err_code><![CDATA[AUTHCODEEXPIRE]]></err_code>
<err_code_des><![CDATA[每个二维码仅限使用一次，请刷新再试]]></err_code_des>
</xml>
2016-01-22 12:52:42.526 ERROR QrcodeController: 业务处理失败!errCode:AUTHCODEEXPIRE
2016-01-22 13:02:15.690 DEBUG WxPayApi: MicroPay request : <xml><appid><![CDATA[wxefc6681a35189ab8]]></appid><auth_code><![CDATA[130257554384515830]]></auth_code><body><![CDATA[订单编号 65474414]]></body><mch_id><![CDATA[1273991801]]></mch_id><nonce_str><![CDATA[3f969a82a29945a78a1607074bcddb80]]></nonce_str><out_trade_no><![CDATA[12739918012016012213021565]]></out_trade_no><sign><![CDATA[91DCF5EBC63165A5E7DBC5E0120342E9]]></sign><spbill_create_ip><![CDATA[8.8.8.8]]></spbill_create_ip><total_fee>5000</total_fee></xml>
2016-01-22 13:02:16.580 DEBUG WxPayApi: MicroPay response : <xml><return_code><![CDATA[SUCCESS]]></return_code>
<return_msg><![CDATA[OK]]></return_msg>
<appid><![CDATA[wxefc6681a35189ab8]]></appid>
<mch_id><![CDATA[1273991801]]></mch_id>
<nonce_str><![CDATA[GiuTE7p3n6070mpz]]></nonce_str>
<sign><![CDATA[2D79A77CC78DB93C9DD4AF88F5F51365]]></sign>
<result_code><![CDATA[FAIL]]></result_code>
<err_code><![CDATA[AUTHCODEEXPIRE]]></err_code>
<err_code_des><![CDATA[每个二维码仅限使用一次，请刷新再试]]></err_code_des>
</xml>
2016-01-22 13:02:16.588 ERROR QrcodeController: 业务处理失败!每个二维码仅限使用一次，请刷新再试
2016-01-22 13:02:32.874 DEBUG QrcodeController: 支付宝当面付,{"alipay_trade_pay_response":{"code":"40004","msg":"Business Failed","sub_code":"ACQ.PAYMENT_AUTH_CODE_INVALID","sub_msg":"支付失败，获取顾客账户信息失败，请顾客刷新付款码后重新收款，如再次收款失败，请联系管理员处理。[SOUNDWAVE_PARSER_FAIL]","buyer_pay_amount":"0.00","invoice_amount":"0.00","point_amount":"0.00","receipt_amount":"0.00"},"sign":"gFbi3Mkz250KLVaEUXeAu0pMPVo1aO9uwYiQPF5dPsU76yPgt7SWh27RPwOQyCViEjiSrbaLwzS0ebJvO5Dt7MS1arzPvgGN9S4u3uKC72W0LNeOsp4MNuOKbLF9VJeQQi4EyXo6rIpEbYwCSH5+1QHFgDxhwWMz26BFKxQ8NZ4="}
2016-01-22 13:09:58.901 DEBUG QrcodeController: 支付宝当面付,{"alipay_trade_pay_response":{"code":"40004","msg":"Business Failed","sub_code":"ACQ.PAYMENT_AUTH_CODE_INVALID","sub_msg":"支付失败，获取顾客账户信息失败，请顾客刷新付款码后重新收款，如再次收款失败，请联系管理员处理。[SOUNDWAVE_PARSER_FAIL]","buyer_pay_amount":"0.00","invoice_amount":"0.00","point_amount":"0.00","receipt_amount":"0.00"},"sign":"gFbi3Mkz250KLVaEUXeAu0pMPVo1aO9uwYiQPF5dPsU76yPgt7SWh27RPwOQyCViEjiSrbaLwzS0ebJvO5Dt7MS1arzPvgGN9S4u3uKC72W0LNeOsp4MNuOKbLF9VJeQQi4EyXo6rIpEbYwCSH5+1QHFgDxhwWMz26BFKxQ8NZ4="}
2016-01-22 13:11:27.435 DEBUG QrcodeController: 支付宝当面付,{"alipay_trade_pay_response":{"code":"40004","msg":"Business Failed","sub_code":"ACQ.CONTEXT_INCONSISTENT","sub_msg":"支付失败，商户订单号重复，请收银员取消本笔交易并重新收款。[CONTEXT_INCONSISTENT]","buyer_pay_amount":"0.00","invoice_amount":"0.00","out_trade_no":"65474414","point_amount":"0.00","receipt_amount":"0.00"},"sign":"F94NuqyXbShyx1dtpjhS9am6NCm/KWMy3XX6waCpjl0qF+sgValrFtq57XNWre/ZD0yz+QHlx9anBngafTxilNuPAfqcbJT7X06hR/dU2FMayjMEy/7ET8JSj7aq7TCYFygQwzx+eeZXplcYzNcdx1D+jH1cUZeMq2MX1+0IKzE="}
2016-01-22 13:11:47.918 DEBUG QrcodeController: 支付宝当面付,{"alipay_trade_pay_response":{"code":"40004","msg":"Business Failed","sub_code":"ACQ.CONTEXT_INCONSISTENT","sub_msg":"支付失败，商户订单号重复，请收银员取消本笔交易并重新收款。[CONTEXT_INCONSISTENT]","buyer_pay_amount":"0.00","invoice_amount":"0.00","out_trade_no":"65474414","point_amount":"0.00","receipt_amount":"0.00"},"sign":"F94NuqyXbShyx1dtpjhS9am6NCm/KWMy3XX6waCpjl0qF+sgValrFtq57XNWre/ZD0yz+QHlx9anBngafTxilNuPAfqcbJT7X06hR/dU2FMayjMEy/7ET8JSj7aq7TCYFygQwzx+eeZXplcYzNcdx1D+jH1cUZeMq2MX1+0IKzE="}
2016-01-22 13:11:56.476 DEBUG QrcodeController: 支付宝当面付,{"alipay_trade_pay_response":{"code":"40004","msg":"Business Failed","sub_code":"ACQ.PAYMENT_AUTH_CODE_INVALID","sub_msg":"支付失败，获取顾客账户信息失败，请顾客刷新付款码后重新收款，如再次收款失败，请联系管理员处理。[SOUNDWAVE_PARSER_FAIL]","buyer_pay_amount":"0.00","invoice_amount":"0.00","out_trade_no":"65474466","point_amount":"0.00","receipt_amount":"0.00"},"sign":"i5Qoq0kcL++zjEUyKGpntMo9Ur/E+1j52Auk9sb6Xd+yPj+HlmM/maxECpa+vytYt52L70nkG9g3BIwAaUxP/ztS4Od3EGksqowPs2VHp5FGiyFJU8Jhqu1p0nKzJKSZcb9X8uEEt0gHslbVcqwe0yXgv+VYQRn5aY/XhIsnTM8="}
2016-01-22 13:12:54.170 DEBUG QrcodeController: 支付宝当面付,{"alipay_trade_pay_response":{"code":"10003","msg":" order success pay inprocess","buyer_logon_id":"251***@qq.com","buyer_pay_amount":"0.00","buyer_user_id":"2088202511799684","invoice_amount":"0.00","open_id":"20881007822324006729587460413368","out_trade_no":"65474466","point_amount":"0.00","receipt_amount":"0.00","total_amount":"0.01","trade_no":"2016012221001004680082250431"},"sign":"vcTuAvUKjXZGh6ulLKm4EHYPcZ/lt9UWe2pbBLurhkDFnYkLgP+ahm5lm/qAPFC34Fdf/1HdFNJd+dTxYuuno3LNlqc0vWu3ibmT/7gZCAEcv6sLNSvWfLc45ghdcZI1GEPwysfqxeKLBvUlhrXEocTVQPUoZCyQJQsyOfRbF6M="}
2016-01-22 13:13:06.378 DEBUG QrcodeController: 支付宝当面付,{"alipay_trade_pay_response":{"code":"40004","msg":"Business Failed","sub_code":"ACQ.PAYMENT_AUTH_CODE_INVALID","sub_msg":"支付失败，获取顾客账户信息失败，请顾客刷新付款码后重新收款，如再次收款失败，请联系管理员处理。[SOUNDWAVE_PARSER_FAIL]","buyer_pay_amount":"0.00","invoice_amount":"0.00","out_trade_no":"65474468","point_amount":"0.00","receipt_amount":"0.00"},"sign":"SsavqCkVONgHVNzFXa8KX9rNNW1rzyx8ZFX2sQO1RBIh6ZxRntrXrVfrWwHXPau6hwHFkr7vxScYmbm5Q0XfGmy1HtOYWxjbt19Ni01lYrVDHdLSZiS8X91Gs/hH8pFzTyNgztlVWHOdh56nXF8o/5SLwTFenkvQtl1iHITETkA="}
2016-01-22 13:24:45.635 DEBUG QrcodeController: 支付宝当面付,{"alipay_trade_pay_response":{"code":"10003","msg":" order success pay inprocess","buyer_logon_id":"251***@qq.com","buyer_pay_amount":"0.00","buyer_user_id":"2088202511799684","invoice_amount":"0.00","open_id":"20881007822324006729587460413368","out_trade_no":"65474468","point_amount":"0.00","receipt_amount":"0.00","total_amount":"0.01","trade_no":"2016012221001004680081481481"},"sign":"MSmEah1Pi3AVl9wJ4WlNWhSWWl3lqawEYPGl3sprDyIelJXjmSPSoUEbfF5+FkZpF2hLaVSjQib30wA9c2o37SYY4uPOB3iR3ZnXMdd2T67IguDVpwpuUNR/uZ2ZXW91zRR9LTHCiEqv41nIzzf6qF220KUIQnVHSRHAO0dfDCY="}
2016-01-22 13:26:09.253 DEBUG QrcodeController: 支付宝当面付,{"alipay_trade_pay_response":{"code":"40004","msg":"Business Failed","sub_code":"ACQ.TRADE_HAS_CLOSE","sub_msg":"支付失败，本笔交易已关闭。[TRADE_HAS_CLOSE]","buyer_logon_id":"251***@qq.com","buyer_pay_amount":"0.00","buyer_user_id":"2088202511799684","invoice_amount":"0.00","open_id":"20881007822324006729587460413368","out_trade_no":"65474468","point_amount":"0.00","receipt_amount":"0.00"},"sign":"cLFXr2zjHprfAJLRo9/WXnZBxyU6ZMkM4LY/zFbONoq0TpJqFzUUQ7zxx9+zwgmsmtp7043IBYCrOiP5h1ZJiexlE0+ZGKi5LkNE2FqQ/prkyThfWlez/wajwbkuXzi0Uhe1MPNDjoiDjTjIIquMyFqcwEp/jWpNsrC/iE3v6bY="}
2016-01-22 13:27:02.668 DEBUG QrcodeController: 支付宝当面付,{"alipay_trade_pay_response":{"code":"40004","msg":"Business Failed","sub_code":"ACQ.PAYMENT_AUTH_CODE_INVALID","sub_msg":"支付失败，获取顾客账户信息失败，请顾客刷新付款码后重新收款，如再次收款失败，请联系管理员处理。[SOUNDWAVE_PARSER_FAIL]","buyer_pay_amount":"0.00","invoice_amount":"0.00","point_amount":"0.00","receipt_amount":"0.00"},"sign":"gFbi3Mkz250KLVaEUXeAu0pMPVo1aO9uwYiQPF5dPsU76yPgt7SWh27RPwOQyCViEjiSrbaLwzS0ebJvO5Dt7MS1arzPvgGN9S4u3uKC72W0LNeOsp4MNuOKbLF9VJeQQi4EyXo6rIpEbYwCSH5+1QHFgDxhwWMz26BFKxQ8NZ4="}
2016-01-22 13:29:05.695 DEBUG QrcodeController: 支付宝当面付,{"alipay_trade_pay_response":{"code":"40004","msg":"Business Failed","sub_code":"ACQ.TRADE_HAS_CLOSE","sub_msg":"支付失败，本笔交易已关闭。[TRADE_HAS_CLOSE]","buyer_logon_id":"251***@qq.com","buyer_pay_amount":"0.00","buyer_user_id":"2088202511799684","invoice_amount":"0.00","open_id":"20881007822324006729587460413368","out_trade_no":"65474468","point_amount":"0.00","receipt_amount":"0.00"},"sign":"cLFXr2zjHprfAJLRo9/WXnZBxyU6ZMkM4LY/zFbONoq0TpJqFzUUQ7zxx9+zwgmsmtp7043IBYCrOiP5h1ZJiexlE0+ZGKi5LkNE2FqQ/prkyThfWlez/wajwbkuXzi0Uhe1MPNDjoiDjTjIIquMyFqcwEp/jWpNsrC/iE3v6bY="}
2016-01-22 13:33:28.200 DEBUG QrcodeController: 支付宝当面付,{"alipay_trade_pay_response":{"code":"40004","msg":"Business Failed","sub_code":"ACQ.TRADE_HAS_CLOSE","sub_msg":"支付失败，本笔交易已关闭。[TRADE_HAS_CLOSE]","buyer_logon_id":"251***@qq.com","buyer_pay_amount":"0.00","buyer_user_id":"2088202511799684","invoice_amount":"0.00","open_id":"20881007822324006729587460413368","out_trade_no":"65474468","point_amount":"0.00","receipt_amount":"0.00"},"sign":"cLFXr2zjHprfAJLRo9/WXnZBxyU6ZMkM4LY/zFbONoq0TpJqFzUUQ7zxx9+zwgmsmtp7043IBYCrOiP5h1ZJiexlE0+ZGKi5LkNE2FqQ/prkyThfWlez/wajwbkuXzi0Uhe1MPNDjoiDjTjIIquMyFqcwEp/jWpNsrC/iE3v6bY="}
2016-01-22 13:38:24.564 DEBUG QrcodeController: 支付宝当面付,{"alipay_trade_pay_response":{"code":"40004","msg":"Business Failed","sub_code":"ACQ.TRADE_HAS_CLOSE","sub_msg":"支付失败，本笔交易已关闭。[TRADE_HAS_CLOSE]","buyer_logon_id":"251***@qq.com","buyer_pay_amount":"0.00","buyer_user_id":"2088202511799684","invoice_amount":"0.00","open_id":"20881007822324006729587460413368","out_trade_no":"65474468","point_amount":"0.00","receipt_amount":"0.00"},"sign":"cLFXr2zjHprfAJLRo9/WXnZBxyU6ZMkM4LY/zFbONoq0TpJqFzUUQ7zxx9+zwgmsmtp7043IBYCrOiP5h1ZJiexlE0+ZGKi5LkNE2FqQ/prkyThfWlez/wajwbkuXzi0Uhe1MPNDjoiDjTjIIquMyFqcwEp/jWpNsrC/iE3v6bY="}
2016-01-22 13:39:28.688 DEBUG QrcodeController: 支付宝当面付,{"alipay_trade_pay_response":{"code":"40004","msg":"Business Failed","sub_code":"ACQ.TRADE_HAS_CLOSE","sub_msg":"支付失败，本笔交易已关闭。[TRADE_HAS_CLOSE]","buyer_logon_id":"251***@qq.com","buyer_pay_amount":"0.00","buyer_user_id":"2088202511799684","invoice_amount":"0.00","open_id":"20881007822324006729587460413368","out_trade_no":"65474468","point_amount":"0.00","receipt_amount":"0.00"},"sign":"cLFXr2zjHprfAJLRo9/WXnZBxyU6ZMkM4LY/zFbONoq0TpJqFzUUQ7zxx9+zwgmsmtp7043IBYCrOiP5h1ZJiexlE0+ZGKi5LkNE2FqQ/prkyThfWlez/wajwbkuXzi0Uhe1MPNDjoiDjTjIIquMyFqcwEp/jWpNsrC/iE3v6bY="}
2016-01-22 13:40:01.712 DEBUG QrcodeController: 支付宝当面付,{"alipay_trade_pay_response":{"code":"40004","msg":"Business Failed","sub_code":"ACQ.TRADE_HAS_CLOSE","sub_msg":"支付失败，本笔交易已关闭。[TRADE_HAS_CLOSE]","buyer_logon_id":"251***@qq.com","buyer_pay_amount":"0.00","buyer_user_id":"2088202511799684","invoice_amount":"0.00","open_id":"20881007822324006729587460413368","out_trade_no":"65474468","point_amount":"0.00","receipt_amount":"0.00"},"sign":"cLFXr2zjHprfAJLRo9/WXnZBxyU6ZMkM4LY/zFbONoq0TpJqFzUUQ7zxx9+zwgmsmtp7043IBYCrOiP5h1ZJiexlE0+ZGKi5LkNE2FqQ/prkyThfWlez/wajwbkuXzi0Uhe1MPNDjoiDjTjIIquMyFqcwEp/jWpNsrC/iE3v6bY="}
2016-01-22 13:57:08.203 DEBUG QrcodeController: 支付宝当面付,{"alipay_trade_pay_response":{"code":"40004","msg":"Business Failed","sub_code":"ACQ.INVALID_PARAMETER","sub_msg":"支付失败，交易参数异常，请顾客刷新付款码后重新收款。如再次收款失败，请联系管理员处理。[INVALID_PARAMETER]","buyer_pay_amount":"0.00","invoice_amount":"0.00","point_amount":"0.00","receipt_amount":"0.00"},"sign":"rEtPE4OgzoPI614Mwy4D5bMbO6VEm65XSBXc63ULWnSi0Chdlu7ri4n0YfPfBFxupUxMYfXgqAtCQ6SzZL5f6ZBV1xf9QveZqeDRAWdNLeYDonua44IrE+W2c9se/JYSoeNKZ9gB819aipseLGpoYEfUob14bO2wibGjZVQmaGw="}
