2016-01-13 16:38:11.460 DEBUG WxPayApi: MicroPay request : <xml><appid><![CDATA[wxefc6681a35189ab8]]></appid><auth_code><![CDATA[1234]]></auth_code><body><![CDATA[订单编号:111]]></body><mch_id><![CDATA[1273991801]]></mch_id><nonce_str><![CDATA[81076ffb744d49909cbdd4af57c9b868]]></nonce_str><out_trade_no><![CDATA[127399180120160113163811287]]></out_trade_no><sign><![CDATA[18F6BEB3FC0DEF3E3C90EEA3128ACC90]]></sign><spbill_create_ip><![CDATA[8.8.8.8]]></spbill_create_ip><total_fee>1</total_fee></xml>
2016-01-13 16:38:12.250 DEBUG WxPayApi: MicroPay response : <xml><return_code><![CDATA[SUCCESS]]></return_code>
<return_msg><![CDATA[OK]]></return_msg>
<appid><![CDATA[wxefc6681a35189ab8]]></appid>
<mch_id><![CDATA[1273991801]]></mch_id>
<nonce_str><![CDATA[8sFGOKXr2GVF2LSe]]></nonce_str>
<sign><![CDATA[F78C711C6546E4DED5EEB3EC60A87A39]]></sign>
<result_code><![CDATA[FAIL]]></result_code>
<err_code><![CDATA[AUTHCODEEXPIRE]]></err_code>
<err_code_des><![CDATA[请扫描微信支付被扫条码/二维码]]></err_code_des>
</xml>
2016-01-13 16:38:12.258 ERROR QrcodeController: 业务处理失败!errCode:AUTHCODEEXPIRE
2016-01-13 16:50:07.910 DEBUG WxPayApi: UnfiedOrder request : <xml><appid><![CDATA[wxbeb2e5a46ca7bf69]]></appid><attach><![CDATA[111]]></attach><body><![CDATA[东本-订单编号111]]></body><goods_tag><![CDATA[]]></goods_tag><mch_id><![CDATA[1240541002]]></mch_id><nonce_str><![CDATA[22e03e60c3f24693af730066e051820b]]></nonce_str><notify_url><![CDATA[http://demo.xmpharos.com/WXNotify.aspx]]></notify_url><out_trade_no><![CDATA[124054100220160113165007740]]></out_trade_no><product_id><![CDATA[111]]></product_id><sign><![CDATA[426D4FACD5AC5BD3C7E66AC0AE3E7465]]></sign><spbill_create_ip><![CDATA[8.8.8.8]]></spbill_create_ip><time_expire><![CDATA[20160113170007]]></time_expire><time_start><![CDATA[20160113165007]]></time_start><total_fee>1</total_fee><trade_type><![CDATA[NATIVE]]></trade_type></xml>
2016-01-13 16:50:08.401 DEBUG WxPayApi: UnfiedOrder response : <xml><return_code><![CDATA[SUCCESS]]></return_code>
<return_msg><![CDATA[OK]]></return_msg>
<appid><![CDATA[wxbeb2e5a46ca7bf69]]></appid>
<mch_id><![CDATA[1240541002]]></mch_id>
<nonce_str><![CDATA[6aeWY2UvAi6fxoUi]]></nonce_str>
<sign><![CDATA[EE9BCD0DB9266B8E80FFD08AC6940E60]]></sign>
<result_code><![CDATA[SUCCESS]]></result_code>
<prepay_id><![CDATA[wx20160113164951377a21c7eb0367702209]]></prepay_id>
<trade_type><![CDATA[NATIVE]]></trade_type>
<code_url><![CDATA[weixin://wxpay/bizpayurl?pr=6WxhC3c]]></code_url>
</xml>
2016-01-13 16:50:45.320 DEBUG WxPayApi: MicroPay request : <xml><appid><![CDATA[wxbeb2e5a46ca7bf69]]></appid><auth_code><![CDATA[145]]></auth_code><body><![CDATA[订单编号:111]]></body><mch_id><![CDATA[1240541002]]></mch_id><nonce_str><![CDATA[1f22499d62a740f38a7f54a195b80319]]></nonce_str><out_trade_no><![CDATA[124054100220160113165045149]]></out_trade_no><sign><![CDATA[9A0B0E5E105E3B6858285AAE81DB0961]]></sign><spbill_create_ip><![CDATA[8.8.8.8]]></spbill_create_ip><total_fee>1</total_fee></xml>
2016-01-13 16:50:45.724 DEBUG WxPayApi: MicroPay response : <xml><return_code><![CDATA[SUCCESS]]></return_code>
<return_msg><![CDATA[OK]]></return_msg>
<appid><![CDATA[wxbeb2e5a46ca7bf69]]></appid>
<mch_id><![CDATA[1240541002]]></mch_id>
<nonce_str><![CDATA[zhGDh6OuQEjUc4hf]]></nonce_str>
<sign><![CDATA[909F1C231AA13D4E36B1881B1B91EB3C]]></sign>
<result_code><![CDATA[FAIL]]></result_code>
<err_code><![CDATA[AUTHCODEEXPIRE]]></err_code>
<err_code_des><![CDATA[请扫描微信支付被扫条码/二维码]]></err_code_des>
</xml>
2016-01-13 16:50:45.727 ERROR QrcodeController: 业务处理失败!errCode:AUTHCODEEXPIRE
2016-01-13 16:51:11.655 DEBUG WxPayApi: MicroPay request : <xml><appid><![CDATA[wxbeb2e5a46ca7bf69]]></appid><auth_code><![CDATA[130235409094130360]]></auth_code><body><![CDATA[订单编号:111]]></body><mch_id><![CDATA[1240541002]]></mch_id><nonce_str><![CDATA[7e0fa47591114e99ad3379d951838032]]></nonce_str><out_trade_no><![CDATA[124054100220160113165111175]]></out_trade_no><sign><![CDATA[827B3DFEE248EE339DBB1C8916EB7E91]]></sign><spbill_create_ip><![CDATA[8.8.8.8]]></spbill_create_ip><total_fee>1</total_fee></xml>
2016-01-13 16:51:12.728 DEBUG WxPayApi: MicroPay response : <xml><return_code><![CDATA[SUCCESS]]></return_code>
<return_msg><![CDATA[OK]]></return_msg>
<appid><![CDATA[wxbeb2e5a46ca7bf69]]></appid>
<mch_id><![CDATA[1240541002]]></mch_id>
<nonce_str><![CDATA[yjUk63X5l061kKcJ]]></nonce_str>
<sign><![CDATA[07F93F93A2B3B985DB456C6DBB8689A1]]></sign>
<result_code><![CDATA[SUCCESS]]></result_code>
<openid><![CDATA[oAZCps75h8Jyj1a0uyIktHiGHbho]]></openid>
<is_subscribe><![CDATA[Y]]></is_subscribe>
<trade_type><![CDATA[MICROPAY]]></trade_type>
<bank_type><![CDATA[ABC_DEBIT]]></bank_type>
<total_fee>1</total_fee>
<fee_type><![CDATA[CNY]]></fee_type>
<transaction_id><![CDATA[1007260902201601132677669390]]></transaction_id>
<out_trade_no><![CDATA[124054100220160113165111175]]></out_trade_no>
<attach><![CDATA[]]></attach>
<time_end><![CDATA[20160113165055]]></time_end>
<cash_fee>1</cash_fee>
<cash_fee_type><![CDATA[]]></cash_fee_type>
</xml>
