2016-03-14 09:25:29.457 DEBUG /api/mobile/GetOrderDeliveryList:  参数:[{"supplierId":"576c22a2e3774e8190be6dfd7f3848d9","date":"2016-2-2"}]
2016-03-14 14:58:55.183 DEBUG /api/MemoryRefresh:  参数:[{"CompanyId":0,"RefeshItems":null}]
2016-03-14 14:58:55.543 DEBUG /api/MemoryRefresh: 未将对象引用设置到对象的实例。
2016-03-14 14:59:15.252 DEBUG /api/MemoryRefresh:  参数:[null]
2016-03-14 14:59:15.269 DEBUG /api/MemoryRefresh: 未将对象引用设置到对象的实例。
2016-03-14 14:59:53.902 DEBUG /api/MemoryRefresh:  参数:[{"CompanyId":0,"RefeshItems":null}]
2016-03-14 15:01:05.717 DEBUG /api/MemoryRefresh: 未将对象引用设置到对象的实例。
2016-03-14 15:01:14.130 DEBUG /api/MemoryRefresh:  参数:[null]
2016-03-14 15:01:36.730 DEBUG /api/MemoryRefresh: 未将对象引用设置到对象的实例。
2016-03-14 15:02:32.597 DEBUG /api/MemoryRefresh: 处理 HTTP 请求导致了异常。请参见此异常的 "Response" 属性返回的 HTTP 响应，以了解详细信息。
2016-03-14 15:02:53.173 DEBUG /api/MemoryRefresh: 处理 HTTP 请求导致了异常。请参见此异常的 "Response" 属性返回的 HTTP 响应，以了解详细信息。
2016-03-14 15:03:17.234 DEBUG /api/MemoryRefresh:  参数:[{"CompanyId":0,"RefeshItems":null}]
2016-03-14 15:03:34.996 DEBUG /api/MemoryRefresh: 未将对象引用设置到对象的实例。
2016-03-14 15:04:16.532 DEBUG /api/MemoryRefresh:  参数:[{"CompanyId":0,"RefeshItems":null}]
2016-03-14 15:04:22.816 DEBUG /api/MemoryRefresh: 未将对象引用设置到对象的实例。
2016-03-14 15:04:31.612 DEBUG /api/MemoryRefresh:  参数:[{"CompanyId":0,"RefeshItems":null}]
2016-03-14 15:04:45.426 DEBUG /api/MemoryRefresh: 未将对象引用设置到对象的实例。
2016-03-14 15:04:51.273 DEBUG /api/MemoryRefresh:  参数:[{"CompanyId":1,"RefeshItems":[{"StoreId":"","Barcode":"0110010006","ProductCode":null,"ProductType":3}]}]
2016-03-14 15:06:38.834 DEBUG /api/MemoryRefresh:  参数:[{"CompanyId":1,"RefeshItems":[{"StoreId":"","Barcode":"0110010006","ProductCode":null,"ProductType":3}]}]
2016-03-14 15:07:14.497 DEBUG /api/MemoryRefresh:  参数:[{"CompanyId":1,"RefeshItems":[{"StoreId":"","Barcode":"0110010006","ProductCode":"004292","ProductType":3}]}]
