2016-02-18 10:38:30.796 ERROR QrcodeController: 微信扫码,该门店未配置支付信息
2016-02-18 10:38:30.998 DEBUG QrcodeController: 支付宝扫码,http://localhost:3122/Qrcode/GenerateQrcode?codeUrl=https%3A%2F%2Fqr.alipay.com%2Fgdxox0xodp1vrdyi5f
2016-02-18 10:40:57.939 DEBUG WxPayApi: UnfiedOrder request : <xml><appid><![CDATA[1273991801]]></appid><attach><![CDATA[123]]></attach><body><![CDATA[订单编号123]]></body><goods_tag><![CDATA[]]></goods_tag><mch_id><![CDATA[wxefc6681a35189ab8]]></mch_id><nonce_str><![CDATA[fb3dbd0d6fcf4bdbbbd04aa142bcb7d3]]></nonce_str><notify_url><![CDATA[http://demo.xmpharos.com/WXNotify.aspx]]></notify_url><out_trade_no><![CDATA[127399180120160218104047363]]></out_trade_no><product_id><![CDATA[123]]></product_id><sign><![CDATA[E2533239354EA372C8E3E65EB39DC8CA]]></sign><spbill_create_ip><![CDATA[8.8.8.8]]></spbill_create_ip><time_expire><![CDATA[20160218105047]]></time_expire><time_start><![CDATA[20160218104047]]></time_start><total_fee>100</total_fee><trade_type><![CDATA[NATIVE]]></trade_type></xml>
2016-02-18 10:40:58.090 DEBUG WxPayApi: UnfiedOrder response : <xml><return_code><![CDATA[FAIL]]></return_code>
<return_msg><![CDATA[appid不存在]]></return_msg>
</xml>
2016-02-18 10:40:58.135 DEBUG QrcodeController: 支付宝扫码,http://localhost:3122/Qrcode/GenerateQrcode?codeUrl=https%3A%2F%2Fqr.alipay.com%2Fgdxox0xod7gpi7jv63
2016-02-18 10:45:12.636 DEBUG QrcodeController: 支付宝扫码,http://localhost:3122/Qrcode/GenerateQrcode?codeUrl=https%3A%2F%2Fqr.alipay.com%2Fgdxox0xoo0a9l6dj88
2016-02-18 10:45:26.005 DEBUG WxPayApi: UnfiedOrder request : <xml><appid><![CDATA[1240541002]]></appid><attach><![CDATA[123]]></attach><body><![CDATA[订单编号123]]></body><goods_tag><![CDATA[]]></goods_tag><mch_id><![CDATA[wxbeb2e5a46ca7bf69]]></mch_id><nonce_str><![CDATA[77bb1c280f1c48748f39e2293b76a4e6]]></nonce_str><notify_url><![CDATA[http://demo.xmpharos.com/WXNotify.aspx]]></notify_url><out_trade_no><![CDATA[127399180120160218104501859]]></out_trade_no><product_id><![CDATA[123]]></product_id><sign><![CDATA[814F439360808329347BD5780A90569D]]></sign><spbill_create_ip><![CDATA[8.8.8.8]]></spbill_create_ip><time_expire><![CDATA[20160218105501]]></time_expire><time_start><![CDATA[20160218104501]]></time_start><total_fee>100</total_fee><trade_type><![CDATA[NATIVE]]></trade_type></xml>
2016-02-18 10:46:57.133 DEBUG WxPayApi: UnfiedOrder response : <xml><return_code><![CDATA[FAIL]]></return_code>
<return_msg><![CDATA[appid不存在]]></return_msg>
</xml>
2016-02-18 10:54:37.406 DEBUG WxPayApi: UnfiedOrder request : <xml><appid><![CDATA[wxbeb2e5a46ca7bf69]]></appid><attach><![CDATA[123]]></attach><body><![CDATA[订单编号123]]></body><goods_tag><![CDATA[]]></goods_tag><mch_id><![CDATA[1240541002]]></mch_id><nonce_str><![CDATA[35981534323a44aabea7d13f29bf5d4b]]></nonce_str><notify_url><![CDATA[http://demo.xmpharos.com/WXNotify.aspx]]></notify_url><out_trade_no><![CDATA[127399180120160218105422100]]></out_trade_no><product_id><![CDATA[123]]></product_id><sign><![CDATA[A71BD39EF18821C5D7319E73BD1E7D91]]></sign><spbill_create_ip><![CDATA[8.8.8.8]]></spbill_create_ip><time_expire><![CDATA[20160218110422]]></time_expire><time_start><![CDATA[20160218105422]]></time_start><total_fee>100</total_fee><trade_type><![CDATA[NATIVE]]></trade_type></xml>
2016-02-18 10:54:37.526 DEBUG QrcodeController: 支付宝扫码,http://localhost:3122/Qrcode/GenerateQrcode?codeUrl=https%3A%2F%2Fqr.alipay.com%2Fgdxox0xohzrirvww44
2016-02-18 10:54:37.894 DEBUG WxPayApi: UnfiedOrder response : <xml><return_code><![CDATA[FAIL]]></return_code>
<return_msg><![CDATA[签名错误]]></return_msg>
</xml>
2016-02-18 10:57:32.897 DEBUG QrcodeController: 支付宝扫码,http://localhost:3122/Qrcode/GenerateQrcode?codeUrl=https%3A%2F%2Fqr.alipay.com%2Fgdxox0xolixriu3u6e
2016-02-18 10:59:07.277 DEBUG WxPayApi: UnfiedOrder request : <xml><appid><![CDATA[wxbeb2e5a46ca7bf69]]></appid><attach><![CDATA[123]]></attach><body><![CDATA[订单编号123]]></body><goods_tag><![CDATA[]]></goods_tag><mch_id><![CDATA[1240541002]]></mch_id><nonce_str><![CDATA[8fd1e5e2fcaf4cd09b7de211a9810d79]]></nonce_str><notify_url><![CDATA[http://demo.xmpharos.com/WXNotify.aspx]]></notify_url><out_trade_no><![CDATA[127399180120160218105645438]]></out_trade_no><product_id><![CDATA[123]]></product_id><sign><![CDATA[3E480DCC89852BFAE4264A86CF91D653]]></sign><spbill_create_ip><![CDATA[8.8.8.8]]></spbill_create_ip><time_expire><![CDATA[20160218110645]]></time_expire><time_start><![CDATA[20160218105645]]></time_start><total_fee>100</total_fee><trade_type><![CDATA[NATIVE]]></trade_type></xml>
2016-02-18 10:59:53.124 DEBUG WxPayApi: UnfiedOrder response : <xml><return_code><![CDATA[FAIL]]></return_code>
<return_msg><![CDATA[签名错误]]></return_msg>
</xml>
2016-02-18 11:01:31.682 DEBUG QrcodeController: 支付宝扫码,http://localhost:3122/Qrcode/GenerateQrcode?codeUrl=https%3A%2F%2Fqr.alipay.com%2Fgdxox0xowkvillxm0d
2016-02-18 11:01:51.155 DEBUG WxPayApi: UnfiedOrder request : <xml><appid><![CDATA[wxefc6681a35189ab8]]></appid><attach><![CDATA[123]]></attach><body><![CDATA[订单编号123]]></body><goods_tag><![CDATA[]]></goods_tag><mch_id><![CDATA[1273991801]]></mch_id><nonce_str><![CDATA[34ea2dc793044580b65706db3f90bc85]]></nonce_str><notify_url><![CDATA[http://demo.xmpharos.com/WXNotify.aspx]]></notify_url><out_trade_no><![CDATA[127399180120160218110128407]]></out_trade_no><product_id><![CDATA[123]]></product_id><sign><![CDATA[BA01C87A5145165A8003F2382AAE2B83]]></sign><spbill_create_ip><![CDATA[8.8.8.8]]></spbill_create_ip><time_expire><![CDATA[20160218111128]]></time_expire><time_start><![CDATA[20160218110128]]></time_start><total_fee>100</total_fee><trade_type><![CDATA[NATIVE]]></trade_type></xml>
2016-02-18 11:02:06.860 DEBUG WxPayApi: UnfiedOrder response : <xml><return_code><![CDATA[FAIL]]></return_code>
<return_msg><![CDATA[签名错误]]></return_msg>
</xml>
2016-02-18 11:14:06.477 DEBUG WxPayApi: UnfiedOrder request : <xml><appid><![CDATA[wxefc6681a35189ab8]]></appid><attach><![CDATA[1]]></attach><body><![CDATA[订单编号1]]></body><goods_tag><![CDATA[]]></goods_tag><mch_id><![CDATA[1273991801]]></mch_id><nonce_str><![CDATA[f7b9e676b5e448e89d21c069fe5cd26d]]></nonce_str><notify_url><![CDATA[http://demo.xmpharos.com/WXNotify.aspx]]></notify_url><out_trade_no><![CDATA[127399180120160218111343665]]></out_trade_no><product_id><![CDATA[1]]></product_id><sign><![CDATA[66894814908A3FC30AC63BB48F15694F]]></sign><spbill_create_ip><![CDATA[8.8.8.8]]></spbill_create_ip><time_expire><![CDATA[20160218112343]]></time_expire><time_start><![CDATA[20160218111343]]></time_start><total_fee>200</total_fee><trade_type><![CDATA[NATIVE]]></trade_type></xml>
2016-02-18 11:14:07.165 DEBUG QrcodeController: 支付宝扫码,http://localhost:3122/Qrcode/GenerateQrcode?codeUrl=https%3A%2F%2Fqr.alipay.com%2Fgdxox0xom4cbxkb940
2016-02-18 11:15:34.602 DEBUG WxPayApi: UnfiedOrder response : <xml><return_code><![CDATA[FAIL]]></return_code>
<return_msg><![CDATA[签名错误]]></return_msg>
</xml>
2016-02-18 11:16:22.886 DEBUG WxPayApi: UnfiedOrder request : <xml><appid><![CDATA[wxefc6681a35189ab8]]></appid><attach><![CDATA[1]]></attach><body><![CDATA[订单编号1]]></body><goods_tag><![CDATA[]]></goods_tag><mch_id><![CDATA[1273991801]]></mch_id><nonce_str><![CDATA[407eb5b32f794d71bfadec3d99e8d0c6]]></nonce_str><notify_url><![CDATA[http://demo.xmpharos.com/WXNotify.aspx]]></notify_url><out_trade_no><![CDATA[12739918012016021811161987]]></out_trade_no><product_id><![CDATA[1]]></product_id><sign><![CDATA[177A727346648686BD13C60E59F77DAF]]></sign><spbill_create_ip><![CDATA[8.8.8.8]]></spbill_create_ip><time_expire><![CDATA[20160218112619]]></time_expire><time_start><![CDATA[20160218111619]]></time_start><total_fee>200</total_fee><trade_type><![CDATA[NATIVE]]></trade_type></xml>
2016-02-18 11:16:23.086 DEBUG QrcodeController: 支付宝扫码,http://localhost:3122/Qrcode/GenerateQrcode?codeUrl=https%3A%2F%2Fqr.alipay.com%2Fgdxox0xoqtq5sfri0e
2016-02-18 11:16:23.377 DEBUG WxPayApi: UnfiedOrder response : <xml><return_code><![CDATA[FAIL]]></return_code>
<return_msg><![CDATA[签名错误]]></return_msg>
</xml>
2016-02-18 11:18:12.738 DEBUG WxPayApi: UnfiedOrder request : <xml><appid><![CDATA[wxefc6681a35189ab8]]></appid><attach><![CDATA[1]]></attach><body><![CDATA[订单编号1]]></body><goods_tag><![CDATA[]]></goods_tag><mch_id><![CDATA[1273991801]]></mch_id><nonce_str><![CDATA[b91c481dd55f439dbe06aa670a3eed55]]></nonce_str><notify_url><![CDATA[http://demo.xmpharos.com/WXNotify.aspx]]></notify_url><out_trade_no><![CDATA[12739918012016021811161987]]></out_trade_no><product_id><![CDATA[1]]></product_id><sign><![CDATA[94EBDBD4284F9D7ACDC86715BCC50E15]]></sign><spbill_create_ip><![CDATA[8.8.8.8]]></spbill_create_ip><time_expire><![CDATA[20160218112619]]></time_expire><time_start><![CDATA[20160218111619]]></time_start><total_fee>200</total_fee><trade_type><![CDATA[NATIVE]]></trade_type></xml>
2016-02-18 11:18:13.600 DEBUG WxPayApi: UnfiedOrder response : <xml><return_code><![CDATA[FAIL]]></return_code>
<return_msg><![CDATA[签名错误]]></return_msg>
</xml>
2016-02-18 11:18:44.165 DEBUG QrcodeController: 支付宝扫码,http://localhost:3122/Qrcode/GenerateQrcode?codeUrl=https%3A%2F%2Fqr.alipay.com%2Fgdxox0xong5oehum8c
2016-02-18 11:19:44.062 DEBUG WxPayApi: UnfiedOrder request : <xml><appid><![CDATA[wxefc6681a35189ab8]]></appid><attach><![CDATA[1]]></attach><body><![CDATA[订单编号1]]></body><goods_tag><![CDATA[]]></goods_tag><mch_id><![CDATA[1273991801]]></mch_id><nonce_str><![CDATA[e292b6384b72461b80848cb1a6198bcf]]></nonce_str><notify_url><![CDATA[http://demo.xmpharos.com/WXNotify.aspx]]></notify_url><out_trade_no><![CDATA[127399180120160218111833799]]></out_trade_no><product_id><![CDATA[1]]></product_id><sign><![CDATA[DC2C45C37D0398007E11CFB2D0C0748E]]></sign><spbill_create_ip><![CDATA[8.8.8.8]]></spbill_create_ip><time_expire><![CDATA[20160218112833]]></time_expire><time_start><![CDATA[20160218111833]]></time_start><total_fee>200</total_fee><trade_type><![CDATA[NATIVE]]></trade_type></xml>
2016-02-18 11:21:29.162 DEBUG WxPayApi: UnfiedOrder response : <xml><return_code><![CDATA[FAIL]]></return_code>
<return_msg><![CDATA[签名错误]]></return_msg>
</xml>
2016-02-18 11:22:11.448 DEBUG WxPayApi: UnfiedOrder request : <xml><appid><![CDATA[wxefc6681a35189ab8]]></appid><attach><![CDATA[1]]></attach><body><![CDATA[订单编号1]]></body><goods_tag><![CDATA[]]></goods_tag><mch_id><![CDATA[1273991801]]></mch_id><nonce_str><![CDATA[179f3b735e82437d8f267420f12a7f82]]></nonce_str><notify_url><![CDATA[http://demo.xmpharos.com/WXNotify.aspx]]></notify_url><out_trade_no><![CDATA[127399180120160218112201516]]></out_trade_no><product_id><![CDATA[1]]></product_id><sign><![CDATA[4FF68F1D487EDACF0D4892808DCA8294]]></sign><spbill_create_ip><![CDATA[8.8.8.8]]></spbill_create_ip><time_expire><![CDATA[20160218113201]]></time_expire><time_start><![CDATA[20160218112201]]></time_start><total_fee>200</total_fee><trade_type><![CDATA[NATIVE]]></trade_type></xml>
2016-02-18 11:22:11.767 DEBUG QrcodeController: 支付宝扫码,http://localhost:3122/Qrcode/GenerateQrcode?codeUrl=https%3A%2F%2Fqr.alipay.com%2Fgdxox0xomduczsbw7b
2016-02-18 11:22:12.040 DEBUG WxPayApi: UnfiedOrder response : <xml><return_code><![CDATA[FAIL]]></return_code>
<return_msg><![CDATA[签名错误]]></return_msg>
</xml>
2016-02-18 11:24:31.086 DEBUG WxPayApi: UnfiedOrder request : <xml><appid><![CDATA[wxbeb2e5a46ca7bf69]]></appid><attach><![CDATA[1]]></attach><body><![CDATA[订单编号1]]></body><goods_tag><![CDATA[]]></goods_tag><mch_id><![CDATA[1240541002]]></mch_id><nonce_str><![CDATA[d511b5719931416b856af79a884f7b8b]]></nonce_str><notify_url><![CDATA[http://demo.xmpharos.com/WXNotify.aspx]]></notify_url><out_trade_no><![CDATA[12739918012016021811242120]]></out_trade_no><product_id><![CDATA[1]]></product_id><sign><![CDATA[8D17D8468FA828DED8BF079039AB7D6D]]></sign><spbill_create_ip><![CDATA[8.8.8.8]]></spbill_create_ip><time_expire><![CDATA[20160218113421]]></time_expire><time_start><![CDATA[20160218112421]]></time_start><total_fee>200</total_fee><trade_type><![CDATA[NATIVE]]></trade_type></xml>
2016-02-18 11:24:31.311 DEBUG QrcodeController: 支付宝扫码,http://localhost:3122/Qrcode/GenerateQrcode?codeUrl=https%3A%2F%2Fqr.alipay.com%2Fgdxox0xon5ihsu6ecd
2016-02-18 11:24:31.627 DEBUG WxPayApi: UnfiedOrder response : <xml><return_code><![CDATA[FAIL]]></return_code>
<return_msg><![CDATA[签名错误]]></return_msg>
</xml>
2016-02-18 11:38:21.580 DEBUG WxPayApi: UnfiedOrder request : <xml><appid><![CDATA[wxefc6681a35189ab8]]></appid><attach><![CDATA[1]]></attach><body><![CDATA[订单编号1]]></body><goods_tag><![CDATA[]]></goods_tag><mch_id><![CDATA[1273991801]]></mch_id><nonce_str><![CDATA[1b764f0e46ed40d8b950374d102423fa]]></nonce_str><notify_url><![CDATA[http://demo.xmpharos.com/WXNotify.aspx]]></notify_url><out_trade_no><![CDATA[127399180120160218113620167]]></out_trade_no><product_id><![CDATA[1]]></product_id><sign><![CDATA[3470B7BBFEAC4E2D91C2FD54ADE74C57]]></sign><spbill_create_ip><![CDATA[8.8.8.8]]></spbill_create_ip><time_expire><![CDATA[20160218114620]]></time_expire><time_start><![CDATA[20160218113620]]></time_start><total_fee>200</total_fee><trade_type><![CDATA[NATIVE]]></trade_type></xml>
2016-02-18 11:38:22.634 DEBUG QrcodeController: 支付宝扫码,http://localhost:3122/Qrcode/GenerateQrcode?codeUrl=https%3A%2F%2Fqr.alipay.com%2Fgdxox0xoiavo4no9dd
2016-02-18 11:38:43.725 DEBUG WxPayApi: UnfiedOrder response : <xml><return_code><![CDATA[FAIL]]></return_code>
<return_msg><![CDATA[签名错误]]></return_msg>
</xml>
2016-02-18 11:44:04.811 DEBUG WxPayApi: UnfiedOrder request : <xml><appid><![CDATA[wxefc6681a35189ab8]]></appid><attach><![CDATA[123134]]></attach><body><![CDATA[订单编号123134]]></body><goods_tag><![CDATA[]]></goods_tag><mch_id><![CDATA[1273991801]]></mch_id><nonce_str><![CDATA[ba78f4c0354946cd8b239c1bcb019cd9]]></nonce_str><notify_url><![CDATA[http://demo.xmpharos.com/WXNotify.aspx]]></notify_url><out_trade_no><![CDATA[127399180120160218114354651]]></out_trade_no><product_id><![CDATA[123134]]></product_id><sign><![CDATA[B7DBE96A27E307ED786E50BE1D053DE4]]></sign><spbill_create_ip><![CDATA[8.8.8.8]]></spbill_create_ip><time_expire><![CDATA[20160218115354]]></time_expire><time_start><![CDATA[20160218114354]]></time_start><total_fee>200</total_fee><trade_type><![CDATA[NATIVE]]></trade_type></xml>
2016-02-18 11:44:05.428 DEBUG QrcodeController: 支付宝扫码,http://localhost:3122/Qrcode/GenerateQrcode?codeUrl=https%3A%2F%2Fqr.alipay.com%2Fgdxox0xox7xgfejvb2
2016-02-18 11:46:34.539 DEBUG WxPayApi: UnfiedOrder request : <xml><appid><![CDATA[wxbeb2e5a46ca7bf69]]></appid><attach><![CDATA[123134]]></attach><body><![CDATA[订单编号123134]]></body><goods_tag><![CDATA[]]></goods_tag><mch_id><![CDATA[1240541002]]></mch_id><nonce_str><![CDATA[29db05d80d0d4c1f80e3ec5738c6cc5d]]></nonce_str><notify_url><![CDATA[http://demo.xmpharos.com/WXNotify.aspx]]></notify_url><out_trade_no><![CDATA[124054100220160218114631123]]></out_trade_no><product_id><![CDATA[123134]]></product_id><sign><![CDATA[2BAE613767B5AB9DDF6D143A4F8A9D88]]></sign><spbill_create_ip><![CDATA[8.8.8.8]]></spbill_create_ip><time_expire><![CDATA[20160218115631]]></time_expire><time_start><![CDATA[20160218114631]]></time_start><total_fee>200</total_fee><trade_type><![CDATA[NATIVE]]></trade_type></xml>
2016-02-18 11:46:34.784 DEBUG QrcodeController: 支付宝扫码,http://localhost:3122/Qrcode/GenerateQrcode?codeUrl=https%3A%2F%2Fqr.alipay.com%2Fgdxox0xodu48l8ard5
2016-02-18 11:46:35.067 DEBUG WxPayApi: UnfiedOrder response : <xml><return_code><![CDATA[FAIL]]></return_code>
<return_msg><![CDATA[签名错误]]></return_msg>
</xml>
2016-02-18 11:47:26.242 DEBUG QrcodeController: 支付宝扫码,http://localhost:3122/Qrcode/GenerateQrcode?codeUrl=https%3A%2F%2Fqr.alipay.com%2Fgdxox0xop7oedhrub3
2016-02-18 11:47:39.737 DEBUG WxPayApi: UnfiedOrder request : <xml><appid><![CDATA[wxbeb2e5a46ca7bf69]]></appid><attach><![CDATA[123134]]></attach><body><![CDATA[订单编号123134]]></body><goods_tag><![CDATA[]]></goods_tag><mch_id><![CDATA[1240541002]]></mch_id><nonce_str><![CDATA[38c66ca4c37f43e7863bee26fef35adc]]></nonce_str><notify_url><![CDATA[http://demo.xmpharos.com/WXNotify.aspx]]></notify_url><out_trade_no><![CDATA[12405410022016021811470247]]></out_trade_no><product_id><![CDATA[123134]]></product_id><sign><![CDATA[E6AAB56EC92BBDF28C3E5F323711D7C7]]></sign><spbill_create_ip><![CDATA[8.8.8.8]]></spbill_create_ip><time_expire><![CDATA[20160218115702]]></time_expire><time_start><![CDATA[20160218114702]]></time_start><total_fee>200</total_fee><trade_type><![CDATA[NATIVE]]></trade_type></xml>
2016-02-18 11:47:40.207 DEBUG WxPayApi: UnfiedOrder response : <xml><return_code><![CDATA[FAIL]]></return_code>
<return_msg><![CDATA[签名错误]]></return_msg>
</xml>
2016-02-18 12:33:10.917 DEBUG WxPayApi: UnfiedOrder request : <xml><appid><![CDATA[wxbeb2e5a46ca7bf69]]></appid><attach><![CDATA[123134]]></attach><body><![CDATA[订单编号123134]]></body><goods_tag><![CDATA[]]></goods_tag><mch_id><![CDATA[1240541002]]></mch_id><nonce_str><![CDATA[92130a81fcd246eb89634c96cca787d0]]></nonce_str><notify_url><![CDATA[http://demo.xmpharos.com/WXNotify.aspx]]></notify_url><out_trade_no><![CDATA[124054100220160218123310260]]></out_trade_no><product_id><![CDATA[123134]]></product_id><sign><![CDATA[F3E74DC602E6DE72CB58D2CF346B33D5]]></sign><spbill_create_ip><![CDATA[8.8.8.8]]></spbill_create_ip><time_expire><![CDATA[20160218124310]]></time_expire><time_start><![CDATA[20160218123310]]></time_start><total_fee>200</total_fee><trade_type><![CDATA[NATIVE]]></trade_type></xml>
2016-02-18 12:33:11.172 DEBUG QrcodeController: 支付宝扫码,http://localhost:3122/Qrcode/GenerateQrcode?codeUrl=https%3A%2F%2Fqr.alipay.com%2Fgdxox0xogiiqhjhtf9
2016-02-18 12:33:11.374 DEBUG WxPayApi: UnfiedOrder response : <xml><return_code><![CDATA[SUCCESS]]></return_code>
<return_msg><![CDATA[OK]]></return_msg>
<appid><![CDATA[wxbeb2e5a46ca7bf69]]></appid>
<mch_id><![CDATA[1240541002]]></mch_id>
<nonce_str><![CDATA[MrBGBRy9ERwN8iTk]]></nonce_str>
<sign><![CDATA[305E646134AC63368DA77590FC8BBB39]]></sign>
<result_code><![CDATA[SUCCESS]]></result_code>
<prepay_id><![CDATA[wx20160218123331c305953f110786661001]]></prepay_id>
<trade_type><![CDATA[NATIVE]]></trade_type>
<code_url><![CDATA[weixin://wxpay/bizpayurl?pr=eYpXJuQ]]></code_url>
</xml>
2016-02-18 13:09:51.063 DEBUG WxPayApi: UnfiedOrder request : <xml><appid><![CDATA[wxbeb2e5a46ca7bf69]]></appid><attach><![CDATA[123134]]></attach><body><![CDATA[订单编号123134]]></body><goods_tag><![CDATA[]]></goods_tag><mch_id><![CDATA[1240541002]]></mch_id><nonce_str><![CDATA[672705572ffb4f708515ed66deedf215]]></nonce_str><notify_url><![CDATA[http://demo.xmpharos.com/WXNotify.aspx]]></notify_url><out_trade_no><![CDATA[124054100220160218130951626]]></out_trade_no><product_id><![CDATA[123134]]></product_id><sign><![CDATA[E28A271C6C10704F4897AAC7114AB527]]></sign><spbill_create_ip><![CDATA[8.8.8.8]]></spbill_create_ip><time_expire><![CDATA[20160218131951]]></time_expire><time_start><![CDATA[20160218130951]]></time_start><total_fee>200</total_fee><trade_type><![CDATA[NATIVE]]></trade_type></xml>
2016-02-18 13:09:51.275 DEBUG QrcodeController: 支付宝扫码,http://localhost:3122/Qrcode/GenerateQrcode?codeUrl=https%3A%2F%2Fqr.alipay.com%2Fgdxox0xopzkju9tif5
2016-02-18 13:09:51.593 DEBUG WxPayApi: UnfiedOrder response : <xml><return_code><![CDATA[FAIL]]></return_code>
<return_msg><![CDATA[签名错误]]></return_msg>
</xml>
2016-02-18 13:11:45.494 DEBUG WxPayApi: UnfiedOrder request : <xml><appid><![CDATA[wxbeb2e5a46ca7bf69]]></appid><attach><![CDATA[123134]]></attach><body><![CDATA[订单编号123134]]></body><goods_tag><![CDATA[]]></goods_tag><mch_id><![CDATA[1240541002]]></mch_id><nonce_str><![CDATA[b09775e9649a474d9b017b6d559e5d30]]></nonce_str><notify_url><![CDATA[http://demo.xmpharos.com/WXNotify.aspx]]></notify_url><out_trade_no><![CDATA[124054100220160218131145188]]></out_trade_no><product_id><![CDATA[123134]]></product_id><sign><![CDATA[1C0C538653E3F3CA5FA749517DB60794]]></sign><spbill_create_ip><![CDATA[8.8.8.8]]></spbill_create_ip><time_expire><![CDATA[20160218132145]]></time_expire><time_start><![CDATA[20160218131145]]></time_start><total_fee>200</total_fee><trade_type><![CDATA[NATIVE]]></trade_type></xml>
2016-02-18 13:11:45.732 DEBUG QrcodeController: 支付宝扫码,http://localhost:3122/Qrcode/GenerateQrcode?codeUrl=https%3A%2F%2Fqr.alipay.com%2Fgdxox0xompk5duud8f
2016-02-18 13:11:46.019 DEBUG WxPayApi: UnfiedOrder response : <xml><return_code><![CDATA[FAIL]]></return_code>
<return_msg><![CDATA[签名错误]]></return_msg>
</xml>
2016-02-18 13:14:35.019 DEBUG WxPayApi: UnfiedOrder request : <xml><appid><![CDATA[wxbeb2e5a46ca7bf69]]></appid><attach><![CDATA[123134]]></attach><body><![CDATA[订单编号123134]]></body><goods_tag><![CDATA[]]></goods_tag><mch_id><![CDATA[1240541002]]></mch_id><nonce_str><![CDATA[f1618e62928e4f92a439b9df8fd007fe]]></nonce_str><notify_url><![CDATA[http://demo.xmpharos.com/WXNotify.aspx]]></notify_url><out_trade_no><![CDATA[12405410022016021813133686]]></out_trade_no><product_id><![CDATA[123134]]></product_id><sign><![CDATA[293FCD0C3E3C93F7645C3E3121D5C4A2]]></sign><spbill_create_ip><![CDATA[8.8.8.8]]></spbill_create_ip><time_expire><![CDATA[20160218132336]]></time_expire><time_start><![CDATA[20160218131336]]></time_start><total_fee>200</total_fee><trade_type><![CDATA[NATIVE]]></trade_type></xml>
2016-02-18 13:14:35.202 DEBUG QrcodeController: 支付宝扫码,http://localhost:3122/Qrcode/GenerateQrcode?codeUrl=https%3A%2F%2Fqr.alipay.com%2Fgdxox0xohgaiep4re9
2016-02-18 13:14:35.703 DEBUG WxPayApi: UnfiedOrder response : <xml><return_code><![CDATA[FAIL]]></return_code>
<return_msg><![CDATA[签名错误]]></return_msg>
</xml>
2016-02-18 13:15:08.668 DEBUG QrcodeController: 支付宝扫码,http://localhost:3122/Qrcode/GenerateQrcode?codeUrl=https%3A%2F%2Fqr.alipay.com%2Fgdxox0xoeq1oruot70
2016-02-18 13:16:49.868 DEBUG WxPayApi: UnfiedOrder request : <xml><appid><![CDATA[wxbeb2e5a46ca7bf69]]></appid><attach><![CDATA[123134]]></attach><body><![CDATA[订单编号123134]]></body><goods_tag><![CDATA[]]></goods_tag><mch_id><![CDATA[1240541002]]></mch_id><nonce_str><![CDATA[ddea9c732b75419093e8a951011a0378]]></nonce_str><notify_url><![CDATA[http://demo.xmpharos.com/WXNotify.aspx]]></notify_url><out_trade_no><![CDATA[124054100220160218131647176]]></out_trade_no><product_id><![CDATA[123134]]></product_id><sign><![CDATA[61726C6E1813E8A2D97E26398FD64191]]></sign><spbill_create_ip><![CDATA[8.8.8.8]]></spbill_create_ip><time_expire><![CDATA[20160218132647]]></time_expire><time_start><![CDATA[20160218131647]]></time_start><total_fee>200</total_fee><trade_type><![CDATA[NATIVE]]></trade_type></xml>
2016-02-18 13:16:50.110 DEBUG QrcodeController: 支付宝扫码,http://localhost:3122/Qrcode/GenerateQrcode?codeUrl=https%3A%2F%2Fqr.alipay.com%2Fgdxox0xoepp3nunx5f
2016-02-18 13:16:50.370 DEBUG WxPayApi: UnfiedOrder response : <xml><return_code><![CDATA[FAIL]]></return_code>
<return_msg><![CDATA[签名错误]]></return_msg>
</xml>
2016-02-18 13:17:06.014 DEBUG QrcodeController: 支付宝扫码,http://localhost:3122/Qrcode/GenerateQrcode?codeUrl=https%3A%2F%2Fqr.alipay.com%2Fgdxox0xoodjid8sj3e
2016-02-18 13:18:20.000 DEBUG WxPayApi: UnfiedOrder request : <xml><appid><![CDATA[wxbeb2e5a46ca7bf69]]></appid><attach><![CDATA[123134]]></attach><body><![CDATA[订单编号123134]]></body><goods_tag><![CDATA[]]></goods_tag><mch_id><![CDATA[1240541002]]></mch_id><nonce_str><![CDATA[79410964c2cd400f8ef9d4c574abe7b9]]></nonce_str><notify_url><![CDATA[http://demo.xmpharos.com/WXNotify.aspx]]></notify_url><out_trade_no><![CDATA[124054100220160218131702881]]></out_trade_no><product_id><![CDATA[123134]]></product_id><sign><![CDATA[FCAD272B745C7BA24C64E0BE24846B5E]]></sign><spbill_create_ip><![CDATA[8.8.8.8]]></spbill_create_ip><time_expire><![CDATA[20160218132702]]></time_expire><time_start><![CDATA[20160218131702]]></time_start><total_fee>200</total_fee><trade_type><![CDATA[NATIVE]]></trade_type></xml>
2016-02-18 13:18:22.735 DEBUG WxPayApi: UnfiedOrder response : <xml><return_code><![CDATA[FAIL]]></return_code>
<return_msg><![CDATA[签名错误]]></return_msg>
</xml>
2016-02-18 13:19:41.975 DEBUG WxPayApi: UnfiedOrder request : <xml><appid><![CDATA[wxbeb2e5a46ca7bf69]]></appid><attach><![CDATA[123134]]></attach><body><![CDATA[订单编号123134]]></body><goods_tag><![CDATA[]]></goods_tag><mch_id><![CDATA[1240541002]]></mch_id><nonce_str><![CDATA[7ffe07ef2b3041cbac75e273d58cfe88]]></nonce_str><notify_url><![CDATA[http://demo.xmpharos.com/WXNotify.aspx]]></notify_url><out_trade_no><![CDATA[124054100220160218131931216]]></out_trade_no><product_id><![CDATA[123134]]></product_id><sign><![CDATA[4F511705340908CD1E164A4B616E2B47]]></sign><spbill_create_ip><![CDATA[8.8.8.8]]></spbill_create_ip><time_expire><![CDATA[20160218132931]]></time_expire><time_start><![CDATA[20160218131931]]></time_start><total_fee>200</total_fee><trade_type><![CDATA[NATIVE]]></trade_type></xml>
2016-02-18 13:19:42.142 DEBUG QrcodeController: 支付宝扫码,http://localhost:3122/Qrcode/GenerateQrcode?codeUrl=https%3A%2F%2Fqr.alipay.com%2Fgdxox0xokckz3meu79
2016-02-18 13:19:42.468 DEBUG WxPayApi: UnfiedOrder response : <xml><return_code><![CDATA[FAIL]]></return_code>
<return_msg><![CDATA[签名错误]]></return_msg>
</xml>
2016-02-18 13:19:56.384 DEBUG WxPayApi: UnfiedOrder request : <xml><appid><![CDATA[wxefc6681a35189ab8]]></appid><attach><![CDATA[123134]]></attach><body><![CDATA[订单编号123134]]></body><goods_tag><![CDATA[]]></goods_tag><mch_id><![CDATA[1273991801]]></mch_id><nonce_str><![CDATA[64c0339e99d5482f8973ef3eb375fe7e]]></nonce_str><notify_url><![CDATA[http://demo.xmpharos.com/WXNotify.aspx]]></notify_url><out_trade_no><![CDATA[124054100220160218131950822]]></out_trade_no><product_id><![CDATA[123134]]></product_id><sign><![CDATA[41CD7A58E9EC48DA0C18209BEF92FC08]]></sign><spbill_create_ip><![CDATA[8.8.8.8]]></spbill_create_ip><time_expire><![CDATA[20160218132950]]></time_expire><time_start><![CDATA[20160218131950]]></time_start><total_fee>200</total_fee><trade_type><![CDATA[NATIVE]]></trade_type></xml>
2016-02-18 13:19:56.478 DEBUG QrcodeController: 支付宝扫码,http://localhost:3122/Qrcode/GenerateQrcode?codeUrl=https%3A%2F%2Fqr.alipay.com%2Fgdxox0xojjugokeg44
2016-02-18 13:19:56.879 DEBUG WxPayApi: UnfiedOrder response : <xml><return_code><![CDATA[FAIL]]></return_code>
<return_msg><![CDATA[签名错误]]></return_msg>
</xml>
2016-02-18 13:21:05.181 DEBUG QrcodeController: 支付宝扫码,http://localhost:3122/Qrcode/GenerateQrcode?codeUrl=https%3A%2F%2Fqr.alipay.com%2Fgdxox0xory7qrb1r07
2016-02-18 13:22:41.697 DEBUG WxPayApi: UnfiedOrder request : <xml><appid><![CDATA[wxefc6681a35189ab8]]></appid><attach><![CDATA[123134]]></attach><body><![CDATA[订单编号123134]]></body><goods_tag><![CDATA[]]></goods_tag><mch_id><![CDATA[1273991801]]></mch_id><nonce_str><![CDATA[70f09c75a16540bdb1b8d586406b7e94]]></nonce_str><notify_url><![CDATA[http://demo.xmpharos.com/WXNotify.aspx]]></notify_url><out_trade_no><![CDATA[12405410022016021813201487]]></out_trade_no><product_id><![CDATA[123134]]></product_id><sign><![CDATA[5B2B677C5064C7692EBC1ABB57408586]]></sign><spbill_create_ip><![CDATA[8.8.8.8]]></spbill_create_ip><time_expire><![CDATA[20160218133014]]></time_expire><time_start><![CDATA[20160218132014]]></time_start><total_fee>200</total_fee><trade_type><![CDATA[NATIVE]]></trade_type></xml>
2016-02-18 13:22:42.233 DEBUG WxPayApi: UnfiedOrder response : <xml><return_code><![CDATA[FAIL]]></return_code>
<return_msg><![CDATA[签名错误]]></return_msg>
</xml>
2016-02-18 13:23:55.843 DEBUG WxPayApi: UnfiedOrder request : <xml><appid><![CDATA[wxbeb2e5a46ca7bf69]]></appid><attach><![CDATA[123134]]></attach><body><![CDATA[订单编号123134]]></body><goods_tag><![CDATA[]]></goods_tag><mch_id><![CDATA[1240541002]]></mch_id><nonce_str><![CDATA[1faa2102dce64e37a1c56d39d23347a7]]></nonce_str><notify_url><![CDATA[http://demo.xmpharos.com/WXNotify.aspx]]></notify_url><out_trade_no><![CDATA[124054100220160218132320941]]></out_trade_no><product_id><![CDATA[123134]]></product_id><sign><![CDATA[9A844432A4D0432A933C5ED107B1F04D]]></sign><spbill_create_ip><![CDATA[8.8.8.8]]></spbill_create_ip><time_expire><![CDATA[20160218133320]]></time_expire><time_start><![CDATA[20160218132320]]></time_start><total_fee>200</total_fee><trade_type><![CDATA[NATIVE]]></trade_type></xml>
2016-02-18 13:23:56.689 DEBUG QrcodeController: 支付宝扫码,http://localhost:3122/Qrcode/GenerateQrcode?codeUrl=https%3A%2F%2Fqr.alipay.com%2Fgdxox0xorb7o0elu67
2016-02-18 13:24:00.209 DEBUG WxPayApi: UnfiedOrder response : <xml><return_code><![CDATA[SUCCESS]]></return_code>
<return_msg><![CDATA[OK]]></return_msg>
<appid><![CDATA[wxbeb2e5a46ca7bf69]]></appid>
<mch_id><![CDATA[1240541002]]></mch_id>
<nonce_str><![CDATA[IWlKTE8D6Hxu9zqJ]]></nonce_str>
<sign><![CDATA[F3503027446C4008B183F8240F0093E9]]></sign>
<result_code><![CDATA[SUCCESS]]></result_code>
<prepay_id><![CDATA[wx20160218132417e352d73dff0620748680]]></prepay_id>
<trade_type><![CDATA[NATIVE]]></trade_type>
<code_url><![CDATA[weixin://wxpay/bizpayurl?pr=tZAUYP6]]></code_url>
</xml>
2016-02-18 13:26:17.855 DEBUG WxPayApi: UnfiedOrder request : <xml><appid><![CDATA[wxefc6681a35189ab8]]></appid><attach><![CDATA[123134]]></attach><body><![CDATA[订单编号123134]]></body><goods_tag><![CDATA[]]></goods_tag><mch_id><![CDATA[1273991801]]></mch_id><nonce_str><![CDATA[b0aa4f7965ca4985a2f1bb43ca7b7852]]></nonce_str><notify_url><![CDATA[http://demo.xmpharos.com/WXNotify.aspx]]></notify_url><out_trade_no><![CDATA[124054100220160218132614760]]></out_trade_no><product_id><![CDATA[123134]]></product_id><sign><![CDATA[CA1D8CB6EC890533F1717F813CC0D291]]></sign><spbill_create_ip><![CDATA[8.8.8.8]]></spbill_create_ip><time_expire><![CDATA[20160218133614]]></time_expire><time_start><![CDATA[20160218132614]]></time_start><total_fee>200</total_fee><trade_type><![CDATA[NATIVE]]></trade_type></xml>
2016-02-18 13:26:18.088 DEBUG QrcodeController: 支付宝扫码,http://localhost:3122/Qrcode/GenerateQrcode?codeUrl=https%3A%2F%2Fqr.alipay.com%2Fgdxox0xo8qvrarna18
2016-02-18 13:26:18.400 DEBUG WxPayApi: UnfiedOrder response : <xml><return_code><![CDATA[FAIL]]></return_code>
<return_msg><![CDATA[签名错误]]></return_msg>
</xml>
2016-02-18 13:27:52.949 DEBUG WxPayApi: UnfiedOrder request : <xml><appid><![CDATA[wxefc6681a35189ab8]]></appid><attach><![CDATA[123134]]></attach><body><![CDATA[订单编号123134]]></body><goods_tag><![CDATA[]]></goods_tag><mch_id><![CDATA[1273991801]]></mch_id><nonce_str><![CDATA[87eab85bbc1b41769849231d98f974a8]]></nonce_str><notify_url><![CDATA[http://demo.xmpharos.com/WXNotify.aspx]]></notify_url><out_trade_no><![CDATA[124054100220160218132750273]]></out_trade_no><product_id><![CDATA[123134]]></product_id><sign><![CDATA[48AD03BC8A8C4A3E9CD770EEDAD7E5A0]]></sign><spbill_create_ip><![CDATA[8.8.8.8]]></spbill_create_ip><time_expire><![CDATA[20160218133750]]></time_expire><time_start><![CDATA[20160218132750]]></time_start><total_fee>200</total_fee><trade_type><![CDATA[NATIVE]]></trade_type></xml>
2016-02-18 13:27:53.139 DEBUG QrcodeController: 支付宝扫码,http://localhost:3122/Qrcode/GenerateQrcode?codeUrl=https%3A%2F%2Fqr.alipay.com%2Fgdxox0xodnnlncec83
2016-02-18 13:27:53.368 DEBUG WxPayApi: UnfiedOrder response : <xml><return_code><![CDATA[SUCCESS]]></return_code>
<return_msg><![CDATA[OK]]></return_msg>
<appid><![CDATA[wxefc6681a35189ab8]]></appid>
<mch_id><![CDATA[1273991801]]></mch_id>
<nonce_str><![CDATA[9XYRckZRuYkdBBei]]></nonce_str>
<sign><![CDATA[2645C7905342E4A42FB2462ED3DE408E]]></sign>
<result_code><![CDATA[SUCCESS]]></result_code>
<prepay_id><![CDATA[wx201602181328131c307f3fa80453594629]]></prepay_id>
<trade_type><![CDATA[NATIVE]]></trade_type>
<code_url><![CDATA[weixin://wxpay/bizpayurl?pr=QxzDFM8]]></code_url>
</xml>
2016-02-18 13:28:27.360 ERROR QrcodeController: 微信扫码,WxPayData签名验证错误!
2016-02-18 13:28:40.860 DEBUG QrcodeController: 支付宝扫码,http://localhost:3122/Qrcode/GenerateQrcode?codeUrl=https%3A%2F%2Fqr.alipay.com%2Fgdxox0xof2whuxyy42
2016-02-18 13:28:47.620 DEBUG WxPayApi: UnfiedOrder request : <xml><appid><![CDATA[wxefc6681a35189ab8]]></appid><attach><![CDATA[123134]]></attach><body><![CDATA[订单编号123134]]></body><goods_tag><![CDATA[]]></goods_tag><mch_id><![CDATA[1273991801]]></mch_id><nonce_str><![CDATA[87964da9a75f46308b6b98a1eb3688da]]></nonce_str><notify_url><![CDATA[http://demo.xmpharos.com/WXNotify.aspx]]></notify_url><out_trade_no><![CDATA[12405410022016021813283632]]></out_trade_no><product_id><![CDATA[123134]]></product_id><sign><![CDATA[437DCE755F0702E924EC36714F7C34A3]]></sign><spbill_create_ip><![CDATA[8.8.8.8]]></spbill_create_ip><time_expire><![CDATA[20160218133836]]></time_expire><time_start><![CDATA[20160218132836]]></time_start><total_fee>200</total_fee><trade_type><![CDATA[NATIVE]]></trade_type></xml>
2016-02-18 13:29:19.182 DEBUG WxPayApi: UnfiedOrder response : <xml><return_code><![CDATA[SUCCESS]]></return_code>
<return_msg><![CDATA[OK]]></return_msg>
<appid><![CDATA[wxefc6681a35189ab8]]></appid>
<mch_id><![CDATA[1273991801]]></mch_id>
<nonce_str><![CDATA[x6lGSVss8yEdhAGI]]></nonce_str>
<sign><![CDATA[676EB488CACFE2F8A00592D8CCEB9778]]></sign>
<result_code><![CDATA[SUCCESS]]></result_code>
<prepay_id><![CDATA[wx20160218132916308d0628110810287567]]></prepay_id>
<trade_type><![CDATA[NATIVE]]></trade_type>
<code_url><![CDATA[weixin://wxpay/bizpayurl?pr=d9yrzUK]]></code_url>
</xml>
2016-02-18 13:29:29.797 ERROR QrcodeController: 微信扫码,WxPayData签名验证错误!
2016-02-18 13:29:43.839 DEBUG WxPayApi: UnfiedOrder request : <xml><appid><![CDATA[wxefc6681a35189ab8]]></appid><attach><![CDATA[123134]]></attach><body><![CDATA[订单编号123134]]></body><goods_tag><![CDATA[]]></goods_tag><mch_id><![CDATA[1273991801]]></mch_id><nonce_str><![CDATA[61254778d2b6459f88771525ddb11c2a]]></nonce_str><notify_url><![CDATA[http://demo.xmpharos.com/WXNotify.aspx]]></notify_url><out_trade_no><![CDATA[124054100220160218132935766]]></out_trade_no><product_id><![CDATA[123134]]></product_id><sign><![CDATA[EFEF041577E44CF8C12CE7E0377DFA9F]]></sign><spbill_create_ip><![CDATA[8.8.8.8]]></spbill_create_ip><time_expire><![CDATA[20160218133935]]></time_expire><time_start><![CDATA[20160218132935]]></time_start><total_fee>200</total_fee><trade_type><![CDATA[NATIVE]]></trade_type></xml>
2016-02-18 13:29:44.030 DEBUG QrcodeController: 支付宝扫码,http://localhost:3122/Qrcode/GenerateQrcode?codeUrl=https%3A%2F%2Fqr.alipay.com%2Fgdxox0xokliyce8117
2016-02-18 13:29:44.280 DEBUG WxPayApi: UnfiedOrder response : <xml><return_code><![CDATA[SUCCESS]]></return_code>
<return_msg><![CDATA[OK]]></return_msg>
<appid><![CDATA[wxefc6681a35189ab8]]></appid>
<mch_id><![CDATA[1273991801]]></mch_id>
<nonce_str><![CDATA[6HgFKXmDCbtV3d90]]></nonce_str>
<sign><![CDATA[AA5CE62D117C53A7C6A06432A69DE77E]]></sign>
<result_code><![CDATA[SUCCESS]]></result_code>
<prepay_id><![CDATA[wx2016021813300470d7fd85900883648768]]></prepay_id>
<trade_type><![CDATA[NATIVE]]></trade_type>
<code_url><![CDATA[weixin://wxpay/bizpayurl?pr=9GvA57D]]></code_url>
</xml>
2016-02-18 13:33:15.155 ERROR QrcodeController: 微信扫码,WxPayData签名验证错误!
2016-02-18 13:36:00.169 DEBUG QrcodeController: 支付宝扫码,http://localhost:3122/Qrcode/GenerateQrcode?codeUrl=https%3A%2F%2Fqr.alipay.com%2Fgdxox0xoid8kqribb5
2016-02-18 13:36:03.071 DEBUG WxPayApi: UnfiedOrder request : <xml><appid><![CDATA[wxefc6681a35189ab8]]></appid><attach><![CDATA[123134]]></attach><body><![CDATA[订单编号123134]]></body><goods_tag><![CDATA[]]></goods_tag><mch_id><![CDATA[1273991801]]></mch_id><nonce_str><![CDATA[4bfc6b65ad004abe806e7c5f0077f03f]]></nonce_str><notify_url><![CDATA[http://demo.xmpharos.com/WXNotify.aspx]]></notify_url><out_trade_no><![CDATA[124054100220160218133559910]]></out_trade_no><product_id><![CDATA[123134]]></product_id><sign><![CDATA[04267EFF7A72BDA38C195E03C87E0D81]]></sign><spbill_create_ip><![CDATA[8.8.8.8]]></spbill_create_ip><time_expire><![CDATA[20160218134559]]></time_expire><time_start><![CDATA[20160218133559]]></time_start><total_fee>200</total_fee><trade_type><![CDATA[NATIVE]]></trade_type></xml>
2016-02-18 13:36:03.521 DEBUG WxPayApi: UnfiedOrder response : <xml><return_code><![CDATA[SUCCESS]]></return_code>
<return_msg><![CDATA[OK]]></return_msg>
<appid><![CDATA[wxefc6681a35189ab8]]></appid>
<mch_id><![CDATA[1273991801]]></mch_id>
<nonce_str><![CDATA[NDTzvQFIUO6yU3wY]]></nonce_str>
<sign><![CDATA[BB5EDECE3FFA48E681CB2F00EBD60547]]></sign>
<result_code><![CDATA[SUCCESS]]></result_code>
<prepay_id><![CDATA[wx20160218133623c01958a2720696656718]]></prepay_id>
<trade_type><![CDATA[NATIVE]]></trade_type>
<code_url><![CDATA[weixin://wxpay/bizpayurl?pr=RrHqcA4]]></code_url>
</xml>
2016-02-18 13:39:13.661 DEBUG WxPayApi: UnfiedOrder request : <xml><appid><![CDATA[wxbeb2e5a46ca7bf69]]></appid><attach><![CDATA[123134]]></attach><body><![CDATA[订单编号123134]]></body><goods_tag><![CDATA[]]></goods_tag><mch_id><![CDATA[1240541002]]></mch_id><nonce_str><![CDATA[50829c910f3143a4904f56bf62f57967]]></nonce_str><notify_url><![CDATA[http://demo.xmpharos.com/WXNotify.aspx]]></notify_url><out_trade_no><![CDATA[124054100220160218133909672]]></out_trade_no><product_id><![CDATA[123134]]></product_id><sign><![CDATA[12A54E60A2A173BC62C94006E2A77F42]]></sign><spbill_create_ip><![CDATA[8.8.8.8]]></spbill_create_ip><time_expire><![CDATA[20160218134909]]></time_expire><time_start><![CDATA[20160218133909]]></time_start><total_fee>1</total_fee><trade_type><![CDATA[NATIVE]]></trade_type></xml>
2016-02-18 13:39:13.868 DEBUG QrcodeController: 支付宝扫码,http://localhost:3122/Qrcode/GenerateQrcode?codeUrl=https%3A%2F%2Fqr.alipay.com%2Fgdxox0xovt5efedbe0
2016-02-18 13:39:14.076 DEBUG WxPayApi: UnfiedOrder response : <xml><return_code><![CDATA[SUCCESS]]></return_code>
<return_msg><![CDATA[OK]]></return_msg>
<appid><![CDATA[wxbeb2e5a46ca7bf69]]></appid>
<mch_id><![CDATA[1240541002]]></mch_id>
<nonce_str><![CDATA[OFEdqrCTfp1OhG3d]]></nonce_str>
<sign><![CDATA[CF7ED47673F34DD46DD5CC9415077575]]></sign>
<result_code><![CDATA[SUCCESS]]></result_code>
<prepay_id><![CDATA[wx201602181339348c5869d08d0851074698]]></prepay_id>
<trade_type><![CDATA[NATIVE]]></trade_type>
<code_url><![CDATA[weixin://wxpay/bizpayurl?pr=u9wlTAB]]></code_url>
</xml>
2016-02-18 13:43:25.566 DEBUG WxPayApi: UnfiedOrder request : <xml><appid><![CDATA[wxbeb2e5a46ca7bf69]]></appid><attach><![CDATA[123134]]></attach><body><![CDATA[订单编号123134]]></body><goods_tag><![CDATA[]]></goods_tag><mch_id><![CDATA[1240541002]]></mch_id><nonce_str><![CDATA[c203f5a4f2fe483cb61aade1994f408d]]></nonce_str><notify_url><![CDATA[http://demo.xmpharos.com/WXNotify.aspx]]></notify_url><out_trade_no><![CDATA[12405410022016021813431754]]></out_trade_no><product_id><![CDATA[123134]]></product_id><sign><![CDATA[ECD050262B10C94970A30455CB432238]]></sign><spbill_create_ip><![CDATA[8.8.8.8]]></spbill_create_ip><time_expire><![CDATA[20160218135305]]></time_expire><time_start><![CDATA[20160218134305]]></time_start><total_fee>1</total_fee><trade_type><![CDATA[NATIVE]]></trade_type></xml>
2016-02-18 13:43:25.566 DEBUG QrcodeController: 支付宝扫码,http://localhost:3122/Qrcode/GenerateQrcode?codeUrl=https%3A%2F%2Fqr.alipay.com%2Fgdxox0xog63duoisbd
2016-02-18 13:43:26.162 DEBUG WxPayApi: UnfiedOrder response : <xml><return_code><![CDATA[SUCCESS]]></return_code>
<return_msg><![CDATA[OK]]></return_msg>
<appid><![CDATA[wxbeb2e5a46ca7bf69]]></appid>
<mch_id><![CDATA[1240541002]]></mch_id>
<nonce_str><![CDATA[u6NNW2iYGngv7l1V]]></nonce_str>
<sign><![CDATA[89580F3BD0ACB9BCB63B5CFF00CD1941]]></sign>
<result_code><![CDATA[SUCCESS]]></result_code>
<prepay_id><![CDATA[wx201602181343461d45f31f750401425331]]></prepay_id>
<trade_type><![CDATA[NATIVE]]></trade_type>
<code_url><![CDATA[weixin://wxpay/bizpayurl?pr=BBNDbWX]]></code_url>
</xml>
2016-02-18 14:19:49.250 DEBUG QrcodeController: 支付宝扫码,http://localhost:3122/Qrcode/GenerateQrcode?codeUrl=https%3A%2F%2Fqr.alipay.com%2Fgdxox0xoq1gpm0tz42
2016-02-18 14:19:52.405 DEBUG WxPayApi: OrderQuery request : <xml><appid><![CDATA[wxbeb2e5a46ca7bf69]]></appid><mch_id><![CDATA[1240541002]]></mch_id><sign><![CDATA[5A54FB2B8C1B1467048272880A731B4E]]></sign><transaction_id><![CDATA[1007260902201602183357901591]]></transaction_id></xml>
2016-02-18 14:20:49.763 DEBUG WxPayApi: OrderQuery response : <xml><return_code><![CDATA[FAIL]]></return_code>
<return_msg><![CDATA[缺少参数]]></return_msg>
</xml>
2016-02-18 14:22:54.380 DEBUG QrcodeController: 支付宝扫码,http://localhost:3122/Qrcode/GenerateQrcode?codeUrl=https%3A%2F%2Fqr.alipay.com%2Fgdxox0xobjnuihgta7
2016-02-18 14:23:37.460 DEBUG WxPayApi: OrderQuery request : <xml><appid><![CDATA[wxbeb2e5a46ca7bf69]]></appid><mch_id><![CDATA[1240541002]]></mch_id><nonce_str><![CDATA[d3a532f1004243e9bf03cc294cc0f5ea]]></nonce_str><sign><![CDATA[5A54FB2B8C1B1467048272880A731B4E]]></sign><transaction_id><![CDATA[1007260902201602183357901591]]></transaction_id></xml>
2016-02-18 14:32:55.751 DEBUG QrcodeController: 支付宝扫码,http://localhost:3122/Qrcode/GenerateQrcode?codeUrl=https%3A%2F%2Fqr.alipay.com%2Fgdxox0xokakmjwm1e9
2016-02-18 14:32:58.111 DEBUG WxPayApi: UnfiedOrder request : <xml><appid><![CDATA[wxbeb2e5a46ca7bf69]]></appid><attach><![CDATA[123134]]></attach><body><![CDATA[订单编号123134]]></body><goods_tag><![CDATA[]]></goods_tag><mch_id><![CDATA[1240541002]]></mch_id><nonce_str><![CDATA[17889534ec9544ee93cc30e96115ea27]]></nonce_str><notify_url><![CDATA[http://demo.xmpharos.com/WXNotify.aspx]]></notify_url><out_trade_no><![CDATA[124054100220160218143256247]]></out_trade_no><product_id><![CDATA[123134]]></product_id><sign><![CDATA[1028CC3420CBD3038D91229541B1629E]]></sign><spbill_create_ip><![CDATA[8.8.8.8]]></spbill_create_ip><time_expire><![CDATA[20160218144255]]></time_expire><time_start><![CDATA[20160218143255]]></time_start><total_fee>1</total_fee><trade_type><![CDATA[NATIVE]]></trade_type></xml>
2016-02-18 14:32:58.554 DEBUG WxPayApi: UnfiedOrder response : <xml><return_code><![CDATA[SUCCESS]]></return_code>
<return_msg><![CDATA[OK]]></return_msg>
<appid><![CDATA[wxbeb2e5a46ca7bf69]]></appid>
<mch_id><![CDATA[1240541002]]></mch_id>
<nonce_str><![CDATA[n2g3tUQYiOlpf2R7]]></nonce_str>
<sign><![CDATA[A71A60E2AD806C0AB3146122B395BD86]]></sign>
<result_code><![CDATA[SUCCESS]]></result_code>
<prepay_id><![CDATA[wx20160218143318225c8a45140263488922]]></prepay_id>
<trade_type><![CDATA[NATIVE]]></trade_type>
<code_url><![CDATA[weixin://wxpay/bizpayurl?pr=Ntf78J0]]></code_url>
</xml>
2016-02-18 14:55:25.775 DEBUG WxPayApi: MicroPay request : <xml><appid><![CDATA[wxbeb2e5a46ca7bf69]]></appid><auth_code><![CDATA[130116602119004149]]></auth_code><body><![CDATA[订单编号 2312]]></body><mch_id><![CDATA[1240541002]]></mch_id><nonce_str><![CDATA[d648c20a24f94aafab7db5d9abd98ed9]]></nonce_str><out_trade_no><![CDATA[124054100220160218145520866]]></out_trade_no><sign><![CDATA[CD470D066ED8A3892D85DB1467A76BF3]]></sign><spbill_create_ip><![CDATA[8.8.8.8]]></spbill_create_ip><total_fee>1</total_fee></xml>
2016-02-18 14:55:26.989 DEBUG WxPayApi: MicroPay response : <xml><return_code><![CDATA[SUCCESS]]></return_code>
<return_msg><![CDATA[OK]]></return_msg>
<appid><![CDATA[wxbeb2e5a46ca7bf69]]></appid>
<mch_id><![CDATA[1240541002]]></mch_id>
<nonce_str><![CDATA[Yc8XxLJMt7Z8kpQQ]]></nonce_str>
<sign><![CDATA[7E20C7ACB7F205BA08AF425DDD4A4482]]></sign>
<result_code><![CDATA[SUCCESS]]></result_code>
<openid><![CDATA[oAZCps75h8Jyj1a0uyIktHiGHbho]]></openid>
<is_subscribe><![CDATA[Y]]></is_subscribe>
<trade_type><![CDATA[MICROPAY]]></trade_type>
<bank_type><![CDATA[ABC_DEBIT]]></bank_type>
<total_fee>1</total_fee>
<fee_type><![CDATA[CNY]]></fee_type>
<transaction_id><![CDATA[1007260902201602183358745808]]></transaction_id>
<out_trade_no><![CDATA[124054100220160218145520866]]></out_trade_no>
<attach><![CDATA[]]></attach>
<time_end><![CDATA[20160218145546]]></time_end>
<cash_fee>1</cash_fee>
<cash_fee_type><![CDATA[]]></cash_fee_type>
</xml>
2016-02-18 14:55:53.736 ERROR QrcodeController: 微信当面付,未将对象引用设置到对象的实例。
2016-02-18 14:55:57.885 DEBUG WxPayApi: MicroPay request : <xml><appid><![CDATA[wxbeb2e5a46ca7bf69]]></appid><auth_code><![CDATA[130116602119004149]]></auth_code><body><![CDATA[订单编号 2312]]></body><mch_id><![CDATA[1240541002]]></mch_id><nonce_str><![CDATA[0309d08407fe4cdfa02190977792a9c4]]></nonce_str><out_trade_no><![CDATA[124054100220160218145556783]]></out_trade_no><sign><![CDATA[32727BE2F1231C575501B34CD2C9D285]]></sign><spbill_create_ip><![CDATA[8.8.8.8]]></spbill_create_ip><total_fee>1</total_fee></xml>
2016-02-18 14:55:58.313 DEBUG WxPayApi: MicroPay response : <xml><return_code><![CDATA[SUCCESS]]></return_code>
<return_msg><![CDATA[OK]]></return_msg>
<appid><![CDATA[wxbeb2e5a46ca7bf69]]></appid>
<mch_id><![CDATA[1240541002]]></mch_id>
<nonce_str><![CDATA[Zh6OkuBK8hVs6v0O]]></nonce_str>
<sign><![CDATA[653D91496AE6ACC76349D0EDC46676CE]]></sign>
<result_code><![CDATA[FAIL]]></result_code>
<err_code><![CDATA[AUTHCODEEXPIRE]]></err_code>
<err_code_des><![CDATA[每个二维码仅限使用一次，请刷新再试]]></err_code_des>
</xml>
2016-02-18 14:56:19.824 ERROR QrcodeController: 微信当面付,业务处理失败!每个二维码仅限使用一次，请刷新再试
2016-02-18 14:56:48.559 DEBUG WxPayApi: MicroPay request : <xml><appid><![CDATA[wxbeb2e5a46ca7bf69]]></appid><auth_code><![CDATA[130198353765410400]]></auth_code><body><![CDATA[订单编号 2312]]></body><mch_id><![CDATA[1240541002]]></mch_id><nonce_str><![CDATA[4f2f0ce1c2184d1f87f60c34378d654c]]></nonce_str><out_trade_no><![CDATA[124054100220160218145646454]]></out_trade_no><sign><![CDATA[E7C2C72E01E6C1C33CF0C8DA11A5422B]]></sign><spbill_create_ip><![CDATA[8.8.8.8]]></spbill_create_ip><total_fee>1</total_fee></xml>
2016-02-18 14:56:49.704 DEBUG WxPayApi: MicroPay response : <xml><return_code><![CDATA[SUCCESS]]></return_code>
<return_msg><![CDATA[OK]]></return_msg>
<appid><![CDATA[wxbeb2e5a46ca7bf69]]></appid>
<mch_id><![CDATA[1240541002]]></mch_id>
<nonce_str><![CDATA[ZIf1hXeh3KKIQ0El]]></nonce_str>
<sign><![CDATA[4A791EA04981DB8117009B84D38051BA]]></sign>
<result_code><![CDATA[SUCCESS]]></result_code>
<openid><![CDATA[oAZCps75h8Jyj1a0uyIktHiGHbho]]></openid>
<is_subscribe><![CDATA[Y]]></is_subscribe>
<trade_type><![CDATA[MICROPAY]]></trade_type>
<bank_type><![CDATA[ABC_DEBIT]]></bank_type>
<total_fee>1</total_fee>
<fee_type><![CDATA[CNY]]></fee_type>
<transaction_id><![CDATA[1007260902201602183360687128]]></transaction_id>
<out_trade_no><![CDATA[124054100220160218145646454]]></out_trade_no>
<attach><![CDATA[]]></attach>
<time_end><![CDATA[20160218145709]]></time_end>
<cash_fee>1</cash_fee>
<cash_fee_type><![CDATA[]]></cash_fee_type>
</xml>
2016-02-18 14:57:38.176 DEBUG WxPayApi: OrderQuery request : <xml><appid><![CDATA[wxbeb2e5a46ca7bf69]]></appid><auth_code><![CDATA[130198353765410400]]></auth_code><body><![CDATA[订单编号 2312]]></body><mch_id><![CDATA[1240541002]]></mch_id><nonce_str><![CDATA[d2ee15b070ec42f988b9b0d2347b31b9]]></nonce_str><out_trade_no><![CDATA[124054100220160218145646454]]></out_trade_no><sign><![CDATA[EBE42BD35A1DA5A4F6DA9847F788ADB3]]></sign><spbill_create_ip><![CDATA[8.8.8.8]]></spbill_create_ip><total_fee>1</total_fee></xml>
2016-02-18 14:59:08.724 DEBUG WxPayApi: OrderQuery request : <xml><appid><![CDATA[wxbeb2e5a46ca7bf69]]></appid><body><![CDATA[订单编号 2312]]></body><mch_id><![CDATA[1240541002]]></mch_id><nonce_str><![CDATA[d2ee15b070ec42f988b9b0d2347b31b9]]></nonce_str><out_trade_no><![CDATA[124054100220160218145646454]]></out_trade_no><sign><![CDATA[EBE42BD35A1DA5A4F6DA9847F788ADB3]]></sign><spbill_create_ip><![CDATA[8.8.8.8]]></spbill_create_ip><total_fee>1</total_fee></xml>
2016-02-18 14:59:36.355 DEBUG WxPayApi: OrderQuery request : <xml><appid><![CDATA[wxbeb2e5a46ca7bf69]]></appid><mch_id><![CDATA[1240541002]]></mch_id><nonce_str><![CDATA[d2ee15b070ec42f988b9b0d2347b31b9]]></nonce_str><out_trade_no><![CDATA[124054100220160218145646454]]></out_trade_no><sign><![CDATA[EBE42BD35A1DA5A4F6DA9847F788ADB3]]></sign><spbill_create_ip><![CDATA[8.8.8.8]]></spbill_create_ip><total_fee>1</total_fee></xml>
2016-02-18 15:03:19.209 DEBUG WxPayApi: MicroPay request : <xml><appid><![CDATA[wxbeb2e5a46ca7bf69]]></appid><auth_code><![CDATA[130256772749501166]]></auth_code><body><![CDATA[订单编号 2312]]></body><mch_id><![CDATA[1240541002]]></mch_id><nonce_str><![CDATA[c081ed2b2f234a4cb5adab3e110763b7]]></nonce_str><out_trade_no><![CDATA[124054100220160218150317775]]></out_trade_no><sign><![CDATA[80900811359E7B5E14E878159D58932F]]></sign><spbill_create_ip><![CDATA[8.8.8.8]]></spbill_create_ip><total_fee>1</total_fee></xml>
2016-02-18 15:03:21.435 DEBUG WxPayApi: MicroPay response : <xml><return_code><![CDATA[SUCCESS]]></return_code>
<return_msg><![CDATA[OK]]></return_msg>
<appid><![CDATA[wxbeb2e5a46ca7bf69]]></appid>
<mch_id><![CDATA[1240541002]]></mch_id>
<nonce_str><![CDATA[p340pdO1KK1b1BoC]]></nonce_str>
<sign><![CDATA[F3A53CE5A2229826337786038B1A266A]]></sign>
<result_code><![CDATA[SUCCESS]]></result_code>
<openid><![CDATA[oAZCps75h8Jyj1a0uyIktHiGHbho]]></openid>
<is_subscribe><![CDATA[Y]]></is_subscribe>
<trade_type><![CDATA[MICROPAY]]></trade_type>
<bank_type><![CDATA[ABC_DEBIT]]></bank_type>
<total_fee>1</total_fee>
<fee_type><![CDATA[CNY]]></fee_type>
<transaction_id><![CDATA[1007260902201602183358825223]]></transaction_id>
<out_trade_no><![CDATA[124054100220160218150317775]]></out_trade_no>
<attach><![CDATA[]]></attach>
<time_end><![CDATA[20160218150341]]></time_end>
<cash_fee>1</cash_fee>
<cash_fee_type><![CDATA[]]></cash_fee_type>
</xml>
2016-02-18 15:03:53.412 DEBUG WxPayApi: OrderQuery request : <xml><appid><![CDATA[wxbeb2e5a46ca7bf69]]></appid><mch_id><![CDATA[1240541002]]></mch_id><nonce_str><![CDATA[bfed4d8cbe9740ac9c74d894be2b3ad6]]></nonce_str><out_trade_no><![CDATA[124054100220160218150317775]]></out_trade_no><sign><![CDATA[80900811359E7B5E14E878159D58932F]]></sign></xml>
2016-02-18 15:04:28.463 DEBUG WxPayApi: OrderQuery response : <xml><return_code><![CDATA[FAIL]]></return_code>
<return_msg><![CDATA[签名错误]]></return_msg>
</xml>
2016-02-18 15:07:36.906 DEBUG WxPayApi: MicroPay request : <xml><appid><![CDATA[wxbeb2e5a46ca7bf69]]></appid><auth_code><![CDATA[130129006622784490]]></auth_code><body><![CDATA[订单编号 2312]]></body><mch_id><![CDATA[1240541002]]></mch_id><nonce_str><![CDATA[488d5cb3f4a54a148e3608901d038626]]></nonce_str><out_trade_no><![CDATA[124054100220160218150733862]]></out_trade_no><sign><![CDATA[846374D7ED84E0D570533D19FE3766CA]]></sign><spbill_create_ip><![CDATA[8.8.8.8]]></spbill_create_ip><total_fee>1</total_fee></xml>
2016-02-18 15:07:38.091 DEBUG WxPayApi: MicroPay response : <xml><return_code><![CDATA[SUCCESS]]></return_code>
<return_msg><![CDATA[OK]]></return_msg>
<appid><![CDATA[wxbeb2e5a46ca7bf69]]></appid>
<mch_id><![CDATA[1240541002]]></mch_id>
<nonce_str><![CDATA[1wg00StVc3jZLKEy]]></nonce_str>
<sign><![CDATA[A2F607D27322213B471CFFF544D3D29E]]></sign>
<result_code><![CDATA[SUCCESS]]></result_code>
<openid><![CDATA[oAZCps75h8Jyj1a0uyIktHiGHbho]]></openid>
<is_subscribe><![CDATA[Y]]></is_subscribe>
<trade_type><![CDATA[MICROPAY]]></trade_type>
<bank_type><![CDATA[ABC_DEBIT]]></bank_type>
<total_fee>1</total_fee>
<fee_type><![CDATA[CNY]]></fee_type>
<transaction_id><![CDATA[1007260902201602183358866199]]></transaction_id>
<out_trade_no><![CDATA[124054100220160218150733862]]></out_trade_no>
<attach><![CDATA[]]></attach>
<time_end><![CDATA[20160218150757]]></time_end>
<cash_fee>1</cash_fee>
<cash_fee_type><![CDATA[]]></cash_fee_type>
</xml>
2016-02-18 15:07:56.374 DEBUG WxPayApi: OrderQuery request : <xml><appid><![CDATA[wxbeb2e5a46ca7bf69]]></appid><mch_id><![CDATA[1240541002]]></mch_id><nonce_str><![CDATA[1f85b175827c4595a194df90e55c7523]]></nonce_str><out_trade_no><![CDATA[124054100220160218150733862]]></out_trade_no><sign><![CDATA[894BDD3F69B308CFE3341A454348561D]]></sign></xml>
2016-02-18 15:08:01.280 DEBUG WxPayApi: OrderQuery response : <xml><return_code><![CDATA[SUCCESS]]></return_code>
<return_msg><![CDATA[OK]]></return_msg>
<appid><![CDATA[wxbeb2e5a46ca7bf69]]></appid>
<mch_id><![CDATA[1240541002]]></mch_id>
<nonce_str><![CDATA[MTMWLVGMPc94JQjU]]></nonce_str>
<sign><![CDATA[AA19EC4DA92F8C421CC50275CAE0CC4F]]></sign>
<result_code><![CDATA[SUCCESS]]></result_code>
<openid><![CDATA[oAZCps75h8Jyj1a0uyIktHiGHbho]]></openid>
<is_subscribe><![CDATA[Y]]></is_subscribe>
<trade_type><![CDATA[MICROPAY]]></trade_type>
<bank_type><![CDATA[ABC_DEBIT]]></bank_type>
<total_fee>1</total_fee>
<fee_type><![CDATA[CNY]]></fee_type>
<transaction_id><![CDATA[1007260902201602183358866199]]></transaction_id>
<out_trade_no><![CDATA[124054100220160218150733862]]></out_trade_no>
<attach><![CDATA[]]></attach>
<time_end><![CDATA[20160218150757]]></time_end>
<trade_state><![CDATA[SUCCESS]]></trade_state>
<cash_fee>1</cash_fee>
</xml>
2016-02-18 15:20:30.535 DEBUG WxPayApi: MicroPay request : <xml><appid><![CDATA[wxbeb2e5a46ca7bf69]]></appid><auth_code><![CDATA[130129006622784490]]></auth_code><body><![CDATA[订单编号 2312]]></body><mch_id><![CDATA[1240541002]]></mch_id><nonce_str><![CDATA[d9503a28f2bb4294a74fa146bdd10c3e]]></nonce_str><out_trade_no><![CDATA[124054100220160218152030803]]></out_trade_no><sign><![CDATA[CF00FFBE953EFE4D32FE8F81B52D734B]]></sign><spbill_create_ip><![CDATA[8.8.8.8]]></spbill_create_ip><total_fee>1</total_fee></xml>
2016-02-18 15:20:31.028 DEBUG WxPayApi: MicroPay response : <xml><return_code><![CDATA[SUCCESS]]></return_code>
<return_msg><![CDATA[OK]]></return_msg>
<appid><![CDATA[wxbeb2e5a46ca7bf69]]></appid>
<mch_id><![CDATA[1240541002]]></mch_id>
<nonce_str><![CDATA[IY2uKGTFXT9eou6A]]></nonce_str>
<sign><![CDATA[C7717252AB1C54D0086CB258BA7C192D]]></sign>
<result_code><![CDATA[FAIL]]></result_code>
<err_code><![CDATA[AUTHCODEEXPIRE]]></err_code>
<err_code_des><![CDATA[每个二维码仅限使用一次，请刷新再试]]></err_code_des>
</xml>
2016-02-18 15:20:31.072 ERROR QrcodeController: 微信当面付,业务处理失败!每个二维码仅限使用一次，请刷新再试
2016-02-18 15:21:25.647 DEBUG WxPayApi: MicroPay request : <xml><appid><![CDATA[wxbeb2e5a46ca7bf69]]></appid><auth_code><![CDATA[130184625393830253]]></auth_code><body><![CDATA[订单编号 2312]]></body><mch_id><![CDATA[1240541002]]></mch_id><nonce_str><![CDATA[47df29712bfb4117afce6c0111a668a8]]></nonce_str><out_trade_no><![CDATA[124054100220160218152125274]]></out_trade_no><sign><![CDATA[06DA12A05E975351F20359B2E12117C4]]></sign><spbill_create_ip><![CDATA[8.8.8.8]]></spbill_create_ip><total_fee>1</total_fee></xml>
2016-02-18 15:21:27.009 DEBUG WxPayApi: MicroPay response : <xml><return_code><![CDATA[SUCCESS]]></return_code>
<return_msg><![CDATA[OK]]></return_msg>
<appid><![CDATA[wxbeb2e5a46ca7bf69]]></appid>
<mch_id><![CDATA[1240541002]]></mch_id>
<nonce_str><![CDATA[7F2ipAwc4RIRjx0q]]></nonce_str>
<sign><![CDATA[7B862E10D8D8F0FF3669024FACAFD251]]></sign>
<result_code><![CDATA[SUCCESS]]></result_code>
<openid><![CDATA[oAZCps75h8Jyj1a0uyIktHiGHbho]]></openid>
<is_subscribe><![CDATA[Y]]></is_subscribe>
<trade_type><![CDATA[MICROPAY]]></trade_type>
<bank_type><![CDATA[ABC_DEBIT]]></bank_type>
<total_fee>1</total_fee>
<fee_type><![CDATA[CNY]]></fee_type>
<transaction_id><![CDATA[1007260902201602183360983650]]></transaction_id>
<out_trade_no><![CDATA[124054100220160218152125274]]></out_trade_no>
<attach><![CDATA[]]></attach>
<time_end><![CDATA[20160218152146]]></time_end>
<cash_fee>1</cash_fee>
<cash_fee_type><![CDATA[]]></cash_fee_type>
</xml>
2016-02-18 15:22:14.369 DEBUG WxPayApi: Micropay failure, Reverse order is processing...
2016-02-18 15:22:26.156 DEBUG WxPayApi: Reverse request : <xml><appid><![CDATA[wxbeb2e5a46ca7bf69]]></appid><mch_id><![CDATA[1240541002]]></mch_id><nonce_str><![CDATA[2c0d7f2117ff485d88de7248e841d594]]></nonce_str><out_trade_no><![CDATA[124054100220160218152125274]]></out_trade_no><sign><![CDATA[BDC18CBBF4913446E65803090C522B70]]></sign></xml>
2016-02-18 15:22:27.127 ERROR HttpService: System.Security.Cryptography.CryptographicException: 系统找不到指定的路径。

   在 System.Security.Cryptography.CryptographicException.ThrowCryptographicException(Int32 hr)
   在 System.Security.Cryptography.X509Certificates.X509Utils._QueryCertFileType(String fileName)
   在 System.Security.Cryptography.X509Certificates.X509Certificate.LoadCertificateFromFile(String fileName, Object password, X509KeyStorageFlags keyStorageFlags)
   在 System.Security.Cryptography.X509Certificates.X509Certificate..ctor(String fileName, String password)
   在 System.Security.Cryptography.X509Certificates.X509Certificate2..ctor(String fileName, String password)
   在 Pharos.Component.qrcode.wx.HttpService.Post(String xml, String url, Boolean isUseCert, Int32 timeout) 位置 e:\daoc\Pharos\Pharos.Component\qrcode\wx\HttpService.cs:行号 68
2016-02-18 15:23:15.922 ERROR QrcodeController: 微信当面付,System.Security.Cryptography.CryptographicException: 系统找不到指定的路径。

   在 System.Security.Cryptography.CryptographicException.ThrowCryptographicException(Int32 hr)
   在 System.Security.Cryptography.X509Certificates.X509Utils._QueryCertFileType(String fileName)
   在 System.Security.Cryptography.X509Certificates.X509Certificate.LoadCertificateFromFile(String fileName, Object password, X509KeyStorageFlags keyStorageFlags)
   在 System.Security.Cryptography.X509Certificates.X509Certificate..ctor(String fileName, String password)
   在 System.Security.Cryptography.X509Certificates.X509Certificate2..ctor(String fileName, String password)
   在 Pharos.Component.qrcode.wx.HttpService.Post(String xml, String url, Boolean isUseCert, Int32 timeout) 位置 e:\daoc\Pharos\Pharos.Component\qrcode\wx\HttpService.cs:行号 68
2016-02-18 15:25:39.749 DEBUG WxPayApi: MicroPay request : <xml><appid><![CDATA[wxbeb2e5a46ca7bf69]]></appid><auth_code><![CDATA[130184625393830253]]></auth_code><body><![CDATA[订单编号 2312]]></body><mch_id><![CDATA[1240541002]]></mch_id><nonce_str><![CDATA[f84704e0726c42e98acef5d0ac9ae3d1]]></nonce_str><out_trade_no><![CDATA[124054100220160218152539412]]></out_trade_no><sign><![CDATA[EE0992C771C1F169D1471916A5BA3BA9]]></sign><spbill_create_ip><![CDATA[8.8.8.8]]></spbill_create_ip><total_fee>1</total_fee></xml>
2016-02-18 15:25:40.266 DEBUG WxPayApi: MicroPay response : <xml><return_code><![CDATA[SUCCESS]]></return_code>
<return_msg><![CDATA[OK]]></return_msg>
<appid><![CDATA[wxbeb2e5a46ca7bf69]]></appid>
<mch_id><![CDATA[1240541002]]></mch_id>
<nonce_str><![CDATA[gScQHuczSmdQQ8xI]]></nonce_str>
<sign><![CDATA[71628A84BB730D58B72796C7C5D44FE1]]></sign>
<result_code><![CDATA[FAIL]]></result_code>
<err_code><![CDATA[AUTHCODEEXPIRE]]></err_code>
<err_code_des><![CDATA[每个二维码仅限使用一次，请刷新再试]]></err_code_des>
</xml>
2016-02-18 15:25:51.961 ERROR QrcodeController: 微信当面付,业务处理失败!每个二维码仅限使用一次，请刷新再试
2016-02-18 15:26:33.594 DEBUG WxPayApi: MicroPay request : <xml><appid><![CDATA[wxbeb2e5a46ca7bf69]]></appid><auth_code><![CDATA[130092703189299877]]></auth_code><body><![CDATA[订单编号 2312]]></body><mch_id><![CDATA[1240541002]]></mch_id><nonce_str><![CDATA[709679bbfc8b4e5199e526c66b34546c]]></nonce_str><out_trade_no><![CDATA[12405410022016021815263360]]></out_trade_no><sign><![CDATA[E00EA157AC00DAA85BEEA3D6277A325B]]></sign><spbill_create_ip><![CDATA[8.8.8.8]]></spbill_create_ip><total_fee>1</total_fee></xml>
2016-02-18 15:26:34.617 DEBUG WxPayApi: MicroPay response : <xml><return_code><![CDATA[SUCCESS]]></return_code>
<return_msg><![CDATA[OK]]></return_msg>
<appid><![CDATA[wxbeb2e5a46ca7bf69]]></appid>
<mch_id><![CDATA[1240541002]]></mch_id>
<nonce_str><![CDATA[ViD9ANDqB73JxT7f]]></nonce_str>
<sign><![CDATA[B7AAF8D4629B9EB66D9DB06EE7688570]]></sign>
<result_code><![CDATA[FAIL]]></result_code>
<err_code><![CDATA[USERPAYING]]></err_code>
<err_code_des><![CDATA[需要用户输入支付密码]]></err_code_des>
</xml>
2016-02-18 15:26:51.748 DEBUG WxPayApi: Micropay failure, Reverse order is processing...
2016-02-18 15:26:54.473 DEBUG WxPayApi: Reverse request : <xml><appid><![CDATA[wxbeb2e5a46ca7bf69]]></appid><mch_id><![CDATA[1240541002]]></mch_id><nonce_str><![CDATA[3e80f504adcc4ea594a16b2cc3566f23]]></nonce_str><out_trade_no><![CDATA[12405410022016021815263360]]></out_trade_no><sign><![CDATA[76D132E8348AB1E8CD20AC8A0FBA83BD]]></sign></xml>
2016-02-18 15:26:56.698 ERROR HttpService: System.Net.WebException: 基础连接已经关闭: 连接被意外关闭。
   在 System.Net.HttpWebRequest.GetResponse()
   在 Pharos.Component.qrcode.wx.HttpService.Post(String xml, String url, Boolean isUseCert, Int32 timeout) 位置 e:\daoc\Pharos\Pharos.Component\qrcode\wx\HttpService.cs:行号 79
2016-02-18 15:27:38.136 DEBUG WxPayApi: Micropay failure, Reverse order is processing...
2016-02-18 15:27:38.137 DEBUG WxPayApi: Reverse request : <xml><appid><![CDATA[wxbeb2e5a46ca7bf69]]></appid><mch_id><![CDATA[1240541002]]></mch_id><nonce_str><![CDATA[f5af539ceec041d4b58c238d4ec77b3b]]></nonce_str><out_trade_no><![CDATA[12405410022016021815263360]]></out_trade_no><sign><![CDATA[D7D9DD8CA03D79E6389C6F6E275DB326]]></sign></xml>
2016-02-18 15:28:09.648 ERROR HttpService: System.Net.WebException: 基础连接已经关闭: 连接被意外关闭。
   在 System.Net.HttpWebRequest.GetResponse()
   在 Pharos.Component.qrcode.wx.HttpService.Post(String xml, String url, Boolean isUseCert, Int32 timeout) 位置 e:\daoc\Pharos\Pharos.Component\qrcode\wx\HttpService.cs:行号 79
2016-02-18 16:10:31.444 DEBUG WxPayApi: MicroPay request : <xml><appid><![CDATA[wxbeb2e5a46ca7bf69]]></appid><auth_code><![CDATA[130092703189299877]]></auth_code><body><![CDATA[订单编号 2312]]></body><mch_id><![CDATA[1240541002]]></mch_id><nonce_str><![CDATA[06a235e759664481b5d0a6cdb86c7fb2]]></nonce_str><out_trade_no><![CDATA[124054100220160218161031524]]></out_trade_no><sign><![CDATA[A7C767AF75FE39AEE41830FFA1A0CD85]]></sign><spbill_create_ip><![CDATA[8.8.8.8]]></spbill_create_ip><total_fee>1</total_fee></xml>
2016-02-18 16:10:32.130 DEBUG WxPayApi: MicroPay response : <xml><return_code><![CDATA[SUCCESS]]></return_code>
<return_msg><![CDATA[OK]]></return_msg>
<appid><![CDATA[wxbeb2e5a46ca7bf69]]></appid>
<mch_id><![CDATA[1240541002]]></mch_id>
<nonce_str><![CDATA[Q5oCKjaDhBsEiWQK]]></nonce_str>
<sign><![CDATA[9DDDD6FFC740BE15A553F3683F744C21]]></sign>
<result_code><![CDATA[FAIL]]></result_code>
<err_code><![CDATA[AUTHCODEEXPIRE]]></err_code>
<err_code_des><![CDATA[每个二维码仅限使用一次，请刷新再试]]></err_code_des>
</xml>
2016-02-18 16:10:34.569 ERROR QrcodeController: 微信当面付,业务处理失败!每个二维码仅限使用一次，请刷新再试
2016-02-18 16:11:37.928 DEBUG WxPayApi: MicroPay request : <xml><appid><![CDATA[wxbeb2e5a46ca7bf69]]></appid><auth_code><![CDATA[130267556223937796]]></auth_code><body><![CDATA[订单编号 2312]]></body><mch_id><![CDATA[1240541002]]></mch_id><nonce_str><![CDATA[bc07f90d61cc4dc2afca09dc11a27b19]]></nonce_str><out_trade_no><![CDATA[124054100220160218161137212]]></out_trade_no><sign><![CDATA[88E8D6F47D4821F7D56FDA09B3A604E1]]></sign><spbill_create_ip><![CDATA[8.8.8.8]]></spbill_create_ip><total_fee>1</total_fee></xml>
2016-02-18 16:11:38.908 DEBUG WxPayApi: MicroPay response : <xml><return_code><![CDATA[SUCCESS]]></return_code>
<return_msg><![CDATA[OK]]></return_msg>
<appid><![CDATA[wxbeb2e5a46ca7bf69]]></appid>
<mch_id><![CDATA[1240541002]]></mch_id>
<nonce_str><![CDATA[68GOe6qykPAp8EVp]]></nonce_str>
<sign><![CDATA[DEDB53768D34D312B981B828C33E54BC]]></sign>
<result_code><![CDATA[FAIL]]></result_code>
<err_code><![CDATA[USERPAYING]]></err_code>
<err_code_des><![CDATA[需要用户输入支付密码]]></err_code_des>
</xml>
2016-02-18 16:11:54.273 DEBUG WxPayApi: OrderQuery request : <xml><appid><![CDATA[wxbeb2e5a46ca7bf69]]></appid><mch_id><![CDATA[1240541002]]></mch_id><nonce_str><![CDATA[85089adb71dc452589e25139b4600bd9]]></nonce_str><out_trade_no><![CDATA[124054100220160218161137212]]></out_trade_no><sign><![CDATA[6B724A86B7278BEFE3F657F753F8F46F]]></sign></xml>
2016-02-18 16:11:54.715 DEBUG WxPayApi: OrderQuery response : <xml><return_code><![CDATA[SUCCESS]]></return_code>
<return_msg><![CDATA[OK]]></return_msg>
<appid><![CDATA[wxbeb2e5a46ca7bf69]]></appid>
<mch_id><![CDATA[1240541002]]></mch_id>
<nonce_str><![CDATA[QlLWjkCOOSpmkeCp]]></nonce_str>
<sign><![CDATA[C72351ED87C740F3CFA315CB39087A96]]></sign>
<result_code><![CDATA[SUCCESS]]></result_code>
<out_trade_no><![CDATA[124054100220160218161137212]]></out_trade_no>
<attach><![CDATA[]]></attach>
<trade_state><![CDATA[USERPAYING]]></trade_state>
<trade_state_desc><![CDATA[需要用户输入支付密码]]></trade_state_desc>
</xml>
2016-02-18 16:12:14.368 DEBUG WxPayApi: OrderQuery request : <xml><appid><![CDATA[wxbeb2e5a46ca7bf69]]></appid><mch_id><![CDATA[1240541002]]></mch_id><nonce_str><![CDATA[2f18fcaa47f44a088752c5bc5f515207]]></nonce_str><out_trade_no><![CDATA[124054100220160218161137212]]></out_trade_no><sign><![CDATA[9092C8B655116D1C4D43289F514947AD]]></sign></xml>
2016-02-18 16:12:14.797 DEBUG WxPayApi: OrderQuery response : <xml><return_code><![CDATA[SUCCESS]]></return_code>
<return_msg><![CDATA[OK]]></return_msg>
<appid><![CDATA[wxbeb2e5a46ca7bf69]]></appid>
<mch_id><![CDATA[1240541002]]></mch_id>
<nonce_str><![CDATA[vD6Uex44bOTzwmwR]]></nonce_str>
<sign><![CDATA[1A624E9E0087C87332BC6CFACA0B7830]]></sign>
<result_code><![CDATA[SUCCESS]]></result_code>
<out_trade_no><![CDATA[124054100220160218161137212]]></out_trade_no>
<attach><![CDATA[]]></attach>
<trade_state><![CDATA[USERPAYING]]></trade_state>
<trade_state_desc><![CDATA[需要用户输入支付密码]]></trade_state_desc>
</xml>
2016-02-18 16:12:30.476 DEBUG WxPayApi: OrderQuery request : <xml><appid><![CDATA[wxbeb2e5a46ca7bf69]]></appid><mch_id><![CDATA[1240541002]]></mch_id><nonce_str><![CDATA[4efc55a2932b414094fd84ca53aa29c8]]></nonce_str><out_trade_no><![CDATA[124054100220160218161137212]]></out_trade_no><sign><![CDATA[3DB7EDDDC61DA74EC0A9BF038B6DB92D]]></sign></xml>
2016-02-18 16:12:30.897 DEBUG WxPayApi: OrderQuery response : <xml><return_code><![CDATA[SUCCESS]]></return_code>
<return_msg><![CDATA[OK]]></return_msg>
<appid><![CDATA[wxbeb2e5a46ca7bf69]]></appid>
<mch_id><![CDATA[1240541002]]></mch_id>
<nonce_str><![CDATA[aRFASu8xKRNgpPhN]]></nonce_str>
<sign><![CDATA[925A6A1AD0F55788D89E3F33D2FEC6F3]]></sign>
<result_code><![CDATA[SUCCESS]]></result_code>
<out_trade_no><![CDATA[124054100220160218161137212]]></out_trade_no>
<attach><![CDATA[]]></attach>
<trade_state><![CDATA[USERPAYING]]></trade_state>
<trade_state_desc><![CDATA[需要用户输入支付密码]]></trade_state_desc>
</xml>
2016-02-18 16:12:33.898 DEBUG WxPayApi: OrderQuery request : <xml><appid><![CDATA[wxbeb2e5a46ca7bf69]]></appid><mch_id><![CDATA[1240541002]]></mch_id><nonce_str><![CDATA[7be7726258e945629c1af060c02aa2e8]]></nonce_str><out_trade_no><![CDATA[124054100220160218161137212]]></out_trade_no><sign><![CDATA[68EC17221BF8C659DFA7900F1A38A184]]></sign></xml>
2016-02-18 16:12:34.241 DEBUG WxPayApi: OrderQuery response : <xml><return_code><![CDATA[SUCCESS]]></return_code>
<return_msg><![CDATA[OK]]></return_msg>
<appid><![CDATA[wxbeb2e5a46ca7bf69]]></appid>
<mch_id><![CDATA[1240541002]]></mch_id>
<nonce_str><![CDATA[DpAYRfpsMlZCZBNM]]></nonce_str>
<sign><![CDATA[464F4237410168620FDE60B5658C342D]]></sign>
<result_code><![CDATA[SUCCESS]]></result_code>
<out_trade_no><![CDATA[124054100220160218161137212]]></out_trade_no>
<attach><![CDATA[]]></attach>
<trade_state><![CDATA[USERPAYING]]></trade_state>
<trade_state_desc><![CDATA[需要用户输入支付密码]]></trade_state_desc>
</xml>
2016-02-18 16:12:37.242 DEBUG WxPayApi: OrderQuery request : <xml><appid><![CDATA[wxbeb2e5a46ca7bf69]]></appid><mch_id><![CDATA[1240541002]]></mch_id><nonce_str><![CDATA[4fa074096fa34599aaf1770ece268047]]></nonce_str><out_trade_no><![CDATA[124054100220160218161137212]]></out_trade_no><sign><![CDATA[E23E97CBC442056EED8CADF76E6B6DD0]]></sign></xml>
2016-02-18 16:12:37.570 DEBUG WxPayApi: OrderQuery response : <xml><return_code><![CDATA[SUCCESS]]></return_code>
<return_msg><![CDATA[OK]]></return_msg>
<appid><![CDATA[wxbeb2e5a46ca7bf69]]></appid>
<mch_id><![CDATA[1240541002]]></mch_id>
<nonce_str><![CDATA[ylqAWlrUTyoZYzf9]]></nonce_str>
<sign><![CDATA[A67BCE8790EE63F8AD698EF99445A153]]></sign>
<result_code><![CDATA[SUCCESS]]></result_code>
<out_trade_no><![CDATA[124054100220160218161137212]]></out_trade_no>
<attach><![CDATA[]]></attach>
<trade_state><![CDATA[USERPAYING]]></trade_state>
<trade_state_desc><![CDATA[需要用户输入支付密码]]></trade_state_desc>
</xml>
2016-02-18 16:12:40.572 DEBUG WxPayApi: OrderQuery request : <xml><appid><![CDATA[wxbeb2e5a46ca7bf69]]></appid><mch_id><![CDATA[1240541002]]></mch_id><nonce_str><![CDATA[8d05b892ff5344208e070efeba0e9141]]></nonce_str><out_trade_no><![CDATA[124054100220160218161137212]]></out_trade_no><sign><![CDATA[F2CEF14519B4CC43E997DED32D162381]]></sign></xml>
2016-02-18 16:12:40.910 DEBUG WxPayApi: OrderQuery response : <xml><return_code><![CDATA[SUCCESS]]></return_code>
<return_msg><![CDATA[OK]]></return_msg>
<appid><![CDATA[wxbeb2e5a46ca7bf69]]></appid>
<mch_id><![CDATA[1240541002]]></mch_id>
<nonce_str><![CDATA[1Zd65IA2PqTOrW72]]></nonce_str>
<sign><![CDATA[C1E45ED5FD3E16302D6D9908064FC0EA]]></sign>
<result_code><![CDATA[SUCCESS]]></result_code>
<out_trade_no><![CDATA[124054100220160218161137212]]></out_trade_no>
<attach><![CDATA[]]></attach>
<trade_state><![CDATA[USERPAYING]]></trade_state>
<trade_state_desc><![CDATA[需要用户输入支付密码]]></trade_state_desc>
</xml>
2016-02-18 16:12:43.911 DEBUG WxPayApi: OrderQuery request : <xml><appid><![CDATA[wxbeb2e5a46ca7bf69]]></appid><mch_id><![CDATA[1240541002]]></mch_id><nonce_str><![CDATA[705aa0afe3f6418da4fce23515b89dd1]]></nonce_str><out_trade_no><![CDATA[124054100220160218161137212]]></out_trade_no><sign><![CDATA[B8B63210BC45A42B9FBE876D2CCD11C2]]></sign></xml>
2016-02-18 16:12:44.254 DEBUG WxPayApi: OrderQuery response : <xml><return_code><![CDATA[SUCCESS]]></return_code>
<return_msg><![CDATA[OK]]></return_msg>
<appid><![CDATA[wxbeb2e5a46ca7bf69]]></appid>
<mch_id><![CDATA[1240541002]]></mch_id>
<nonce_str><![CDATA[zobRaELA6TDv4GKJ]]></nonce_str>
<sign><![CDATA[D2CF69D53CBC1DCA491A3FF156B8C0FF]]></sign>
<result_code><![CDATA[SUCCESS]]></result_code>
<out_trade_no><![CDATA[124054100220160218161137212]]></out_trade_no>
<attach><![CDATA[]]></attach>
<trade_state><![CDATA[USERPAYING]]></trade_state>
<trade_state_desc><![CDATA[需要用户输入支付密码]]></trade_state_desc>
</xml>
2016-02-18 16:12:47.255 DEBUG WxPayApi: OrderQuery request : <xml><appid><![CDATA[wxbeb2e5a46ca7bf69]]></appid><mch_id><![CDATA[1240541002]]></mch_id><nonce_str><![CDATA[244e15f91d1c4ff99e9f43d9f76c3a09]]></nonce_str><out_trade_no><![CDATA[124054100220160218161137212]]></out_trade_no><sign><![CDATA[D5C0A2DC3C2D34B0DC334A6B2C140585]]></sign></xml>
2016-02-18 16:12:47.582 DEBUG WxPayApi: OrderQuery response : <xml><return_code><![CDATA[SUCCESS]]></return_code>
<return_msg><![CDATA[OK]]></return_msg>
<appid><![CDATA[wxbeb2e5a46ca7bf69]]></appid>
<mch_id><![CDATA[1240541002]]></mch_id>
<nonce_str><![CDATA[DXq7JP2SwtXIlRoD]]></nonce_str>
<sign><![CDATA[D0DFB2E04CADA4B6B1B2B6B9A97CC4BF]]></sign>
<result_code><![CDATA[SUCCESS]]></result_code>
<out_trade_no><![CDATA[124054100220160218161137212]]></out_trade_no>
<attach><![CDATA[]]></attach>
<trade_state><![CDATA[USERPAYING]]></trade_state>
<trade_state_desc><![CDATA[需要用户输入支付密码]]></trade_state_desc>
</xml>
2016-02-18 16:12:50.583 DEBUG WxPayApi: OrderQuery request : <xml><appid><![CDATA[wxbeb2e5a46ca7bf69]]></appid><mch_id><![CDATA[1240541002]]></mch_id><nonce_str><![CDATA[ad0cf4aa5e9f4ba790e870f612f93d49]]></nonce_str><out_trade_no><![CDATA[124054100220160218161137212]]></out_trade_no><sign><![CDATA[A2EA3C5D91313167309FAFF84C1F5E58]]></sign></xml>
2016-02-18 16:12:50.924 DEBUG WxPayApi: OrderQuery response : <xml><return_code><![CDATA[SUCCESS]]></return_code>
<return_msg><![CDATA[OK]]></return_msg>
<appid><![CDATA[wxbeb2e5a46ca7bf69]]></appid>
<mch_id><![CDATA[1240541002]]></mch_id>
<nonce_str><![CDATA[soHQycPT7tshY77M]]></nonce_str>
<sign><![CDATA[E82D9A3A7C28AF7A9F76C6C480B0EC4F]]></sign>
<result_code><![CDATA[SUCCESS]]></result_code>
<out_trade_no><![CDATA[124054100220160218161137212]]></out_trade_no>
<attach><![CDATA[]]></attach>
<trade_state><![CDATA[USERPAYING]]></trade_state>
<trade_state_desc><![CDATA[需要用户输入支付密码]]></trade_state_desc>
</xml>
2016-02-18 16:12:53.925 DEBUG WxPayApi: OrderQuery request : <xml><appid><![CDATA[wxbeb2e5a46ca7bf69]]></appid><mch_id><![CDATA[1240541002]]></mch_id><nonce_str><![CDATA[e3b2568e7f094657a4525288b9d795a0]]></nonce_str><out_trade_no><![CDATA[124054100220160218161137212]]></out_trade_no><sign><![CDATA[FB2A313C848116A6A6F5777F86CC19F9]]></sign></xml>
2016-02-18 16:12:54.252 DEBUG WxPayApi: OrderQuery response : <xml><return_code><![CDATA[SUCCESS]]></return_code>
<return_msg><![CDATA[OK]]></return_msg>
<appid><![CDATA[wxbeb2e5a46ca7bf69]]></appid>
<mch_id><![CDATA[1240541002]]></mch_id>
<nonce_str><![CDATA[XtDPfVgMv9nCrjz0]]></nonce_str>
<sign><![CDATA[338A670AB81D109F33D20488AFC131B9]]></sign>
<result_code><![CDATA[SUCCESS]]></result_code>
<out_trade_no><![CDATA[124054100220160218161137212]]></out_trade_no>
<attach><![CDATA[]]></attach>
<trade_state><![CDATA[USERPAYING]]></trade_state>
<trade_state_desc><![CDATA[需要用户输入支付密码]]></trade_state_desc>
</xml>
2016-02-18 16:13:01.970 DEBUG WxPayApi: Micropay failure, Reverse order is processing...
2016-02-18 16:13:04.822 DEBUG WxPayApi: Reverse request : <xml><appid><![CDATA[wxbeb2e5a46ca7bf69]]></appid><mch_id><![CDATA[1240541002]]></mch_id><nonce_str><![CDATA[0a2a5873306c410899af63a1a2c49331]]></nonce_str><out_trade_no><![CDATA[124054100220160218161137212]]></out_trade_no><sign><![CDATA[CAE521DA9A2057606133C74B3F477924]]></sign></xml>
2016-02-18 16:13:22.422 DEBUG WxPayApi: PostXml used cert
2016-02-18 16:13:56.832 DEBUG WxPayApi: Reverse response : <xml><return_code><![CDATA[SUCCESS]]></return_code>
<return_msg><![CDATA[OK]]></return_msg>
<appid><![CDATA[wxbeb2e5a46ca7bf69]]></appid>
<mch_id><![CDATA[1240541002]]></mch_id>
<nonce_str><![CDATA[zpyCwtALwN4PcJVD]]></nonce_str>
<sign><![CDATA[35B9DBC35D1CB4E5D2A7310FAB4CE891]]></sign>
<result_code><![CDATA[SUCCESS]]></result_code>
<recall><![CDATA[N]]></recall>
</xml>
2016-02-18 16:15:10.876 ERROR QrcodeController: 微信当面付,撤销订单失败！
2016-02-18 16:31:33.528 DEBUG WxPayApi: MicroPay request : <xml><appid><![CDATA[wxbeb2e5a46ca7bf69]]></appid><auth_code><![CDATA[130198230748983785]]></auth_code><body><![CDATA[订单编号 2312]]></body><mch_id><![CDATA[1240541002]]></mch_id><nonce_str><![CDATA[ba5c3de72f114e409469da66581b1338]]></nonce_str><out_trade_no><![CDATA[124054100220160218163133379]]></out_trade_no><sign><![CDATA[4BE48C789E67F8AC90232CE23572D372]]></sign><spbill_create_ip><![CDATA[8.8.8.8]]></spbill_create_ip><total_fee>1</total_fee></xml>
2016-02-18 16:31:34.602 DEBUG WxPayApi: MicroPay response : <xml><return_code><![CDATA[SUCCESS]]></return_code>
<return_msg><![CDATA[OK]]></return_msg>
<appid><![CDATA[wxbeb2e5a46ca7bf69]]></appid>
<mch_id><![CDATA[1240541002]]></mch_id>
<nonce_str><![CDATA[Du4sDkiUBkVvLEIW]]></nonce_str>
<sign><![CDATA[B4B2F0ED5167971F7209AA40806E8F73]]></sign>
<result_code><![CDATA[FAIL]]></result_code>
<err_code><![CDATA[USERPAYING]]></err_code>
<err_code_des><![CDATA[需要用户输入支付密码]]></err_code_des>
</xml>
2016-02-18 16:32:15.093 DEBUG WxPayApi: OrderQuery request : <xml><appid><![CDATA[wxbeb2e5a46ca7bf69]]></appid><mch_id><![CDATA[1240541002]]></mch_id><nonce_str><![CDATA[f542f76654db4c118e90c63e8e89dcf4]]></nonce_str><out_trade_no><![CDATA[124054100220160218163133379]]></out_trade_no><sign><![CDATA[E55B888626A8A05FBD312F70909E797F]]></sign></xml>
2016-02-18 16:32:15.532 DEBUG WxPayApi: OrderQuery response : <xml><return_code><![CDATA[SUCCESS]]></return_code>
<return_msg><![CDATA[OK]]></return_msg>
<appid><![CDATA[wxbeb2e5a46ca7bf69]]></appid>
<mch_id><![CDATA[1240541002]]></mch_id>
<nonce_str><![CDATA[AgzGC0WVJL85wZAI]]></nonce_str>
<sign><![CDATA[39E44C21C5D005E8E723F142ABD5CEC2]]></sign>
<result_code><![CDATA[SUCCESS]]></result_code>
<out_trade_no><![CDATA[124054100220160218163133379]]></out_trade_no>
<attach><![CDATA[]]></attach>
<trade_state><![CDATA[USERPAYING]]></trade_state>
<trade_state_desc><![CDATA[需要用户输入支付密码]]></trade_state_desc>
</xml>
2016-02-18 16:32:18.533 DEBUG WxPayApi: OrderQuery request : <xml><appid><![CDATA[wxbeb2e5a46ca7bf69]]></appid><mch_id><![CDATA[1240541002]]></mch_id><nonce_str><![CDATA[de77105824aa48ceae79effbbf308e6d]]></nonce_str><out_trade_no><![CDATA[124054100220160218163133379]]></out_trade_no><sign><![CDATA[B6A17F4F115BAF018B9ECEF966A6E713]]></sign></xml>
2016-02-18 16:32:19.870 DEBUG WxPayApi: OrderQuery response : <xml><return_code><![CDATA[SUCCESS]]></return_code>
<return_msg><![CDATA[OK]]></return_msg>
<appid><![CDATA[wxbeb2e5a46ca7bf69]]></appid>
<mch_id><![CDATA[1240541002]]></mch_id>
<nonce_str><![CDATA[9Qy9CXyMEhX7E3Sp]]></nonce_str>
<sign><![CDATA[2E96FD6E5C12DF2E32494D13B02E1AA1]]></sign>
<result_code><![CDATA[SUCCESS]]></result_code>
<out_trade_no><![CDATA[124054100220160218163133379]]></out_trade_no>
<attach><![CDATA[]]></attach>
<trade_state><![CDATA[USERPAYING]]></trade_state>
<trade_state_desc><![CDATA[需要用户输入支付密码]]></trade_state_desc>
</xml>
2016-02-18 16:32:22.871 DEBUG WxPayApi: OrderQuery request : <xml><appid><![CDATA[wxbeb2e5a46ca7bf69]]></appid><mch_id><![CDATA[1240541002]]></mch_id><nonce_str><![CDATA[e73701a02c6e4c39a3bab37c7f68f6b3]]></nonce_str><out_trade_no><![CDATA[124054100220160218163133379]]></out_trade_no><sign><![CDATA[55AE36B67B5DE2A506C17FF3EF6C3120]]></sign></xml>
2016-02-18 16:32:23.214 DEBUG WxPayApi: OrderQuery response : <xml><return_code><![CDATA[SUCCESS]]></return_code>
<return_msg><![CDATA[OK]]></return_msg>
<appid><![CDATA[wxbeb2e5a46ca7bf69]]></appid>
<mch_id><![CDATA[1240541002]]></mch_id>
<nonce_str><![CDATA[pftzV54XyAjCOZYl]]></nonce_str>
<sign><![CDATA[EBFBF75387C461077A9E63BED621D45E]]></sign>
<result_code><![CDATA[SUCCESS]]></result_code>
<out_trade_no><![CDATA[124054100220160218163133379]]></out_trade_no>
<attach><![CDATA[]]></attach>
<trade_state><![CDATA[USERPAYING]]></trade_state>
<trade_state_desc><![CDATA[需要用户输入支付密码]]></trade_state_desc>
</xml>
2016-02-18 16:32:26.216 DEBUG WxPayApi: OrderQuery request : <xml><appid><![CDATA[wxbeb2e5a46ca7bf69]]></appid><mch_id><![CDATA[1240541002]]></mch_id><nonce_str><![CDATA[16adc449a47e4d67a7bfa6dd96db07fc]]></nonce_str><out_trade_no><![CDATA[124054100220160218163133379]]></out_trade_no><sign><![CDATA[1B18A461804BF600C8D8935F13E3DD14]]></sign></xml>
2016-02-18 16:32:26.551 DEBUG WxPayApi: OrderQuery response : <xml><return_code><![CDATA[SUCCESS]]></return_code>
<return_msg><![CDATA[OK]]></return_msg>
<appid><![CDATA[wxbeb2e5a46ca7bf69]]></appid>
<mch_id><![CDATA[1240541002]]></mch_id>
<nonce_str><![CDATA[i3RDCs6mRRxWHrzz]]></nonce_str>
<sign><![CDATA[919856F7FAEA4C64066D6A8D3554E846]]></sign>
<result_code><![CDATA[SUCCESS]]></result_code>
<out_trade_no><![CDATA[124054100220160218163133379]]></out_trade_no>
<attach><![CDATA[]]></attach>
<trade_state><![CDATA[USERPAYING]]></trade_state>
<trade_state_desc><![CDATA[需要用户输入支付密码]]></trade_state_desc>
</xml>
2016-02-18 16:32:29.553 DEBUG WxPayApi: OrderQuery request : <xml><appid><![CDATA[wxbeb2e5a46ca7bf69]]></appid><mch_id><![CDATA[1240541002]]></mch_id><nonce_str><![CDATA[cda45deade484c5d9e42bd01d7dac7c7]]></nonce_str><out_trade_no><![CDATA[124054100220160218163133379]]></out_trade_no><sign><![CDATA[C8996066F42CDA6439563FA8F686733D]]></sign></xml>
2016-02-18 16:32:29.878 DEBUG WxPayApi: OrderQuery response : <xml><return_code><![CDATA[SUCCESS]]></return_code>
<return_msg><![CDATA[OK]]></return_msg>
<appid><![CDATA[wxbeb2e5a46ca7bf69]]></appid>
<mch_id><![CDATA[1240541002]]></mch_id>
<nonce_str><![CDATA[c3NX8XHXn6nk3OjD]]></nonce_str>
<sign><![CDATA[B42F3528128925F99F6F6581EA2AFE55]]></sign>
<result_code><![CDATA[SUCCESS]]></result_code>
<out_trade_no><![CDATA[124054100220160218163133379]]></out_trade_no>
<attach><![CDATA[]]></attach>
<trade_state><![CDATA[USERPAYING]]></trade_state>
<trade_state_desc><![CDATA[需要用户输入支付密码]]></trade_state_desc>
</xml>
2016-02-18 16:32:32.879 DEBUG WxPayApi: OrderQuery request : <xml><appid><![CDATA[wxbeb2e5a46ca7bf69]]></appid><mch_id><![CDATA[1240541002]]></mch_id><nonce_str><![CDATA[2962053712084e5ca1f71e74e758fcfe]]></nonce_str><out_trade_no><![CDATA[124054100220160218163133379]]></out_trade_no><sign><![CDATA[1A41CD584F13582B54A99F360B32B7EF]]></sign></xml>
2016-02-18 16:32:33.208 DEBUG WxPayApi: OrderQuery response : <xml><return_code><![CDATA[SUCCESS]]></return_code>
<return_msg><![CDATA[OK]]></return_msg>
<appid><![CDATA[wxbeb2e5a46ca7bf69]]></appid>
<mch_id><![CDATA[1240541002]]></mch_id>
<nonce_str><![CDATA[vZBik8RxS17NFK2t]]></nonce_str>
<sign><![CDATA[8E458C92958A012A400E048728A99F3C]]></sign>
<result_code><![CDATA[SUCCESS]]></result_code>
<out_trade_no><![CDATA[124054100220160218163133379]]></out_trade_no>
<attach><![CDATA[]]></attach>
<trade_state><![CDATA[USERPAYING]]></trade_state>
<trade_state_desc><![CDATA[需要用户输入支付密码]]></trade_state_desc>
</xml>
2016-02-18 16:32:36.209 DEBUG WxPayApi: OrderQuery request : <xml><appid><![CDATA[wxbeb2e5a46ca7bf69]]></appid><mch_id><![CDATA[1240541002]]></mch_id><nonce_str><![CDATA[232b7cb9b15d465abf164611a08a5175]]></nonce_str><out_trade_no><![CDATA[124054100220160218163133379]]></out_trade_no><sign><![CDATA[773541E76921161CFAC136FCB8CACC11]]></sign></xml>
2016-02-18 16:32:36.534 DEBUG WxPayApi: OrderQuery response : <xml><return_code><![CDATA[SUCCESS]]></return_code>
<return_msg><![CDATA[OK]]></return_msg>
<appid><![CDATA[wxbeb2e5a46ca7bf69]]></appid>
<mch_id><![CDATA[1240541002]]></mch_id>
<nonce_str><![CDATA[zkhbQlVCqozMy7UB]]></nonce_str>
<sign><![CDATA[CE26AC78E39B7042963954FDF57F1604]]></sign>
<result_code><![CDATA[SUCCESS]]></result_code>
<out_trade_no><![CDATA[124054100220160218163133379]]></out_trade_no>
<attach><![CDATA[]]></attach>
<trade_state><![CDATA[USERPAYING]]></trade_state>
<trade_state_desc><![CDATA[需要用户输入支付密码]]></trade_state_desc>
</xml>
2016-02-18 16:32:39.535 DEBUG WxPayApi: OrderQuery request : <xml><appid><![CDATA[wxbeb2e5a46ca7bf69]]></appid><mch_id><![CDATA[1240541002]]></mch_id><nonce_str><![CDATA[7f63b78650b94010939973790ca942ff]]></nonce_str><out_trade_no><![CDATA[124054100220160218163133379]]></out_trade_no><sign><![CDATA[F7037C6219E9429F3877907BF91AE766]]></sign></xml>
2016-02-18 16:32:39.876 DEBUG WxPayApi: OrderQuery response : <xml><return_code><![CDATA[SUCCESS]]></return_code>
<return_msg><![CDATA[OK]]></return_msg>
<appid><![CDATA[wxbeb2e5a46ca7bf69]]></appid>
<mch_id><![CDATA[1240541002]]></mch_id>
<nonce_str><![CDATA[iP9dNtx3wXe4tBFv]]></nonce_str>
<sign><![CDATA[56464FA03FDF3F51AFBB3260718B0998]]></sign>
<result_code><![CDATA[SUCCESS]]></result_code>
<out_trade_no><![CDATA[124054100220160218163133379]]></out_trade_no>
<attach><![CDATA[]]></attach>
<trade_state><![CDATA[USERPAYING]]></trade_state>
<trade_state_desc><![CDATA[需要用户输入支付密码]]></trade_state_desc>
</xml>
2016-02-18 16:32:42.877 DEBUG WxPayApi: OrderQuery request : <xml><appid><![CDATA[wxbeb2e5a46ca7bf69]]></appid><mch_id><![CDATA[1240541002]]></mch_id><nonce_str><![CDATA[f1bc5e84215149c5972765df869143c7]]></nonce_str><out_trade_no><![CDATA[124054100220160218163133379]]></out_trade_no><sign><![CDATA[51B04923F8E850C12947049971DA006D]]></sign></xml>
2016-02-18 16:32:43.232 DEBUG WxPayApi: OrderQuery response : <xml><return_code><![CDATA[SUCCESS]]></return_code>
<return_msg><![CDATA[OK]]></return_msg>
<appid><![CDATA[wxbeb2e5a46ca7bf69]]></appid>
<mch_id><![CDATA[1240541002]]></mch_id>
<nonce_str><![CDATA[ZR1DijWC7PWgikCX]]></nonce_str>
<sign><![CDATA[D9647F0A12D58A813D9489A277C1A359]]></sign>
<result_code><![CDATA[SUCCESS]]></result_code>
<out_trade_no><![CDATA[124054100220160218163133379]]></out_trade_no>
<attach><![CDATA[]]></attach>
<trade_state><![CDATA[USERPAYING]]></trade_state>
<trade_state_desc><![CDATA[需要用户输入支付密码]]></trade_state_desc>
</xml>
2016-02-18 16:32:46.234 DEBUG WxPayApi: OrderQuery request : <xml><appid><![CDATA[wxbeb2e5a46ca7bf69]]></appid><mch_id><![CDATA[1240541002]]></mch_id><nonce_str><![CDATA[5d623f60fdf04876a5d6d666165a04d5]]></nonce_str><out_trade_no><![CDATA[124054100220160218163133379]]></out_trade_no><sign><![CDATA[F7CB5AF16C65D700205C81582BA5DC16]]></sign></xml>
2016-02-18 16:32:46.566 DEBUG WxPayApi: OrderQuery response : <xml><return_code><![CDATA[SUCCESS]]></return_code>
<return_msg><![CDATA[OK]]></return_msg>
<appid><![CDATA[wxbeb2e5a46ca7bf69]]></appid>
<mch_id><![CDATA[1240541002]]></mch_id>
<nonce_str><![CDATA[Tcud76SxJEjAgMMF]]></nonce_str>
<sign><![CDATA[B600C1F74AFBEA7449D94E3D8EB03333]]></sign>
<result_code><![CDATA[SUCCESS]]></result_code>
<out_trade_no><![CDATA[124054100220160218163133379]]></out_trade_no>
<attach><![CDATA[]]></attach>
<trade_state><![CDATA[USERPAYING]]></trade_state>
<trade_state_desc><![CDATA[需要用户输入支付密码]]></trade_state_desc>
</xml>
2016-02-18 16:33:17.926 DEBUG WxPayApi: Micropay failure, Reverse order is processing...
2016-02-18 16:33:19.803 DEBUG WxPayApi: Reverse request : <xml><appid><![CDATA[wxbeb2e5a46ca7bf69]]></appid><mch_id><![CDATA[1240541002]]></mch_id><nonce_str><![CDATA[10898f0a93454b6fa77c1ef9e0cf08e9]]></nonce_str><out_trade_no><![CDATA[124054100220160218163133379]]></out_trade_no><sign><![CDATA[1AB663B7ED590E047588DDE7F013C857]]></sign></xml>
2016-02-18 16:33:22.553 DEBUG WxPayApi: PostXml used cert
2016-02-18 16:33:33.750 DEBUG WxPayApi: Reverse response : <xml><return_code><![CDATA[SUCCESS]]></return_code>
<return_msg><![CDATA[OK]]></return_msg>
<appid><![CDATA[wxbeb2e5a46ca7bf69]]></appid>
<mch_id><![CDATA[1240541002]]></mch_id>
<nonce_str><![CDATA[ZsRjpNWNlyOZRKbS]]></nonce_str>
<sign><![CDATA[E0C4DB0BA0072B19E4871510775BAB70]]></sign>
<result_code><![CDATA[SUCCESS]]></result_code>
<recall><![CDATA[N]]></recall>
</xml>
2016-02-18 16:34:38.666 DEBUG WxPayApi: Micropay failure, Reverse order is processing...
2016-02-18 16:34:40.584 DEBUG WxPayApi: Reverse request : <xml><appid><![CDATA[wxbeb2e5a46ca7bf69]]></appid><mch_id><![CDATA[1240541002]]></mch_id><nonce_str><![CDATA[931cfeb677ce43398a4abcd060b8d22d]]></nonce_str><out_trade_no><![CDATA[124054100220160218163133379]]></out_trade_no><sign><![CDATA[8E1D89E4BBFC0CF80B64BF92CEC2DD13]]></sign></xml>
2016-02-18 16:34:42.084 DEBUG WxPayApi: PostXml used cert
2016-02-18 16:34:52.368 DEBUG WxPayApi: Reverse response : <xml><return_code><![CDATA[SUCCESS]]></return_code>
<return_msg><![CDATA[OK]]></return_msg>
<appid><![CDATA[wxbeb2e5a46ca7bf69]]></appid>
<mch_id><![CDATA[1240541002]]></mch_id>
<nonce_str><![CDATA[mgmXMRPCi5YXgFif]]></nonce_str>
<sign><![CDATA[7DA9F35FE8BDBC5C9E62E02636116F3B]]></sign>
<result_code><![CDATA[SUCCESS]]></result_code>
<recall><![CDATA[N]]></recall>
</xml>
2016-02-18 16:35:22.984 ERROR QrcodeController: 微信当面付,撤销订单失败！
2016-02-18 16:35:53.889 DEBUG WxPayApi: MicroPay request : <xml><appid><![CDATA[wxbeb2e5a46ca7bf69]]></appid><auth_code><![CDATA[130022023597961896]]></auth_code><body><![CDATA[订单编号 2312]]></body><mch_id><![CDATA[1240541002]]></mch_id><nonce_str><![CDATA[a9563f4bfda942adbaf2f55248fc9ac6]]></nonce_str><out_trade_no><![CDATA[124054100220160218163553527]]></out_trade_no><sign><![CDATA[348F21F5049FA1FD3B5AC3A4BE5209FB]]></sign><spbill_create_ip><![CDATA[8.8.8.8]]></spbill_create_ip><total_fee>1</total_fee></xml>
2016-02-18 16:35:54.945 DEBUG WxPayApi: MicroPay response : <xml><return_code><![CDATA[SUCCESS]]></return_code>
<return_msg><![CDATA[OK]]></return_msg>
<appid><![CDATA[wxbeb2e5a46ca7bf69]]></appid>
<mch_id><![CDATA[1240541002]]></mch_id>
<nonce_str><![CDATA[VOdjCQTtwOvm5tl9]]></nonce_str>
<sign><![CDATA[52B27A2F1DE7B23FC5BFB29578052D27]]></sign>
<result_code><![CDATA[FAIL]]></result_code>
<err_code><![CDATA[USERPAYING]]></err_code>
<err_code_des><![CDATA[需要用户输入支付密码]]></err_code_des>
</xml>
2016-02-18 16:36:07.110 DEBUG WxPayApi: OrderQuery request : <xml><appid><![CDATA[wxbeb2e5a46ca7bf69]]></appid><mch_id><![CDATA[1240541002]]></mch_id><nonce_str><![CDATA[fefd9c02df60481daf21665b9174b007]]></nonce_str><out_trade_no><![CDATA[124054100220160218163553527]]></out_trade_no><sign><![CDATA[4FAEC2D3B2B28C5083412E6A9F87F7D4]]></sign></xml>
2016-02-18 16:36:07.527 DEBUG WxPayApi: OrderQuery response : <xml><return_code><![CDATA[SUCCESS]]></return_code>
<return_msg><![CDATA[OK]]></return_msg>
<appid><![CDATA[wxbeb2e5a46ca7bf69]]></appid>
<mch_id><![CDATA[1240541002]]></mch_id>
<nonce_str><![CDATA[hoW57htvK7HzX0yW]]></nonce_str>
<sign><![CDATA[A3AE150438191DCF3E2603CAAC83D042]]></sign>
<result_code><![CDATA[SUCCESS]]></result_code>
<out_trade_no><![CDATA[124054100220160218163553527]]></out_trade_no>
<attach><![CDATA[]]></attach>
<trade_state><![CDATA[USERPAYING]]></trade_state>
<trade_state_desc><![CDATA[需要用户输入支付密码]]></trade_state_desc>
</xml>
2016-02-18 16:36:31.027 DEBUG WxPayApi: OrderQuery request : <xml><appid><![CDATA[wxbeb2e5a46ca7bf69]]></appid><mch_id><![CDATA[1240541002]]></mch_id><nonce_str><![CDATA[49c89e75a234454d814eb93073dd1716]]></nonce_str><out_trade_no><![CDATA[124054100220160218163553527]]></out_trade_no><sign><![CDATA[60E2C86C55C3B572177DC281F1282F4E]]></sign></xml>
2016-02-18 16:36:31.458 DEBUG WxPayApi: OrderQuery response : <xml><return_code><![CDATA[SUCCESS]]></return_code>
<return_msg><![CDATA[OK]]></return_msg>
<appid><![CDATA[wxbeb2e5a46ca7bf69]]></appid>
<mch_id><![CDATA[1240541002]]></mch_id>
<nonce_str><![CDATA[9KlGQcZ3MvtzlhBt]]></nonce_str>
<sign><![CDATA[FD8ABC16EDB8624D2652D11724547573]]></sign>
<result_code><![CDATA[SUCCESS]]></result_code>
<openid><![CDATA[oAZCps75h8Jyj1a0uyIktHiGHbho]]></openid>
<is_subscribe><![CDATA[Y]]></is_subscribe>
<trade_type><![CDATA[MICROPAY]]></trade_type>
<bank_type><![CDATA[ABC_DEBIT]]></bank_type>
<total_fee>1</total_fee>
<fee_type><![CDATA[CNY]]></fee_type>
<transaction_id><![CDATA[1007260902201602183361843858]]></transaction_id>
<out_trade_no><![CDATA[124054100220160218163553527]]></out_trade_no>
<attach><![CDATA[]]></attach>
<time_end><![CDATA[20160218163646]]></time_end>
<trade_state><![CDATA[SUCCESS]]></trade_state>
<cash_fee>1</cash_fee>
</xml>
2016-02-18 16:36:56.525 DEBUG WxPayApi: Micropay failure, Reverse order is processing...
2016-02-18 16:36:59.605 DEBUG WxPayApi: Reverse request : <xml><appid><![CDATA[wxbeb2e5a46ca7bf69]]></appid><mch_id><![CDATA[1240541002]]></mch_id><nonce_str><![CDATA[fc8af6735d394599b0ae16bb5cbcb708]]></nonce_str><out_trade_no><![CDATA[124054100220160218163553527]]></out_trade_no><sign><![CDATA[C7A76B2E62FDA6AFA7734ED97831BC27]]></sign></xml>
2016-02-18 16:37:02.582 DEBUG WxPayApi: PostXml used cert
2016-02-18 16:37:09.957 DEBUG WxPayApi: Reverse response : <xml><return_code><![CDATA[SUCCESS]]></return_code>
<return_msg><![CDATA[OK]]></return_msg>
<appid><![CDATA[wxbeb2e5a46ca7bf69]]></appid>
<mch_id><![CDATA[1240541002]]></mch_id>
<nonce_str><![CDATA[eOxo9UZ9aKnQyfFA]]></nonce_str>
<sign><![CDATA[C857118D9A370E7F52A57AA9180D7511]]></sign>
<result_code><![CDATA[SUCCESS]]></result_code>
<recall><![CDATA[N]]></recall>
</xml>
2016-02-18 16:39:08.345 ERROR QrcodeController: 微信当面付,撤销订单失败！
2016-02-18 16:54:23.801 DEBUG WxPayApi: UnfiedOrder request : <xml><appid><![CDATA[wxbeb2e5a46ca7bf69]]></appid><attach><![CDATA[12321]]></attach><body><![CDATA[订单编号12321]]></body><goods_tag><![CDATA[]]></goods_tag><mch_id><![CDATA[1240541002]]></mch_id><nonce_str><![CDATA[ebadab959ff04d86a4bd53c572c08a00]]></nonce_str><notify_url><![CDATA[http://demo.xmpharos.com/WXNotify.aspx]]></notify_url><out_trade_no><![CDATA[124054100220160218165413350]]></out_trade_no><product_id><![CDATA[12321]]></product_id><sign><![CDATA[E9CA2B5CFFF26BF550E67919F43D3E0B]]></sign><spbill_create_ip><![CDATA[8.8.8.8]]></spbill_create_ip><time_expire><![CDATA[20160218170405]]></time_expire><time_start><![CDATA[20160218165405]]></time_start><total_fee>1</total_fee><trade_type><![CDATA[NATIVE]]></trade_type></xml>
2016-02-18 16:54:39.965 DEBUG WxPayApi: UnfiedOrder response : <xml><return_code><![CDATA[SUCCESS]]></return_code>
<return_msg><![CDATA[OK]]></return_msg>
<appid><![CDATA[wxbeb2e5a46ca7bf69]]></appid>
<mch_id><![CDATA[1240541002]]></mch_id>
<nonce_str><![CDATA[X8BDP1FaiIdAhPZF]]></nonce_str>
<sign><![CDATA[D1A4CE11091CF0C907E88B15FD0F255A]]></sign>
<result_code><![CDATA[SUCCESS]]></result_code>
<prepay_id><![CDATA[wx20160218165456380ecb84110586519518]]></prepay_id>
<trade_type><![CDATA[NATIVE]]></trade_type>
<code_url><![CDATA[weixin://wxpay/bizpayurl?pr=Hf0iXmW]]></code_url>
</xml>
2016-02-18 16:54:47.821 DEBUG QrcodeController: 支付宝扫码,http://localhost:3122/Qrcode/GenerateQrcode?codeUrl=https%3A%2F%2Fqr.alipay.com%2Fgdxox0xonkf3lwhef3
2016-02-18 17:04:05.417 DEBUG WxPayApi: UnfiedOrder request : <xml><appid><![CDATA[wxbeb2e5a46ca7bf69]]></appid><attach><![CDATA[321123]]></attach><body><![CDATA[订单编号321123]]></body><goods_tag><![CDATA[]]></goods_tag><mch_id><![CDATA[1240541002]]></mch_id><nonce_str><![CDATA[9a41160000274f0ead3350abc9c44226]]></nonce_str><notify_url><![CDATA[http://demo.xmpharos.com/WXNotify.aspx]]></notify_url><out_trade_no><![CDATA[124054100220160218170405513]]></out_trade_no><product_id><![CDATA[321123]]></product_id><sign><![CDATA[AEA36152F7C39149BC7984F4A951F32C]]></sign><spbill_create_ip><![CDATA[8.8.8.8]]></spbill_create_ip><time_expire><![CDATA[20160218171404]]></time_expire><time_start><![CDATA[20160218170404]]></time_start><total_fee>1</total_fee><trade_type><![CDATA[NATIVE]]></trade_type></xml>
2016-02-18 17:04:08.434 DEBUG QrcodeController: 支付宝扫码,http://localhost:3122/Qrcode/GenerateQrcode?codeUrl=https%3A%2F%2Fqr.alipay.com%2Fgdxox0xofmw4q40b13
2016-02-18 17:04:08.600 DEBUG WxPayApi: UnfiedOrder response : <xml><return_code><![CDATA[SUCCESS]]></return_code>
<return_msg><![CDATA[OK]]></return_msg>
<appid><![CDATA[wxbeb2e5a46ca7bf69]]></appid>
<mch_id><![CDATA[1240541002]]></mch_id>
<nonce_str><![CDATA[e7s8fooAp8NlU4k9]]></nonce_str>
<sign><![CDATA[BC2E9A056F996160D7F5159CBD6FB5BA]]></sign>
<result_code><![CDATA[SUCCESS]]></result_code>
<prepay_id><![CDATA[wx20160218170428a0cb0de4300517713321]]></prepay_id>
<trade_type><![CDATA[NATIVE]]></trade_type>
<code_url><![CDATA[weixin://wxpay/bizpayurl?pr=VmBXKr8]]></code_url>
</xml>
2016-02-18 17:11:29.496 DEBUG QrcodeController: 支付宝当面付,{"alipay_trade_pay_response":{"code":"10000","msg":"Success","buyer_logon_id":"251***@qq.com","buyer_pay_amount":"0.01","buyer_user_id":"2088202511799684","fund_bill_list":[{"amount":"0.01","fund_channel":"ALIPAYACCOUNT"}],"gmt_payment":"2016-02-18 17:11:49","invoice_amount":"0.01","open_id":"20881007822324006729587460413368","out_trade_no":"123","point_amount":"0.00","receipt_amount":"0.01","total_amount":"0.01","trade_no":"2016021821001004680236446036"},"sign":"sBNuQIXeSF8UtE64jwF8G6DKDsfPUNea9amIKJXKbgsDiXrJ8/9k4M3BQ+EXvxjr8uUgTYkvJdVMQe50PAYLA+GDdeqxYJiblxKaE2KBAFZ7oQWxNQvNY+uR/tHoGIa484D2Lf+qbsJVT5Ykkpsqw7SE81YiapkyNbup3TZnJlQ="}
2016-02-18 17:14:53.392 DEBUG QrcodeController: 支付宝当面付,{"alipay_trade_pay_response":{"code":"10003","msg":" order success pay inprocess","buyer_logon_id":"251***@qq.com","buyer_pay_amount":"0.00","buyer_user_id":"2088202511799684","gmt_payment":"2016-02-18 17:13:15","invoice_amount":"0.00","open_id":"20881007822324006729587460413368","out_trade_no":"123","point_amount":"0.00","receipt_amount":"0.00"},"sign":"MaF3Xr0uIXP9kFnB6kjDQaleQ+RGOwKvAcAZkuRcJPsog4TC03PNzd5IRhHKgD3aMAb6VHP5c9gK0HaHuQJ105KeAlqV653ig3KqqaocHQ9UeeGI892937WWr7h4zLDsIKdtKYE3oieZIP0bUE3ClBmzBF5QRu7QQZzOxsVSzdA="}
2016-02-18 17:21:26.770 DEBUG QrcodeController: 支付宝当面付,{"alipay_trade_pay_response":{"code":"40004","msg":"Business Failed","sub_code":"ACQ.TRADE_HAS_CLOSE","sub_msg":"支付失败，本笔交易已关闭。[TRADE_HAS_CLOSE]","buyer_logon_id":"251***@qq.com","buyer_pay_amount":"0.00","buyer_user_id":"2088202511799684","invoice_amount":"0.00","open_id":"20881007822324006729587460413368","out_trade_no":"123","point_amount":"0.00","receipt_amount":"0.00"},"sign":"rNkx3xPRMung50zLSr8lDyGZ/pzPTYp8eAQ5aPYTwzN3h5OKNIdJXXTJqZw6oRlAmLYdDu5zeUqYgUfL6REKrhmoZtOmGbi+CMRF78Xo/fzZ49zQQgDGeM8m1h+pWTGGE8gLCm0Rmy7jHj5nyKtkQ9poVQhpH2hmoKerpegBi2A="}
2016-02-18 17:21:30.335 DEBUG QrcodeController: 支付宝当面付,{"alipay_trade_pay_response":{"code":"40004","msg":"Business Failed","sub_code":"ACQ.TRADE_HAS_CLOSE","sub_msg":"支付失败，本笔交易已关闭。[TRADE_HAS_CLOSE]","buyer_logon_id":"251***@qq.com","buyer_pay_amount":"0.00","buyer_user_id":"2088202511799684","invoice_amount":"0.00","open_id":"20881007822324006729587460413368","out_trade_no":"123","point_amount":"0.00","receipt_amount":"0.00"},"sign":"rNkx3xPRMung50zLSr8lDyGZ/pzPTYp8eAQ5aPYTwzN3h5OKNIdJXXTJqZw6oRlAmLYdDu5zeUqYgUfL6REKrhmoZtOmGbi+CMRF78Xo/fzZ49zQQgDGeM8m1h+pWTGGE8gLCm0Rmy7jHj5nyKtkQ9poVQhpH2hmoKerpegBi2A="}
2016-02-18 17:22:35.036 DEBUG QrcodeController: 支付宝当面付,{"alipay_trade_pay_response":{"code":"40004","msg":"Business Failed","sub_code":"ACQ.TRADE_HAS_CLOSE","sub_msg":"支付失败，本笔交易已关闭。[TRADE_HAS_CLOSE]","buyer_logon_id":"251***@qq.com","buyer_pay_amount":"0.00","buyer_user_id":"2088202511799684","invoice_amount":"0.00","open_id":"20881007822324006729587460413368","out_trade_no":"123","point_amount":"0.00","receipt_amount":"0.00"},"sign":"rNkx3xPRMung50zLSr8lDyGZ/pzPTYp8eAQ5aPYTwzN3h5OKNIdJXXTJqZw6oRlAmLYdDu5zeUqYgUfL6REKrhmoZtOmGbi+CMRF78Xo/fzZ49zQQgDGeM8m1h+pWTGGE8gLCm0Rmy7jHj5nyKtkQ9poVQhpH2hmoKerpegBi2A="}
