2016-02-22 10:51:26.730 DEBUG /api/mobile/GetTakestockByinputBarcode:  参数:[{"storeId":"16","checkBatch":"1616012802","barcode":"0101010001"}]
2016-02-22 10:51:56.532 DEBUG /api/mobile/GetTakestockByinputBarcode:  参数:[{"storeId":"16","checkBatch":"1616012802","barcode":"010101"}]
2016-02-22 10:52:12.514 DEBUG /api/mobile/GetTakestockByinputBarcode:  参数:[{"storeId":"16","checkBatch":"1616012802","barcode":"0101"}]
2016-02-22 10:55:43.880 DEBUG /api/mobile/GetTakestockByinputBarcode:  参数:[{"storeId":"16","checkBatch":"1616012802","barcode":"0101"}]
2016-02-22 14:07:02.057 DEBUG /api/mobile/GetStoreNoticeList:  参数:[{"storeId":"16","checkBatch":"1616012802","userCode":"0101"}]
2016-02-22 14:07:07.184 DEBUG /api/mobile/GetStoreNoticeList: 员工编号不存在!
2016-02-22 14:07:12.965 DEBUG /api/mobile/GetStoreNoticeList:  参数:[{"storeId":"16","checkBatch":"1616012802","userCode":"1002"}]
2016-02-22 14:21:30.997 DEBUG /api/mobile/OrderDelivery:  参数:[{"orderId":"201602190098","barcode":"6923450656181","number":"10"}]
2016-02-22 14:21:32.135 DEBUG /api/mobile/OrderDelivery: 有保质期的产品生产日期必须填写！
2016-02-22 14:21:41.613 DEBUG /api/mobile/OrderDelivery:  参数:[{"orderId":"201602190098","barcode":"6923450656181","number":"10"}]
2016-02-22 14:22:03.360 DEBUG /api/mobile/OrderDelivery: 有保质期的产品生产日期必须填写！
2016-02-22 14:45:20.688 DEBUG /api/mobile/OrderDelivery:  参数:[{"orderId":"201602190098","barcode":"6923450656181","number":"10"}]
2016-02-22 14:45:26.822 DEBUG /api/mobile/OrderDelivery: String 引用没有设置为 String 的实例。
参数名: s
2016-02-22 14:45:54.515 DEBUG /api/mobile/OrderDelivery:  参数:[{"orderId":"201602190098","barcode":"6923450656181","number":"10"}]
2016-02-22 14:46:30.433 DEBUG /api/mobile/OrderDelivery: String 引用没有设置为 String 的实例。
参数名: s
2016-02-22 14:47:13.811 DEBUG /api/mobile/OrderDelivery:  参数:[{"orderId":"201602190098","barcode":"6923450656181","number":"10"}]
2016-02-22 17:23:48.374 DEBUG /api/mobile/GetOrderApproveNewList:  参数:[{"usercode":"1002","orderId":"201601140018"}]
2016-02-22 17:26:04.268 DEBUG /api/mobile/GetOrderApproveNewList:  参数:[{"usercode":"1002"}]
2016-02-22 17:28:00.394 DEBUG /api/mobile/GetOrderApproveNewList:  参数:[{"usercode":"2104"}]
