2015-12-19 13:30:28.555 DEBUG WxPayApi: UnfiedOrder request : <xml><appid><![CDATA[wxefc6681a35189ab8]]></appid><attach><![CDATA[123]]></attach><body><![CDATA[东本-订单编号123]]></body><goods_tag><![CDATA[]]></goods_tag><mch_id><![CDATA[1273991801]]></mch_id><nonce_str><![CDATA[c3eb7251c0ec49eb8f05eb1f101645dd]]></nonce_str><notify_url><![CDATA[http://demo.xmpharos.com/WXNotify.aspx]]></notify_url><out_trade_no><![CDATA[127399180120151219133028136]]></out_trade_no><product_id><![CDATA[123]]></product_id><sign><![CDATA[B180E151FDFBDEB492E74F1B956AF336]]></sign><spbill_create_ip><![CDATA[8.8.8.8]]></spbill_create_ip><time_expire><![CDATA[20151219134028]]></time_expire><time_start><![CDATA[20151219133028]]></time_start><total_fee>1</total_fee><trade_type><![CDATA[NATIVE]]></trade_type></xml>
2015-12-19 13:30:29.218 DEBUG WxPayApi: UnfiedOrder response : <xml><return_code><![CDATA[SUCCESS]]></return_code>
<return_msg><![CDATA[OK]]></return_msg>
<appid><![CDATA[wxefc6681a35189ab8]]></appid>
<mch_id><![CDATA[1273991801]]></mch_id>
<nonce_str><![CDATA[hlGml5W3TU9TCDG0]]></nonce_str>
<sign><![CDATA[EFDFD08424AF5EF0D6942B3CBD73094A]]></sign>
<result_code><![CDATA[SUCCESS]]></result_code>
<prepay_id><![CDATA[wx201512191329473ebe7c791e0407078367]]></prepay_id>
<trade_type><![CDATA[NATIVE]]></trade_type>
<code_url><![CDATA[weixin://wxpay/bizpayurl?pr=iZLdwuR]]></code_url>
</xml>
2015-12-19 13:31:13.525 DEBUG WxPayApi: UnfiedOrder request : <xml><appid><![CDATA[wxefc6681a35189ab8]]></appid><attach><![CDATA[123]]></attach><body><![CDATA[东本-订单编号123]]></body><goods_tag><![CDATA[]]></goods_tag><mch_id><![CDATA[1273991801]]></mch_id><nonce_str><![CDATA[11c41a7972c54f2cbd7f86873651dc9e]]></nonce_str><notify_url><![CDATA[http://demo.xmpharos.com/WXNotify.aspx]]></notify_url><out_trade_no><![CDATA[127399180120151219133113127]]></out_trade_no><product_id><![CDATA[123]]></product_id><sign><![CDATA[CFDEB7A6DA08BC5F4E275C8DAB14E3BB]]></sign><spbill_create_ip><![CDATA[8.8.8.8]]></spbill_create_ip><time_expire><![CDATA[20151219134113]]></time_expire><time_start><![CDATA[20151219133113]]></time_start><total_fee>1</total_fee><trade_type><![CDATA[NATIVE]]></trade_type></xml>
2015-12-19 13:31:13.956 DEBUG WxPayApi: UnfiedOrder response : <xml><return_code><![CDATA[SUCCESS]]></return_code>
<return_msg><![CDATA[OK]]></return_msg>
<appid><![CDATA[wxefc6681a35189ab8]]></appid>
<mch_id><![CDATA[1273991801]]></mch_id>
<nonce_str><![CDATA[FhTaVCY1KVKIQ7Jq]]></nonce_str>
<sign><![CDATA[6B0A588098E9D73BB62885DB7328E1C8]]></sign>
<result_code><![CDATA[SUCCESS]]></result_code>
<prepay_id><![CDATA[wx20151219133032870bfc09020838760979]]></prepay_id>
<trade_type><![CDATA[NATIVE]]></trade_type>
<code_url><![CDATA[weixin://wxpay/bizpayurl?pr=LANaGmQ]]></code_url>
</xml>
2015-12-19 13:37:18.467 DEBUG WxPayApi: UnfiedOrder request : <xml><appid><![CDATA[wxefc6681a35189ab8]]></appid><attach><![CDATA[123]]></attach><body><![CDATA[东本-订单编号123]]></body><goods_tag><![CDATA[]]></goods_tag><mch_id><![CDATA[1273991801]]></mch_id><nonce_str><![CDATA[75f3f561ce764ebcbb6ae75010d6e530]]></nonce_str><notify_url><![CDATA[http://demo.xmpharos.com/WXNotify.aspx]]></notify_url><out_trade_no><![CDATA[127399180120151219133718200]]></out_trade_no><product_id><![CDATA[123]]></product_id><sign><![CDATA[9E7191FF95C6444E8B850E525CFAB20F]]></sign><spbill_create_ip><![CDATA[8.8.8.8]]></spbill_create_ip><time_expire><![CDATA[20151219134718]]></time_expire><time_start><![CDATA[20151219133718]]></time_start><total_fee>1</total_fee><trade_type><![CDATA[NATIVE]]></trade_type></xml>
2015-12-19 13:37:19.126 DEBUG WxPayApi: UnfiedOrder response : <xml><return_code><![CDATA[SUCCESS]]></return_code>
<return_msg><![CDATA[OK]]></return_msg>
<appid><![CDATA[wxefc6681a35189ab8]]></appid>
<mch_id><![CDATA[1273991801]]></mch_id>
<nonce_str><![CDATA[QBT7ROsefZbdBkuM]]></nonce_str>
<sign><![CDATA[DAEC76D81456FADB146ECA2FDF4E5E78]]></sign>
<result_code><![CDATA[SUCCESS]]></result_code>
<prepay_id><![CDATA[wx2015121913363762724522100263016184]]></prepay_id>
<trade_type><![CDATA[NATIVE]]></trade_type>
<code_url><![CDATA[weixin://wxpay/bizpayurl?pr=kC6CQdQ]]></code_url>
</xml>
2015-12-19 13:38:43.417 DEBUG WxPayApi: UnfiedOrder request : <xml><appid><![CDATA[wxefc6681a35189ab8]]></appid><attach><![CDATA[1256]]></attach><body><![CDATA[东本-订单编号1256]]></body><goods_tag><![CDATA[]]></goods_tag><mch_id><![CDATA[1273991801]]></mch_id><nonce_str><![CDATA[678d9db74342474e9d12333ea2d77122]]></nonce_str><notify_url><![CDATA[http://demo.xmpharos.com/WXNotify.aspx]]></notify_url><out_trade_no><![CDATA[127399180120151219133843932]]></out_trade_no><product_id><![CDATA[1256]]></product_id><sign><![CDATA[27D3A16D918C48209EC8D5FB3FAACD69]]></sign><spbill_create_ip><![CDATA[8.8.8.8]]></spbill_create_ip><time_expire><![CDATA[20151219134843]]></time_expire><time_start><![CDATA[20151219133843]]></time_start><total_fee>1</total_fee><trade_type><![CDATA[NATIVE]]></trade_type></xml>
2015-12-19 13:38:43.839 DEBUG WxPayApi: UnfiedOrder response : <xml><return_code><![CDATA[SUCCESS]]></return_code>
<return_msg><![CDATA[OK]]></return_msg>
<appid><![CDATA[wxefc6681a35189ab8]]></appid>
<mch_id><![CDATA[1273991801]]></mch_id>
<nonce_str><![CDATA[smaCqe0U8bNJfawP]]></nonce_str>
<sign><![CDATA[0AC96A6D4B49D631C980756627608A34]]></sign>
<result_code><![CDATA[SUCCESS]]></result_code>
<prepay_id><![CDATA[wx201512191338025437143d230957796302]]></prepay_id>
<trade_type><![CDATA[NATIVE]]></trade_type>
<code_url><![CDATA[weixin://wxpay/bizpayurl?pr=7tYSmXB]]></code_url>
</xml>
2015-12-19 13:40:25.756 DEBUG WxPayApi: UnfiedOrder request : <xml><appid><![CDATA[wxefc6681a35189ab8]]></appid><attach><![CDATA[1256]]></attach><body><![CDATA[东本-订单编号1256]]></body><goods_tag><![CDATA[]]></goods_tag><mch_id><![CDATA[1273991801]]></mch_id><nonce_str><![CDATA[9ecb61ecab964e20937259589d8a3fa5]]></nonce_str><notify_url><![CDATA[http://demo.xmpharos.com/WXNotify.aspx]]></notify_url><out_trade_no><![CDATA[127399180120151219134025849]]></out_trade_no><product_id><![CDATA[1256]]></product_id><sign><![CDATA[07E04C94C3A28523947F392BDC9E8A82]]></sign><spbill_create_ip><![CDATA[8.8.8.8]]></spbill_create_ip><time_expire><![CDATA[20151219135025]]></time_expire><time_start><![CDATA[20151219134025]]></time_start><total_fee>1</total_fee><trade_type><![CDATA[NATIVE]]></trade_type></xml>
2015-12-19 13:40:26.289 DEBUG WxPayApi: UnfiedOrder response : <xml><return_code><![CDATA[SUCCESS]]></return_code>
<return_msg><![CDATA[OK]]></return_msg>
<appid><![CDATA[wxefc6681a35189ab8]]></appid>
<mch_id><![CDATA[1273991801]]></mch_id>
<nonce_str><![CDATA[x1VWsFNVXem7mf68]]></nonce_str>
<sign><![CDATA[0FA70BF86B8FEB1FC30925174D2C8E65]]></sign>
<result_code><![CDATA[SUCCESS]]></result_code>
<prepay_id><![CDATA[wx20151219133944e09a6338d30119173611]]></prepay_id>
<trade_type><![CDATA[NATIVE]]></trade_type>
<code_url><![CDATA[weixin://wxpay/bizpayurl?pr=uKpXSsU]]></code_url>
</xml>
2015-12-19 13:41:05.563 DEBUG WxPayApi: UnfiedOrder request : <xml><appid><![CDATA[wxefc6681a35189ab8]]></appid><attach><![CDATA[1256]]></attach><body><![CDATA[东本-订单编号1256]]></body><goods_tag><![CDATA[]]></goods_tag><mch_id><![CDATA[1273991801]]></mch_id><nonce_str><![CDATA[94d0975a2d834a2185ce1e28a967de30]]></nonce_str><notify_url><![CDATA[http://demo.xmpharos.com/WXNotify.aspx]]></notify_url><out_trade_no><![CDATA[127399180120151219134105287]]></out_trade_no><product_id><![CDATA[1256]]></product_id><sign><![CDATA[1D9837D360F7FBF213AE648AE907C3C8]]></sign><spbill_create_ip><![CDATA[8.8.8.8]]></spbill_create_ip><time_expire><![CDATA[20151219135105]]></time_expire><time_start><![CDATA[20151219134105]]></time_start><total_fee>1</total_fee><trade_type><![CDATA[NATIVE]]></trade_type></xml>
2015-12-19 13:41:05.980 DEBUG WxPayApi: UnfiedOrder response : <xml><return_code><![CDATA[SUCCESS]]></return_code>
<return_msg><![CDATA[OK]]></return_msg>
<appid><![CDATA[wxefc6681a35189ab8]]></appid>
<mch_id><![CDATA[1273991801]]></mch_id>
<nonce_str><![CDATA[zrKBM8P1YEItOCH5]]></nonce_str>
<sign><![CDATA[ABF39C9D0D7123470B5534E924D9BD0A]]></sign>
<result_code><![CDATA[SUCCESS]]></result_code>
<prepay_id><![CDATA[wx2015121913402406c528a2880652513996]]></prepay_id>
<trade_type><![CDATA[NATIVE]]></trade_type>
<code_url><![CDATA[weixin://wxpay/bizpayurl?pr=JDZT1WI]]></code_url>
</xml>
2015-12-19 13:41:52.822 DEBUG WxPayApi: UnfiedOrder request : <xml><appid><![CDATA[wxefc6681a35189ab8]]></appid><attach><![CDATA[1256]]></attach><body><![CDATA[东本-订单编号1256]]></body><goods_tag><![CDATA[]]></goods_tag><mch_id><![CDATA[1273991801]]></mch_id><nonce_str><![CDATA[c38e76ad020248d9b881b942920f60a0]]></nonce_str><notify_url><![CDATA[http://demo.xmpharos.com/WXNotify.aspx]]></notify_url><out_trade_no><![CDATA[127399180120151219134152287]]></out_trade_no><product_id><![CDATA[1256]]></product_id><sign><![CDATA[741084643EFEBD6368308193247D2C45]]></sign><spbill_create_ip><![CDATA[8.8.8.8]]></spbill_create_ip><time_expire><![CDATA[20151219135152]]></time_expire><time_start><![CDATA[20151219134152]]></time_start><total_fee>1</total_fee><trade_type><![CDATA[NATIVE]]></trade_type></xml>
2015-12-19 13:41:53.260 DEBUG WxPayApi: UnfiedOrder response : <xml><return_code><![CDATA[SUCCESS]]></return_code>
<return_msg><![CDATA[OK]]></return_msg>
<appid><![CDATA[wxefc6681a35189ab8]]></appid>
<mch_id><![CDATA[1273991801]]></mch_id>
<nonce_str><![CDATA[laXWsr90O856VJDV]]></nonce_str>
<sign><![CDATA[F19C84CABCA91762AC2A0384425B888B]]></sign>
<result_code><![CDATA[SUCCESS]]></result_code>
<prepay_id><![CDATA[wx20151219134111453926b2e50823363723]]></prepay_id>
<trade_type><![CDATA[NATIVE]]></trade_type>
<code_url><![CDATA[weixin://wxpay/bizpayurl?pr=PT01gZC]]></code_url>
</xml>
2015-12-19 13:42:49.388 DEBUG WxPayApi: UnfiedOrder request : <xml><appid><![CDATA[wxefc6681a35189ab8]]></appid><attach><![CDATA[1256]]></attach><body><![CDATA[东本-订单编号1256]]></body><goods_tag><![CDATA[]]></goods_tag><mch_id><![CDATA[1273991801]]></mch_id><nonce_str><![CDATA[3c91490a266b434382bf790dcdad5dc8]]></nonce_str><notify_url><![CDATA[http://demo.xmpharos.com/WXNotify.aspx]]></notify_url><out_trade_no><![CDATA[127399180120151219134249797]]></out_trade_no><product_id><![CDATA[1256]]></product_id><sign><![CDATA[B71097194DDD29474CCFDBD60E63823D]]></sign><spbill_create_ip><![CDATA[8.8.8.8]]></spbill_create_ip><time_expire><![CDATA[20151219135249]]></time_expire><time_start><![CDATA[20151219134249]]></time_start><total_fee>1</total_fee><trade_type><![CDATA[NATIVE]]></trade_type></xml>
2015-12-19 13:42:49.832 DEBUG WxPayApi: UnfiedOrder response : <xml><return_code><![CDATA[SUCCESS]]></return_code>
<return_msg><![CDATA[OK]]></return_msg>
<appid><![CDATA[wxefc6681a35189ab8]]></appid>
<mch_id><![CDATA[1273991801]]></mch_id>
<nonce_str><![CDATA[AzB0YsOxEALZPAQ2]]></nonce_str>
<sign><![CDATA[8C728F5A8AC254625940B956F15CD0AB]]></sign>
<result_code><![CDATA[SUCCESS]]></result_code>
<prepay_id><![CDATA[wx20151219134208e0c14eb67c0178879402]]></prepay_id>
<trade_type><![CDATA[NATIVE]]></trade_type>
<code_url><![CDATA[weixin://wxpay/bizpayurl?pr=qUFaP7l]]></code_url>
</xml>
