2015-11-06 17:09:57.776 DEBUG WxPayApi: UnfiedOrder request : <xml><appid><![CDATA[wxefc6681a35189ab8]]></appid><attach><![CDATA[1111]]></attach><body><![CDATA[东本-订单编号1111]]></body><goods_tag><![CDATA[]]></goods_tag><mch_id><![CDATA[1273991801]]></mch_id><nonce_str><![CDATA[e6dd13b09d234e61bc2096fcd1713585]]></nonce_str><notify_url><![CDATA[http://27.154.234.10/Qrcode/ResultNotify]]></notify_url><out_trade_no><![CDATA[127399180120151106170957205]]></out_trade_no><product_id><![CDATA[1111]]></product_id><sign><![CDATA[492EC91D501975BFAFAC4C5660ACEB62]]></sign><spbill_create_ip><![CDATA[8.8.8.8]]></spbill_create_ip><time_expire><![CDATA[20151106171957]]></time_expire><time_start><![CDATA[20151106170957]]></time_start><total_fee>1</total_fee><trade_type><![CDATA[NATIVE]]></trade_type></xml>
2015-11-06 17:09:58.530 DEBUG WxPayApi: UnfiedOrder response : <xml><return_code><![CDATA[SUCCESS]]></return_code>
<return_msg><![CDATA[OK]]></return_msg>
<appid><![CDATA[wxefc6681a35189ab8]]></appid>
<mch_id><![CDATA[1273991801]]></mch_id>
<nonce_str><![CDATA[D1cRm14gRQRVA68r]]></nonce_str>
<sign><![CDATA[491BC8A510488CB9496F1670C48380DD]]></sign>
<result_code><![CDATA[SUCCESS]]></result_code>
<prepay_id><![CDATA[wx2015110617132144e5c4486e0897953667]]></prepay_id>
<trade_type><![CDATA[NATIVE]]></trade_type>
<code_url><![CDATA[weixin://wxpay/bizpayurl?pr=Fi92teO]]></code_url>
</xml>
2015-11-06 17:10:23.293 DEBUG WxPayApi: UnfiedOrder request : <xml><appid><![CDATA[wxefc6681a35189ab8]]></appid><attach><![CDATA[1111]]></attach><body><![CDATA[东本-订单编号1111]]></body><goods_tag><![CDATA[]]></goods_tag><mch_id><![CDATA[1273991801]]></mch_id><nonce_str><![CDATA[c22178ad745c4c89a21723bd4daf54e0]]></nonce_str><notify_url><![CDATA[http://27.154.234.10/Qrcode/ResultNotify]]></notify_url><out_trade_no><![CDATA[127399180120151106171023488]]></out_trade_no><product_id><![CDATA[1111]]></product_id><sign><![CDATA[402A6A37CF55B138110CD898409B2105]]></sign><spbill_create_ip><![CDATA[8.8.8.8]]></spbill_create_ip><time_expire><![CDATA[20151106172023]]></time_expire><time_start><![CDATA[20151106171023]]></time_start><total_fee>1</total_fee><trade_type><![CDATA[NATIVE]]></trade_type></xml>
2015-11-06 17:10:40.025 DEBUG WxPayApi: UnfiedOrder response : <xml><return_code><![CDATA[SUCCESS]]></return_code>
<return_msg><![CDATA[OK]]></return_msg>
<appid><![CDATA[wxefc6681a35189ab8]]></appid>
<mch_id><![CDATA[1273991801]]></mch_id>
<nonce_str><![CDATA[VnaB0VHqDvH2eENC]]></nonce_str>
<sign><![CDATA[6DB160340738911961D4E3A03E9BA2C0]]></sign>
<result_code><![CDATA[SUCCESS]]></result_code>
<prepay_id><![CDATA[wx20151106171353bda4eac3330162632826]]></prepay_id>
<trade_type><![CDATA[NATIVE]]></trade_type>
<code_url><![CDATA[weixin://wxpay/bizpayurl?pr=aYl8OfH]]></code_url>
</xml>
