2015-10-26 10:00:46.228 DEBUG WxPayApi: UnfiedOrder request : <xml><appid><![CDATA[wxefc6681a35189ab8]]></appid><attach><![CDATA[111]]></attach><body><![CDATA[东本-订单编号111]]></body><goods_tag><![CDATA[]]></goods_tag><mch_id><![CDATA[1273991801]]></mch_id><nonce_str><![CDATA[6001a86a19664cf79179c20e98b51f36]]></nonce_str><notify_url><![CDATA[http://27.154.234.10/Qrcode/ResultNotify]]></notify_url><out_trade_no><![CDATA[127399180120151026100046749]]></out_trade_no><product_id><![CDATA[111]]></product_id><sign><![CDATA[D03564EB008CB4F961C801A362A26A63]]></sign><spbill_create_ip><![CDATA[8.8.8.8]]></spbill_create_ip><time_expire><![CDATA[20151026101046]]></time_expire><time_start><![CDATA[20151026100046]]></time_start><total_fee>100</total_fee><trade_type><![CDATA[NATIVE]]></trade_type></xml>
2015-10-26 10:00:46.790 DEBUG WxPayApi: UnfiedOrder response : <xml><return_code><![CDATA[SUCCESS]]></return_code>
<return_msg><![CDATA[OK]]></return_msg>
<appid><![CDATA[wxefc6681a35189ab8]]></appid>
<mch_id><![CDATA[1273991801]]></mch_id>
<nonce_str><![CDATA[PoURHbQhFBKlgNGG]]></nonce_str>
<sign><![CDATA[697D6ECD47E70D29F836ED75C157EF8B]]></sign>
<result_code><![CDATA[SUCCESS]]></result_code>
<prepay_id><![CDATA[wx20151026100358521e016dd70791375308]]></prepay_id>
<trade_type><![CDATA[NATIVE]]></trade_type>
<code_url><![CDATA[weixin://wxpay/bizpayurl?pr=nwXd8SK]]></code_url>
</xml>
2015-10-26 10:02:32.168 DEBUG WxPayApi: UnfiedOrder request : <xml><appid><![CDATA[wxefc6681a35189ab8]]></appid><attach><![CDATA[20151020195832672]]></attach><body><![CDATA[东本-订单编号20151020195832672]]></body><goods_tag><![CDATA[]]></goods_tag><mch_id><![CDATA[1273991801]]></mch_id><nonce_str><![CDATA[44f72bc69207491591198c7f305b546a]]></nonce_str><notify_url><![CDATA[http://27.154.234.10/Qrcode/ResultNotify]]></notify_url><out_trade_no><![CDATA[127399180120151026100232846]]></out_trade_no><product_id><![CDATA[20151020195832672]]></product_id><sign><![CDATA[8F51838816C10983452A18B58C0BCE18]]></sign><spbill_create_ip><![CDATA[8.8.8.8]]></spbill_create_ip><time_expire><![CDATA[20151026101232]]></time_expire><time_start><![CDATA[20151026100232]]></time_start><total_fee>100</total_fee><trade_type><![CDATA[NATIVE]]></trade_type></xml>
2015-10-26 10:02:38.273 ERROR HttpService: System.Net.WebException: 操作超时
   在 System.Net.HttpWebRequest.GetRequestStream(TransportContext& context)
   在 System.Net.HttpWebRequest.GetRequestStream()
   在 qrcode.wx.HttpService.Post(String xml, String url, Boolean isUseCert, Int32 timeout) 位置 e:\daoc\Pharos\Pharos.CRM.Retailing\App_Code\qrcode\wx\HttpService.cs:行号 74
2015-10-26 10:02:38.275 ERROR QrcodeController: System.Net.WebException: 操作超时
   在 System.Net.HttpWebRequest.GetRequestStream(TransportContext& context)
   在 System.Net.HttpWebRequest.GetRequestStream()
   在 qrcode.wx.HttpService.Post(String xml, String url, Boolean isUseCert, Int32 timeout) 位置 e:\daoc\Pharos\Pharos.CRM.Retailing\App_Code\qrcode\wx\HttpService.cs:行号 74
2015-10-26 10:02:48.180 DEBUG WxPayApi: UnfiedOrder request : <xml><appid><![CDATA[wxefc6681a35189ab8]]></appid><attach><![CDATA[20151020195832672]]></attach><body><![CDATA[东本-订单编号20151020195832672]]></body><goods_tag><![CDATA[]]></goods_tag><mch_id><![CDATA[1273991801]]></mch_id><nonce_str><![CDATA[8fdd020d54ca4c6cac1577866bea3a94]]></nonce_str><notify_url><![CDATA[http://27.154.234.10/Qrcode/ResultNotify]]></notify_url><out_trade_no><![CDATA[127399180120151026100248786]]></out_trade_no><product_id><![CDATA[20151020195832672]]></product_id><sign><![CDATA[6C652B2848CD6CFD3F088F318BD5247E]]></sign><spbill_create_ip><![CDATA[8.8.8.8]]></spbill_create_ip><time_expire><![CDATA[20151026101248]]></time_expire><time_start><![CDATA[20151026100248]]></time_start><total_fee>100</total_fee><trade_type><![CDATA[NATIVE]]></trade_type></xml>
2015-10-26 10:02:48.706 DEBUG WxPayApi: UnfiedOrder response : <xml><return_code><![CDATA[SUCCESS]]></return_code>
<return_msg><![CDATA[OK]]></return_msg>
<appid><![CDATA[wxefc6681a35189ab8]]></appid>
<mch_id><![CDATA[1273991801]]></mch_id>
<nonce_str><![CDATA[dTwCO8nPEs7zwvr4]]></nonce_str>
<sign><![CDATA[5C48A837B723D456BCBEFA9192A21DF7]]></sign>
<result_code><![CDATA[SUCCESS]]></result_code>
<prepay_id><![CDATA[wx20151026100600027e5e420c0144571925]]></prepay_id>
<trade_type><![CDATA[NATIVE]]></trade_type>
<code_url><![CDATA[weixin://wxpay/bizpayurl?pr=MGD8VZV]]></code_url>
</xml>
