2015-11-09 13:33:41.034 DEBUG WxPayApi: UnfiedOrder request : <xml><appid><![CDATA[wxefc6681a35189ab8]]></appid><attach><![CDATA[20151029214440113]]></attach><body><![CDATA[东本-订单编号20151029214440113]]></body><goods_tag><![CDATA[]]></goods_tag><mch_id><![CDATA[1273991801]]></mch_id><nonce_str><![CDATA[7dbb8ec28ebb4641af92ee9b31db24b0]]></nonce_str><notify_url><![CDATA[http://demo.xmpharos.com/WXNotify.aspx]]></notify_url><out_trade_no><![CDATA[1273991801201511091333408]]></out_trade_no><product_id><![CDATA[20151029214440113]]></product_id><sign><![CDATA[7D14C672BF10EF24F25B73ED963125BE]]></sign><spbill_create_ip><![CDATA[8.8.8.8]]></spbill_create_ip><time_expire><![CDATA[20151109134340]]></time_expire><time_start><![CDATA[20151109133340]]></time_start><total_fee>1</total_fee><trade_type><![CDATA[NATIVE]]></trade_type></xml>
2015-11-09 13:33:41.838 DEBUG WxPayApi: UnfiedOrder response : <xml><return_code><![CDATA[SUCCESS]]></return_code>
<return_msg><![CDATA[OK]]></return_msg>
<appid><![CDATA[wxefc6681a35189ab8]]></appid>
<mch_id><![CDATA[1273991801]]></mch_id>
<nonce_str><![CDATA[35Vdgu2FqdFX48yD]]></nonce_str>
<sign><![CDATA[A459097476F6664612E423C8A7934490]]></sign>
<result_code><![CDATA[SUCCESS]]></result_code>
<prepay_id><![CDATA[wx201511091337098d187f6a2f0103976838]]></prepay_id>
<trade_type><![CDATA[NATIVE]]></trade_type>
<code_url><![CDATA[weixin://wxpay/bizpayurl?pr=7YT0ypD]]></code_url>
</xml>
2015-11-09 13:46:53.668 DEBUG WxPayApi: UnfiedOrder request : <xml><appid><![CDATA[wxefc6681a35189ab8]]></appid><attach><![CDATA[20151029214440113]]></attach><body><![CDATA[东本-订单编号20151029214440113]]></body><goods_tag><![CDATA[]]></goods_tag><mch_id><![CDATA[1273991801]]></mch_id><nonce_str><![CDATA[88d7f91aa27c428bae5c786e163a962c]]></nonce_str><notify_url><![CDATA[http://demo.xmpharos.com/WXNotify.aspx]]></notify_url><out_trade_no><![CDATA[127399180120151109134653285]]></out_trade_no><product_id><![CDATA[20151029214440113]]></product_id><sign><![CDATA[F517F12BEFC5ACF2CDDD90B8F7CCF3A9]]></sign><spbill_create_ip><![CDATA[8.8.8.8]]></spbill_create_ip><time_expire><![CDATA[20151109135653]]></time_expire><time_start><![CDATA[20151109134653]]></time_start><total_fee>1</total_fee><trade_type><![CDATA[NATIVE]]></trade_type></xml>
2015-11-09 13:46:54.088 DEBUG WxPayApi: UnfiedOrder response : <xml><return_code><![CDATA[SUCCESS]]></return_code>
<return_msg><![CDATA[OK]]></return_msg>
<appid><![CDATA[wxefc6681a35189ab8]]></appid>
<mch_id><![CDATA[1273991801]]></mch_id>
<nonce_str><![CDATA[hDkxexuOMmp64KOk]]></nonce_str>
<sign><![CDATA[DE4234BD7E070CC3294948BF306E29D0]]></sign>
<result_code><![CDATA[SUCCESS]]></result_code>
<prepay_id><![CDATA[wx20151109135021c25c2ae46c0263288083]]></prepay_id>
<trade_type><![CDATA[NATIVE]]></trade_type>
<code_url><![CDATA[weixin://wxpay/bizpayurl?pr=0NKn91R]]></code_url>
</xml>
2015-11-09 14:19:52.267 DEBUG WxPayApi: UnfiedOrder request : <xml><appid><![CDATA[wxefc6681a35189ab8]]></appid><attach><![CDATA[20151030190928981]]></attach><body><![CDATA[东本-订单编号20151030190928981]]></body><goods_tag><![CDATA[]]></goods_tag><mch_id><![CDATA[1273991801]]></mch_id><nonce_str><![CDATA[f11fa1d62a39490fabcf30254e0ee540]]></nonce_str><notify_url><![CDATA[http://demo.xmpharos.com/WXNotify.aspx]]></notify_url><out_trade_no><![CDATA[127399180120151109141952832]]></out_trade_no><product_id><![CDATA[20151030190928981]]></product_id><sign><![CDATA[04D25D3CABCF4BE700B168AD42C4DA99]]></sign><spbill_create_ip><![CDATA[8.8.8.8]]></spbill_create_ip><time_expire><![CDATA[20151109142952]]></time_expire><time_start><![CDATA[20151109141952]]></time_start><total_fee>1</total_fee><trade_type><![CDATA[NATIVE]]></trade_type></xml>
2015-11-09 14:19:53.248 DEBUG WxPayApi: UnfiedOrder response : <xml><return_code><![CDATA[SUCCESS]]></return_code>
<return_msg><![CDATA[OK]]></return_msg>
<appid><![CDATA[wxefc6681a35189ab8]]></appid>
<mch_id><![CDATA[1273991801]]></mch_id>
<nonce_str><![CDATA[AZxYKxPq4zJS0oBv]]></nonce_str>
<sign><![CDATA[12BC1FB67A9054C30282854C224DD943]]></sign>
<result_code><![CDATA[SUCCESS]]></result_code>
<prepay_id><![CDATA[wx20151109142320544db288300063310551]]></prepay_id>
<trade_type><![CDATA[NATIVE]]></trade_type>
<code_url><![CDATA[weixin://wxpay/bizpayurl?pr=1lSOFbg]]></code_url>
</xml>
2015-11-09 15:52:58.888 DEBUG WxPayApi: UnfiedOrder request : <xml><appid><![CDATA[wxefc6681a35189ab8]]></appid><attach><![CDATA[11]]></attach><body><![CDATA[东本-订单编号11]]></body><goods_tag><![CDATA[]]></goods_tag><mch_id><![CDATA[1273991801]]></mch_id><nonce_str><![CDATA[2147978658a949919345b22986de87fc]]></nonce_str><notify_url><![CDATA[http://demo.xmpharos.com/WXNotify.aspx]]></notify_url><out_trade_no><![CDATA[127399180120151109155258407]]></out_trade_no><product_id><![CDATA[11]]></product_id><sign><![CDATA[96268B91898FF00AAC9F3596DF4EDFEC]]></sign><spbill_create_ip><![CDATA[8.8.8.8]]></spbill_create_ip><time_expire><![CDATA[20151109160258]]></time_expire><time_start><![CDATA[20151109155258]]></time_start><total_fee>200</total_fee><trade_type><![CDATA[NATIVE]]></trade_type></xml>
2015-11-09 15:52:59.356 DEBUG WxPayApi: UnfiedOrder response : <xml><return_code><![CDATA[SUCCESS]]></return_code>
<return_msg><![CDATA[OK]]></return_msg>
<appid><![CDATA[wxefc6681a35189ab8]]></appid>
<mch_id><![CDATA[1273991801]]></mch_id>
<nonce_str><![CDATA[U4Gc0OhhAdqBkDIq]]></nonce_str>
<sign><![CDATA[7824D4297570887894FD284CFAE9D053]]></sign>
<result_code><![CDATA[SUCCESS]]></result_code>
<prepay_id><![CDATA[wx20151109155626463ea82f0b0392909629]]></prepay_id>
<trade_type><![CDATA[NATIVE]]></trade_type>
<code_url><![CDATA[weixin://wxpay/bizpayurl?pr=djFP2n6]]></code_url>
</xml>
2015-11-09 15:56:39.175 DEBUG WxPayApi: UnfiedOrder request : <xml><appid><![CDATA[wxefc6681a35189ab8]]></appid><attach><![CDATA[11]]></attach><body><![CDATA[东本-订单编号11]]></body><goods_tag><![CDATA[]]></goods_tag><mch_id><![CDATA[1273991801]]></mch_id><nonce_str><![CDATA[7718ba01235949eeafdfdfbf3e39b5b2]]></nonce_str><notify_url><![CDATA[http://demo.xmpharos.com/WXNotify.aspx]]></notify_url><out_trade_no><![CDATA[127399180120151109155639316]]></out_trade_no><product_id><![CDATA[11]]></product_id><sign><![CDATA[3B6C1024CC4D0FC41FB8C6F86185AFD7]]></sign><spbill_create_ip><![CDATA[8.8.8.8]]></spbill_create_ip><time_expire><![CDATA[20151109160639]]></time_expire><time_start><![CDATA[20151109155639]]></time_start><total_fee>200</total_fee><trade_type><![CDATA[NATIVE]]></trade_type></xml>
2015-11-09 15:56:39.946 DEBUG WxPayApi: UnfiedOrder response : <xml><return_code><![CDATA[SUCCESS]]></return_code>
<return_msg><![CDATA[OK]]></return_msg>
<appid><![CDATA[wxefc6681a35189ab8]]></appid>
<mch_id><![CDATA[1273991801]]></mch_id>
<nonce_str><![CDATA[KqQ1fNFKnv1jdZxU]]></nonce_str>
<sign><![CDATA[296CCEF362EEBB24FA102E795753C9B7]]></sign>
<result_code><![CDATA[SUCCESS]]></result_code>
<prepay_id><![CDATA[wx201511091600062009a2af640906652278]]></prepay_id>
<trade_type><![CDATA[NATIVE]]></trade_type>
<code_url><![CDATA[weixin://wxpay/bizpayurl?pr=NHK5oJr]]></code_url>
</xml>
2015-11-09 15:59:20.668 DEBUG WxPayApi: UnfiedOrder request : <xml><appid><![CDATA[wxefc6681a35189ab8]]></appid><attach><![CDATA[11]]></attach><body><![CDATA[东本-订单编号11]]></body><goods_tag><![CDATA[]]></goods_tag><mch_id><![CDATA[1273991801]]></mch_id><nonce_str><![CDATA[389614680d0f46909373cd0c27c67de0]]></nonce_str><notify_url><![CDATA[http://demo.xmpharos.com/WXNotify.aspx]]></notify_url><out_trade_no><![CDATA[127399180120151109155920824]]></out_trade_no><product_id><![CDATA[11]]></product_id><sign><![CDATA[7A1F4732F8B59A8FB8704EF1397D132A]]></sign><spbill_create_ip><![CDATA[8.8.8.8]]></spbill_create_ip><time_expire><![CDATA[20151109160920]]></time_expire><time_start><![CDATA[20151109155920]]></time_start><total_fee>200</total_fee><trade_type><![CDATA[NATIVE]]></trade_type></xml>
2015-11-09 15:59:21.435 DEBUG WxPayApi: UnfiedOrder response : <xml><return_code><![CDATA[SUCCESS]]></return_code>
<return_msg><![CDATA[OK]]></return_msg>
<appid><![CDATA[wxefc6681a35189ab8]]></appid>
<mch_id><![CDATA[1273991801]]></mch_id>
<nonce_str><![CDATA[HV9ncfeonRcWxxMg]]></nonce_str>
<sign><![CDATA[6B458653FF7FCCB7339EEABBE6E391E9]]></sign>
<result_code><![CDATA[SUCCESS]]></result_code>
<prepay_id><![CDATA[wx20151109160248635528452c0621131471]]></prepay_id>
<trade_type><![CDATA[NATIVE]]></trade_type>
<code_url><![CDATA[weixin://wxpay/bizpayurl?pr=t30NHcj]]></code_url>
</xml>
2015-11-09 16:07:14.853 DEBUG WxPayApi: UnfiedOrder request : <xml><appid><![CDATA[wxefc6681a35189ab8]]></appid><attach><![CDATA[111]]></attach><body><![CDATA[东本-订单编号111]]></body><goods_tag><![CDATA[]]></goods_tag><mch_id><![CDATA[1273991801]]></mch_id><nonce_str><![CDATA[1f99de0f34c54390a0c264a600da8efa]]></nonce_str><notify_url><![CDATA[http://demo.xmpharos.com/WXNotify.aspx]]></notify_url><out_trade_no><![CDATA[127399180120151109160714818]]></out_trade_no><product_id><![CDATA[111]]></product_id><sign><![CDATA[188A9B94009796DFBB295FAF6FE002C6]]></sign><spbill_create_ip><![CDATA[8.8.8.8]]></spbill_create_ip><time_expire><![CDATA[20151109161714]]></time_expire><time_start><![CDATA[20151109160714]]></time_start><total_fee>100</total_fee><trade_type><![CDATA[NATIVE]]></trade_type></xml>
2015-11-09 16:07:15.693 DEBUG WxPayApi: UnfiedOrder response : <xml><return_code><![CDATA[SUCCESS]]></return_code>
<return_msg><![CDATA[OK]]></return_msg>
<appid><![CDATA[wxefc6681a35189ab8]]></appid>
<mch_id><![CDATA[1273991801]]></mch_id>
<nonce_str><![CDATA[SHPhjuIpGAWxG0T1]]></nonce_str>
<sign><![CDATA[56D39463FCECE654B4F0F6B57D8F6963]]></sign>
<result_code><![CDATA[SUCCESS]]></result_code>
<prepay_id><![CDATA[wx20151109161042164aa01e520164950304]]></prepay_id>
<trade_type><![CDATA[NATIVE]]></trade_type>
<code_url><![CDATA[weixin://wxpay/bizpayurl?pr=WNzCjuB]]></code_url>
</xml>
2015-11-09 16:08:08.722 DEBUG WxPayApi: UnfiedOrder request : <xml><appid><![CDATA[wxefc6681a35189ab8]]></appid><attach><![CDATA[20151030190928981]]></attach><body><![CDATA[东本-订单编号20151030190928981]]></body><goods_tag><![CDATA[]]></goods_tag><mch_id><![CDATA[1273991801]]></mch_id><nonce_str><![CDATA[311557722316482b8d420f7db8be9d4a]]></nonce_str><notify_url><![CDATA[http://demo.xmpharos.com/WXNotify.aspx]]></notify_url><out_trade_no><![CDATA[127399180120151109160808303]]></out_trade_no><product_id><![CDATA[20151030190928981]]></product_id><sign><![CDATA[F16D1D2BCED02D8D5E87AEFAF2C586A0]]></sign><spbill_create_ip><![CDATA[8.8.8.8]]></spbill_create_ip><time_expire><![CDATA[20151109161808]]></time_expire><time_start><![CDATA[20151109160808]]></time_start><total_fee>1</total_fee><trade_type><![CDATA[NATIVE]]></trade_type></xml>
2015-11-09 16:08:09.148 DEBUG WxPayApi: UnfiedOrder response : <xml><return_code><![CDATA[SUCCESS]]></return_code>
<return_msg><![CDATA[OK]]></return_msg>
<appid><![CDATA[wxefc6681a35189ab8]]></appid>
<mch_id><![CDATA[1273991801]]></mch_id>
<nonce_str><![CDATA[PckkuVGALUEJeKJ6]]></nonce_str>
<sign><![CDATA[ABB405284EB78102CCD39595B0E68245]]></sign>
<result_code><![CDATA[SUCCESS]]></result_code>
<prepay_id><![CDATA[wx201511091611365a729c6aaf0090339687]]></prepay_id>
<trade_type><![CDATA[NATIVE]]></trade_type>
<code_url><![CDATA[weixin://wxpay/bizpayurl?pr=BFKNfPu]]></code_url>
</xml>
2015-11-09 16:32:53.223 DEBUG WxPayApi: UnfiedOrder request : <xml><appid><![CDATA[wxefc6681a35189ab8]]></appid><attach><![CDATA[20151030190928981]]></attach><body><![CDATA[东本-订单编号20151030190928981]]></body><goods_tag><![CDATA[]]></goods_tag><mch_id><![CDATA[1273991801]]></mch_id><nonce_str><![CDATA[251c0bf14b6c4261b9a5e8fc923ed5a0]]></nonce_str><notify_url><![CDATA[http://demo.xmpharos.com/WXNotify.aspx]]></notify_url><out_trade_no><![CDATA[127399180120151109163253621]]></out_trade_no><product_id><![CDATA[20151030190928981]]></product_id><sign><![CDATA[903475C442171EE941E048E2DD9512E5]]></sign><spbill_create_ip><![CDATA[8.8.8.8]]></spbill_create_ip><time_expire><![CDATA[20151109164253]]></time_expire><time_start><![CDATA[20151109163253]]></time_start><total_fee>1</total_fee><trade_type><![CDATA[NATIVE]]></trade_type></xml>
2015-11-09 16:32:53.694 DEBUG WxPayApi: UnfiedOrder response : <xml><return_code><![CDATA[SUCCESS]]></return_code>
<return_msg><![CDATA[OK]]></return_msg>
<appid><![CDATA[wxefc6681a35189ab8]]></appid>
<mch_id><![CDATA[1273991801]]></mch_id>
<nonce_str><![CDATA[0cHGse84nhbA9aBS]]></nonce_str>
<sign><![CDATA[480C24AE348B914BF7C91C5AFD7DD930]]></sign>
<result_code><![CDATA[SUCCESS]]></result_code>
<prepay_id><![CDATA[wx201511091636203c4cd7262d0079375840]]></prepay_id>
<trade_type><![CDATA[NATIVE]]></trade_type>
<code_url><![CDATA[weixin://wxpay/bizpayurl?pr=EaHg8cY]]></code_url>
</xml>
2015-11-09 16:48:03.694 DEBUG WxPayApi: UnfiedOrder request : <xml><appid><![CDATA[wxefc6681a35189ab8]]></appid><attach><![CDATA[20151030190928981]]></attach><body><![CDATA[东本-订单编号20151030190928981]]></body><goods_tag><![CDATA[]]></goods_tag><mch_id><![CDATA[1273991801]]></mch_id><nonce_str><![CDATA[3952395479924412add593ab1b04b4f3]]></nonce_str><notify_url><![CDATA[http://demo.xmpharos.com/WXNotify.aspx]]></notify_url><out_trade_no><![CDATA[127399180120151109164803511]]></out_trade_no><product_id><![CDATA[20151030190928981]]></product_id><sign><![CDATA[1DAF8D48A3968EF5C992EC4567B565DD]]></sign><spbill_create_ip><![CDATA[8.8.8.8]]></spbill_create_ip><time_expire><![CDATA[20151109165803]]></time_expire><time_start><![CDATA[20151109164803]]></time_start><total_fee>1</total_fee><trade_type><![CDATA[NATIVE]]></trade_type></xml>
2015-11-09 16:48:04.100 DEBUG WxPayApi: UnfiedOrder response : <xml><return_code><![CDATA[SUCCESS]]></return_code>
<return_msg><![CDATA[OK]]></return_msg>
<appid><![CDATA[wxefc6681a35189ab8]]></appid>
<mch_id><![CDATA[1273991801]]></mch_id>
<nonce_str><![CDATA[icOlpxZSpITceMID]]></nonce_str>
<sign><![CDATA[EE666356C78B3B51C1AA4EF4683D98B5]]></sign>
<result_code><![CDATA[SUCCESS]]></result_code>
<prepay_id><![CDATA[wx20151109165130bb5a8612b20319341862]]></prepay_id>
<trade_type><![CDATA[NATIVE]]></trade_type>
<code_url><![CDATA[weixin://wxpay/bizpayurl?pr=cmrBbvA]]></code_url>
</xml>
2015-11-09 16:48:27.349 DEBUG WxPayApi: UnfiedOrder request : <xml><appid><![CDATA[wxefc6681a35189ab8]]></appid><attach><![CDATA[20151030190928981]]></attach><body><![CDATA[东本-订单编号20151030190928981]]></body><goods_tag><![CDATA[]]></goods_tag><mch_id><![CDATA[1273991801]]></mch_id><nonce_str><![CDATA[19487710d49d4e4e93e513517b121dbb]]></nonce_str><notify_url><![CDATA[http://demo.xmpharos.com/WXNotify.aspx]]></notify_url><out_trade_no><![CDATA[127399180120151109164827869]]></out_trade_no><product_id><![CDATA[20151030190928981]]></product_id><sign><![CDATA[9CAF43031E27F6ED79EA7A7FC28ABD56]]></sign><spbill_create_ip><![CDATA[8.8.8.8]]></spbill_create_ip><time_expire><![CDATA[20151109165827]]></time_expire><time_start><![CDATA[20151109164827]]></time_start><total_fee>1</total_fee><trade_type><![CDATA[NATIVE]]></trade_type></xml>
2015-11-09 16:48:27.752 DEBUG WxPayApi: UnfiedOrder response : <xml><return_code><![CDATA[SUCCESS]]></return_code>
<return_msg><![CDATA[OK]]></return_msg>
<appid><![CDATA[wxefc6681a35189ab8]]></appid>
<mch_id><![CDATA[1273991801]]></mch_id>
<nonce_str><![CDATA[QnKSxMn3tkAGX9YC]]></nonce_str>
<sign><![CDATA[45080234A981B70B9E9EED06DF2EBA1D]]></sign>
<result_code><![CDATA[SUCCESS]]></result_code>
<prepay_id><![CDATA[wx20151109165154f79523e4c30286995738]]></prepay_id>
<trade_type><![CDATA[NATIVE]]></trade_type>
<code_url><![CDATA[weixin://wxpay/bizpayurl?pr=DrTzYNE]]></code_url>
</xml>
2015-11-09 16:48:30.927 DEBUG WxPayApi: UnfiedOrder request : <xml><appid><![CDATA[wxefc6681a35189ab8]]></appid><attach><![CDATA[20151030190928981]]></attach><body><![CDATA[东本-订单编号20151030190928981]]></body><goods_tag><![CDATA[]]></goods_tag><mch_id><![CDATA[1273991801]]></mch_id><nonce_str><![CDATA[2ec90653f4d4426eac1d86f90769ca5c]]></nonce_str><notify_url><![CDATA[http://demo.xmpharos.com/WXNotify.aspx]]></notify_url><out_trade_no><![CDATA[127399180120151109164830332]]></out_trade_no><product_id><![CDATA[20151030190928981]]></product_id><sign><![CDATA[7A53250527248F4A3D4ED7A415C78343]]></sign><spbill_create_ip><![CDATA[8.8.8.8]]></spbill_create_ip><time_expire><![CDATA[20151109165830]]></time_expire><time_start><![CDATA[20151109164830]]></time_start><total_fee>1</total_fee><trade_type><![CDATA[NATIVE]]></trade_type></xml>
2015-11-09 16:48:31.237 DEBUG WxPayApi: UnfiedOrder response : <xml><return_code><![CDATA[SUCCESS]]></return_code>
<return_msg><![CDATA[OK]]></return_msg>
<appid><![CDATA[wxefc6681a35189ab8]]></appid>
<mch_id><![CDATA[1273991801]]></mch_id>
<nonce_str><![CDATA[YVNDxtBp8oSz122Z]]></nonce_str>
<sign><![CDATA[5CFB60C10D5FD9AABB28CAAEDB083F3A]]></sign>
<result_code><![CDATA[SUCCESS]]></result_code>
<prepay_id><![CDATA[wx20151109165158af4c40622f0590470122]]></prepay_id>
<trade_type><![CDATA[NATIVE]]></trade_type>
<code_url><![CDATA[weixin://wxpay/bizpayurl?pr=aU0fl2f]]></code_url>
</xml>
2015-11-09 16:48:35.169 DEBUG WxPayApi: UnfiedOrder request : <xml><appid><![CDATA[wxefc6681a35189ab8]]></appid><attach><![CDATA[20151030190928981]]></attach><body><![CDATA[东本-订单编号20151030190928981]]></body><goods_tag><![CDATA[]]></goods_tag><mch_id><![CDATA[1273991801]]></mch_id><nonce_str><![CDATA[e93bc8c7bcc8450da2a44730953f9bb1]]></nonce_str><notify_url><![CDATA[http://demo.xmpharos.com/WXNotify.aspx]]></notify_url><out_trade_no><![CDATA[127399180120151109164835982]]></out_trade_no><product_id><![CDATA[20151030190928981]]></product_id><sign><![CDATA[2702D625F8241025766E56333233D42A]]></sign><spbill_create_ip><![CDATA[8.8.8.8]]></spbill_create_ip><time_expire><![CDATA[20151109165835]]></time_expire><time_start><![CDATA[20151109164835]]></time_start><total_fee>1</total_fee><trade_type><![CDATA[NATIVE]]></trade_type></xml>
2015-11-09 16:48:35.481 DEBUG WxPayApi: UnfiedOrder response : <xml><return_code><![CDATA[SUCCESS]]></return_code>
<return_msg><![CDATA[OK]]></return_msg>
<appid><![CDATA[wxefc6681a35189ab8]]></appid>
<mch_id><![CDATA[1273991801]]></mch_id>
<nonce_str><![CDATA[HlWYug1Bx6QmErGh]]></nonce_str>
<sign><![CDATA[1F5B37B553EBA73A6013502694DA0CB7]]></sign>
<result_code><![CDATA[SUCCESS]]></result_code>
<prepay_id><![CDATA[wx20151109165202ed0d93bb0d0039550730]]></prepay_id>
<trade_type><![CDATA[NATIVE]]></trade_type>
<code_url><![CDATA[weixin://wxpay/bizpayurl?pr=YAffijf]]></code_url>
</xml>
2015-11-09 16:48:52.515 DEBUG WxPayApi: UnfiedOrder request : <xml><appid><![CDATA[wxefc6681a35189ab8]]></appid><attach><![CDATA[20151030190928981]]></attach><body><![CDATA[东本-订单编号20151030190928981]]></body><goods_tag><![CDATA[]]></goods_tag><mch_id><![CDATA[1273991801]]></mch_id><nonce_str><![CDATA[399bb003071b4475ba89603f1bde1985]]></nonce_str><notify_url><![CDATA[http://demo.xmpharos.com/WXNotify.aspx]]></notify_url><out_trade_no><![CDATA[127399180120151109164852494]]></out_trade_no><product_id><![CDATA[20151030190928981]]></product_id><sign><![CDATA[2F060A87D94315221386E80EB0825DE9]]></sign><spbill_create_ip><![CDATA[8.8.8.8]]></spbill_create_ip><time_expire><![CDATA[20151109165852]]></time_expire><time_start><![CDATA[20151109164852]]></time_start><total_fee>1</total_fee><trade_type><![CDATA[NATIVE]]></trade_type></xml>
2015-11-09 16:48:52.943 DEBUG WxPayApi: UnfiedOrder response : <xml><return_code><![CDATA[SUCCESS]]></return_code>
<return_msg><![CDATA[OK]]></return_msg>
<appid><![CDATA[wxefc6681a35189ab8]]></appid>
<mch_id><![CDATA[1273991801]]></mch_id>
<nonce_str><![CDATA[ndHwXzCjrfpynlYr]]></nonce_str>
<sign><![CDATA[04FC45DFDC135FDF9B6B08466386DA9D]]></sign>
<result_code><![CDATA[SUCCESS]]></result_code>
<prepay_id><![CDATA[wx20151109165219bc78987a880319370975]]></prepay_id>
<trade_type><![CDATA[NATIVE]]></trade_type>
<code_url><![CDATA[weixin://wxpay/bizpayurl?pr=fyAxAXR]]></code_url>
</xml>
2015-11-09 16:49:22.207 DEBUG WxPayApi: UnfiedOrder request : <xml><appid><![CDATA[wxefc6681a35189ab8]]></appid><attach><![CDATA[20151030190928981]]></attach><body><![CDATA[东本-订单编号20151030190928981]]></body><goods_tag><![CDATA[]]></goods_tag><mch_id><![CDATA[1273991801]]></mch_id><nonce_str><![CDATA[b8395d65737a4393ad8b9aff901a0e24]]></nonce_str><notify_url><![CDATA[http://demo.xmpharos.com/WXNotify.aspx]]></notify_url><out_trade_no><![CDATA[127399180120151109164922734]]></out_trade_no><product_id><![CDATA[20151030190928981]]></product_id><sign><![CDATA[2582CF94ED59630B5536C794E8F6DCA9]]></sign><spbill_create_ip><![CDATA[8.8.8.8]]></spbill_create_ip><time_expire><![CDATA[20151109165922]]></time_expire><time_start><![CDATA[20151109164922]]></time_start><total_fee>1</total_fee><trade_type><![CDATA[NATIVE]]></trade_type></xml>
2015-11-09 16:51:41.780 ERROR HttpService: System.Net.WebException: 操作超时
   在 System.Net.HttpWebRequest.GetRequestStream(TransportContext& context)
   在 System.Net.HttpWebRequest.GetRequestStream()
   在 Pharos.Component.qrcode.wx.HttpService.Post(String xml, String url, Boolean isUseCert, Int32 timeout) 位置 e:\daoc\Pharos\Pharos.Component\qrcode\wx\HttpService.cs:行号 74
2015-11-09 16:51:41.805 ERROR QrcodeController: System.Net.WebException: 操作超时
   在 System.Net.HttpWebRequest.GetRequestStream(TransportContext& context)
   在 System.Net.HttpWebRequest.GetRequestStream()
   在 Pharos.Component.qrcode.wx.HttpService.Post(String xml, String url, Boolean isUseCert, Int32 timeout) 位置 e:\daoc\Pharos\Pharos.Component\qrcode\wx\HttpService.cs:行号 74
2015-11-09 16:55:49.739 DEBUG WxPayApi: UnfiedOrder request : <xml><appid><![CDATA[wxefc6681a35189ab8]]></appid><attach><![CDATA[20151030190928981]]></attach><body><![CDATA[东本-订单编号20151030190928981]]></body><goods_tag><![CDATA[]]></goods_tag><mch_id><![CDATA[1273991801]]></mch_id><nonce_str><![CDATA[36e15a74286a49f2a302db80ef8ac20c]]></nonce_str><notify_url><![CDATA[http://demo.xmpharos.com/WXNotify.aspx]]></notify_url><out_trade_no><![CDATA[12739918012015110916554938]]></out_trade_no><product_id><![CDATA[20151030190928981]]></product_id><sign><![CDATA[4F03C8268A7F4EBF889438290B2246F9]]></sign><spbill_create_ip><![CDATA[8.8.8.8]]></spbill_create_ip><time_expire><![CDATA[20151109170549]]></time_expire><time_start><![CDATA[20151109165549]]></time_start><total_fee>1</total_fee><trade_type><![CDATA[NATIVE]]></trade_type></xml>
2015-11-09 16:55:50.148 DEBUG WxPayApi: UnfiedOrder response : <xml><return_code><![CDATA[SUCCESS]]></return_code>
<return_msg><![CDATA[OK]]></return_msg>
<appid><![CDATA[wxefc6681a35189ab8]]></appid>
<mch_id><![CDATA[1273991801]]></mch_id>
<nonce_str><![CDATA[VZyb5GFeP280TPFQ]]></nonce_str>
<sign><![CDATA[8243C1F30D4D71E32B77C6176FC7CA90]]></sign>
<result_code><![CDATA[SUCCESS]]></result_code>
<prepay_id><![CDATA[wx20151109165916d5a67f7bf00833469722]]></prepay_id>
<trade_type><![CDATA[NATIVE]]></trade_type>
<code_url><![CDATA[weixin://wxpay/bizpayurl?pr=SPVkHpp]]></code_url>
</xml>
2015-11-09 17:10:06.571 DEBUG WxPayApi: UnfiedOrder request : <xml><appid><![CDATA[wxefc6681a35189ab8]]></appid><attach><![CDATA[20151030190928981]]></attach><body><![CDATA[东本-订单编号20151030190928981]]></body><goods_tag><![CDATA[]]></goods_tag><mch_id><![CDATA[1273991801]]></mch_id><nonce_str><![CDATA[a7527d55151642d4aa3fe1cbe4fdd279]]></nonce_str><notify_url><![CDATA[http://demo.xmpharos.com/WXNotify.aspx]]></notify_url><out_trade_no><![CDATA[127399180120151109171006690]]></out_trade_no><product_id><![CDATA[20151030190928981]]></product_id><sign><![CDATA[17E5788F9331757E93157D6C18FB35E9]]></sign><spbill_create_ip><![CDATA[8.8.8.8]]></spbill_create_ip><time_expire><![CDATA[20151109172006]]></time_expire><time_start><![CDATA[20151109171006]]></time_start><total_fee>1</total_fee><trade_type><![CDATA[NATIVE]]></trade_type></xml>
2015-11-09 17:10:06.976 DEBUG WxPayApi: UnfiedOrder response : <xml><return_code><![CDATA[SUCCESS]]></return_code>
<return_msg><![CDATA[OK]]></return_msg>
<appid><![CDATA[wxefc6681a35189ab8]]></appid>
<mch_id><![CDATA[1273991801]]></mch_id>
<nonce_str><![CDATA[RSK4ggDUHKinWHhU]]></nonce_str>
<sign><![CDATA[40D57F8DCBDF7667FF650183143280AB]]></sign>
<result_code><![CDATA[SUCCESS]]></result_code>
<prepay_id><![CDATA[wx20151109171333835c3616b00056704587]]></prepay_id>
<trade_type><![CDATA[NATIVE]]></trade_type>
<code_url><![CDATA[weixin://wxpay/bizpayurl?pr=oAf77Qi]]></code_url>
</xml>
2015-11-09 17:11:09.456 DEBUG WxPayApi: UnfiedOrder request : <xml><appid><![CDATA[wxefc6681a35189ab8]]></appid><attach><![CDATA[20151030190928981]]></attach><body><![CDATA[东本-订单编号20151030190928981]]></body><goods_tag><![CDATA[]]></goods_tag><mch_id><![CDATA[1273991801]]></mch_id><nonce_str><![CDATA[36ba7384c0ec4e04a0af4ccf84f6e0a0]]></nonce_str><notify_url><![CDATA[http://demo.xmpharos.com/WXNotify.aspx]]></notify_url><out_trade_no><![CDATA[12739918012015110917110948]]></out_trade_no><product_id><![CDATA[20151030190928981]]></product_id><sign><![CDATA[4DA1E6BE94AC18AC94A3F2F180D431FF]]></sign><spbill_create_ip><![CDATA[8.8.8.8]]></spbill_create_ip><time_expire><![CDATA[20151109172109]]></time_expire><time_start><![CDATA[20151109171109]]></time_start><total_fee>1</total_fee><trade_type><![CDATA[NATIVE]]></trade_type></xml>
2015-11-09 17:11:09.882 DEBUG WxPayApi: UnfiedOrder response : <xml><return_code><![CDATA[SUCCESS]]></return_code>
<return_msg><![CDATA[OK]]></return_msg>
<appid><![CDATA[wxefc6681a35189ab8]]></appid>
<mch_id><![CDATA[1273991801]]></mch_id>
<nonce_str><![CDATA[jtC1KT6BVkODpMQ8]]></nonce_str>
<sign><![CDATA[C6BF522786475902197E47D421380C97]]></sign>
<result_code><![CDATA[SUCCESS]]></result_code>
<prepay_id><![CDATA[wx20151109171436e18af634cf0611082145]]></prepay_id>
<trade_type><![CDATA[NATIVE]]></trade_type>
<code_url><![CDATA[weixin://wxpay/bizpayurl?pr=800aTFU]]></code_url>
</xml>
2015-11-09 17:11:46.264 DEBUG WxPayApi: UnfiedOrder request : <xml><appid><![CDATA[wxefc6681a35189ab8]]></appid><attach><![CDATA[20151030190928981]]></attach><body><![CDATA[东本-订单编号20151030190928981]]></body><goods_tag><![CDATA[]]></goods_tag><mch_id><![CDATA[1273991801]]></mch_id><nonce_str><![CDATA[b57ec75144d747338be11bf2bc529ecb]]></nonce_str><notify_url><![CDATA[http://demo.xmpharos.com/WXNotify.aspx]]></notify_url><out_trade_no><![CDATA[127399180120151109171146657]]></out_trade_no><product_id><![CDATA[20151030190928981]]></product_id><sign><![CDATA[4F050D4D53A2C7519F8D7CAE20F8E048]]></sign><spbill_create_ip><![CDATA[8.8.8.8]]></spbill_create_ip><time_expire><![CDATA[20151109172146]]></time_expire><time_start><![CDATA[20151109171146]]></time_start><total_fee>1</total_fee><trade_type><![CDATA[NATIVE]]></trade_type></xml>
2015-11-09 17:11:46.712 DEBUG WxPayApi: UnfiedOrder response : <xml><return_code><![CDATA[SUCCESS]]></return_code>
<return_msg><![CDATA[OK]]></return_msg>
<appid><![CDATA[wxefc6681a35189ab8]]></appid>
<mch_id><![CDATA[1273991801]]></mch_id>
<nonce_str><![CDATA[IzEQKgL3zsY7b2o3]]></nonce_str>
<sign><![CDATA[77C588A76B2B569774BF10EA3C5C6D02]]></sign>
<result_code><![CDATA[SUCCESS]]></result_code>
<prepay_id><![CDATA[wx2015110917151366ef6fcdb30439829247]]></prepay_id>
<trade_type><![CDATA[NATIVE]]></trade_type>
<code_url><![CDATA[weixin://wxpay/bizpayurl?pr=oilyJkt]]></code_url>
</xml>
2015-11-09 17:12:11.782 DEBUG WxPayApi: UnfiedOrder request : <xml><appid><![CDATA[wxefc6681a35189ab8]]></appid><attach><![CDATA[20151030190928981]]></attach><body><![CDATA[东本-订单编号20151030190928981]]></body><goods_tag><![CDATA[]]></goods_tag><mch_id><![CDATA[1273991801]]></mch_id><nonce_str><![CDATA[1a9ce414af4348d59fb31d049f8aafc3]]></nonce_str><notify_url><![CDATA[http://demo.xmpharos.com/WXNotify.aspx]]></notify_url><out_trade_no><![CDATA[127399180120151109171211996]]></out_trade_no><product_id><![CDATA[20151030190928981]]></product_id><sign><![CDATA[929F633F6B816D0425AE28B573603F5A]]></sign><spbill_create_ip><![CDATA[8.8.8.8]]></spbill_create_ip><time_expire><![CDATA[20151109172211]]></time_expire><time_start><![CDATA[20151109171211]]></time_start><total_fee>1</total_fee><trade_type><![CDATA[NATIVE]]></trade_type></xml>
2015-11-09 17:12:12.208 DEBUG WxPayApi: UnfiedOrder response : <xml><return_code><![CDATA[SUCCESS]]></return_code>
<return_msg><![CDATA[OK]]></return_msg>
<appid><![CDATA[wxefc6681a35189ab8]]></appid>
<mch_id><![CDATA[1273991801]]></mch_id>
<nonce_str><![CDATA[iY3y3X9JPTEyUxVb]]></nonce_str>
<sign><![CDATA[5B31C18DC5E32416EDDA2648634D5917]]></sign>
<result_code><![CDATA[SUCCESS]]></result_code>
<prepay_id><![CDATA[wx201511091715393f3c20016c0183191998]]></prepay_id>
<trade_type><![CDATA[NATIVE]]></trade_type>
<code_url><![CDATA[weixin://wxpay/bizpayurl?pr=Lp2SnfS]]></code_url>
</xml>
