2016-08-04 09:42:04.368 DEBUG /api/GetSaleOrderByOrderSn:  参数:[{"OldCustomerOrderSN":"string","StoreId":"string","MachineSn":"string","CID":0,"DeviceSn":"string"}]
2016-08-04 09:42:04.768 DEBUG /api/GetSaleOrderByOrderSn: 未登录或者未授权，不允许操作！
2016-08-04 09:53:22.665 DEBUG /api/Login:  参数:[{"Account":"1008","Password":"123456","EntryPoint":0,"DeviceType":1,"InTestMode":false,"CID":1,"IsLock":false,"StoreId":"16","MachineSn":"01","DeviceSn":"FCAA147DA9F9"}]
2016-08-04 09:53:25.561 DEBUG /api/ClearOrder:  参数:[{"StoreId":"16","MachineSn":"01","CID":1,"DeviceSn":"FCAA147DA9F9"}]
2016-08-04 09:53:25.655 DEBUG /api/HandBillNum:  参数:[{"OrderSn":null,"StoreId":"16","MachineSn":"01","CID":1,"DeviceSn":"FCAA147DA9F9"}]
2016-08-04 09:53:27.783 DEBUG /api/GetReason:  参数:[{"Type":2,"StoreId":"16","MachineSn":"01","CID":1,"DeviceSn":"FCAA147DA9F9"}]
2016-08-04 09:53:27.783 DEBUG /api/GetReason:  参数:[{"Type":1,"StoreId":"16","MachineSn":"01","CID":1,"DeviceSn":"FCAA147DA9F9"}]
2016-08-04 09:53:27.783 DEBUG /api/GetReason:  参数:[{"Type":2,"StoreId":"16","MachineSn":"01","CID":1,"DeviceSn":"FCAA147DA9F9"}]
2016-08-04 09:53:28.118 DEBUG /api/GetRefundAllOrderSn:  参数:[{"StoreId":"16","MachineSn":"01","CID":1,"DeviceSn":"FCAA147DA9F9"}]
2016-08-04 09:53:41.788 DEBUG /api/AddRefundOrChangeInfo:  参数:[{"Barcode":"0102010074","ChangeNumber":0.0,"ChangePrice":0.0,"Status":false,"Mode":1,"RecordId":null,"ProductType":0,"StoreId":"16","MachineSn":"01","CID":1,"DeviceSn":"FCAA147DA9F9"}]
2016-08-04 09:54:09.410 DEBUG /api/AddRefundOrChangeInfo:  参数:[{"Barcode":"0102010074","ChangeNumber":0.0,"ChangePrice":0.0,"Status":true,"Mode":1,"RecordId":null,"ProductType":0,"StoreId":"16","MachineSn":"01","CID":1,"DeviceSn":"FCAA147DA9F9"}]
2016-08-04 09:54:18.700 DEBUG /api/Authorization:  参数:[{"Password":"123456","StoreId":"16","MachineSn":"01","CID":1,"DeviceSn":"FCAA147DA9F9"}]
2016-08-04 09:54:25.597 DEBUG /api/SetOldCustomerOrderSn:  参数:[{"OldCustomerOrderSN":"01201608030004","StoreId":"16","MachineSn":"01","CID":1,"DeviceSn":"FCAA147DA9F9"}]
2016-08-04 09:54:39.990 DEBUG /api/PaysStatus:  参数:[{"StoreId":"16","MachineSn":null,"CID":1,"DeviceSn":"FCAA147DA9F9"}]
2016-08-04 09:54:44.865 DEBUG /api/Pay:  参数:[{"Mode":1,"Receivable":0.0,"OrderAmount":0.0000,"Payway":[{"Type":2,"Amount":0.0,"Receive":0.0,"Change":0.0,"CardNo":null,"WipeZero":0.0000}],"Reason":34,"OldOrderSn":"","SaleMan":null,"StoreId":"16","MachineSn":"01","CID":1,"DeviceSn":"FCAA147DA9F9"}]
2016-08-04 09:54:48.344 DEBUG /api/ClearOrder:  参数:[{"StoreId":"16","MachineSn":"01","CID":1,"DeviceSn":"FCAA147DA9F9"}]
2016-08-04 09:54:48.389 DEBUG /api/ClearRefundOrChangeInfo:  参数:[{"Barcode":null,"ChangeNumber":0.0,"ChangePrice":0.0,"Status":false,"Mode":2,"RecordId":null,"ProductType":0,"StoreId":"16","MachineSn":"01","CID":1,"DeviceSn":"FCAA147DA9F9"}]
2016-08-04 09:54:48.394 DEBUG /api/ClearRefundOrChangeInfo:  参数:[{"Barcode":null,"ChangeNumber":0.0,"ChangePrice":0.0,"Status":false,"Mode":1,"RecordId":null,"ProductType":0,"StoreId":"16","MachineSn":"01","CID":1,"DeviceSn":"FCAA147DA9F9"}]
2016-08-04 09:56:46.463 DEBUG /api/GetReason:  参数:[{"Type":1,"StoreId":"16","MachineSn":"01","CID":1,"DeviceSn":"FCAA147DA9F9"}]
2016-08-04 09:56:46.534 DEBUG /api/GetReason:  参数:[{"Type":2,"StoreId":"16","MachineSn":"01","CID":1,"DeviceSn":"FCAA147DA9F9"}]
2016-08-04 09:56:46.534 DEBUG /api/GetReason:  参数:[{"Type":2,"StoreId":"16","MachineSn":"01","CID":1,"DeviceSn":"FCAA147DA9F9"}]
2016-08-04 09:56:46.561 DEBUG /api/GetRefundAllOrderSn:  参数:[{"StoreId":"16","MachineSn":"01","CID":1,"DeviceSn":"FCAA147DA9F9"}]
2016-08-04 09:57:37.751 DEBUG /api/AddRefundOrChangeInfo:  参数:[{"Barcode":"0114010005","ChangeNumber":0.0,"ChangePrice":0.0,"Status":false,"Mode":2,"RecordId":null,"ProductType":0,"StoreId":"16","MachineSn":"01","CID":1,"DeviceSn":"FCAA147DA9F9"}]
2016-08-04 09:57:47.213 DEBUG /api/Authorization:  参数:[{"Password":"123456","StoreId":"16","MachineSn":"01","CID":1,"DeviceSn":"FCAA147DA9F9"}]
2016-08-04 09:57:51.754 DEBUG /api/SetOldCustomerOrderSn:  参数:[{"OldCustomerOrderSN":"01201608010003","StoreId":"16","MachineSn":"01","CID":1,"DeviceSn":"FCAA147DA9F9"}]
2016-08-04 09:57:51.930 DEBUG /api/SetOldCustomerOrderSn: 原订单不存在！
2016-08-04 09:59:00.408 DEBUG /api/Authorization:  参数:[{"Password":"123456","StoreId":"16","MachineSn":"01","CID":1,"DeviceSn":"FCAA147DA9F9"}]
2016-08-04 09:59:17.066 DEBUG /api/SetOldCustomerOrderSn:  参数:[{"OldCustomerOrderSN":"01201608010003","StoreId":"16","MachineSn":"01","CID":1,"DeviceSn":"FCAA147DA9F9"}]
2016-08-04 09:59:17.241 DEBUG /api/SetOldCustomerOrderSn: 原订单不存在！
2016-08-04 09:59:49.914 DEBUG /api/Authorization:  参数:[{"Password":"123456","StoreId":"16","MachineSn":"01","CID":1,"DeviceSn":"FCAA147DA9F9"}]
2016-08-04 09:59:52.960 DEBUG /api/SetOldCustomerOrderSn:  参数:[{"OldCustomerOrderSN":"01201608010003","StoreId":"16","MachineSn":"01","CID":1,"DeviceSn":"FCAA147DA9F9"}]
2016-08-04 10:01:37.627 DEBUG /api/SetOldCustomerOrderSn: 原订单不存在！
2016-08-04 10:02:51.444 DEBUG /api/ClearRefundOrChangeInfo:  参数:[{"Barcode":null,"ChangeNumber":0.0,"ChangePrice":0.0,"Status":false,"Mode":2,"RecordId":null,"ProductType":0,"StoreId":"16","MachineSn":"01","CID":1,"DeviceSn":"FCAA147DA9F9"}]
2016-08-04 10:02:51.444 DEBUG /api/ClearRefundOrChangeInfo:  参数:[{"Barcode":null,"ChangeNumber":0.0,"ChangePrice":0.0,"Status":false,"Mode":1,"RecordId":null,"ProductType":0,"StoreId":"16","MachineSn":"01","CID":1,"DeviceSn":"FCAA147DA9F9"}]
2016-08-04 10:02:53.594 DEBUG /api/GetProductCategory:  参数:[{"StoreId":"16","MachineSn":"01","CID":1,"DeviceSn":"FCAA147DA9F9"}]
2016-08-04 10:02:57.151 DEBUG /api/GetProductStock:  参数:[50,1,{"CategorySns":[4],"Keyword":null,"Price":0.0,"StoreId":"16","MachineSn":"01","CID":1,"DeviceSn":"FCAA147DA9F9"}]
2016-08-04 10:02:57.665 DEBUG /api/GetProductStock:  参数:[50,2,{"CategorySns":[4],"Keyword":null,"Price":0.0,"StoreId":"16","MachineSn":"01","CID":1,"DeviceSn":"FCAA147DA9F9"}]
2016-08-04 10:02:58.095 DEBUG /api/GetProductStock:  参数:[50,3,{"CategorySns":[4],"Keyword":null,"Price":0.0,"StoreId":"16","MachineSn":"01","CID":1,"DeviceSn":"FCAA147DA9F9"}]
2016-08-04 10:03:00.604 DEBUG /api/SaleOrderAdd:  参数:[{"Barcode":"0101020001","Status":47,"StoreId":"16","MachineSn":"01","CID":1,"DeviceSn":"FCAA147DA9F9"}]
2016-08-04 10:03:04.799 DEBUG /api/GetAuthUsers:  参数:[{"storeOperateAuth":2,"StoreId":"16","MachineSn":"01","CID":1,"DeviceSn":"FCAA147DA9F9"}]
2016-08-04 10:03:06.434 DEBUG /api/SetSaleMan:  参数:[{"SaleMan":"1008","StoreId":"16","MachineSn":"01","CID":1,"DeviceSn":"FCAA147DA9F9"}]
2016-08-04 10:03:10.696 DEBUG /api/PaysStatus:  参数:[{"StoreId":"16","MachineSn":null,"CID":1,"DeviceSn":"FCAA147DA9F9"}]
2016-08-04 10:03:13.014 DEBUG /api/Pay:  参数:[{"Mode":2,"Receivable":780.0,"OrderAmount":780.00,"Payway":[{"Type":2,"Amount":780.0,"Receive":780.0,"Change":0.0,"CardNo":null,"WipeZero":0.00}],"Reason":0,"OldOrderSn":"","SaleMan":null,"StoreId":"16","MachineSn":"01","CID":1,"DeviceSn":"FCAA147DA9F9"}]
2016-08-04 10:03:16.224 DEBUG /api/SetSaleMan:  参数:[{"SaleMan":"0","StoreId":"16","MachineSn":"01","CID":1,"DeviceSn":"FCAA147DA9F9"}]
2016-08-04 10:03:16.261 DEBUG /api/ClearOrder:  参数:[{"StoreId":"16","MachineSn":"01","CID":1,"DeviceSn":"FCAA147DA9F9"}]
2016-08-04 10:03:37.485 DEBUG /api/GetReason:  参数:[{"Type":1,"StoreId":"16","MachineSn":"01","CID":1,"DeviceSn":"FCAA147DA9F9"}]
2016-08-04 10:03:37.486 DEBUG /api/GetReason:  参数:[{"Type":2,"StoreId":"16","MachineSn":"01","CID":1,"DeviceSn":"FCAA147DA9F9"}]
2016-08-04 10:03:37.575 DEBUG /api/GetReason:  参数:[{"Type":2,"StoreId":"16","MachineSn":"01","CID":1,"DeviceSn":"FCAA147DA9F9"}]
2016-08-04 10:03:37.598 DEBUG /api/GetRefundAllOrderSn:  参数:[{"StoreId":"16","MachineSn":"01","CID":1,"DeviceSn":"FCAA147DA9F9"}]
2016-08-04 10:04:12.085 DEBUG /api/AddRefundOrChangeInfo:  参数:[{"Barcode":"0101020001","ChangeNumber":0.0,"ChangePrice":0.0,"Status":false,"Mode":1,"RecordId":null,"ProductType":0,"StoreId":"16","MachineSn":"01","CID":1,"DeviceSn":"FCAA147DA9F9"}]
2016-08-04 10:04:16.442 DEBUG /api/AddRefundOrChangeInfo:  参数:[{"Barcode":"0101020001","ChangeNumber":0.0,"ChangePrice":0.0,"Status":true,"Mode":1,"RecordId":null,"ProductType":0,"StoreId":"16","MachineSn":"01","CID":1,"DeviceSn":"FCAA147DA9F9"}]
2016-08-04 10:04:26.729 DEBUG /api/Authorization:  参数:[{"Password":"123456","StoreId":"16","MachineSn":"01","CID":1,"DeviceSn":"FCAA147DA9F9"}]
2016-08-04 10:04:28.402 DEBUG /api/SetOldCustomerOrderSn:  参数:[{"OldCustomerOrderSN":"01201608040002","StoreId":"16","MachineSn":"01","CID":1,"DeviceSn":"FCAA147DA9F9"}]
2016-08-04 10:04:40.098 DEBUG /api/SetSaleMan:  参数:[{"SaleMan":"1008","StoreId":"16","MachineSn":"01","CID":1,"DeviceSn":"FCAA147DA9F9"}]
2016-08-04 10:04:40.219 DEBUG /api/PaysStatus:  参数:[{"StoreId":"16","MachineSn":null,"CID":1,"DeviceSn":"FCAA147DA9F9"}]
2016-08-04 10:04:43.637 DEBUG /api/Pay:  参数:[{"Mode":1,"Receivable":0.0,"OrderAmount":0.0000,"Payway":[{"Type":2,"Amount":0.0,"Receive":0.0,"Change":0.0,"CardNo":null,"WipeZero":0.0000}],"Reason":34,"OldOrderSn":"","SaleMan":null,"StoreId":"16","MachineSn":"01","CID":1,"DeviceSn":"FCAA147DA9F9"}]
2016-08-04 10:04:47.091 DEBUG /api/SetSaleMan:  参数:[{"SaleMan":"0","StoreId":"16","MachineSn":"01","CID":1,"DeviceSn":"FCAA147DA9F9"}]
2016-08-04 10:04:47.123 DEBUG /api/ClearOrder:  参数:[{"StoreId":"16","MachineSn":"01","CID":1,"DeviceSn":"FCAA147DA9F9"}]
2016-08-04 10:04:47.128 DEBUG /api/ClearRefundOrChangeInfo:  参数:[{"Barcode":null,"ChangeNumber":0.0,"ChangePrice":0.0,"Status":false,"Mode":2,"RecordId":null,"ProductType":0,"StoreId":"16","MachineSn":"01","CID":1,"DeviceSn":"FCAA147DA9F9"}]
2016-08-04 10:04:47.130 DEBUG /api/ClearRefundOrChangeInfo:  参数:[{"Barcode":null,"ChangeNumber":0.0,"ChangePrice":0.0,"Status":false,"Mode":1,"RecordId":null,"ProductType":0,"StoreId":"16","MachineSn":"01","CID":1,"DeviceSn":"FCAA147DA9F9"}]
2016-08-04 10:07:26.989 DEBUG /api/PaysStatus:  参数:[{"StoreId":"16","MachineSn":null,"CID":1,"DeviceSn":"FCAA147DA9F9"}]
2016-08-04 10:07:26.989 DEBUG /api/GetProductCategory:  参数:[{"StoreId":"16","MachineSn":"01","CID":1,"DeviceSn":"FCAA147DA9F9"}]
2016-08-04 10:07:52.829 DEBUG /api/Login:  参数:[{"Account":"1008","Password":"123456","EntryPoint":0,"DeviceType":1,"InTestMode":false,"CID":1,"IsLock":false,"StoreId":"16","MachineSn":"01","DeviceSn":"FCAA147DA9F9"}]
2016-08-04 10:07:53.273 DEBUG /api/ClearOrder:  参数:[{"StoreId":"16","MachineSn":"01","CID":1,"DeviceSn":"FCAA147DA9F9"}]
2016-08-04 10:07:53.389 DEBUG /api/HandBillNum:  参数:[{"OrderSn":null,"StoreId":"16","MachineSn":"01","CID":1,"DeviceSn":"FCAA147DA9F9"}]
2016-08-04 10:07:58.442 DEBUG /api/GetReason:  参数:[{"Type":2,"StoreId":"16","MachineSn":"01","CID":1,"DeviceSn":"FCAA147DA9F9"}]
2016-08-04 10:07:58.442 DEBUG /api/GetReason:  参数:[{"Type":2,"StoreId":"16","MachineSn":"01","CID":1,"DeviceSn":"FCAA147DA9F9"}]
2016-08-04 10:07:58.442 DEBUG /api/GetReason:  参数:[{"Type":1,"StoreId":"16","MachineSn":"01","CID":1,"DeviceSn":"FCAA147DA9F9"}]
2016-08-04 10:07:58.747 DEBUG /api/GetRefundAllOrderSn:  参数:[{"StoreId":"16","MachineSn":"01","CID":1,"DeviceSn":"FCAA147DA9F9"}]
2016-08-04 10:08:49.465 DEBUG /api/AddRefundOrChangeInfo:  参数:[{"Barcode":"0101020010","ChangeNumber":0.0,"ChangePrice":0.0,"Status":false,"Mode":2,"RecordId":null,"ProductType":0,"StoreId":"16","MachineSn":"01","CID":1,"DeviceSn":"FCAA147DA9F9"}]
2016-08-04 10:08:49.838 DEBUG /api/AddRefundOrChangeInfo: 未找到商品【0101020010】！
2016-08-04 10:08:59.008 DEBUG /api/AddRefundOrChangeInfo:  参数:[{"Barcode":"0101020001","ChangeNumber":0.0,"ChangePrice":0.0,"Status":false,"Mode":2,"RecordId":null,"ProductType":0,"StoreId":"16","MachineSn":"01","CID":1,"DeviceSn":"FCAA147DA9F9"}]
2016-08-04 10:09:03.087 DEBUG /api/Authorization:  参数:[{"Password":"123456","StoreId":"16","MachineSn":"01","CID":1,"DeviceSn":"FCAA147DA9F9"}]
2016-08-04 10:09:06.694 DEBUG /api/SetOldCustomerOrderSn:  参数:[{"OldCustomerOrderSN":"02002002","StoreId":"16","MachineSn":"01","CID":1,"DeviceSn":"FCAA147DA9F9"}]
2016-08-04 10:09:58.531 DEBUG /api/AddRefundOrChangeInfo:  参数:[{"Barcode":"0101020001","ChangeNumber":0.0,"ChangePrice":0.0,"Status":false,"Mode":2,"RecordId":null,"ProductType":0,"StoreId":"16","MachineSn":"01","CID":1,"DeviceSn":"FCAA147DA9F9"}]
2016-08-04 10:10:15.073 DEBUG /api/AddRefundOrChangeInfo:  参数:[{"Barcode":"0101041056","ChangeNumber":0.0,"ChangePrice":0.0,"Status":false,"Mode":2,"RecordId":null,"ProductType":0,"StoreId":"16","MachineSn":"01","CID":1,"DeviceSn":"FCAA147DA9F9"}]
2016-08-04 10:10:42.185 DEBUG /api/AddRefundOrChangeInfo:  参数:[{"Barcode":"0101041043","ChangeNumber":0.0,"ChangePrice":0.0,"Status":false,"Mode":2,"RecordId":null,"ProductType":0,"StoreId":"16","MachineSn":"01","CID":1,"DeviceSn":"FCAA147DA9F9"}]
2016-08-04 10:33:40.621 DEBUG /api/GetProductCategory:  参数:[{"StoreId":"16","MachineSn":"01","CID":1,"DeviceSn":"FCAA147DA9F9"}]
2016-08-04 10:33:40.621 DEBUG /api/PaysStatus:  参数:[{"StoreId":"16","MachineSn":null,"CID":1,"DeviceSn":"FCAA147DA9F9"}]
2016-08-04 10:50:41.396 DEBUG /api/Login:  参数:[{"Account":"1008","Password":"123456","EntryPoint":0,"DeviceType":1,"InTestMode":false,"CID":1,"IsLock":false,"StoreId":"16","MachineSn":"01","DeviceSn":"FCAA147DA9F9"}]
2016-08-04 10:50:50.494 DEBUG /api/ClearOrder:  参数:[{"StoreId":"16","MachineSn":"01","CID":1,"DeviceSn":"FCAA147DA9F9"}]
2016-08-04 10:50:50.585 DEBUG /api/HandBillNum:  参数:[{"OrderSn":null,"StoreId":"16","MachineSn":"01","CID":1,"DeviceSn":"FCAA147DA9F9"}]
2016-08-04 10:50:53.570 DEBUG /api/GetProductCategory:  参数:[{"StoreId":"16","MachineSn":"01","CID":1,"DeviceSn":"FCAA147DA9F9"}]
2016-08-04 10:51:00.844 DEBUG /api/GetReason:  参数:[{"Type":1,"StoreId":"16","MachineSn":"01","CID":1,"DeviceSn":"FCAA147DA9F9"}]
2016-08-04 10:51:00.844 DEBUG /api/GetReason:  参数:[{"Type":2,"StoreId":"16","MachineSn":"01","CID":1,"DeviceSn":"FCAA147DA9F9"}]
2016-08-04 10:51:01.110 DEBUG /api/GetReason:  参数:[{"Type":2,"StoreId":"16","MachineSn":"01","CID":1,"DeviceSn":"FCAA147DA9F9"}]
2016-08-04 10:51:01.118 DEBUG /api/GetRefundAllOrderSn:  参数:[{"StoreId":"16","MachineSn":"01","CID":1,"DeviceSn":"FCAA147DA9F9"}]
2016-08-04 10:51:14.096 DEBUG /api/AddRefundOrChangeInfo:  参数:[{"Barcode":"0101020001","ChangeNumber":0.0,"ChangePrice":0.0,"Status":false,"Mode":1,"RecordId":null,"ProductType":0,"StoreId":"16","MachineSn":"01","CID":1,"DeviceSn":"FCAA147DA9F9"}]
2016-08-04 10:51:22.036 DEBUG /api/AddRefundOrChangeInfo:  参数:[{"Barcode":"0101020001","ChangeNumber":0.0,"ChangePrice":0.0,"Status":true,"Mode":1,"RecordId":null,"ProductType":0,"StoreId":"16","MachineSn":"01","CID":1,"DeviceSn":"FCAA147DA9F9"}]
2016-08-04 10:51:33.273 DEBUG /api/AddRefundOrChangeInfo:  参数:[{"Barcode":"0101020001","ChangeNumber":0.0,"ChangePrice":0.0,"Status":false,"Mode":2,"RecordId":null,"ProductType":0,"StoreId":"16","MachineSn":"01","CID":1,"DeviceSn":"FCAA147DA9F9"}]
2016-08-04 10:51:49.908 DEBUG /api/ClearRefundOrChangeInfo:  参数:[{"Barcode":null,"ChangeNumber":0.0,"ChangePrice":0.0,"Status":false,"Mode":2,"RecordId":null,"ProductType":0,"StoreId":"16","MachineSn":"01","CID":1,"DeviceSn":"FCAA147DA9F9"}]
2016-08-04 10:51:49.908 DEBUG /api/ClearRefundOrChangeInfo:  参数:[{"Barcode":null,"ChangeNumber":0.0,"ChangePrice":0.0,"Status":false,"Mode":1,"RecordId":null,"ProductType":0,"StoreId":"16","MachineSn":"01","CID":1,"DeviceSn":"FCAA147DA9F9"}]
2016-08-04 10:51:51.783 DEBUG /api/ClearOrder:  参数:[{"StoreId":"16","MachineSn":"01","CID":1,"DeviceSn":"FCAA147DA9F9"}]
2016-08-04 10:58:28.752 DEBUG /api/PaysStatus:  参数:[{"StoreId":"16","MachineSn":null,"CID":1,"DeviceSn":"FCAA147DA9F9"}]
2016-08-04 10:58:28.752 DEBUG /api/GetProductCategory:  参数:[{"StoreId":"16","MachineSn":"01","CID":1,"DeviceSn":"FCAA147DA9F9"}]
2016-08-04 10:58:33.171 DEBUG /api/Login:  参数:[{"Account":"1008","Password":"123456","EntryPoint":0,"DeviceType":1,"InTestMode":false,"CID":1,"IsLock":false,"StoreId":"16","MachineSn":"01","DeviceSn":"FCAA147DA9F9"}]
2016-08-04 10:58:34.427 DEBUG /api/ClearOrder:  参数:[{"StoreId":"16","MachineSn":"01","CID":1,"DeviceSn":"FCAA147DA9F9"}]
2016-08-04 10:58:34.570 DEBUG /api/HandBillNum:  参数:[{"OrderSn":null,"StoreId":"16","MachineSn":"01","CID":1,"DeviceSn":"FCAA147DA9F9"}]
2016-08-04 10:58:35.660 DEBUG /api/GetProductCategory:  参数:[{"StoreId":"16","MachineSn":"01","CID":1,"DeviceSn":"FCAA147DA9F9"}]
2016-08-04 10:58:37.573 DEBUG /api/GetReason:  参数:[{"Type":1,"StoreId":"16","MachineSn":"01","CID":1,"DeviceSn":"FCAA147DA9F9"}]
2016-08-04 10:58:37.573 DEBUG /api/GetReason:  参数:[{"Type":2,"StoreId":"16","MachineSn":"01","CID":1,"DeviceSn":"FCAA147DA9F9"}]
2016-08-04 10:58:37.828 DEBUG /api/GetReason:  参数:[{"Type":2,"StoreId":"16","MachineSn":"01","CID":1,"DeviceSn":"FCAA147DA9F9"}]
2016-08-04 10:58:37.838 DEBUG /api/GetRefundAllOrderSn:  参数:[{"StoreId":"16","MachineSn":"01","CID":1,"DeviceSn":"FCAA147DA9F9"}]
2016-08-04 10:58:46.076 DEBUG /api/AddRefundOrChangeInfo:  参数:[{"Barcode":"0101020001","ChangeNumber":0.0,"ChangePrice":0.0,"Status":false,"Mode":1,"RecordId":null,"ProductType":0,"StoreId":"16","MachineSn":"01","CID":1,"DeviceSn":"FCAA147DA9F9"}]
2016-08-04 10:59:02.117 DEBUG /api/AddRefundOrChangeInfo:  参数:[{"Barcode":"0101020001","ChangeNumber":0.0,"ChangePrice":0.0,"Status":true,"Mode":1,"RecordId":null,"ProductType":0,"StoreId":"16","MachineSn":"01","CID":1,"DeviceSn":"FCAA147DA9F9"}]
2016-08-04 10:59:21.095 DEBUG /api/ClearRefundOrChangeInfo:  参数:[{"Barcode":null,"ChangeNumber":0.0,"ChangePrice":0.0,"Status":false,"Mode":1,"RecordId":null,"ProductType":0,"StoreId":"16","MachineSn":"01","CID":1,"DeviceSn":"FCAA147DA9F9"}]
2016-08-04 10:59:21.095 DEBUG /api/ClearRefundOrChangeInfo:  参数:[{"Barcode":null,"ChangeNumber":0.0,"ChangePrice":0.0,"Status":false,"Mode":2,"RecordId":null,"ProductType":0,"StoreId":"16","MachineSn":"01","CID":1,"DeviceSn":"FCAA147DA9F9"}]
2016-08-04 10:59:30.602 DEBUG /api/ClearOrder:  参数:[{"StoreId":"16","MachineSn":"01","CID":1,"DeviceSn":"FCAA147DA9F9"}]
2016-08-04 13:21:47.264 DEBUG /api/GetProductCategory:  参数:[{"StoreId":"16","MachineSn":"01","CID":1,"DeviceSn":"FCAA147DA9F9"}]
2016-08-04 13:21:47.264 DEBUG /api/PaysStatus:  参数:[{"StoreId":"16","MachineSn":null,"CID":1,"DeviceSn":"FCAA147DA9F9"}]
2016-08-04 13:22:01.413 DEBUG /api/Login:  参数:[{"Account":"1008","Password":"123456","EntryPoint":0,"DeviceType":1,"InTestMode":false,"CID":1,"IsLock":false,"StoreId":"16","MachineSn":"01","DeviceSn":"FCAA147DA9F9"}]
2016-08-04 13:22:04.716 DEBUG /api/ClearOrder:  参数:[{"StoreId":"16","MachineSn":"01","CID":1,"DeviceSn":"FCAA147DA9F9"}]
2016-08-04 13:22:05.161 DEBUG /api/HandBillNum:  参数:[{"OrderSn":null,"StoreId":"16","MachineSn":"01","CID":1,"DeviceSn":"FCAA147DA9F9"}]
2016-08-04 13:22:41.662 DEBUG /api/GetReason:  参数:[{"Type":2,"StoreId":"16","MachineSn":"01","CID":1,"DeviceSn":"FCAA147DA9F9"}]
2016-08-04 13:22:41.662 DEBUG /api/GetReason:  参数:[{"Type":1,"StoreId":"16","MachineSn":"01","CID":1,"DeviceSn":"FCAA147DA9F9"}]
2016-08-04 13:22:41.671 DEBUG /api/GetReason:  参数:[{"Type":2,"StoreId":"16","MachineSn":"01","CID":1,"DeviceSn":"FCAA147DA9F9"}]
2016-08-04 13:22:42.062 DEBUG /api/GetRefundAllOrderSn:  参数:[{"StoreId":"16","MachineSn":"01","CID":1,"DeviceSn":"FCAA147DA9F9"}]
2016-08-04 13:27:30.835 DEBUG /api/GetAuthUsers:  参数:[{"storeOperateAuth":2,"StoreId":"16","MachineSn":"01","CID":1,"DeviceSn":"FCAA147DA9F9"}]
2016-08-04 13:27:33.301 DEBUG /api/SetSaleMan:  参数:[{"SaleMan":"1002","Source":0,"Mode":0,"StoreId":"16","MachineSn":"01","CID":1,"DeviceSn":"FCAA147DA9F9"}]
2016-08-04 13:27:42.406 DEBUG /api/GetAuthUsers:  参数:[{"storeOperateAuth":2,"StoreId":"16","MachineSn":"01","CID":1,"DeviceSn":"FCAA147DA9F9"}]
2016-08-04 13:27:43.537 DEBUG /api/SetSaleMan:  参数:[{"SaleMan":"0","Source":0,"Mode":0,"StoreId":"16","MachineSn":"01","CID":1,"DeviceSn":"FCAA147DA9F9"}]
2016-08-04 13:27:45.871 DEBUG /api/GetAuthUsers:  参数:[{"storeOperateAuth":2,"StoreId":"16","MachineSn":"01","CID":1,"DeviceSn":"FCAA147DA9F9"}]
2016-08-04 13:27:49.615 DEBUG /api/SetSaleMan:  参数:[{"SaleMan":"1008","Source":0,"Mode":0,"StoreId":"16","MachineSn":"01","CID":1,"DeviceSn":"FCAA147DA9F9"}]
2016-08-04 13:28:06.085 DEBUG /api/AddRefundOrChangeInfo:  参数:[{"Barcode":"0101020001","ChangeNumber":0.0,"ChangePrice":0.0,"Status":false,"Mode":1,"RecordId":null,"ProductType":0,"StoreId":"16","MachineSn":"01","CID":1,"DeviceSn":"FCAA147DA9F9"}]
2016-08-04 13:28:19.079 DEBUG /api/AddRefundOrChangeInfo:  参数:[{"Barcode":"0101020001","ChangeNumber":0.0,"ChangePrice":0.0,"Status":true,"Mode":1,"RecordId":null,"ProductType":0,"StoreId":"16","MachineSn":"01","CID":1,"DeviceSn":"FCAA147DA9F9"}]
2016-08-04 13:28:43.794 DEBUG /api/ClearRefundOrChangeInfo:  参数:[{"Barcode":null,"ChangeNumber":0.0,"ChangePrice":0.0,"Status":false,"Mode":2,"RecordId":null,"ProductType":0,"StoreId":"16","MachineSn":"01","CID":1,"DeviceSn":"FCAA147DA9F9"}]
2016-08-04 13:28:43.794 DEBUG /api/ClearRefundOrChangeInfo:  参数:[{"Barcode":null,"ChangeNumber":0.0,"ChangePrice":0.0,"Status":false,"Mode":1,"RecordId":null,"ProductType":0,"StoreId":"16","MachineSn":"01","CID":1,"DeviceSn":"FCAA147DA9F9"}]
2016-08-04 13:28:54.995 DEBUG /api/GetReason:  参数:[{"Type":1,"StoreId":"16","MachineSn":"01","CID":1,"DeviceSn":"FCAA147DA9F9"}]
2016-08-04 13:28:54.996 DEBUG /api/GetReason:  参数:[{"Type":2,"StoreId":"16","MachineSn":"01","CID":1,"DeviceSn":"FCAA147DA9F9"}]
2016-08-04 13:28:55.060 DEBUG /api/GetReason:  参数:[{"Type":2,"StoreId":"16","MachineSn":"01","CID":1,"DeviceSn":"FCAA147DA9F9"}]
2016-08-04 13:28:55.082 DEBUG /api/GetRefundAllOrderSn:  参数:[{"StoreId":"16","MachineSn":"01","CID":1,"DeviceSn":"FCAA147DA9F9"}]
2016-08-04 13:29:06.736 DEBUG /api/GetAuthUsers:  参数:[{"storeOperateAuth":2,"StoreId":"16","MachineSn":"01","CID":1,"DeviceSn":"FCAA147DA9F9"}]
2016-08-04 13:29:08.514 DEBUG /api/SetSaleMan:  参数:[{"SaleMan":"1008","Source":0,"Mode":0,"StoreId":"16","MachineSn":"01","CID":1,"DeviceSn":"FCAA147DA9F9"}]
2016-08-04 13:29:14.961 DEBUG /api/AddRefundOrChangeInfo:  参数:[{"Barcode":"0101020001","ChangeNumber":0.0,"ChangePrice":0.0,"Status":false,"Mode":2,"RecordId":null,"ProductType":0,"StoreId":"16","MachineSn":"01","CID":1,"DeviceSn":"FCAA147DA9F9"}]
2016-08-04 13:29:25.151 DEBUG /api/Authorization:  参数:[{"Password":"123456","StoreId":"16","MachineSn":"01","CID":1,"DeviceSn":"FCAA147DA9F9"}]
2016-08-04 13:29:31.092 DEBUG /api/SetOldCustomerOrderSn:  参数:[{"OldCustomerOrderSN":"01201608030005","Mode":2,"StoreId":"16","MachineSn":"01","CID":1,"DeviceSn":"FCAA147DA9F9"}]
2016-08-04 13:29:50.059 DEBUG /api/SetSaleMan:  参数:[{"SaleMan":"1008","Source":2,"Mode":0,"StoreId":"16","MachineSn":"01","CID":1,"DeviceSn":"FCAA147DA9F9"}]
2016-08-04 13:29:56.082 DEBUG /api/PaysStatus:  参数:[{"StoreId":"16","MachineSn":null,"CID":1,"DeviceSn":"FCAA147DA9F9"}]
2016-08-04 13:30:00.629 DEBUG /api/Pay:  参数:[{"Mode":3,"Receivable":-780.0,"OrderAmount":-780.0000,"Payway":[{"Type":2,"Amount":-780.0,"Receive":-780.0,"Change":0.0,"CardNo":null,"WipeZero":0.0000}],"Reason":38,"OldOrderSn":"","SaleMan":null,"StoreId":"16","MachineSn":"01","CID":1,"DeviceSn":"FCAA147DA9F9"}]
2016-08-04 13:30:04.313 DEBUG /api/SetSaleMan:  参数:[{"SaleMan":"0","Source":0,"Mode":0,"StoreId":"16","MachineSn":"01","CID":1,"DeviceSn":"FCAA147DA9F9"}]
2016-08-04 13:30:04.352 DEBUG /api/ClearOrder:  参数:[{"StoreId":"16","MachineSn":"01","CID":1,"DeviceSn":"FCAA147DA9F9"}]
2016-08-04 13:30:04.360 DEBUG /api/ClearRefundOrChangeInfo:  参数:[{"Barcode":null,"ChangeNumber":0.0,"ChangePrice":0.0,"Status":false,"Mode":2,"RecordId":null,"ProductType":0,"StoreId":"16","MachineSn":"01","CID":1,"DeviceSn":"FCAA147DA9F9"}]
2016-08-04 13:30:04.362 DEBUG /api/ClearRefundOrChangeInfo:  参数:[{"Barcode":null,"ChangeNumber":0.0,"ChangePrice":0.0,"Status":false,"Mode":1,"RecordId":null,"ProductType":0,"StoreId":"16","MachineSn":"01","CID":1,"DeviceSn":"FCAA147DA9F9"}]
2016-08-04 13:32:35.225 DEBUG /api/GetReason:  参数:[{"Type":2,"StoreId":"16","MachineSn":"01","CID":1,"DeviceSn":"FCAA147DA9F9"}]
2016-08-04 13:32:35.226 DEBUG /api/GetReason:  参数:[{"Type":1,"StoreId":"16","MachineSn":"01","CID":1,"DeviceSn":"FCAA147DA9F9"}]
2016-08-04 13:32:35.285 DEBUG /api/GetReason:  参数:[{"Type":2,"StoreId":"16","MachineSn":"01","CID":1,"DeviceSn":"FCAA147DA9F9"}]
2016-08-04 13:32:35.309 DEBUG /api/GetRefundAllOrderSn:  参数:[{"StoreId":"16","MachineSn":"01","CID":1,"DeviceSn":"FCAA147DA9F9"}]
2016-08-04 13:33:00.794 DEBUG /api/GetAuthUsers:  参数:[{"storeOperateAuth":2,"StoreId":"16","MachineSn":"01","CID":1,"DeviceSn":"FCAA147DA9F9"}]
2016-08-04 13:33:02.842 DEBUG /api/SetSaleMan:  参数:[{"SaleMan":"1008","Source":0,"Mode":0,"StoreId":"16","MachineSn":"01","CID":1,"DeviceSn":"FCAA147DA9F9"}]
2016-08-04 13:33:09.299 DEBUG /api/AddRefundOrChangeInfo:  参数:[{"Barcode":"0101020001","ChangeNumber":0.0,"ChangePrice":0.0,"Status":false,"Mode":1,"RecordId":null,"ProductType":0,"StoreId":"16","MachineSn":"01","CID":1,"DeviceSn":"FCAA147DA9F9"}]
2016-08-04 13:33:16.020 DEBUG /api/AddRefundOrChangeInfo:  参数:[{"Barcode":"0101020001","ChangeNumber":0.0,"ChangePrice":0.0,"Status":false,"Mode":1,"RecordId":null,"ProductType":0,"StoreId":"16","MachineSn":"01","CID":1,"DeviceSn":"FCAA147DA9F9"}]
2016-08-04 13:33:23.717 DEBUG /api/AddRefundOrChangeInfo:  参数:[{"Barcode":"0101020001","ChangeNumber":0.0,"ChangePrice":0.0,"Status":true,"Mode":1,"RecordId":null,"ProductType":0,"StoreId":"16","MachineSn":"01","CID":1,"DeviceSn":"FCAA147DA9F9"}]
2016-08-04 13:33:28.307 DEBUG /api/Authorization:  参数:[{"Password":"123456","StoreId":"16","MachineSn":"01","CID":1,"DeviceSn":"FCAA147DA9F9"}]
2016-08-04 13:33:30.142 DEBUG /api/SetOldCustomerOrderSn:  参数:[{"OldCustomerOrderSN":"01201608030005","Mode":1,"StoreId":"16","MachineSn":"01","CID":1,"DeviceSn":"FCAA147DA9F9"}]
2016-08-04 13:33:30.173 DEBUG /api/SetSaleMan:  参数:[{"SaleMan":"1008","Source":1,"Mode":0,"StoreId":"16","MachineSn":"01","CID":1,"DeviceSn":"FCAA147DA9F9"}]
2016-08-04 13:33:52.089 DEBUG /api/PaysStatus:  参数:[{"StoreId":"16","MachineSn":null,"CID":1,"DeviceSn":"FCAA147DA9F9"}]
2016-08-04 13:33:56.531 DEBUG /api/Pay:  参数:[{"Mode":1,"Receivable":-780.0,"OrderAmount":-780.0000,"Payway":[{"Type":2,"Amount":-780.0,"Receive":-780.0,"Change":0.0,"CardNo":null,"WipeZero":0.0000}],"Reason":34,"OldOrderSn":"","SaleMan":null,"StoreId":"16","MachineSn":"01","CID":1,"DeviceSn":"FCAA147DA9F9"}]
2016-08-04 13:36:01.878 DEBUG /api/ClearRefundOrChangeInfo:  参数:[{"Barcode":null,"ChangeNumber":0.0,"ChangePrice":0.0,"Status":false,"Mode":2,"RecordId":null,"ProductType":0,"StoreId":"16","MachineSn":"01","CID":1,"DeviceSn":"FCAA147DA9F9"}]
2016-08-04 13:36:01.878 DEBUG /api/ClearRefundOrChangeInfo:  参数:[{"Barcode":null,"ChangeNumber":0.0,"ChangePrice":0.0,"Status":false,"Mode":1,"RecordId":null,"ProductType":0,"StoreId":"16","MachineSn":"01","CID":1,"DeviceSn":"FCAA147DA9F9"}]
2016-08-04 13:36:03.158 DEBUG /api/GetReason:  参数:[{"Type":1,"StoreId":"16","MachineSn":"01","CID":1,"DeviceSn":"FCAA147DA9F9"}]
2016-08-04 13:36:03.159 DEBUG /api/GetReason:  参数:[{"Type":2,"StoreId":"16","MachineSn":"01","CID":1,"DeviceSn":"FCAA147DA9F9"}]
2016-08-04 13:36:03.231 DEBUG /api/GetReason:  参数:[{"Type":2,"StoreId":"16","MachineSn":"01","CID":1,"DeviceSn":"FCAA147DA9F9"}]
2016-08-04 13:36:03.248 DEBUG /api/GetRefundAllOrderSn:  参数:[{"StoreId":"16","MachineSn":"01","CID":1,"DeviceSn":"FCAA147DA9F9"}]
2016-08-04 13:36:44.725 DEBUG /api/AddRefundOrChangeInfo:  参数:[{"Barcode":"0101020001","ChangeNumber":0.0,"ChangePrice":0.0,"Status":false,"Mode":1,"RecordId":null,"ProductType":0,"StoreId":"16","MachineSn":"01","CID":1,"DeviceSn":"FCAA147DA9F9"}]
2016-08-04 13:36:54.959 DEBUG /api/AddRefundOrChangeInfo:  参数:[{"Barcode":"0101020001","ChangeNumber":0.0,"ChangePrice":0.0,"Status":true,"Mode":1,"RecordId":null,"ProductType":0,"StoreId":"16","MachineSn":"01","CID":1,"DeviceSn":"FCAA147DA9F9"}]
2016-08-04 13:37:02.824 DEBUG /api/Authorization:  参数:[{"Password":"123456","StoreId":"16","MachineSn":"01","CID":1,"DeviceSn":"FCAA147DA9F9"}]
2016-08-04 13:37:20.015 DEBUG /api/SetOldCustomerOrderSn:  参数:[{"OldCustomerOrderSN":"01201608030005","Mode":1,"StoreId":"16","MachineSn":"01","CID":1,"DeviceSn":"FCAA147DA9F9"}]
2016-08-04 13:37:33.644 DEBUG /api/SetSaleMan:  参数:[{"SaleMan":"1008","Source":1,"Mode":0,"StoreId":"16","MachineSn":"01","CID":1,"DeviceSn":"FCAA147DA9F9"}]
2016-08-04 13:39:21.766 DEBUG /api/Authorization:  参数:[{"Password":"123456","StoreId":"16","MachineSn":"01","CID":1,"DeviceSn":"FCAA147DA9F9"}]
2016-08-04 13:39:26.403 DEBUG /api/SetOldCustomerOrderSn:  参数:[{"OldCustomerOrderSN":"01201608030005","Mode":1,"StoreId":"16","MachineSn":"01","CID":1,"DeviceSn":"FCAA147DA9F9"}]
2016-08-04 13:39:26.457 DEBUG /api/SetSaleMan:  参数:[{"SaleMan":"1008","Source":1,"Mode":0,"StoreId":"16","MachineSn":"01","CID":1,"DeviceSn":"FCAA147DA9F9"}]
2016-08-04 13:39:41.758 DEBUG /api/PaysStatus:  参数:[{"StoreId":"16","MachineSn":null,"CID":1,"DeviceSn":"FCAA147DA9F9"}]
2016-08-04 13:39:45.912 DEBUG /api/Pay:  参数:[{"Mode":1,"Receivable":0.0,"OrderAmount":0.0000,"Payway":[{"Type":2,"Amount":0.0,"Receive":0.0,"Change":0.0,"CardNo":null,"WipeZero":0.0000}],"Reason":34,"OldOrderSn":"","SaleMan":null,"StoreId":"16","MachineSn":"01","CID":1,"DeviceSn":"FCAA147DA9F9"}]
2016-08-04 13:40:19.772 DEBUG /api/Pay: The changes to the database were committed successfully, but an error occurred while updating the object context. The ObjectContext might be in an inconsistent state. Inner exception message: Saving or accepting changes failed because more than one entity of type 'Pharos.Logic.Entity.SaleOrders' have the same primary key value. Ensure that explicitly set primary key values are unique. Ensure that database-generated primary keys are configured correctly in the database and in the Entity Framework model. Use the Entity Designer for Database First/Model First configuration. Use the 'HasDatabaseGeneratedOption" fluent API or 'DatabaseGeneratedAttribute' for Code First configuration.
2016-08-04 13:40:24.886 DEBUG /api/ClearRefundOrChangeInfo:  参数:[{"Barcode":null,"ChangeNumber":0.0,"ChangePrice":0.0,"Status":false,"Mode":2,"RecordId":null,"ProductType":0,"StoreId":"16","MachineSn":"01","CID":1,"DeviceSn":"FCAA147DA9F9"}]
2016-08-04 13:40:24.886 DEBUG /api/ClearRefundOrChangeInfo:  参数:[{"Barcode":null,"ChangeNumber":0.0,"ChangePrice":0.0,"Status":false,"Mode":1,"RecordId":null,"ProductType":0,"StoreId":"16","MachineSn":"01","CID":1,"DeviceSn":"FCAA147DA9F9"}]
2016-08-04 13:40:26.697 DEBUG /api/GetReason:  参数:[{"Type":1,"StoreId":"16","MachineSn":"01","CID":1,"DeviceSn":"FCAA147DA9F9"}]
2016-08-04 13:40:26.713 DEBUG /api/GetReason:  参数:[{"Type":2,"StoreId":"16","MachineSn":"01","CID":1,"DeviceSn":"FCAA147DA9F9"}]
2016-08-04 13:40:26.713 DEBUG /api/GetReason:  参数:[{"Type":2,"StoreId":"16","MachineSn":"01","CID":1,"DeviceSn":"FCAA147DA9F9"}]
2016-08-04 13:40:26.764 DEBUG /api/GetRefundAllOrderSn:  参数:[{"StoreId":"16","MachineSn":"01","CID":1,"DeviceSn":"FCAA147DA9F9"}]
2016-08-04 13:40:43.966 DEBUG /api/AddRefundOrChangeInfo:  参数:[{"Barcode":"0101020001","ChangeNumber":0.0,"ChangePrice":0.0,"Status":false,"Mode":1,"RecordId":null,"ProductType":0,"StoreId":"16","MachineSn":"01","CID":1,"DeviceSn":"FCAA147DA9F9"}]
2016-08-04 13:40:50.990 DEBUG /api/AddRefundOrChangeInfo:  参数:[{"Barcode":"0101020001","ChangeNumber":0.0,"ChangePrice":0.0,"Status":true,"Mode":1,"RecordId":null,"ProductType":0,"StoreId":"16","MachineSn":"01","CID":1,"DeviceSn":"FCAA147DA9F9"}]
2016-08-04 13:40:56.315 DEBUG /api/Authorization:  参数:[{"Password":"123456","StoreId":"16","MachineSn":"01","CID":1,"DeviceSn":"FCAA147DA9F9"}]
2016-08-04 13:40:56.356 DEBUG /api/SetOldCustomerOrderSn:  参数:[{"OldCustomerOrderSN":"01201608030005","Mode":1,"StoreId":"16","MachineSn":"01","CID":1,"DeviceSn":"FCAA147DA9F9"}]
2016-08-04 13:40:56.385 DEBUG /api/SetSaleMan:  参数:[{"SaleMan":"1008","Source":1,"Mode":0,"StoreId":"16","MachineSn":"01","CID":1,"DeviceSn":"FCAA147DA9F9"}]
2016-08-04 13:41:59.313 DEBUG /api/PaysStatus:  参数:[{"StoreId":"16","MachineSn":null,"CID":1,"DeviceSn":"FCAA147DA9F9"}]
2016-08-04 13:42:03.037 DEBUG /api/Pay:  参数:[{"Mode":1,"Receivable":0.0,"OrderAmount":0.0000,"Payway":[{"Type":2,"Amount":0.0,"Receive":0.0,"Change":0.0,"CardNo":null,"WipeZero":0.0000}],"Reason":34,"OldOrderSn":"","SaleMan":null,"StoreId":"16","MachineSn":"01","CID":1,"DeviceSn":"FCAA147DA9F9"}]
2016-08-04 13:44:42.202 DEBUG /api/ClearRefundOrChangeInfo:  参数:[{"Barcode":null,"ChangeNumber":0.0,"ChangePrice":0.0,"Status":false,"Mode":2,"RecordId":null,"ProductType":0,"StoreId":"16","MachineSn":"01","CID":1,"DeviceSn":"FCAA147DA9F9"}]
2016-08-04 13:44:42.204 DEBUG /api/ClearRefundOrChangeInfo:  参数:[{"Barcode":null,"ChangeNumber":0.0,"ChangePrice":0.0,"Status":false,"Mode":1,"RecordId":null,"ProductType":0,"StoreId":"16","MachineSn":"01","CID":1,"DeviceSn":"FCAA147DA9F9"}]
2016-08-04 13:44:43.598 DEBUG /api/GetReason:  参数:[{"Type":2,"StoreId":"16","MachineSn":"01","CID":1,"DeviceSn":"FCAA147DA9F9"}]
2016-08-04 13:44:43.598 DEBUG /api/GetReason:  参数:[{"Type":1,"StoreId":"16","MachineSn":"01","CID":1,"DeviceSn":"FCAA147DA9F9"}]
2016-08-04 13:44:43.687 DEBUG /api/GetReason:  参数:[{"Type":2,"StoreId":"16","MachineSn":"01","CID":1,"DeviceSn":"FCAA147DA9F9"}]
2016-08-04 13:44:43.762 DEBUG /api/GetRefundAllOrderSn:  参数:[{"StoreId":"16","MachineSn":"01","CID":1,"DeviceSn":"FCAA147DA9F9"}]
2016-08-04 13:44:53.497 DEBUG /api/AddRefundOrChangeInfo:  参数:[{"Barcode":"0101020001","ChangeNumber":0.0,"ChangePrice":0.0,"Status":false,"Mode":1,"RecordId":null,"ProductType":0,"StoreId":"16","MachineSn":"01","CID":1,"DeviceSn":"FCAA147DA9F9"}]
2016-08-04 13:44:58.950 DEBUG /api/AddRefundOrChangeInfo:  参数:[{"Barcode":"0101020001","ChangeNumber":0.0,"ChangePrice":0.0,"Status":true,"Mode":1,"RecordId":null,"ProductType":0,"StoreId":"16","MachineSn":"01","CID":1,"DeviceSn":"FCAA147DA9F9"}]
2016-08-04 13:45:02.848 DEBUG /api/Authorization:  参数:[{"Password":"123456","StoreId":"16","MachineSn":"01","CID":1,"DeviceSn":"FCAA147DA9F9"}]
2016-08-04 13:45:02.879 DEBUG /api/SetOldCustomerOrderSn:  参数:[{"OldCustomerOrderSN":"01201608030005","Mode":1,"StoreId":"16","MachineSn":"01","CID":1,"DeviceSn":"FCAA147DA9F9"}]
2016-08-04 13:45:02.914 DEBUG /api/SetSaleMan:  参数:[{"SaleMan":"1008","Source":1,"Mode":0,"StoreId":"16","MachineSn":"01","CID":1,"DeviceSn":"FCAA147DA9F9"}]
2016-08-04 13:45:25.958 DEBUG /api/PaysStatus:  参数:[{"StoreId":"16","MachineSn":null,"CID":1,"DeviceSn":"FCAA147DA9F9"}]
2016-08-04 13:45:29.702 DEBUG /api/Pay:  参数:[{"Mode":1,"Receivable":0.0,"OrderAmount":0.0000,"Payway":[{"Type":2,"Amount":0.0,"Receive":0.0,"Change":0.0,"CardNo":null,"WipeZero":0.0000}],"Reason":34,"OldOrderSn":"","SaleMan":null,"StoreId":"16","MachineSn":"01","CID":1,"DeviceSn":"FCAA147DA9F9"}]
2016-08-04 13:48:41.335 DEBUG /api/ClearRefundOrChangeInfo:  参数:[{"Barcode":null,"ChangeNumber":0.0,"ChangePrice":0.0,"Status":false,"Mode":1,"RecordId":null,"ProductType":0,"StoreId":"16","MachineSn":"01","CID":1,"DeviceSn":"FCAA147DA9F9"}]
2016-08-04 13:48:41.335 DEBUG /api/ClearRefundOrChangeInfo:  参数:[{"Barcode":null,"ChangeNumber":0.0,"ChangePrice":0.0,"Status":false,"Mode":2,"RecordId":null,"ProductType":0,"StoreId":"16","MachineSn":"01","CID":1,"DeviceSn":"FCAA147DA9F9"}]
2016-08-04 13:48:51.358 DEBUG /api/GetReason:  参数:[{"Type":1,"StoreId":"16","MachineSn":"01","CID":1,"DeviceSn":"FCAA147DA9F9"}]
2016-08-04 13:48:51.359 DEBUG /api/GetReason:  参数:[{"Type":2,"StoreId":"16","MachineSn":"01","CID":1,"DeviceSn":"FCAA147DA9F9"}]
2016-08-04 13:48:51.443 DEBUG /api/GetReason:  参数:[{"Type":2,"StoreId":"16","MachineSn":"01","CID":1,"DeviceSn":"FCAA147DA9F9"}]
2016-08-04 13:48:51.486 DEBUG /api/GetRefundAllOrderSn:  参数:[{"StoreId":"16","MachineSn":"01","CID":1,"DeviceSn":"FCAA147DA9F9"}]
2016-08-04 13:48:59.099 DEBUG /api/AddRefundOrChangeInfo:  参数:[{"Barcode":"0101020001","ChangeNumber":0.0,"ChangePrice":0.0,"Status":false,"Mode":1,"RecordId":null,"ProductType":0,"StoreId":"16","MachineSn":"01","CID":1,"DeviceSn":"FCAA147DA9F9"}]
2016-08-04 13:49:37.777 DEBUG /api/AddRefundOrChangeInfo:  参数:[{"Barcode":"0101020001","ChangeNumber":0.0,"ChangePrice":0.0,"Status":true,"Mode":1,"RecordId":null,"ProductType":0,"StoreId":"16","MachineSn":"01","CID":1,"DeviceSn":"FCAA147DA9F9"}]
2016-08-04 13:51:09.779 DEBUG /api/Authorization:  参数:[{"Password":"123456","StoreId":"16","MachineSn":"01","CID":1,"DeviceSn":"FCAA147DA9F9"}]
2016-08-04 13:51:09.806 DEBUG /api/SetSaleMan:  参数:[{"SaleMan":"1008","Source":1,"Mode":0,"StoreId":"16","MachineSn":"01","CID":1,"DeviceSn":"FCAA147DA9F9"}]
2016-08-04 13:52:12.399 DEBUG /api/PaysStatus:  参数:[{"StoreId":"16","MachineSn":null,"CID":1,"DeviceSn":"FCAA147DA9F9"}]
2016-08-04 13:52:16.419 DEBUG /api/ClearRefundOrChangeInfo:  参数:[{"Barcode":null,"ChangeNumber":0.0,"ChangePrice":0.0,"Status":false,"Mode":2,"RecordId":null,"ProductType":0,"StoreId":"16","MachineSn":"01","CID":1,"DeviceSn":"FCAA147DA9F9"}]
2016-08-04 13:52:19.904 DEBUG /api/ClearRefundOrChangeInfo:  参数:[{"Barcode":null,"ChangeNumber":0.0,"ChangePrice":0.0,"Status":false,"Mode":1,"RecordId":null,"ProductType":0,"StoreId":"16","MachineSn":"01","CID":1,"DeviceSn":"FCAA147DA9F9"}]
2016-08-04 13:52:29.648 DEBUG /api/GetReason:  参数:[{"Type":1,"StoreId":"16","MachineSn":"01","CID":1,"DeviceSn":"FCAA147DA9F9"}]
2016-08-04 13:52:29.648 DEBUG /api/GetReason:  参数:[{"Type":2,"StoreId":"16","MachineSn":"01","CID":1,"DeviceSn":"FCAA147DA9F9"}]
2016-08-04 13:52:29.726 DEBUG /api/GetReason:  参数:[{"Type":2,"StoreId":"16","MachineSn":"01","CID":1,"DeviceSn":"FCAA147DA9F9"}]
2016-08-04 13:52:29.746 DEBUG /api/GetRefundAllOrderSn:  参数:[{"StoreId":"16","MachineSn":"01","CID":1,"DeviceSn":"FCAA147DA9F9"}]
2016-08-04 13:52:58.920 DEBUG /api/AddRefundOrChangeInfo:  参数:[{"Barcode":"0101020001","ChangeNumber":0.0,"ChangePrice":0.0,"Status":false,"Mode":1,"RecordId":null,"ProductType":0,"StoreId":"16","MachineSn":"01","CID":1,"DeviceSn":"FCAA147DA9F9"}]
2016-08-04 13:53:04.381 DEBUG /api/AddRefundOrChangeInfo:  参数:[{"Barcode":"0101020001","ChangeNumber":0.0,"ChangePrice":0.0,"Status":true,"Mode":1,"RecordId":null,"ProductType":0,"StoreId":"16","MachineSn":"01","CID":1,"DeviceSn":"FCAA147DA9F9"}]
2016-08-04 13:53:12.668 DEBUG /api/Authorization:  参数:[{"Password":"123456","StoreId":"16","MachineSn":"01","CID":1,"DeviceSn":"FCAA147DA9F9"}]
2016-08-04 13:58:21.136 DEBUG /api/PaysStatus:  参数:[{"StoreId":"16","MachineSn":null,"CID":1,"DeviceSn":"FCAA147DA9F9"}]
2016-08-04 13:58:21.136 DEBUG /api/GetProductCategory:  参数:[{"StoreId":"16","MachineSn":"01","CID":1,"DeviceSn":"FCAA147DA9F9"}]
2016-08-04 13:58:31.089 DEBUG /api/Login:  参数:[{"Account":"1008","Password":"123456","EntryPoint":0,"DeviceType":1,"InTestMode":false,"CID":1,"IsLock":false,"StoreId":"16","MachineSn":"01","DeviceSn":"FCAA147DA9F9"}]
2016-08-04 13:58:31.558 DEBUG /api/ClearOrder:  参数:[{"StoreId":"16","MachineSn":"01","CID":1,"DeviceSn":"FCAA147DA9F9"}]
2016-08-04 13:58:31.674 DEBUG /api/HandBillNum:  参数:[{"OrderSn":null,"StoreId":"16","MachineSn":"01","CID":1,"DeviceSn":"FCAA147DA9F9"}]
2016-08-04 13:59:19.155 DEBUG /api/GetProductCategory:  参数:[{"StoreId":"16","MachineSn":"01","CID":1,"DeviceSn":"FCAA147DA9F9"}]
2016-08-04 13:59:25.202 DEBUG /api/GetProductStock:  参数:[50,1,{"CategorySns":[1],"Keyword":null,"Price":0.0,"StoreId":"16","MachineSn":"01","CID":1,"DeviceSn":"FCAA147DA9F9"}]
2016-08-04 13:59:26.615 DEBUG /api/GetProductStock:  参数:[50,2,{"CategorySns":[1],"Keyword":null,"Price":0.0,"StoreId":"16","MachineSn":"01","CID":1,"DeviceSn":"FCAA147DA9F9"}]
2016-08-04 13:59:27.879 DEBUG /api/GetProductStock:  参数:[50,3,{"CategorySns":[1],"Keyword":null,"Price":0.0,"StoreId":"16","MachineSn":"01","CID":1,"DeviceSn":"FCAA147DA9F9"}]
2016-08-04 13:59:29.118 DEBUG /api/GetProductStock:  参数:[50,4,{"CategorySns":[1],"Keyword":null,"Price":0.0,"StoreId":"16","MachineSn":"01","CID":1,"DeviceSn":"FCAA147DA9F9"}]
2016-08-04 13:59:29.684 DEBUG /api/SaleOrderAdd:  参数:[{"Barcode":"0101030001","Status":47,"StoreId":"16","MachineSn":"01","CID":1,"DeviceSn":"FCAA147DA9F9"}]
2016-08-04 13:59:30.414 DEBUG /api/GetProductStock:  参数:[50,5,{"CategorySns":[1],"Keyword":null,"Price":0.0,"StoreId":"16","MachineSn":"01","CID":1,"DeviceSn":"FCAA147DA9F9"}]
2016-08-04 13:59:31.679 DEBUG /api/GetProductStock:  参数:[50,6,{"CategorySns":[1],"Keyword":null,"Price":0.0,"StoreId":"16","MachineSn":"01","CID":1,"DeviceSn":"FCAA147DA9F9"}]
2016-08-04 13:59:31.909 DEBUG /api/GetReason:  参数:[{"Type":1,"StoreId":"16","MachineSn":"01","CID":1,"DeviceSn":"FCAA147DA9F9"}]
2016-08-04 13:59:31.909 DEBUG /api/GetReason:  参数:[{"Type":2,"StoreId":"16","MachineSn":"01","CID":1,"DeviceSn":"FCAA147DA9F9"}]
2016-08-04 13:59:32.192 DEBUG /api/GetReason:  参数:[{"Type":2,"StoreId":"16","MachineSn":"01","CID":1,"DeviceSn":"FCAA147DA9F9"}]
2016-08-04 13:59:32.354 DEBUG /api/GetRefundAllOrderSn:  参数:[{"StoreId":"16","MachineSn":"01","CID":1,"DeviceSn":"FCAA147DA9F9"}]
2016-08-04 13:59:32.951 DEBUG /api/GetProductStock:  参数:[50,7,{"CategorySns":[1],"Keyword":null,"Price":0.0,"StoreId":"16","MachineSn":"01","CID":1,"DeviceSn":"FCAA147DA9F9"}]
2016-08-04 13:59:34.223 DEBUG /api/GetProductStock:  参数:[50,8,{"CategorySns":[1],"Keyword":null,"Price":0.0,"StoreId":"16","MachineSn":"01","CID":1,"DeviceSn":"FCAA147DA9F9"}]
2016-08-04 13:59:35.476 DEBUG /api/GetProductStock:  参数:[50,9,{"CategorySns":[1],"Keyword":null,"Price":0.0,"StoreId":"16","MachineSn":"01","CID":1,"DeviceSn":"FCAA147DA9F9"}]
2016-08-04 13:59:36.728 DEBUG /api/GetProductStock:  参数:[50,10,{"CategorySns":[1],"Keyword":null,"Price":0.0,"StoreId":"16","MachineSn":"01","CID":1,"DeviceSn":"FCAA147DA9F9"}]
2016-08-04 13:59:37.996 DEBUG /api/GetProductStock:  参数:[50,11,{"CategorySns":[1],"Keyword":null,"Price":0.0,"StoreId":"16","MachineSn":"01","CID":1,"DeviceSn":"FCAA147DA9F9"}]
2016-08-04 13:59:39.274 DEBUG /api/GetProductStock:  参数:[50,12,{"CategorySns":[1],"Keyword":null,"Price":0.0,"StoreId":"16","MachineSn":"01","CID":1,"DeviceSn":"FCAA147DA9F9"}]
2016-08-04 13:59:40.552 DEBUG /api/GetProductStock:  参数:[50,13,{"CategorySns":[1],"Keyword":null,"Price":0.0,"StoreId":"16","MachineSn":"01","CID":1,"DeviceSn":"FCAA147DA9F9"}]
2016-08-04 13:59:41.802 DEBUG /api/GetProductStock:  参数:[50,14,{"CategorySns":[1],"Keyword":null,"Price":0.0,"StoreId":"16","MachineSn":"01","CID":1,"DeviceSn":"FCAA147DA9F9"}]
2016-08-04 13:59:43.066 DEBUG /api/GetProductStock:  参数:[50,15,{"CategorySns":[1],"Keyword":null,"Price":0.0,"StoreId":"16","MachineSn":"01","CID":1,"DeviceSn":"FCAA147DA9F9"}]
2016-08-04 13:59:44.322 DEBUG /api/GetProductStock:  参数:[50,16,{"CategorySns":[1],"Keyword":null,"Price":0.0,"StoreId":"16","MachineSn":"01","CID":1,"DeviceSn":"FCAA147DA9F9"}]
2016-08-04 13:59:45.669 DEBUG /api/GetProductStock:  参数:[50,17,{"CategorySns":[1],"Keyword":null,"Price":0.0,"StoreId":"16","MachineSn":"01","CID":1,"DeviceSn":"FCAA147DA9F9"}]
2016-08-04 13:59:46.921 DEBUG /api/GetProductStock:  参数:[50,18,{"CategorySns":[1],"Keyword":null,"Price":0.0,"StoreId":"16","MachineSn":"01","CID":1,"DeviceSn":"FCAA147DA9F9"}]
2016-08-04 13:59:47.130 DEBUG /api/AddRefundOrChangeInfo:  参数:[{"Barcode":"0101020001","ChangeNumber":0.0,"ChangePrice":0.0,"Status":false,"Mode":1,"RecordId":null,"ProductType":0,"StoreId":"16","MachineSn":"01","CID":1,"DeviceSn":"FCAA147DA9F9"}]
2016-08-04 13:59:48.192 DEBUG /api/GetProductStock:  参数:[50,19,{"CategorySns":[1],"Keyword":null,"Price":0.0,"StoreId":"16","MachineSn":"01","CID":1,"DeviceSn":"FCAA147DA9F9"}]
2016-08-04 13:59:49.450 DEBUG /api/GetProductStock:  参数:[50,20,{"CategorySns":[1],"Keyword":null,"Price":0.0,"StoreId":"16","MachineSn":"01","CID":1,"DeviceSn":"FCAA147DA9F9"}]
2016-08-04 13:59:50.714 DEBUG /api/GetProductStock:  参数:[50,21,{"CategorySns":[1],"Keyword":null,"Price":0.0,"StoreId":"16","MachineSn":"01","CID":1,"DeviceSn":"FCAA147DA9F9"}]
2016-08-04 13:59:52.025 DEBUG /api/GetProductStock:  参数:[50,22,{"CategorySns":[1],"Keyword":null,"Price":0.0,"StoreId":"16","MachineSn":"01","CID":1,"DeviceSn":"FCAA147DA9F9"}]
2016-08-04 13:59:53.298 DEBUG /api/GetProductStock:  参数:[50,23,{"CategorySns":[1],"Keyword":null,"Price":0.0,"StoreId":"16","MachineSn":"01","CID":1,"DeviceSn":"FCAA147DA9F9"}]
2016-08-04 13:59:53.725 DEBUG /api/AddRefundOrChangeInfo:  参数:[{"Barcode":"0101020001","ChangeNumber":0.0,"ChangePrice":0.0,"Status":true,"Mode":1,"RecordId":null,"ProductType":0,"StoreId":"16","MachineSn":"01","CID":1,"DeviceSn":"FCAA147DA9F9"}]
2016-08-04 13:59:54.557 DEBUG /api/GetProductStock:  参数:[50,24,{"CategorySns":[1],"Keyword":null,"Price":0.0,"StoreId":"16","MachineSn":"01","CID":1,"DeviceSn":"FCAA147DA9F9"}]
2016-08-04 13:59:55.882 DEBUG /api/GetProductStock:  参数:[50,25,{"CategorySns":[1],"Keyword":null,"Price":0.0,"StoreId":"16","MachineSn":"01","CID":1,"DeviceSn":"FCAA147DA9F9"}]
2016-08-04 13:59:57.149 DEBUG /api/GetProductStock:  参数:[50,26,{"CategorySns":[1],"Keyword":null,"Price":0.0,"StoreId":"16","MachineSn":"01","CID":1,"DeviceSn":"FCAA147DA9F9"}]
2016-08-04 13:59:58.393 DEBUG /api/GetProductStock:  参数:[50,27,{"CategorySns":[1],"Keyword":null,"Price":0.0,"StoreId":"16","MachineSn":"01","CID":1,"DeviceSn":"FCAA147DA9F9"}]
2016-08-04 13:59:59.684 DEBUG /api/GetProductStock:  参数:[50,28,{"CategorySns":[1],"Keyword":null,"Price":0.0,"StoreId":"16","MachineSn":"01","CID":1,"DeviceSn":"FCAA147DA9F9"}]
2016-08-04 14:00:00.938 DEBUG /api/GetProductStock:  参数:[50,29,{"CategorySns":[1],"Keyword":null,"Price":0.0,"StoreId":"16","MachineSn":"01","CID":1,"DeviceSn":"FCAA147DA9F9"}]
2016-08-04 14:00:02.172 DEBUG /api/GetProductStock:  参数:[50,30,{"CategorySns":[1],"Keyword":null,"Price":0.0,"StoreId":"16","MachineSn":"01","CID":1,"DeviceSn":"FCAA147DA9F9"}]
2016-08-04 14:00:03.426 DEBUG /api/GetProductStock:  参数:[50,31,{"CategorySns":[1],"Keyword":null,"Price":0.0,"StoreId":"16","MachineSn":"01","CID":1,"DeviceSn":"FCAA147DA9F9"}]
2016-08-04 14:00:03.987 DEBUG /api/Authorization:  参数:[{"Password":"123456","StoreId":"16","MachineSn":"01","CID":1,"DeviceSn":"FCAA147DA9F9"}]
2016-08-04 14:00:04.068 DEBUG /api/SetSaleMan:  参数:[{"SaleMan":"1008","Source":1,"Mode":1,"StoreId":"16","MachineSn":"01","CID":1,"DeviceSn":"FCAA147DA9F9"}]
2016-08-04 14:00:33.942 DEBUG /api/GetProductStock:  参数:[50,32,{"CategorySns":[1],"Keyword":null,"Price":0.0,"StoreId":"16","MachineSn":"01","CID":1,"DeviceSn":"FCAA147DA9F9"}]
2016-08-04 14:00:35.533 DEBUG /api/PaysStatus:  参数:[{"StoreId":"16","MachineSn":null,"CID":1,"DeviceSn":"FCAA147DA9F9"}]
2016-08-04 14:00:36.288 DEBUG /api/GetProductStock:  参数:[50,33,{"CategorySns":[1],"Keyword":null,"Price":0.0,"StoreId":"16","MachineSn":"01","CID":1,"DeviceSn":"FCAA147DA9F9"}]
2016-08-04 14:00:37.598 DEBUG /api/GetProductStock:  参数:[50,34,{"CategorySns":[1],"Keyword":null,"Price":0.0,"StoreId":"16","MachineSn":"01","CID":1,"DeviceSn":"FCAA147DA9F9"}]
2016-08-04 14:00:38.584 DEBUG /api/Pay:  参数:[{"Mode":1,"Receivable":0.0,"OrderAmount":0.0000,"Payway":[{"Type":2,"Amount":0.0,"Receive":0.0,"Change":0.0,"CardNo":null,"WipeZero":0.0000}],"Reason":34,"OldOrderSn":"","SaleMan":null,"StoreId":"16","MachineSn":"01","CID":1,"DeviceSn":"FCAA147DA9F9"}]
2016-08-04 14:00:38.903 DEBUG /api/GetProductStock:  参数:[50,35,{"CategorySns":[1],"Keyword":null,"Price":0.0,"StoreId":"16","MachineSn":"01","CID":1,"DeviceSn":"FCAA147DA9F9"}]
2016-08-04 14:00:42.511 DEBUG /api/GetProductStock:  参数:[50,36,{"CategorySns":[1],"Keyword":null,"Price":0.0,"StoreId":"16","MachineSn":"01","CID":1,"DeviceSn":"FCAA147DA9F9"}]
2016-08-04 14:00:50.355 DEBUG /api/GetProductStock:  参数:[50,37,{"CategorySns":[1],"Keyword":null,"Price":0.0,"StoreId":"16","MachineSn":"01","CID":1,"DeviceSn":"FCAA147DA9F9"}]
2016-08-04 14:00:51.597 DEBUG /api/GetProductStock:  参数:[50,38,{"CategorySns":[1],"Keyword":null,"Price":0.0,"StoreId":"16","MachineSn":"01","CID":1,"DeviceSn":"FCAA147DA9F9"}]
2016-08-04 14:00:52.823 DEBUG /api/ClearOrder:  参数:[{"StoreId":"16","MachineSn":"01","CID":1,"DeviceSn":"FCAA147DA9F9"}]
2016-08-04 14:00:52.845 DEBUG /api/ClearRefundOrChangeInfo:  参数:[{"Barcode":null,"ChangeNumber":0.0,"ChangePrice":0.0,"Status":false,"Mode":2,"RecordId":null,"ProductType":0,"StoreId":"16","MachineSn":"01","CID":1,"DeviceSn":"FCAA147DA9F9"}]
2016-08-04 14:00:52.845 DEBUG /api/ClearRefundOrChangeInfo:  参数:[{"Barcode":null,"ChangeNumber":0.0,"ChangePrice":0.0,"Status":false,"Mode":1,"RecordId":null,"ProductType":0,"StoreId":"16","MachineSn":"01","CID":1,"DeviceSn":"FCAA147DA9F9"}]
2016-08-04 14:00:58.672 DEBUG /api/GetProductStock:  参数:[50,39,{"CategorySns":[1],"Keyword":null,"Price":0.0,"StoreId":"16","MachineSn":"01","CID":1,"DeviceSn":"FCAA147DA9F9"}]
2016-08-04 14:00:59.947 DEBUG /api/GetProductStock:  参数:[50,40,{"CategorySns":[1],"Keyword":null,"Price":0.0,"StoreId":"16","MachineSn":"01","CID":1,"DeviceSn":"FCAA147DA9F9"}]
2016-08-04 14:04:17.565 DEBUG /api/GetReason:  参数:[{"Type":1,"StoreId":"16","MachineSn":"01","CID":1,"DeviceSn":"FCAA147DA9F9"}]
2016-08-04 14:04:17.647 DEBUG /api/GetReason:  参数:[{"Type":2,"StoreId":"16","MachineSn":"01","CID":1,"DeviceSn":"FCAA147DA9F9"}]
2016-08-04 14:04:17.657 DEBUG /api/GetReason:  参数:[{"Type":2,"StoreId":"16","MachineSn":"01","CID":1,"DeviceSn":"FCAA147DA9F9"}]
2016-08-04 14:04:17.681 DEBUG /api/GetRefundAllOrderSn:  参数:[{"StoreId":"16","MachineSn":"01","CID":1,"DeviceSn":"FCAA147DA9F9"}]
2016-08-04 14:04:31.888 DEBUG /api/AddRefundOrChangeInfo:  参数:[{"Barcode":"0101020001","ChangeNumber":0.0,"ChangePrice":0.0,"Status":false,"Mode":2,"RecordId":null,"ProductType":0,"StoreId":"16","MachineSn":"01","CID":1,"DeviceSn":"FCAA147DA9F9"}]
2016-08-04 14:04:59.510 DEBUG /api/GetAuthUsers:  参数:[{"storeOperateAuth":2,"StoreId":"16","MachineSn":"01","CID":1,"DeviceSn":"FCAA147DA9F9"}]
2016-08-04 14:05:01.021 DEBUG /api/SetSaleMan:  参数:[{"SaleMan":"1008","Source":2,"Mode":2,"StoreId":"16","MachineSn":"01","CID":1,"DeviceSn":"FCAA147DA9F9"}]
2016-08-04 14:05:18.326 DEBUG /api/Authorization:  参数:[{"Password":"123456","StoreId":"16","MachineSn":"01","CID":1,"DeviceSn":"FCAA147DA9F9"}]
2016-08-04 14:05:18.357 DEBUG /api/SetOldCustomerOrderSn:  参数:[{"OldCustomerOrderSN":"01201608030005","Mode":2,"StoreId":"16","MachineSn":"01","CID":1,"DeviceSn":"FCAA147DA9F9"}]
2016-08-04 14:05:18.424 DEBUG /api/SetSaleMan:  参数:[{"SaleMan":"1008","Source":2,"Mode":2,"StoreId":"16","MachineSn":"01","CID":1,"DeviceSn":"FCAA147DA9F9"}]
2016-08-04 14:05:18.514 DEBUG /api/PaysStatus:  参数:[{"StoreId":"16","MachineSn":null,"CID":1,"DeviceSn":"FCAA147DA9F9"}]
2016-08-04 14:05:21.303 DEBUG /api/Pay:  参数:[{"Mode":3,"Receivable":-780.0,"OrderAmount":-780.0000,"Payway":[{"Type":2,"Amount":-780.0,"Receive":-780.0,"Change":0.0,"CardNo":null,"WipeZero":0.0000}],"Reason":38,"OldOrderSn":"","SaleMan":null,"StoreId":"16","MachineSn":"01","CID":1,"DeviceSn":"FCAA147DA9F9"}]
2016-08-04 14:05:29.997 DEBUG /api/SetSaleMan:  参数:[{"SaleMan":"0","Source":2,"Mode":2,"StoreId":"16","MachineSn":"01","CID":1,"DeviceSn":"FCAA147DA9F9"}]
2016-08-04 14:05:30.029 DEBUG /api/ClearOrder:  参数:[{"StoreId":"16","MachineSn":"01","CID":1,"DeviceSn":"FCAA147DA9F9"}]
2016-08-04 14:05:30.052 DEBUG /api/ClearRefundOrChangeInfo:  参数:[{"Barcode":null,"ChangeNumber":0.0,"ChangePrice":0.0,"Status":false,"Mode":2,"RecordId":null,"ProductType":0,"StoreId":"16","MachineSn":"01","CID":1,"DeviceSn":"FCAA147DA9F9"}]
2016-08-04 14:05:30.053 DEBUG /api/ClearRefundOrChangeInfo:  参数:[{"Barcode":null,"ChangeNumber":0.0,"ChangePrice":0.0,"Status":false,"Mode":1,"RecordId":null,"ProductType":0,"StoreId":"16","MachineSn":"01","CID":1,"DeviceSn":"FCAA147DA9F9"}]
2016-08-04 14:06:30.074 DEBUG /api/GetProductCategory:  参数:[{"StoreId":"16","MachineSn":"01","CID":1,"DeviceSn":"FCAA147DA9F9"}]
2016-08-04 14:06:33.564 DEBUG /api/GetProductStock:  参数:[50,1,{"CategorySns":[5],"Keyword":null,"Price":0.0,"StoreId":"16","MachineSn":"01","CID":1,"DeviceSn":"FCAA147DA9F9"}]
2016-08-04 14:06:33.941 DEBUG /api/GetProductStock:  参数:[50,2,{"CategorySns":[5],"Keyword":null,"Price":0.0,"StoreId":"16","MachineSn":"01","CID":1,"DeviceSn":"FCAA147DA9F9"}]
2016-08-04 14:06:38.872 DEBUG /api/SaleOrderAdd:  参数:[{"Barcode":"0102010073","Status":47,"StoreId":"16","MachineSn":"01","CID":1,"DeviceSn":"FCAA147DA9F9"}]
2016-08-04 14:06:39.746 DEBUG /api/SaleOrderAdd:  参数:[{"Barcode":"0102010074","Status":47,"StoreId":"16","MachineSn":"01","CID":1,"DeviceSn":"FCAA147DA9F9"}]
2016-08-04 14:06:40.970 DEBUG /api/SaleOrderAdd:  参数:[{"Barcode":"0102010075","Status":47,"StoreId":"16","MachineSn":"01","CID":1,"DeviceSn":"FCAA147DA9F9"}]
2016-08-04 14:07:01.736 DEBUG /api/GetAuthUsers:  参数:[{"storeOperateAuth":2,"StoreId":"16","MachineSn":"01","CID":1,"DeviceSn":"FCAA147DA9F9"}]
2016-08-04 14:07:04.220 DEBUG /api/SetSaleMan:  参数:[{"SaleMan":"1008","Source":0,"Mode":0,"StoreId":"16","MachineSn":"01","CID":1,"DeviceSn":"FCAA147DA9F9"}]
2016-08-04 14:07:15.091 DEBUG /api/PaysStatus:  参数:[{"StoreId":"16","MachineSn":null,"CID":1,"DeviceSn":"FCAA147DA9F9"}]
2016-08-04 14:07:19.578 DEBUG /api/Pay:  参数:[{"Mode":2,"Receivable":158.0,"OrderAmount":158.00,"Payway":[{"Type":1,"Amount":158.0,"Receive":160.0,"Change":2.0,"CardNo":null,"WipeZero":0.00}],"Reason":0,"OldOrderSn":"","SaleMan":null,"StoreId":"16","MachineSn":"01","CID":1,"DeviceSn":"FCAA147DA9F9"}]
2016-08-04 14:07:22.808 DEBUG /api/SetSaleMan:  参数:[{"SaleMan":"0","Source":0,"Mode":0,"StoreId":"16","MachineSn":"01","CID":1,"DeviceSn":"FCAA147DA9F9"}]
2016-08-04 14:07:22.845 DEBUG /api/ClearOrder:  参数:[{"StoreId":"16","MachineSn":"01","CID":1,"DeviceSn":"FCAA147DA9F9"}]
2016-08-04 14:08:00.223 DEBUG /api/GetProductCategory:  参数:[{"StoreId":"16","MachineSn":"01","CID":1,"DeviceSn":"FCAA147DA9F9"}]
2016-08-04 14:08:03.030 DEBUG /api/GetProductStock:  参数:[50,1,{"CategorySns":[5],"Keyword":null,"Price":0.0,"StoreId":"16","MachineSn":"01","CID":1,"DeviceSn":"FCAA147DA9F9"}]
2016-08-04 14:08:03.438 DEBUG /api/GetProductStock:  参数:[50,2,{"CategorySns":[5],"Keyword":null,"Price":0.0,"StoreId":"16","MachineSn":"01","CID":1,"DeviceSn":"FCAA147DA9F9"}]
2016-08-04 14:08:06.918 DEBUG /api/SaleOrderAdd:  参数:[{"Barcode":"0102020005","Status":47,"StoreId":"16","MachineSn":"01","CID":1,"DeviceSn":"FCAA147DA9F9"}]
2016-08-04 14:08:09.939 DEBUG /api/GetAuthUsers:  参数:[{"storeOperateAuth":2,"StoreId":"16","MachineSn":"01","CID":1,"DeviceSn":"FCAA147DA9F9"}]
2016-08-04 14:08:11.166 DEBUG /api/SetSaleMan:  参数:[{"SaleMan":"1002","Source":0,"Mode":0,"StoreId":"16","MachineSn":"01","CID":1,"DeviceSn":"FCAA147DA9F9"}]
2016-08-04 14:08:24.072 DEBUG /api/Authorization:  参数:[{"Password":"123456","StoreId":"16","MachineSn":"01","CID":1,"DeviceSn":"FCAA147DA9F9"}]
2016-08-04 14:08:24.099 DEBUG /api/PaysStatus:  参数:[{"StoreId":"16","MachineSn":null,"CID":1,"DeviceSn":"FCAA147DA9F9"}]
2016-08-04 14:08:28.298 DEBUG /api/Pay:  参数:[{"Mode":2,"Receivable":16.0,"OrderAmount":16.00,"Payway":[{"Type":2,"Amount":16.0,"Receive":16.0,"Change":0.0,"CardNo":null,"WipeZero":0.00}],"Reason":0,"OldOrderSn":"","SaleMan":null,"StoreId":"16","MachineSn":"01","CID":1,"DeviceSn":"FCAA147DA9F9"}]
2016-08-04 14:08:29.847 DEBUG /api/SetSaleMan:  参数:[{"SaleMan":"0","Source":0,"Mode":0,"StoreId":"16","MachineSn":"01","CID":1,"DeviceSn":"FCAA147DA9F9"}]
2016-08-04 14:08:29.857 DEBUG /api/ClearOrder:  参数:[{"StoreId":"16","MachineSn":"01","CID":1,"DeviceSn":"FCAA147DA9F9"}]
2016-08-04 14:08:57.727 DEBUG /api/DayReport:  参数:[{"Range":1,"Mode":0,"Date":"2016-08-04 14:08:53","StoreId":"16","MachineSn":"01","CID":1,"DeviceSn":"FCAA147DA9F9"}]
2016-08-04 14:09:07.010 DEBUG /api/FindBills:  参数:[{"Date":"2016-08-04 14:09:06","Range":0,"PaySn":null,"Cashier":"1008","QueryMachineSn":"01","StoreId":"16","MachineSn":"01","CID":1,"DeviceSn":"FCAA147DA9F9"}]
2016-08-04 14:09:20.113 DEBUG /api/FindBillHistory:  参数:[{"PaySn":"01201608040009","StoreId":"16","MachineSn":"01","CID":1,"DeviceSn":"FCAA147DA9F9"}]
2016-08-04 14:09:29.469 DEBUG /api/FindBillHistory:  参数:[{"PaySn":"01201608040011","StoreId":"16","MachineSn":"01","CID":1,"DeviceSn":"FCAA147DA9F9"}]
2016-08-04 14:09:36.961 DEBUG /api/FindBillHistory:  参数:[{"PaySn":"01201608040003","StoreId":"16","MachineSn":"01","CID":1,"DeviceSn":"FCAA147DA9F9"}]
2016-08-04 14:09:47.017 DEBUG /api/FindBillHistory:  参数:[{"PaySn":"01201608040001","StoreId":"16","MachineSn":"01","CID":1,"DeviceSn":"FCAA147DA9F9"}]
2016-08-04 14:13:51.817 DEBUG /api/PaysStatus:  参数:[{"StoreId":"16","MachineSn":null,"CID":1,"DeviceSn":"FCAA147DA9F9"}]
2016-08-04 14:13:51.817 DEBUG /api/GetProductCategory:  参数:[{"StoreId":"16","MachineSn":"01","CID":1,"DeviceSn":"FCAA147DA9F9"}]
2016-08-04 14:34:54.047 DEBUG /api/Login:  参数:[{"Account":"1008","Password":"123456","EntryPoint":0,"DeviceType":1,"InTestMode":false,"CID":1,"IsLock":false,"StoreId":"1","MachineSn":"01","DeviceSn":"FCAA147DA9F9"}]
2016-08-04 14:34:56.678 DEBUG /api/ClearOrder:  参数:[{"StoreId":"1","MachineSn":"01","CID":1,"DeviceSn":"FCAA147DA9F9"}]
2016-08-04 14:34:56.790 DEBUG /api/HandBillNum:  参数:[{"OrderSn":null,"StoreId":"1","MachineSn":"01","CID":1,"DeviceSn":"FCAA147DA9F9"}]
2016-08-04 14:35:01.224 DEBUG /api/GetProductCategory:  参数:[{"StoreId":"1","MachineSn":"01","CID":1,"DeviceSn":"FCAA147DA9F9"}]
2016-08-04 14:35:04.445 DEBUG /api/FindBills:  参数:[{"Date":"2016-08-04 14:35:04","Range":0,"PaySn":null,"Cashier":"1008","QueryMachineSn":"01","StoreId":"1","MachineSn":"01","CID":1,"DeviceSn":"FCAA147DA9F9"}]
2016-08-04 14:35:06.028 DEBUG /api/FindBillHistory:  参数:[{"PaySn":"01201608040002","StoreId":"1","MachineSn":"01","CID":1,"DeviceSn":"FCAA147DA9F9"}]
2016-08-04 14:38:54.924 DEBUG /api/GetProductCategory:  参数:[{"StoreId":"1","MachineSn":"01","CID":1,"DeviceSn":"FCAA147DA9F9"}]
2016-08-04 14:38:54.924 DEBUG /api/PaysStatus:  参数:[{"StoreId":"1","MachineSn":null,"CID":1,"DeviceSn":"FCAA147DA9F9"}]
2016-08-04 14:39:01.090 DEBUG /api/Login:  参数:[{"Account":"1008","Password":"123456","EntryPoint":0,"DeviceType":1,"InTestMode":false,"CID":1,"IsLock":false,"StoreId":"1","MachineSn":"01","DeviceSn":"FCAA147DA9F9"}]
2016-08-04 14:39:01.550 DEBUG /api/ClearOrder:  参数:[{"StoreId":"1","MachineSn":"01","CID":1,"DeviceSn":"FCAA147DA9F9"}]
2016-08-04 14:39:01.668 DEBUG /api/HandBillNum:  参数:[{"OrderSn":null,"StoreId":"1","MachineSn":"01","CID":1,"DeviceSn":"FCAA147DA9F9"}]
2016-08-04 14:39:07.235 DEBUG /api/GetProductCategory:  参数:[{"StoreId":"1","MachineSn":"01","CID":1,"DeviceSn":"FCAA147DA9F9"}]
2016-08-04 14:39:10.246 DEBUG /api/FindBills:  参数:[{"Date":"2016-08-04 14:39:10","Range":0,"PaySn":null,"Cashier":"1008","QueryMachineSn":"01","StoreId":"1","MachineSn":"01","CID":1,"DeviceSn":"FCAA147DA9F9"}]
2016-08-04 14:39:11.778 DEBUG /api/FindBillHistory:  参数:[{"PaySn":"01201608040002","StoreId":"1","MachineSn":"01","CID":1,"DeviceSn":"FCAA147DA9F9"}]
2016-08-04 14:39:19.363 DEBUG /api/FindBillHistory:  参数:[{"PaySn":"01201608040001","StoreId":"1","MachineSn":"01","CID":1,"DeviceSn":"FCAA147DA9F9"}]
2016-08-04 14:39:24.163 DEBUG /api/GetProductCategory:  参数:[{"StoreId":"1","MachineSn":"01","CID":1,"DeviceSn":"FCAA147DA9F9"}]
2016-08-04 14:39:26.815 DEBUG /api/GetReason:  参数:[{"Type":1,"StoreId":"1","MachineSn":"01","CID":1,"DeviceSn":"FCAA147DA9F9"}]
2016-08-04 14:39:26.815 DEBUG /api/GetReason:  参数:[{"Type":2,"StoreId":"1","MachineSn":"01","CID":1,"DeviceSn":"FCAA147DA9F9"}]
2016-08-04 14:39:26.997 DEBUG /api/GetReason:  参数:[{"Type":2,"StoreId":"1","MachineSn":"01","CID":1,"DeviceSn":"FCAA147DA9F9"}]
2016-08-04 14:39:27.023 DEBUG /api/GetRefundAllOrderSn:  参数:[{"StoreId":"1","MachineSn":"01","CID":1,"DeviceSn":"FCAA147DA9F9"}]
2016-08-04 14:40:03.330 DEBUG /api/FindBillHistory:  参数:[{"PaySn":"01201606140003","StoreId":"1","MachineSn":"01","CID":1,"DeviceSn":"FCAA147DA9F9"}]
2016-08-04 14:40:14.840 DEBUG /api/Authorization:  参数:[{"Password":"123456","StoreId":"1","MachineSn":"01","CID":1,"DeviceSn":"FCAA147DA9F9"}]
2016-08-04 14:40:14.888 DEBUG /api/PaysStatus:  参数:[{"StoreId":"1","MachineSn":null,"CID":1,"DeviceSn":"FCAA147DA9F9"}]
2016-08-04 14:40:19.025 DEBUG /api/Pay:  参数:[{"Mode":4,"Receivable":-28551.2,"OrderAmount":-28551.2000,"Payway":[{"Type":2,"Amount":-28551.2,"Receive":-28551.2,"Change":0.0,"CardNo":null,"WipeZero":0.0000}],"Reason":38,"OldOrderSn":"01201606140003","SaleMan":null,"StoreId":"1","MachineSn":"01","CID":1,"DeviceSn":"FCAA147DA9F9"}]
2016-08-04 14:40:22.404 DEBUG /api/ClearOrder:  参数:[{"StoreId":"1","MachineSn":"01","CID":1,"DeviceSn":"FCAA147DA9F9"}]
2016-08-04 14:40:22.449 DEBUG /api/ClearRefundOrChangeInfo:  参数:[{"Barcode":null,"ChangeNumber":0.0,"ChangePrice":0.0,"Status":false,"Mode":2,"RecordId":null,"ProductType":0,"StoreId":"1","MachineSn":"01","CID":1,"DeviceSn":"FCAA147DA9F9"}]
2016-08-04 14:40:22.449 DEBUG /api/ClearRefundOrChangeInfo:  参数:[{"Barcode":null,"ChangeNumber":0.0,"ChangePrice":0.0,"Status":false,"Mode":1,"RecordId":null,"ProductType":0,"StoreId":"1","MachineSn":"01","CID":1,"DeviceSn":"FCAA147DA9F9"}]
2016-08-04 14:51:53.799 DEBUG /api/PaysStatus:  参数:[{"StoreId":"1","MachineSn":null,"CID":1,"DeviceSn":"FCAA147DA9F9"}]
2016-08-04 14:51:53.799 DEBUG /api/GetProductCategory:  参数:[{"StoreId":"1","MachineSn":"01","CID":1,"DeviceSn":"FCAA147DA9F9"}]
2016-08-04 14:52:05.468 DEBUG /api/Login:  参数:[{"Account":"1008","Password":"123456","EntryPoint":0,"DeviceType":1,"InTestMode":false,"CID":1,"IsLock":false,"StoreId":"1","MachineSn":"01","DeviceSn":"FCAA147DA9F9"}]
2016-08-04 14:52:05.972 DEBUG /api/ClearOrder:  参数:[{"StoreId":"1","MachineSn":"01","CID":1,"DeviceSn":"FCAA147DA9F9"}]
2016-08-04 14:52:06.079 DEBUG /api/HandBillNum:  参数:[{"OrderSn":null,"StoreId":"1","MachineSn":"01","CID":1,"DeviceSn":"FCAA147DA9F9"}]
2016-08-04 14:52:12.922 DEBUG /api/GetProductCategory:  参数:[{"StoreId":"1","MachineSn":"01","CID":1,"DeviceSn":"FCAA147DA9F9"}]
2016-08-04 14:52:19.802 DEBUG /api/FindBills:  参数:[{"Date":"2016-08-04 14:52:19","Range":0,"PaySn":null,"Cashier":"1008","QueryMachineSn":"01","StoreId":"1","MachineSn":"01","CID":1,"DeviceSn":"FCAA147DA9F9"}]
2016-08-04 14:52:21.993 DEBUG /api/FindBillHistory:  参数:[{"PaySn":"01201608040001","StoreId":"1","MachineSn":"01","CID":1,"DeviceSn":"FCAA147DA9F9"}]
2016-08-04 14:52:29.104 DEBUG /api/FindBills:  参数:[{"Date":"2016-08-04 14:52:29","Range":0,"PaySn":null,"Cashier":"1008","QueryMachineSn":"01","StoreId":"1","MachineSn":"01","CID":1,"DeviceSn":"FCAA147DA9F9"}]
2016-08-04 14:52:39.274 DEBUG /api/GetProductCategory:  参数:[{"StoreId":"1","MachineSn":"01","CID":1,"DeviceSn":"FCAA147DA9F9"}]
2016-08-04 14:52:42.626 DEBUG /api/GetProductStock:  参数:[50,1,{"CategorySns":[5],"Keyword":null,"Price":0.0,"StoreId":"1","MachineSn":"01","CID":1,"DeviceSn":"FCAA147DA9F9"}]
2016-08-04 14:52:43.108 DEBUG /api/GetProductStock:  参数:[50,2,{"CategorySns":[5],"Keyword":null,"Price":0.0,"StoreId":"1","MachineSn":"01","CID":1,"DeviceSn":"FCAA147DA9F9"}]
2016-08-04 14:52:46.088 DEBUG /api/SaleOrderAdd:  参数:[{"Barcode":"0102010076","Status":47,"StoreId":"1","MachineSn":"01","CID":1,"DeviceSn":"FCAA147DA9F9"}]
2016-08-04 14:52:54.584 DEBUG /api/SaleOrderRemove:  参数:[{"Barcode":"0102010076","Status":47,"HasEditPrice":false,"RecordId":"b8fa2662-61e8-4162-9b05-144cb76a8952","StoreId":"1","MachineSn":"01","CID":1,"DeviceSn":"FCAA147DA9F9"}]
2016-08-04 14:52:56.127 DEBUG /api/GetReason:  参数:[{"Type":2,"StoreId":"1","MachineSn":"01","CID":1,"DeviceSn":"FCAA147DA9F9"}]
2016-08-04 14:52:56.127 DEBUG /api/GetReason:  参数:[{"Type":1,"StoreId":"1","MachineSn":"01","CID":1,"DeviceSn":"FCAA147DA9F9"}]
2016-08-04 14:52:56.308 DEBUG /api/GetReason:  参数:[{"Type":2,"StoreId":"1","MachineSn":"01","CID":1,"DeviceSn":"FCAA147DA9F9"}]
2016-08-04 14:52:56.362 DEBUG /api/GetRefundAllOrderSn:  参数:[{"StoreId":"1","MachineSn":"01","CID":1,"DeviceSn":"FCAA147DA9F9"}]
2016-08-04 14:53:30.568 DEBUG /api/AddRefundOrChangeInfo:  参数:[{"Barcode":"0101020001","ChangeNumber":0.0,"ChangePrice":0.0,"Status":false,"Mode":1,"RecordId":null,"ProductType":0,"StoreId":"1","MachineSn":"01","CID":1,"DeviceSn":"FCAA147DA9F9"}]
2016-08-04 14:53:37.999 DEBUG /api/AddRefundOrChangeInfo:  参数:[{"Barcode":"0101020001","ChangeNumber":0.0,"ChangePrice":0.0,"Status":true,"Mode":1,"RecordId":null,"ProductType":0,"StoreId":"1","MachineSn":"01","CID":1,"DeviceSn":"FCAA147DA9F9"}]
2016-08-04 14:53:43.879 DEBUG /api/Authorization:  参数:[{"Password":"123456","StoreId":"1","MachineSn":"01","CID":1,"DeviceSn":"FCAA147DA9F9"}]
2016-08-04 14:53:43.923 DEBUG /api/SetOldCustomerOrderSn:  参数:[{"OldCustomerOrderSN":"01201606140002","Mode":1,"StoreId":"1","MachineSn":"01","CID":1,"DeviceSn":"FCAA147DA9F9"}]
2016-08-04 14:53:43.963 DEBUG /api/SetSaleMan:  参数:[{"SaleMan":"1008","Source":1,"Mode":1,"StoreId":"1","MachineSn":"01","CID":1,"DeviceSn":"FCAA147DA9F9"}]
2016-08-04 14:53:44.082 DEBUG /api/PaysStatus:  参数:[{"StoreId":"1","MachineSn":null,"CID":1,"DeviceSn":"FCAA147DA9F9"}]
2016-08-04 14:53:47.888 DEBUG /api/Pay:  参数:[{"Mode":1,"Receivable":0.0,"OrderAmount":0.0000,"Payway":[{"Type":2,"Amount":0.0,"Receive":0.0,"Change":0.0,"CardNo":null,"WipeZero":0.0000}],"Reason":34,"OldOrderSn":"","SaleMan":null,"StoreId":"1","MachineSn":"01","CID":1,"DeviceSn":"FCAA147DA9F9"}]
2016-08-04 14:53:51.247 DEBUG /api/ClearOrder:  参数:[{"StoreId":"1","MachineSn":"01","CID":1,"DeviceSn":"FCAA147DA9F9"}]
2016-08-04 14:53:51.263 DEBUG /api/ClearRefundOrChangeInfo:  参数:[{"Barcode":null,"ChangeNumber":0.0,"ChangePrice":0.0,"Status":false,"Mode":2,"RecordId":null,"ProductType":0,"StoreId":"1","MachineSn":"01","CID":1,"DeviceSn":"FCAA147DA9F9"}]
2016-08-04 14:53:51.263 DEBUG /api/ClearRefundOrChangeInfo:  参数:[{"Barcode":null,"ChangeNumber":0.0,"ChangePrice":0.0,"Status":false,"Mode":1,"RecordId":null,"ProductType":0,"StoreId":"1","MachineSn":"01","CID":1,"DeviceSn":"FCAA147DA9F9"}]
2016-08-04 14:53:52.979 DEBUG /api/GetReason:  参数:[{"Type":1,"StoreId":"1","MachineSn":"01","CID":1,"DeviceSn":"FCAA147DA9F9"}]
2016-08-04 14:53:53.001 DEBUG /api/GetReason:  参数:[{"Type":2,"StoreId":"1","MachineSn":"01","CID":1,"DeviceSn":"FCAA147DA9F9"}]
2016-08-04 14:53:53.001 DEBUG /api/GetReason:  参数:[{"Type":2,"StoreId":"1","MachineSn":"01","CID":1,"DeviceSn":"FCAA147DA9F9"}]
2016-08-04 14:53:53.053 DEBUG /api/GetRefundAllOrderSn:  参数:[{"StoreId":"1","MachineSn":"01","CID":1,"DeviceSn":"FCAA147DA9F9"}]
2016-08-04 14:54:06.434 DEBUG /api/AddRefundOrChangeInfo:  参数:[{"Barcode":"0101020001","ChangeNumber":0.0,"ChangePrice":0.0,"Status":false,"Mode":1,"RecordId":null,"ProductType":0,"StoreId":"1","MachineSn":"01","CID":1,"DeviceSn":"FCAA147DA9F9"}]
2016-08-04 14:54:12.799 DEBUG /api/AddRefundOrChangeInfo:  参数:[{"Barcode":"0101020001","ChangeNumber":0.0,"ChangePrice":0.0,"Status":true,"Mode":1,"RecordId":null,"ProductType":0,"StoreId":"1","MachineSn":"01","CID":1,"DeviceSn":"FCAA147DA9F9"}]
2016-08-04 14:54:17.209 DEBUG /api/Authorization:  参数:[{"Password":"123456","StoreId":"1","MachineSn":"01","CID":1,"DeviceSn":"FCAA147DA9F9"}]
2016-08-04 14:54:17.231 DEBUG /api/SetOldCustomerOrderSn:  参数:[{"OldCustomerOrderSN":"01201606140002","Mode":1,"StoreId":"1","MachineSn":"01","CID":1,"DeviceSn":"FCAA147DA9F9"}]
2016-08-04 14:54:17.266 DEBUG /api/PaysStatus:  参数:[{"StoreId":"1","MachineSn":null,"CID":1,"DeviceSn":"FCAA147DA9F9"}]
2016-08-04 14:54:19.207 DEBUG /api/Pay:  参数:[{"Mode":1,"Receivable":0.0,"OrderAmount":0.0000,"Payway":[{"Type":2,"Amount":0.0,"Receive":0.0,"Change":0.0,"CardNo":null,"WipeZero":0.0000}],"Reason":34,"OldOrderSn":"","SaleMan":null,"StoreId":"1","MachineSn":"01","CID":1,"DeviceSn":"FCAA147DA9F9"}]
2016-08-04 14:54:22.406 DEBUG /api/ClearOrder:  参数:[{"StoreId":"1","MachineSn":"01","CID":1,"DeviceSn":"FCAA147DA9F9"}]
2016-08-04 14:54:22.433 DEBUG /api/ClearRefundOrChangeInfo:  参数:[{"Barcode":null,"ChangeNumber":0.0,"ChangePrice":0.0,"Status":false,"Mode":2,"RecordId":null,"ProductType":0,"StoreId":"1","MachineSn":"01","CID":1,"DeviceSn":"FCAA147DA9F9"}]
2016-08-04 14:54:22.445 DEBUG /api/ClearRefundOrChangeInfo:  参数:[{"Barcode":null,"ChangeNumber":0.0,"ChangePrice":0.0,"Status":false,"Mode":1,"RecordId":null,"ProductType":0,"StoreId":"1","MachineSn":"01","CID":1,"DeviceSn":"FCAA147DA9F9"}]
2016-08-04 15:50:45.864 DEBUG /api/PaysStatus:  参数:[{"StoreId":"1","MachineSn":null,"CID":1,"DeviceSn":"FCAA147DA9F9"}]
2016-08-04 15:50:45.864 DEBUG /api/GetProductCategory:  参数:[{"StoreId":"1","MachineSn":"01","CID":1,"DeviceSn":"FCAA147DA9F9"}]
