2016-08-13 11:40:23.079 DEBUG /api/Login:  参数:[{"Account":"1008","Password":"123456","EntryPoint":0,"DeviceType":1,"InTestMode":false,"CID":1,"IsLock":false,"StoreId":"21","MachineSn":"01","DeviceSn":"FCAA147DA9F9"}]
2016-08-13 11:40:26.429 DEBUG /api/ClearOrder:  参数:[{"StoreId":"21","MachineSn":"01","CID":1,"DeviceSn":"FCAA147DA9F9"}]
2016-08-13 11:40:26.984 DEBUG /api/HandBillNum:  参数:[{"OrderSn":null,"StoreId":"21","MachineSn":"01","CID":1,"DeviceSn":"FCAA147DA9F9"}]
2016-08-13 11:40:29.773 DEBUG /api/GetRefundAllOrderSn:  参数:[{"StoreId":"21","MachineSn":"01","CID":1,"DeviceSn":"FCAA147DA9F9"}]
2016-08-13 11:41:44.293 DEBUG /api/SetOldCustomerOrderSn:  参数:[{"OldCustomerOrderSN":"01201608110008","Mode":1,"StoreId":"21","MachineSn":"01","CID":1,"DeviceSn":"FCAA147DA9F9"}]
2016-08-13 11:42:19.071 DEBUG /api/AddRefundOrChangeInfo:  参数:[{"Barcode":"6932041208821","ChangeNumber":0.0,"ChangePrice":0.0,"Status":false,"Mode":1,"RecordId":null,"ProductType":0,"StoreId":"21","MachineSn":"01","CID":1,"DeviceSn":"FCAA147DA9F9"}]
2016-08-13 11:42:24.048 DEBUG /api/AddRefundOrChangeInfo:  参数:[{"Barcode":"6932041208821","ChangeNumber":0.0,"ChangePrice":0.0,"Status":true,"Mode":1,"RecordId":null,"ProductType":0,"StoreId":"21","MachineSn":"01","CID":1,"DeviceSn":"FCAA147DA9F9"}]
2016-08-13 11:42:31.491 DEBUG /api/Authorization:  参数:[{"Password":"123456","StoreId":"21","MachineSn":"01","CID":1,"DeviceSn":"FCAA147DA9F9"}]
2016-08-13 11:42:32.858 DEBUG /api/PaysStatus:  参数:[{"StoreId":"21","MachineSn":null,"CID":1,"DeviceSn":"FCAA147DA9F9"}]
2016-08-13 11:42:35.920 DEBUG /api/Pay:  参数:[{"Mode":1,"Receivable":0.0,"OrderAmount":0.0000,"Payway":[{"Type":2,"Amount":0.0,"Receive":0.0,"Change":0.0,"CardNo":null,"WipeZero":0.0000}],"Reason":0,"OldOrderSn":"","SaleMan":null,"StoreId":"21","MachineSn":"01","CID":1,"DeviceSn":"FCAA147DA9F9"}]
2016-08-13 11:42:39.409 DEBUG /api/ClearOrder:  参数:[{"StoreId":"21","MachineSn":"01","CID":1,"DeviceSn":"FCAA147DA9F9"}]
2016-08-13 11:42:39.439 DEBUG /api/ClearRefundOrChangeInfo:  参数:[{"Barcode":null,"ChangeNumber":0.0,"ChangePrice":0.0,"Status":false,"Mode":2,"RecordId":null,"ProductType":0,"StoreId":"21","MachineSn":"01","CID":1,"DeviceSn":"FCAA147DA9F9"}]
2016-08-13 11:42:39.440 DEBUG /api/ClearRefundOrChangeInfo:  参数:[{"Barcode":null,"ChangeNumber":0.0,"ChangePrice":0.0,"Status":false,"Mode":1,"RecordId":null,"ProductType":0,"StoreId":"21","MachineSn":"01","CID":1,"DeviceSn":"FCAA147DA9F9"}]
2016-08-13 11:43:46.182 DEBUG /api/GetRefundAllOrderSn:  参数:[{"StoreId":"21","MachineSn":"01","CID":1,"DeviceSn":"FCAA147DA9F9"}]
2016-08-13 11:44:03.025 DEBUG /api/SetOldCustomerOrderSn:  参数:[{"OldCustomerOrderSN":"01201608120003","Mode":2,"StoreId":"21","MachineSn":"01","CID":1,"DeviceSn":"FCAA147DA9F9"}]
2016-08-13 11:44:17.164 DEBUG /api/AddRefundOrChangeInfo:  参数:[{"Barcode":"2710089090001","ChangeNumber":0.0,"ChangePrice":0.0,"Status":false,"Mode":2,"RecordId":null,"ProductType":0,"StoreId":"21","MachineSn":"01","CID":1,"DeviceSn":"FCAA147DA9F9"}]
2016-08-13 11:44:22.920 DEBUG /api/Authorization:  参数:[{"Password":"123456","StoreId":"21","MachineSn":"01","CID":1,"DeviceSn":"FCAA147DA9F9"}]
2016-08-13 11:44:23.938 DEBUG /api/PaysStatus:  参数:[{"StoreId":"21","MachineSn":null,"CID":1,"DeviceSn":"FCAA147DA9F9"}]
2016-08-13 11:44:25.983 DEBUG /api/Pay:  参数:[{"Mode":3,"Receivable":-1764.0,"OrderAmount":-1764.0000,"Payway":[{"Type":2,"Amount":-1764.0,"Receive":-1764.0,"Change":0.0,"CardNo":null,"WipeZero":0.0000}],"Reason":0,"OldOrderSn":"","SaleMan":null,"StoreId":"21","MachineSn":"01","CID":1,"DeviceSn":"FCAA147DA9F9"}]
2016-08-13 11:44:29.981 DEBUG /api/ClearOrder:  参数:[{"StoreId":"21","MachineSn":"01","CID":1,"DeviceSn":"FCAA147DA9F9"}]
2016-08-13 11:44:30.012 DEBUG /api/ClearRefundOrChangeInfo:  参数:[{"Barcode":null,"ChangeNumber":0.0,"ChangePrice":0.0,"Status":false,"Mode":1,"RecordId":null,"ProductType":0,"StoreId":"21","MachineSn":"01","CID":1,"DeviceSn":"FCAA147DA9F9"}]
2016-08-13 11:44:30.017 DEBUG /api/ClearRefundOrChangeInfo:  参数:[{"Barcode":null,"ChangeNumber":0.0,"ChangePrice":0.0,"Status":false,"Mode":2,"RecordId":null,"ProductType":0,"StoreId":"21","MachineSn":"01","CID":1,"DeviceSn":"FCAA147DA9F9"}]
2016-08-13 11:44:49.159 DEBUG /api/ClearOrder:  参数:[{"StoreId":"21","MachineSn":"01","CID":1,"DeviceSn":"FCAA147DA9F9"}]
2016-08-13 13:41:56.405 DEBUG /api/PaysStatus:  参数:[{"StoreId":"21","MachineSn":null,"CID":1,"DeviceSn":"FCAA147DA9F9"}]
2016-08-13 13:41:56.405 DEBUG /api/GetProductCategory:  参数:[{"StoreId":"21","MachineSn":"01","CID":1,"DeviceSn":"FCAA147DA9F9"}]
2016-08-13 13:42:01.725 DEBUG /api/Login:  参数:[{"Account":"1008","Password":"123456","EntryPoint":0,"DeviceType":1,"InTestMode":false,"CID":1,"IsLock":false,"StoreId":"21","MachineSn":"01","DeviceSn":"FCAA147DA9F9"}]
2016-08-13 13:42:02.123 DEBUG /api/ClearOrder:  参数:[{"StoreId":"21","MachineSn":"01","CID":1,"DeviceSn":"FCAA147DA9F9"}]
2016-08-13 13:42:02.241 DEBUG /api/HandBillNum:  参数:[{"OrderSn":null,"StoreId":"21","MachineSn":"01","CID":1,"DeviceSn":"FCAA147DA9F9"}]
2016-08-13 13:42:15.280 DEBUG /api/GetRefundAllOrderSn:  参数:[{"StoreId":"21","MachineSn":"01","CID":1,"DeviceSn":"FCAA147DA9F9"}]
2016-08-13 13:42:30.701 DEBUG /api/SetOldCustomerOrderSn:  参数:[{"OldCustomerOrderSN":"01201608120003","Mode":1,"StoreId":"21","MachineSn":"01","CID":1,"DeviceSn":"FCAA147DA9F9"}]
2016-08-13 13:42:32.701 DEBUG /api/SetOldCustomerOrderSn:  参数:[{"OldCustomerOrderSN":"01201608120003","Mode":2,"StoreId":"21","MachineSn":"01","CID":1,"DeviceSn":"FCAA147DA9F9"}]
2016-08-13 13:42:45.770 DEBUG /api/AddRefundOrChangeInfo:  参数:[{"Barcode":"2710089090001","ChangeNumber":0.0,"ChangePrice":0.0,"Status":false,"Mode":2,"RecordId":null,"ProductType":0,"StoreId":"21","MachineSn":"01","CID":1,"DeviceSn":"FCAA147DA9F9"}]
2016-08-13 13:42:54.468 DEBUG /api/Authorization:  参数:[{"Password":"123456","StoreId":"21","MachineSn":"01","CID":1,"DeviceSn":"FCAA147DA9F9"}]
2016-08-13 13:42:55.922 DEBUG /api/PaysStatus:  参数:[{"StoreId":"21","MachineSn":null,"CID":1,"DeviceSn":"FCAA147DA9F9"}]
2016-08-13 13:43:00.155 DEBUG /api/Pay:  参数:[{"Mode":3,"Receivable":-1764.0,"OrderAmount":-1764.0000,"Payway":[{"Type":2,"Amount":-1764.0,"Receive":-1764.0,"Change":0.0,"CardNo":null,"WipeZero":0.0000}],"Reason":0,"OldOrderSn":"","SaleMan":null,"StoreId":"21","MachineSn":"01","CID":1,"DeviceSn":"FCAA147DA9F9"}]
2016-08-13 13:43:03.505 DEBUG /api/ClearOrder:  参数:[{"StoreId":"21","MachineSn":"01","CID":1,"DeviceSn":"FCAA147DA9F9"}]
2016-08-13 13:43:03.525 DEBUG /api/ClearRefundOrChangeInfo:  参数:[{"Barcode":null,"ChangeNumber":0.0,"ChangePrice":0.0,"Status":false,"Mode":1,"RecordId":null,"ProductType":0,"StoreId":"21","MachineSn":"01","CID":1,"DeviceSn":"FCAA147DA9F9"}]
2016-08-13 13:43:03.525 DEBUG /api/ClearRefundOrChangeInfo:  参数:[{"Barcode":null,"ChangeNumber":0.0,"ChangePrice":0.0,"Status":false,"Mode":2,"RecordId":null,"ProductType":0,"StoreId":"21","MachineSn":"01","CID":1,"DeviceSn":"FCAA147DA9F9"}]
2016-08-13 13:43:25.834 DEBUG /api/GetRefundAllOrderSn:  参数:[{"StoreId":"21","MachineSn":"01","CID":1,"DeviceSn":"FCAA147DA9F9"}]
2016-08-13 13:43:49.242 DEBUG /api/SetOldCustomerOrderSn:  参数:[{"OldCustomerOrderSN":"01201608120001","Mode":1,"StoreId":"21","MachineSn":"01","CID":1,"DeviceSn":"FCAA147DA9F9"}]
2016-08-13 13:44:06.821 DEBUG /api/AddRefundOrChangeInfo:  参数:[{"Barcode":"6955193402428","ChangeNumber":0.0,"ChangePrice":0.0,"Status":false,"Mode":1,"RecordId":null,"ProductType":0,"StoreId":"21","MachineSn":"01","CID":1,"DeviceSn":"FCAA147DA9F9"}]
2016-08-13 13:44:10.656 DEBUG /api/AddRefundOrChangeInfo:  参数:[{"Barcode":"6955193402428","ChangeNumber":0.0,"ChangePrice":0.0,"Status":true,"Mode":1,"RecordId":null,"ProductType":0,"StoreId":"21","MachineSn":"01","CID":1,"DeviceSn":"FCAA147DA9F9"}]
2016-08-13 13:44:15.210 DEBUG /api/Authorization:  参数:[{"Password":"123456","StoreId":"21","MachineSn":"01","CID":1,"DeviceSn":"FCAA147DA9F9"}]
2016-08-13 13:44:16.791 DEBUG /api/PaysStatus:  参数:[{"StoreId":"21","MachineSn":null,"CID":1,"DeviceSn":"FCAA147DA9F9"}]
2016-08-13 13:44:23.497 DEBUG /api/Pay:  参数:[{"Mode":1,"Receivable":0.0,"OrderAmount":0.0000,"Payway":[{"Type":2,"Amount":0.0,"Receive":0.0,"Change":0.0,"CardNo":null,"WipeZero":0.0000}],"Reason":0,"OldOrderSn":"","SaleMan":null,"StoreId":"21","MachineSn":"01","CID":1,"DeviceSn":"FCAA147DA9F9"}]
2016-08-13 13:44:57.442 DEBUG /api/ClearRefundOrChangeInfo:  参数:[{"Barcode":null,"ChangeNumber":0.0,"ChangePrice":0.0,"Status":false,"Mode":2,"RecordId":null,"ProductType":0,"StoreId":"21","MachineSn":"01","CID":1,"DeviceSn":"FCAA147DA9F9"}]
2016-08-13 13:44:57.446 DEBUG /api/ClearRefundOrChangeInfo:  参数:[{"Barcode":null,"ChangeNumber":0.0,"ChangePrice":0.0,"Status":false,"Mode":1,"RecordId":null,"ProductType":0,"StoreId":"21","MachineSn":"01","CID":1,"DeviceSn":"FCAA147DA9F9"}]
2016-08-13 13:45:18.642 DEBUG /api/Pay: 调用的目标发生了异常。
2016-08-13 13:45:26.815 DEBUG /api/GetRefundAllOrderSn:  参数:[{"StoreId":"21","MachineSn":"01","CID":1,"DeviceSn":"FCAA147DA9F9"}]
2016-08-13 13:45:30.768 DEBUG /api/SetOldCustomerOrderSn:  参数:[{"OldCustomerOrderSN":"01201608120001","Mode":1,"StoreId":"21","MachineSn":"01","CID":1,"DeviceSn":"FCAA147DA9F9"}]
2016-08-13 13:46:17.355 DEBUG /api/SetOldCustomerOrderSn: An error occurred while executing the command definition. See the inner exception for details.
2016-08-13 13:47:32.060 DEBUG /api/AddRefundOrChangeInfo:  参数:[{"Barcode":"6955193402428","ChangeNumber":0.0,"ChangePrice":0.0,"Status":false,"Mode":1,"RecordId":null,"ProductType":0,"StoreId":"21","MachineSn":"01","CID":1,"DeviceSn":"FCAA147DA9F9"}]
2016-08-13 13:47:35.615 DEBUG /api/AddRefundOrChangeInfo:  参数:[{"Barcode":"6955193402428","ChangeNumber":0.0,"ChangePrice":0.0,"Status":true,"Mode":1,"RecordId":null,"ProductType":0,"StoreId":"21","MachineSn":"01","CID":1,"DeviceSn":"FCAA147DA9F9"}]
2016-08-13 13:47:39.877 DEBUG /api/Authorization:  参数:[{"Password":"123456","StoreId":"21","MachineSn":"01","CID":1,"DeviceSn":"FCAA147DA9F9"}]
2016-08-13 13:47:41.804 DEBUG /api/PaysStatus:  参数:[{"StoreId":"21","MachineSn":null,"CID":1,"DeviceSn":"FCAA147DA9F9"}]
2016-08-13 13:47:44.166 DEBUG /api/Pay:  参数:[{"Mode":1,"Receivable":0.0,"OrderAmount":0.0000,"Payway":[{"Type":2,"Amount":0.0,"Receive":0.0,"Change":0.0,"CardNo":null,"WipeZero":0.0000}],"Reason":0,"OldOrderSn":"","SaleMan":null,"StoreId":"21","MachineSn":"01","CID":1,"DeviceSn":"FCAA147DA9F9"}]
2016-08-13 13:47:48.452 DEBUG /api/ClearOrder:  参数:[{"StoreId":"21","MachineSn":"01","CID":1,"DeviceSn":"FCAA147DA9F9"}]
2016-08-13 13:47:48.476 DEBUG /api/ClearRefundOrChangeInfo:  参数:[{"Barcode":null,"ChangeNumber":0.0,"ChangePrice":0.0,"Status":false,"Mode":1,"RecordId":null,"ProductType":0,"StoreId":"21","MachineSn":"01","CID":1,"DeviceSn":"FCAA147DA9F9"}]
2016-08-13 13:47:48.483 DEBUG /api/ClearRefundOrChangeInfo:  参数:[{"Barcode":null,"ChangeNumber":0.0,"ChangePrice":0.0,"Status":false,"Mode":2,"RecordId":null,"ProductType":0,"StoreId":"21","MachineSn":"01","CID":1,"DeviceSn":"FCAA147DA9F9"}]
2016-08-13 13:49:38.901 DEBUG /api/GetRefundAllOrderSn:  参数:[{"StoreId":"21","MachineSn":"01","CID":1,"DeviceSn":"FCAA147DA9F9"}]
2016-08-13 13:49:41.376 DEBUG /api/SetOldCustomerOrderSn:  参数:[{"OldCustomerOrderSN":"01201608110008","Mode":1,"StoreId":"21","MachineSn":"01","CID":1,"DeviceSn":"FCAA147DA9F9"}]
2016-08-13 13:49:47.074 DEBUG /api/AddRefundOrChangeInfo:  参数:[{"Barcode":"6932041208821","ChangeNumber":0.0,"ChangePrice":0.0,"Status":false,"Mode":1,"RecordId":null,"ProductType":0,"StoreId":"21","MachineSn":"01","CID":1,"DeviceSn":"FCAA147DA9F9"}]
2016-08-13 13:49:50.951 DEBUG /api/AddRefundOrChangeInfo:  参数:[{"Barcode":"6932041208821","ChangeNumber":0.0,"ChangePrice":0.0,"Status":true,"Mode":1,"RecordId":null,"ProductType":0,"StoreId":"21","MachineSn":"01","CID":1,"DeviceSn":"FCAA147DA9F9"}]
2016-08-13 13:49:54.783 DEBUG /api/Authorization:  参数:[{"Password":"123456","StoreId":"21","MachineSn":"01","CID":1,"DeviceSn":"FCAA147DA9F9"}]
2016-08-13 13:49:55.847 DEBUG /api/PaysStatus:  参数:[{"StoreId":"21","MachineSn":null,"CID":1,"DeviceSn":"FCAA147DA9F9"}]
2016-08-13 13:49:58.627 DEBUG /api/Pay:  参数:[{"Mode":1,"Receivable":0.0,"OrderAmount":0.0000,"Payway":[{"Type":2,"Amount":0.0,"Receive":0.0,"Change":0.0,"CardNo":null,"WipeZero":0.0000}],"Reason":0,"OldOrderSn":"","SaleMan":null,"StoreId":"21","MachineSn":"01","CID":1,"DeviceSn":"FCAA147DA9F9"}]
2016-08-13 13:50:01.932 DEBUG /api/ClearOrder:  参数:[{"StoreId":"21","MachineSn":"01","CID":1,"DeviceSn":"FCAA147DA9F9"}]
2016-08-13 13:50:01.955 DEBUG /api/ClearRefundOrChangeInfo:  参数:[{"Barcode":null,"ChangeNumber":0.0,"ChangePrice":0.0,"Status":false,"Mode":1,"RecordId":null,"ProductType":0,"StoreId":"21","MachineSn":"01","CID":1,"DeviceSn":"FCAA147DA9F9"}]
2016-08-13 13:50:01.960 DEBUG /api/ClearRefundOrChangeInfo:  参数:[{"Barcode":null,"ChangeNumber":0.0,"ChangePrice":0.0,"Status":false,"Mode":2,"RecordId":null,"ProductType":0,"StoreId":"21","MachineSn":"01","CID":1,"DeviceSn":"FCAA147DA9F9"}]
2016-08-13 13:50:52.849 DEBUG /api/ClearOrder:  参数:[{"StoreId":"21","MachineSn":"01","CID":1,"DeviceSn":"FCAA147DA9F9"}]
