2016-08-05 14:57:20.914 DEBUG /api/Login:  参数:[{"Account":"1008","Password":"123456","EntryPoint":0,"DeviceType":1,"InTestMode":false,"CID":1,"IsLock":false,"StoreId":"18","MachineSn":"03","DeviceSn":"FCAA147DA9F9"}]
2016-08-05 14:57:24.013 DEBUG /api/ClearOrder:  参数:[{"StoreId":"18","MachineSn":"03","CID":1,"DeviceSn":"FCAA147DA9F9"}]
2016-08-05 14:57:24.117 DEBUG /api/HandBillNum:  参数:[{"OrderSn":null,"StoreId":"18","MachineSn":"03","CID":1,"DeviceSn":"FCAA147DA9F9"}]
2016-08-05 14:57:26.031 DEBUG /api/GetProductCategory:  参数:[{"StoreId":"18","MachineSn":"03","CID":1,"DeviceSn":"FCAA147DA9F9"}]
2016-08-05 14:57:31.666 DEBUG /api/SaleOrderAdd:  参数:[{"Barcode":"10089","Status":47,"StoreId":"18","MachineSn":"03","CID":1,"DeviceSn":"FCAA147DA9F9"}]
2016-08-05 14:57:31.954 DEBUG /api/SaleOrderAdd: 散称商品请过称！
2016-08-05 14:57:35.438 DEBUG /api/SaleOrderAdd:  参数:[{"Barcode":"2710089002911","Status":47,"StoreId":"18","MachineSn":"03","CID":1,"DeviceSn":"FCAA147DA9F9"}]
2016-08-05 14:57:45.837 DEBUG /api/Authorization:  参数:[{"Password":"123456","StoreId":"18","MachineSn":"03","CID":1,"DeviceSn":"FCAA147DA9F9"}]
2016-08-05 14:57:45.909 DEBUG /api/PaysStatus:  参数:[{"StoreId":"18","MachineSn":null,"CID":1,"DeviceSn":"FCAA147DA9F9"}]
2016-08-05 14:57:49.458 DEBUG /api/Pay:  参数:[{"Mode":2,"Receivable":50.0,"OrderAmount":50.04,"Payway":[{"Type":2,"Amount":50.0,"Receive":50.0,"Change":0.0,"CardNo":null,"WipeZero":-0.04}],"Reason":0,"OldOrderSn":"","SaleMan":null,"StoreId":"18","MachineSn":"03","CID":1,"DeviceSn":"FCAA147DA9F9"}]
2016-08-05 14:57:56.121 DEBUG /api/ClearOrder:  参数:[{"StoreId":"18","MachineSn":"03","CID":1,"DeviceSn":"FCAA147DA9F9"}]
2016-08-05 14:58:02.286 DEBUG /api/FindBills:  参数:[{"Date":"2016-08-05 14:58:02","Range":0,"PaySn":null,"Cashier":"1008","QueryMachineSn":"03","StoreId":"18","MachineSn":"03","CID":1,"DeviceSn":"FCAA147DA9F9"}]
2016-08-05 14:58:05.810 DEBUG /api/FindBillHistory:  参数:[{"PaySn":"03201608050001","StoreId":"18","MachineSn":"03","CID":1,"DeviceSn":"FCAA147DA9F9"}]
2016-08-05 14:58:15.052 DEBUG /api/FindBillHistory:  参数:[{"PaySn":"03201608050002","StoreId":"18","MachineSn":"03","CID":1,"DeviceSn":"FCAA147DA9F9"}]
2016-08-05 14:58:22.529 DEBUG /api/ClearOrder:  参数:[{"StoreId":"18","MachineSn":"03","CID":1,"DeviceSn":"FCAA147DA9F9"}]
2016-08-05 14:58:42.865 DEBUG /api/GetProductCategory:  参数:[{"StoreId":"18","MachineSn":"03","CID":1,"DeviceSn":"FCAA147DA9F9"}]
2016-08-05 14:58:42.866 DEBUG /api/PaysStatus:  参数:[{"StoreId":"18","MachineSn":null,"CID":1,"DeviceSn":"FCAA147DA9F9"}]
2016-08-05 15:01:49.819 DEBUG /api/GetStoreName:  参数:[{"StoreId":"01","MachineSn":"03","CID":1,"DeviceSn":"FCAA147DA9F9"}]
2016-08-05 15:01:49.994 DEBUG /api/GetStoreName: 无法获取门店信息
2016-08-05 15:01:53.698 DEBUG /api/GetStoreName:  参数:[{"StoreId":"1","MachineSn":"03","CID":1,"DeviceSn":"FCAA147DA9F9"}]
2016-08-05 15:01:57.340 DEBUG /api/RegisterDevice:  参数:[{"Type":1,"StoreId":"1","MachineSn":"01","CID":1,"DeviceSn":"FCAA147DA9F9"}]
2016-08-05 15:02:04.092 DEBUG /api/Login:  参数:[{"Account":"1008","Password":"123456","EntryPoint":0,"DeviceType":1,"InTestMode":false,"CID":1,"IsLock":false,"StoreId":"1","MachineSn":"01","DeviceSn":"FCAA147DA9F9"}]
2016-08-05 15:02:04.277 DEBUG /api/ClearOrder:  参数:[{"StoreId":"1","MachineSn":"01","CID":1,"DeviceSn":"FCAA147DA9F9"}]
2016-08-05 15:02:04.380 DEBUG /api/HandBillNum:  参数:[{"OrderSn":null,"StoreId":"1","MachineSn":"01","CID":1,"DeviceSn":"FCAA147DA9F9"}]
2016-08-05 15:02:07.558 DEBUG /api/GetProductCategory:  参数:[{"StoreId":"1","MachineSn":"01","CID":1,"DeviceSn":"FCAA147DA9F9"}]
2016-08-05 15:04:42.027 DEBUG /api/GetRefundAllOrderSn:  参数:[{"StoreId":"1","MachineSn":"01","CID":1,"DeviceSn":"FCAA147DA9F9"}]
2016-08-05 15:05:07.877 DEBUG /api/ClearRefundOrChangeInfo:  参数:[{"Barcode":null,"ChangeNumber":0.0,"ChangePrice":0.0,"Status":false,"Mode":2,"RecordId":null,"ProductType":0,"StoreId":"1","MachineSn":"01","CID":1,"DeviceSn":"FCAA147DA9F9"}]
2016-08-05 15:05:07.877 DEBUG /api/ClearRefundOrChangeInfo:  参数:[{"Barcode":null,"ChangeNumber":0.0,"ChangePrice":0.0,"Status":false,"Mode":1,"RecordId":null,"ProductType":0,"StoreId":"1","MachineSn":"01","CID":1,"DeviceSn":"FCAA147DA9F9"}]
2016-08-05 15:05:09.019 DEBUG /api/GetProductCategory:  参数:[{"StoreId":"1","MachineSn":"01","CID":1,"DeviceSn":"FCAA147DA9F9"}]
2016-08-05 15:05:16.564 DEBUG /api/SaleOrderAdd:  参数:[{"Barcode":"10089","Status":47,"StoreId":"1","MachineSn":"01","CID":1,"DeviceSn":"FCAA147DA9F9"}]
2016-08-05 15:05:16.849 DEBUG /api/SaleOrderAdd: 散称商品请过称！
2016-08-05 15:05:19.617 DEBUG /api/SaleOrderAdd:  参数:[{"Barcode":"2710089002911","Status":47,"StoreId":"1","MachineSn":"01","CID":1,"DeviceSn":"FCAA147DA9F9"}]
2016-08-05 15:05:30.311 DEBUG /api/Authorization:  参数:[{"Password":"123456","StoreId":"1","MachineSn":"01","CID":1,"DeviceSn":"FCAA147DA9F9"}]
2016-08-05 15:05:30.354 DEBUG /api/PaysStatus:  参数:[{"StoreId":"1","MachineSn":null,"CID":1,"DeviceSn":"FCAA147DA9F9"}]
2016-08-05 15:05:35.164 DEBUG /api/Pay:  参数:[{"Mode":2,"Receivable":50.0,"OrderAmount":50.04,"Payway":[{"Type":2,"Amount":50.0,"Receive":50.0,"Change":0.0,"CardNo":null,"WipeZero":-0.04}],"Reason":0,"OldOrderSn":"","SaleMan":null,"StoreId":"1","MachineSn":"01","CID":1,"DeviceSn":"FCAA147DA9F9"}]
2016-08-05 15:05:38.408 DEBUG /api/ClearOrder:  参数:[{"StoreId":"1","MachineSn":"01","CID":1,"DeviceSn":"FCAA147DA9F9"}]
2016-08-05 15:05:45.042 DEBUG /api/FindBills:  参数:[{"Date":"2016-08-05 15:05:45","Range":0,"PaySn":null,"Cashier":"1008","QueryMachineSn":"01","StoreId":"1","MachineSn":"01","CID":1,"DeviceSn":"FCAA147DA9F9"}]
2016-08-05 15:05:47.268 DEBUG /api/FindBills:  参数:[{"Date":"2016-08-05 15:05:45","Range":0,"PaySn":null,"Cashier":"1008","QueryMachineSn":"01","StoreId":"1","MachineSn":"01","CID":1,"DeviceSn":"FCAA147DA9F9"}]
2016-08-05 15:05:48.062 DEBUG /api/FindBillHistory:  参数:[{"PaySn":"01201608050001","StoreId":"1","MachineSn":"01","CID":1,"DeviceSn":"FCAA147DA9F9"}]
2016-08-05 15:09:54.559 DEBUG /api/SaleOrderAdd:  参数:[{"Barcode":"10089","Status":47,"StoreId":"1","MachineSn":"01","CID":1,"DeviceSn":"FCAA147DA9F9"}]
2016-08-05 15:09:54.753 DEBUG /api/SaleOrderAdd: 散称商品请过称！
2016-08-05 15:09:57.634 DEBUG /api/SaleOrderAdd:  参数:[{"Barcode":"2710089002911","Status":47,"StoreId":"1","MachineSn":"01","CID":1,"DeviceSn":"FCAA147DA9F9"}]
2016-08-05 15:10:16.800 DEBUG /api/Authorization:  参数:[{"Password":"123456","StoreId":"1","MachineSn":"01","CID":1,"DeviceSn":"FCAA147DA9F9"}]
2016-08-05 15:10:16.844 DEBUG /api/PaysStatus:  参数:[{"StoreId":"1","MachineSn":null,"CID":1,"DeviceSn":"FCAA147DA9F9"}]
2016-08-05 15:10:18.916 DEBUG /api/Pay:  参数:[{"Mode":2,"Receivable":50.0,"OrderAmount":50.04,"Payway":[{"Type":2,"Amount":50.0,"Receive":50.0,"Change":0.0,"CardNo":null,"WipeZero":-0.04}],"Reason":0,"OldOrderSn":"","SaleMan":null,"StoreId":"1","MachineSn":"01","CID":1,"DeviceSn":"FCAA147DA9F9"}]
2016-08-05 15:18:09.871 DEBUG /api/SaleOrderRemove:  参数:[{"Barcode":"2710089002911","Status":47,"HasEditPrice":false,"RecordId":"89f29740-0132-4811-9300-f601a78f1eb8","StoreId":"1","MachineSn":"01","CID":1,"DeviceSn":"FCAA147DA9F9"}]
2016-08-05 15:18:11.735 DEBUG /api/SaleOrderRemove:  参数:[{"Barcode":"2710089002911","Status":47,"HasEditPrice":false,"RecordId":"89f29740-0132-4811-9300-f601a78f1eb8","StoreId":"1","MachineSn":"01","CID":1,"DeviceSn":"FCAA147DA9F9"}]
2016-08-05 15:18:12.094 DEBUG /api/SaleOrderRemove:  参数:[{"Barcode":"2710089002911","Status":47,"HasEditPrice":false,"RecordId":"89f29740-0132-4811-9300-f601a78f1eb8","StoreId":"1","MachineSn":"01","CID":1,"DeviceSn":"FCAA147DA9F9"}]
2016-08-05 15:18:12.256 DEBUG /api/SaleOrderRemove:  参数:[{"Barcode":"2710089002911","Status":47,"HasEditPrice":false,"RecordId":"89f29740-0132-4811-9300-f601a78f1eb8","StoreId":"1","MachineSn":"01","CID":1,"DeviceSn":"FCAA147DA9F9"}]
2016-08-05 15:18:12.419 DEBUG /api/SaleOrderRemove:  参数:[{"Barcode":"2710089002911","Status":47,"HasEditPrice":false,"RecordId":"89f29740-0132-4811-9300-f601a78f1eb8","StoreId":"1","MachineSn":"01","CID":1,"DeviceSn":"FCAA147DA9F9"}]
2016-08-05 15:18:12.587 DEBUG /api/SaleOrderRemove:  参数:[{"Barcode":"2710089002911","Status":47,"HasEditPrice":false,"RecordId":"89f29740-0132-4811-9300-f601a78f1eb8","StoreId":"1","MachineSn":"01","CID":1,"DeviceSn":"FCAA147DA9F9"}]
2016-08-05 15:18:12.760 DEBUG /api/SaleOrderRemove:  参数:[{"Barcode":"2710089002911","Status":47,"HasEditPrice":false,"RecordId":"89f29740-0132-4811-9300-f601a78f1eb8","StoreId":"1","MachineSn":"01","CID":1,"DeviceSn":"FCAA147DA9F9"}]
2016-08-05 15:18:12.962 DEBUG /api/SaleOrderRemove:  参数:[{"Barcode":"2710089002911","Status":47,"HasEditPrice":false,"RecordId":"89f29740-0132-4811-9300-f601a78f1eb8","StoreId":"1","MachineSn":"01","CID":1,"DeviceSn":"FCAA147DA9F9"}]
2016-08-05 15:18:13.133 DEBUG /api/SaleOrderRemove:  参数:[{"Barcode":"2710089002911","Status":47,"HasEditPrice":false,"RecordId":"89f29740-0132-4811-9300-f601a78f1eb8","StoreId":"1","MachineSn":"01","CID":1,"DeviceSn":"FCAA147DA9F9"}]
2016-08-05 15:18:18.401 DEBUG /api/ClearOrder:  参数:[{"StoreId":"1","MachineSn":"01","CID":1,"DeviceSn":"FCAA147DA9F9"}]
2016-08-05 15:18:24.053 DEBUG /api/GetProductCategory:  参数:[{"StoreId":"1","MachineSn":"01","CID":1,"DeviceSn":"FCAA147DA9F9"}]
2016-08-05 15:18:27.113 DEBUG /api/GetProductStock:  参数:[50,1,{"CategorySns":[5],"Keyword":null,"Price":0.0,"StoreId":"1","MachineSn":"01","CID":1,"DeviceSn":"FCAA147DA9F9"}]
2016-08-05 15:18:27.596 DEBUG /api/GetProductStock:  参数:[50,2,{"CategorySns":[5],"Keyword":null,"Price":0.0,"StoreId":"1","MachineSn":"01","CID":1,"DeviceSn":"FCAA147DA9F9"}]
2016-08-05 15:18:33.258 DEBUG /api/SaleOrderAdd:  参数:[{"Barcode":"10089","Status":47,"StoreId":"1","MachineSn":"01","CID":1,"DeviceSn":"FCAA147DA9F9"}]
2016-08-05 15:18:33.427 DEBUG /api/SaleOrderAdd: 散称商品请过称！
2016-08-05 15:18:36.082 DEBUG /api/SaleOrderAdd:  参数:[{"Barcode":"2710089002911","Status":47,"StoreId":"1","MachineSn":"01","CID":1,"DeviceSn":"FCAA147DA9F9"}]
2016-08-05 15:21:23.328 DEBUG /api/GetProductCategory:  参数:[{"StoreId":"1","MachineSn":"01","CID":1,"DeviceSn":"FCAA147DA9F9"}]
2016-08-05 15:21:28.345 DEBUG /api/SaleOrderAdd:  参数:[{"Barcode":"10089","Status":47,"StoreId":"1","MachineSn":"01","CID":1,"DeviceSn":"FCAA147DA9F9"}]
2016-08-05 15:21:28.502 DEBUG /api/SaleOrderAdd: 散称商品请过称！
2016-08-05 15:21:30.706 DEBUG /api/SaleOrderAdd:  参数:[{"Barcode":"2710089002911","Status":47,"StoreId":"1","MachineSn":"01","CID":1,"DeviceSn":"FCAA147DA9F9"}]
2016-08-05 15:22:00.684 DEBUG /api/SaleOrderRemove:  参数:[{"Barcode":"2710089002911","Status":47,"HasEditPrice":false,"RecordId":"9e505a97-75dd-40a8-af7e-8e72ca1dc0cb","StoreId":"1","MachineSn":"01","CID":1,"DeviceSn":"FCAA147DA9F9"}]
2016-08-05 15:22:13.250 DEBUG /api/Authorization:  参数:[{"Password":"123456","StoreId":"1","MachineSn":"01","CID":1,"DeviceSn":"FCAA147DA9F9"}]
2016-08-05 15:22:13.283 DEBUG /api/PaysStatus:  参数:[{"StoreId":"1","MachineSn":null,"CID":1,"DeviceSn":"FCAA147DA9F9"}]
2016-08-05 15:22:15.188 DEBUG /api/Pay:  参数:[{"Mode":2,"Receivable":50.0,"OrderAmount":50.04,"Payway":[{"Type":2,"Amount":50.0,"Receive":50.0,"Change":0.0,"CardNo":null,"WipeZero":-0.04}],"Reason":0,"OldOrderSn":"","SaleMan":null,"StoreId":"1","MachineSn":"01","CID":1,"DeviceSn":"FCAA147DA9F9"}]
2016-08-05 15:32:07.163 DEBUG /api/GetProductCategory:  参数:[{"StoreId":"1","MachineSn":"01","CID":1,"DeviceSn":"FCAA147DA9F9"}]
2016-08-05 15:32:07.163 DEBUG /api/PaysStatus:  参数:[{"StoreId":"1","MachineSn":null,"CID":1,"DeviceSn":"FCAA147DA9F9"}]
2016-08-05 15:32:13.474 DEBUG /api/Login:  参数:[{"Account":"1008","Password":"123456","EntryPoint":0,"DeviceType":1,"InTestMode":false,"CID":1,"IsLock":false,"StoreId":"1","MachineSn":"01","DeviceSn":"FCAA147DA9F9"}]
2016-08-05 15:32:13.928 DEBUG /api/ClearOrder:  参数:[{"StoreId":"1","MachineSn":"01","CID":1,"DeviceSn":"FCAA147DA9F9"}]
2016-08-05 15:32:19.272 DEBUG /api/HandBillNum:  参数:[{"OrderSn":null,"StoreId":"1","MachineSn":"01","CID":1,"DeviceSn":"FCAA147DA9F9"}]
2016-08-05 15:32:33.636 DEBUG /api/GetProductCategory:  参数:[{"StoreId":"1","MachineSn":"01","CID":1,"DeviceSn":"FCAA147DA9F9"}]
2016-08-05 15:32:43.907 DEBUG /api/SaleOrderAdd:  参数:[{"Barcode":"10089","Status":47,"StoreId":"1","MachineSn":"01","CID":1,"DeviceSn":"FCAA147DA9F9"}]
2016-08-05 15:32:44.059 DEBUG /api/SaleOrderAdd: 散称商品请过称！
2016-08-05 15:32:46.540 DEBUG /api/SaleOrderAdd:  参数:[{"Barcode":"2710089002911","Status":47,"StoreId":"1","MachineSn":"01","CID":1,"DeviceSn":"FCAA147DA9F9"}]
2016-08-05 15:33:14.785 DEBUG /api/Authorization:  参数:[{"Password":"123456","StoreId":"1","MachineSn":"01","CID":1,"DeviceSn":"FCAA147DA9F9"}]
2016-08-05 15:33:14.856 DEBUG /api/PaysStatus:  参数:[{"StoreId":"1","MachineSn":null,"CID":1,"DeviceSn":"FCAA147DA9F9"}]
2016-08-05 15:33:19.574 DEBUG /api/Pay:  参数:[{"Mode":2,"Receivable":50.0,"OrderAmount":50.04,"Payway":[{"Type":2,"Amount":50.0,"Receive":50.0,"Change":0.0,"CardNo":null,"WipeZero":-0.04}],"Reason":0,"OldOrderSn":"","SaleMan":null,"StoreId":"1","MachineSn":"01","CID":1,"DeviceSn":"FCAA147DA9F9"}]
2016-08-05 15:33:24.630 DEBUG /api/ClearOrder:  参数:[{"StoreId":"1","MachineSn":"01","CID":1,"DeviceSn":"FCAA147DA9F9"}]
2016-08-05 15:35:28.282 DEBUG /api/SaleOrderAdd:  参数:[{"Barcode":"10089","Status":47,"StoreId":"1","MachineSn":"01","CID":1,"DeviceSn":"FCAA147DA9F9"}]
2016-08-05 15:35:28.435 DEBUG /api/SaleOrderAdd: 散称商品请过称！
2016-08-05 15:35:30.696 DEBUG /api/SaleOrderAdd:  参数:[{"Barcode":"2710089002911","Status":47,"StoreId":"1","MachineSn":"01","CID":1,"DeviceSn":"FCAA147DA9F9"}]
2016-08-05 15:37:19.268 DEBUG /api/Authorization:  参数:[{"Password":"123456","StoreId":"1","MachineSn":"01","CID":1,"DeviceSn":"FCAA147DA9F9"}]
2016-08-05 15:37:19.341 DEBUG /api/PaysStatus:  参数:[{"StoreId":"1","MachineSn":null,"CID":1,"DeviceSn":"FCAA147DA9F9"}]
2016-08-05 15:37:27.537 DEBUG /api/Pay:  参数:[{"Mode":2,"Receivable":50.0,"OrderAmount":50.04,"Payway":[{"Type":2,"Amount":50.0,"Receive":50.0,"Change":0.0,"CardNo":null,"WipeZero":-0.04}],"Reason":0,"OldOrderSn":"","SaleMan":null,"StoreId":"1","MachineSn":"01","CID":1,"DeviceSn":"FCAA147DA9F9"}]
2016-08-05 15:37:33.884 DEBUG /api/ClearOrder:  参数:[{"StoreId":"1","MachineSn":"01","CID":1,"DeviceSn":"FCAA147DA9F9"}]
2016-08-05 15:37:36.603 DEBUG /api/FindBills:  参数:[{"Date":"2016-08-05 15:37:36","Range":0,"PaySn":null,"Cashier":"1008","QueryMachineSn":"01","StoreId":"1","MachineSn":"01","CID":1,"DeviceSn":"FCAA147DA9F9"}]
2016-08-05 15:37:38.164 DEBUG /api/FindBillHistory:  参数:[{"PaySn":"01201608050004","StoreId":"1","MachineSn":"01","CID":1,"DeviceSn":"FCAA147DA9F9"}]
2016-08-05 15:38:31.264 DEBUG /api/GetRefundAllOrderSn:  参数:[{"StoreId":"1","MachineSn":"01","CID":1,"DeviceSn":"FCAA147DA9F9"}]
2016-08-05 15:38:41.925 DEBUG /api/FindBillHistory:  参数:[{"PaySn":"01201608050004","StoreId":"1","MachineSn":"01","CID":1,"DeviceSn":"FCAA147DA9F9"}]
2016-08-05 15:38:47.574 DEBUG /api/Authorization:  参数:[{"Password":"123456","StoreId":"1","MachineSn":"01","CID":1,"DeviceSn":"FCAA147DA9F9"}]
2016-08-05 15:38:47.675 DEBUG /api/PaysStatus:  参数:[{"StoreId":"1","MachineSn":null,"CID":1,"DeviceSn":"FCAA147DA9F9"}]
2016-08-05 15:38:55.867 DEBUG /api/Pay:  参数:[{"Mode":4,"Receivable":-50.0,"OrderAmount":-50.0000,"Payway":[{"Type":2,"Amount":-50.0,"Receive":-50.0,"Change":0.0,"CardNo":null,"WipeZero":0.0000}],"Reason":0,"OldOrderSn":"01201608050004","SaleMan":null,"StoreId":"1","MachineSn":"01","CID":1,"DeviceSn":"FCAA147DA9F9"}]
2016-08-05 15:39:00.163 DEBUG /api/ClearOrder:  参数:[{"StoreId":"1","MachineSn":"01","CID":1,"DeviceSn":"FCAA147DA9F9"}]
2016-08-05 15:39:00.194 DEBUG /api/ClearRefundOrChangeInfo:  参数:[{"Barcode":null,"ChangeNumber":0.0,"ChangePrice":0.0,"Status":false,"Mode":1,"RecordId":null,"ProductType":0,"StoreId":"1","MachineSn":"01","CID":1,"DeviceSn":"FCAA147DA9F9"}]
2016-08-05 15:39:00.195 DEBUG /api/ClearRefundOrChangeInfo:  参数:[{"Barcode":null,"ChangeNumber":0.0,"ChangePrice":0.0,"Status":false,"Mode":2,"RecordId":null,"ProductType":0,"StoreId":"1","MachineSn":"01","CID":1,"DeviceSn":"FCAA147DA9F9"}]
2016-08-05 15:39:03.676 DEBUG /api/FindBills:  参数:[{"Date":"2016-08-05 15:39:03","Range":0,"PaySn":null,"Cashier":"1008","QueryMachineSn":"01","StoreId":"1","MachineSn":"01","CID":1,"DeviceSn":"FCAA147DA9F9"}]
2016-08-05 15:39:06.252 DEBUG /api/FindBillHistory:  参数:[{"PaySn":"01201608050005","StoreId":"1","MachineSn":"01","CID":1,"DeviceSn":"FCAA147DA9F9"}]
2016-08-05 16:10:56.581 DEBUG /api/PaysStatus:  参数:[{"StoreId":"1","MachineSn":null,"CID":1,"DeviceSn":"FCAA147DA9F9"}]
2016-08-05 16:10:56.581 DEBUG /api/GetProductCategory:  参数:[{"StoreId":"1","MachineSn":"01","CID":1,"DeviceSn":"FCAA147DA9F9"}]
2016-08-05 16:11:00.695 DEBUG /api/Login:  参数:[{"Account":"1008","Password":"123456","EntryPoint":0,"DeviceType":1,"InTestMode":false,"CID":1,"IsLock":false,"StoreId":"1","MachineSn":"01","DeviceSn":"FCAA147DA9F9"}]
2016-08-05 16:11:01.291 DEBUG /api/ClearOrder:  参数:[{"StoreId":"1","MachineSn":"01","CID":1,"DeviceSn":"FCAA147DA9F9"}]
2016-08-05 16:11:01.403 DEBUG /api/HandBillNum:  参数:[{"OrderSn":null,"StoreId":"1","MachineSn":"01","CID":1,"DeviceSn":"FCAA147DA9F9"}]
2016-08-05 16:11:10.370 DEBUG /api/GetProductCategory:  参数:[{"StoreId":"1","MachineSn":"01","CID":1,"DeviceSn":"FCAA147DA9F9"}]
2016-08-05 16:11:22.790 DEBUG /api/FindBills:  参数:[{"Date":"2016-08-05 16:11:22","Range":0,"PaySn":null,"Cashier":"1008","QueryMachineSn":"01","StoreId":"1","MachineSn":"01","CID":1,"DeviceSn":"FCAA147DA9F9"}]
2016-08-05 16:11:25.152 DEBUG /api/FindBillHistory:  参数:[{"PaySn":"01201608050005","StoreId":"1","MachineSn":"01","CID":1,"DeviceSn":"FCAA147DA9F9"}]
2016-08-05 16:12:01.553 DEBUG /api/FindBillHistory:  参数:[{"PaySn":"01201608050004","StoreId":"1","MachineSn":"01","CID":1,"DeviceSn":"FCAA147DA9F9"}]
2016-08-05 16:12:17.435 DEBUG /api/FindBillHistory:  参数:[{"PaySn":"01201608050003","StoreId":"1","MachineSn":"01","CID":1,"DeviceSn":"FCAA147DA9F9"}]
2016-08-05 16:12:24.182 DEBUG /api/ClearOrder:  参数:[{"StoreId":"1","MachineSn":"01","CID":1,"DeviceSn":"FCAA147DA9F9"}]
2016-08-05 16:27:35.342 DEBUG /api/Login:  参数:[{"Account":"1008","Password":"123456","EntryPoint":0,"DeviceType":1,"InTestMode":false,"CID":1,"IsLock":false,"StoreId":"1","MachineSn":"01","DeviceSn":"FCAA147DA9F9"}]
2016-08-05 16:27:35.342 DEBUG /api/GetProductCategory:  参数:[{"StoreId":"1","MachineSn":"01","CID":1,"DeviceSn":"FCAA147DA9F9"}]
2016-08-05 16:27:35.342 DEBUG /api/PaysStatus:  参数:[{"StoreId":"1","MachineSn":null,"CID":1,"DeviceSn":"FCAA147DA9F9"}]
2016-08-05 16:27:39.352 DEBUG /api/ClearOrder:  参数:[{"StoreId":"1","MachineSn":"01","CID":1,"DeviceSn":"FCAA147DA9F9"}]
2016-08-05 16:27:39.623 DEBUG /api/HandBillNum:  参数:[{"OrderSn":null,"StoreId":"1","MachineSn":"01","CID":1,"DeviceSn":"FCAA147DA9F9"}]
2016-08-05 16:27:43.230 DEBUG /api/ClearOrder:  参数:[{"StoreId":"1","MachineSn":"01","CID":1,"DeviceSn":"FCAA147DA9F9"}]
2016-08-05 16:27:55.521 DEBUG /api/PaysStatus:  参数:[{"StoreId":"1","MachineSn":null,"CID":1,"DeviceSn":"FCAA147DA9F9"}]
2016-08-05 16:27:55.522 DEBUG /api/GetProductCategory:  参数:[{"StoreId":"1","MachineSn":"01","CID":1,"DeviceSn":"FCAA147DA9F9"}]
2016-08-05 17:35:54.116 DEBUG /api/Login:  参数:[{"Account":"1008","Password":"123456..","EntryPoint":0,"DeviceType":1,"InTestMode":false,"CID":1,"IsLock":false,"StoreId":"1","MachineSn":"01","DeviceSn":" FCAA147DA9F9"}]
2016-08-05 17:39:23.412 DEBUG /api/GetProductCategory:  参数:[{"StoreId":"1","MachineSn":"01","CID":1,"DeviceSn":"FCAA147DA9F9"}]
2016-08-05 17:39:23.412 DEBUG /api/PaysStatus:  参数:[{"StoreId":"1","MachineSn":null,"CID":1,"DeviceSn":"FCAA147DA9F9"}]
2016-08-05 17:39:25.385 DEBUG /api/Login:  参数:[{"Account":"1008","Password":"123456..","EntryPoint":0,"DeviceType":1,"InTestMode":false,"CID":1,"IsLock":false,"StoreId":"1","MachineSn":"01","DeviceSn":"FCAA147DA9F9"}]
2016-08-05 17:39:25.826 DEBUG /api/Login: 密码错误！
2016-08-05 17:39:30.255 DEBUG /api/Login:  参数:[{"Account":"1008","Password":"123456","EntryPoint":0,"DeviceType":1,"InTestMode":false,"CID":1,"IsLock":false,"StoreId":"1","MachineSn":"01","DeviceSn":"FCAA147DA9F9"}]
2016-08-05 17:39:30.380 DEBUG /api/ClearOrder:  参数:[{"StoreId":"1","MachineSn":"01","CID":1,"DeviceSn":"FCAA147DA9F9"}]
2016-08-05 17:39:30.518 DEBUG /api/HandBillNum:  参数:[{"OrderSn":null,"StoreId":"1","MachineSn":"01","CID":1,"DeviceSn":"FCAA147DA9F9"}]
2016-08-05 19:12:45.181 DEBUG /api/GetProductCategory:  参数:[{"StoreId":"1","MachineSn":"01","CID":1,"DeviceSn":"FCAA147DA9F9"}]
2016-08-05 19:12:45.181 DEBUG /api/PaysStatus:  参数:[{"StoreId":"1","MachineSn":null,"CID":1,"DeviceSn":"FCAA147DA9F9"}]
2016-08-05 19:12:54.984 DEBUG /api/Login:  参数:[{"Account":"1008","Password":"123456","EntryPoint":0,"DeviceType":1,"InTestMode":false,"CID":1,"IsLock":false,"StoreId":"1","MachineSn":"01","DeviceSn":"FCAA147DA9F9"}]
2016-08-05 19:12:55.496 DEBUG /api/ClearOrder:  参数:[{"StoreId":"1","MachineSn":"01","CID":1,"DeviceSn":"FCAA147DA9F9"}]
2016-08-05 19:12:55.586 DEBUG /api/HandBillNum:  参数:[{"OrderSn":null,"StoreId":"1","MachineSn":"01","CID":1,"DeviceSn":"FCAA147DA9F9"}]
2016-08-05 19:14:36.968 DEBUG /api/GetProductCategory:  参数:[{"StoreId":"1","MachineSn":"01","CID":1,"DeviceSn":"FCAA147DA9F9"}]
2016-08-05 19:17:16.188 DEBUG /api/GetProductStock:  参数:[50,1,{"CategorySns":[3],"Keyword":null,"Price":0.0,"StoreId":"1","MachineSn":"01","CID":1,"DeviceSn":"FCAA147DA9F9"}]
2016-08-05 19:17:17.067 DEBUG /api/GetProductStock:  参数:[50,2,{"CategorySns":[3],"Keyword":null,"Price":0.0,"StoreId":"1","MachineSn":"01","CID":1,"DeviceSn":"FCAA147DA9F9"}]
2016-08-05 19:17:17.868 DEBUG /api/GetProductStock:  参数:[50,3,{"CategorySns":[3],"Keyword":null,"Price":0.0,"StoreId":"1","MachineSn":"01","CID":1,"DeviceSn":"FCAA147DA9F9"}]
2016-08-05 19:17:18.665 DEBUG /api/GetProductStock:  参数:[50,4,{"CategorySns":[3],"Keyword":null,"Price":0.0,"StoreId":"1","MachineSn":"01","CID":1,"DeviceSn":"FCAA147DA9F9"}]
2016-08-05 19:17:19.291 DEBUG /api/SaleOrderAdd:  参数:[{"Barcode":"0200021600001","Status":47,"StoreId":"1","MachineSn":"01","CID":1,"DeviceSn":"FCAA147DA9F9"}]
2016-08-05 19:17:19.473 DEBUG /api/GetProductStock:  参数:[50,5,{"CategorySns":[3],"Keyword":null,"Price":0.0,"StoreId":"1","MachineSn":"01","CID":1,"DeviceSn":"FCAA147DA9F9"}]
2016-08-05 19:17:19.833 DEBUG /api/SaleOrderAdd:  参数:[{"Barcode":"0200254000001","Status":47,"StoreId":"1","MachineSn":"01","CID":1,"DeviceSn":"FCAA147DA9F9"}]
2016-08-05 19:17:20.313 DEBUG /api/SaleOrderAdd:  参数:[{"Barcode":"0200369000001","Status":47,"StoreId":"1","MachineSn":"01","CID":1,"DeviceSn":"FCAA147DA9F9"}]
2016-08-05 19:17:20.365 DEBUG /api/GetProductStock:  参数:[50,6,{"CategorySns":[3],"Keyword":null,"Price":0.0,"StoreId":"1","MachineSn":"01","CID":1,"DeviceSn":"FCAA147DA9F9"}]
2016-08-05 19:17:21.183 DEBUG /api/GetProductStock:  参数:[50,7,{"CategorySns":[3],"Keyword":null,"Price":0.0,"StoreId":"1","MachineSn":"01","CID":1,"DeviceSn":"FCAA147DA9F9"}]
2016-08-05 19:17:21.975 DEBUG /api/GetProductStock:  参数:[50,8,{"CategorySns":[3],"Keyword":null,"Price":0.0,"StoreId":"1","MachineSn":"01","CID":1,"DeviceSn":"FCAA147DA9F9"}]
2016-08-05 19:17:22.776 DEBUG /api/GetProductStock:  参数:[50,9,{"CategorySns":[3],"Keyword":null,"Price":0.0,"StoreId":"1","MachineSn":"01","CID":1,"DeviceSn":"FCAA147DA9F9"}]
2016-08-05 19:17:23.559 DEBUG /api/GetProductStock:  参数:[50,10,{"CategorySns":[3],"Keyword":null,"Price":0.0,"StoreId":"1","MachineSn":"01","CID":1,"DeviceSn":"FCAA147DA9F9"}]
2016-08-05 19:17:24.345 DEBUG /api/GetProductStock:  参数:[50,11,{"CategorySns":[3],"Keyword":null,"Price":0.0,"StoreId":"1","MachineSn":"01","CID":1,"DeviceSn":"FCAA147DA9F9"}]
2016-08-05 19:17:25.131 DEBUG /api/GetProductStock:  参数:[50,12,{"CategorySns":[3],"Keyword":null,"Price":0.0,"StoreId":"1","MachineSn":"01","CID":1,"DeviceSn":"FCAA147DA9F9"}]
2016-08-05 19:17:25.931 DEBUG /api/GetProductStock:  参数:[50,13,{"CategorySns":[3],"Keyword":null,"Price":0.0,"StoreId":"1","MachineSn":"01","CID":1,"DeviceSn":"FCAA147DA9F9"}]
2016-08-05 19:17:26.687 DEBUG /api/SaleOrderAdd:  参数:[{"Barcode":"0200373000001","Status":47,"StoreId":"1","MachineSn":"01","CID":1,"DeviceSn":"FCAA147DA9F9"}]
2016-08-05 19:17:26.719 DEBUG /api/GetProductStock:  参数:[50,14,{"CategorySns":[3],"Keyword":null,"Price":0.0,"StoreId":"1","MachineSn":"01","CID":1,"DeviceSn":"FCAA147DA9F9"}]
2016-08-05 19:17:27.234 DEBUG /api/SaleOrderAdd:  参数:[{"Barcode":"0200374600001","Status":47,"StoreId":"1","MachineSn":"01","CID":1,"DeviceSn":"FCAA147DA9F9"}]
2016-08-05 19:17:27.555 DEBUG /api/GetProductStock:  参数:[50,15,{"CategorySns":[3],"Keyword":null,"Price":0.0,"StoreId":"1","MachineSn":"01","CID":1,"DeviceSn":"FCAA147DA9F9"}]
2016-08-05 19:17:28.370 DEBUG /api/GetProductStock:  参数:[50,16,{"CategorySns":[3],"Keyword":null,"Price":0.0,"StoreId":"1","MachineSn":"01","CID":1,"DeviceSn":"FCAA147DA9F9"}]
2016-08-05 19:17:29.162 DEBUG /api/GetProductStock:  参数:[50,17,{"CategorySns":[3],"Keyword":null,"Price":0.0,"StoreId":"1","MachineSn":"01","CID":1,"DeviceSn":"FCAA147DA9F9"}]
2016-08-05 19:17:29.910 DEBUG /api/SaleOrderRemove:  参数:[{"Barcode":"0200021600001","Status":47,"HasEditPrice":false,"RecordId":"6573702a-6892-4aa6-9ba6-23a3f52bf4e8","StoreId":"1","MachineSn":"01","CID":1,"DeviceSn":"FCAA147DA9F9"}]
2016-08-05 19:17:29.913 DEBUG /api/GetProductStock:  参数:[50,18,{"CategorySns":[3],"Keyword":null,"Price":0.0,"StoreId":"1","MachineSn":"01","CID":1,"DeviceSn":"FCAA147DA9F9"}]
2016-08-05 19:17:30.675 DEBUG /api/GetProductStock:  参数:[50,19,{"CategorySns":[3],"Keyword":null,"Price":0.0,"StoreId":"1","MachineSn":"01","CID":1,"DeviceSn":"FCAA147DA9F9"}]
2016-08-05 19:17:31.440 DEBUG /api/GetProductStock:  参数:[50,20,{"CategorySns":[3],"Keyword":null,"Price":0.0,"StoreId":"1","MachineSn":"01","CID":1,"DeviceSn":"FCAA147DA9F9"}]
2016-08-05 19:17:32.196 DEBUG /api/GetProductStock:  参数:[50,21,{"CategorySns":[3],"Keyword":null,"Price":0.0,"StoreId":"1","MachineSn":"01","CID":1,"DeviceSn":"FCAA147DA9F9"}]
2016-08-05 19:17:32.937 DEBUG /api/GetProductStock:  参数:[50,22,{"CategorySns":[3],"Keyword":null,"Price":0.0,"StoreId":"1","MachineSn":"01","CID":1,"DeviceSn":"FCAA147DA9F9"}]
2016-08-05 21:38:08.175 DEBUG /api/Login:  参数:[{"Account":"1008","Password":"123456","EntryPoint":0,"DeviceType":1,"InTestMode":false,"CID":1,"IsLock":false,"StoreId":"1","MachineSn":"01","DeviceSn":"FCAA147DA9F9"}]
2016-08-05 21:38:14.933 DEBUG /api/ClearOrder:  参数:[{"StoreId":"1","MachineSn":"01","CID":1,"DeviceSn":"FCAA147DA9F9"}]
2016-08-05 21:38:15.046 DEBUG /api/HandBillNum:  参数:[{"OrderSn":null,"StoreId":"1","MachineSn":"01","CID":1,"DeviceSn":"FCAA147DA9F9"}]
2016-08-05 21:38:17.611 DEBUG /api/GetRefundAllOrderSn:  参数:[{"StoreId":"1","MachineSn":"01","CID":1,"DeviceSn":"FCAA147DA9F9"}]
2016-08-05 21:38:23.875 DEBUG /api/SetOldCustomerOrderSn:  参数:[{"OldCustomerOrderSN":"01201606140002","Mode":1,"StoreId":"1","MachineSn":"01","CID":1,"DeviceSn":"FCAA147DA9F9"}]
2016-08-05 21:41:59.945 DEBUG /api/GetProductCategory:  参数:[{"StoreId":"1","MachineSn":"01","CID":1,"DeviceSn":"FCAA147DA9F9"}]
2016-08-05 21:41:59.945 DEBUG /api/PaysStatus:  参数:[{"StoreId":"1","MachineSn":null,"CID":1,"DeviceSn":"FCAA147DA9F9"}]
2016-08-05 21:42:06.189 DEBUG /api/Login:  参数:[{"Account":"1008","Password":"123456","EntryPoint":0,"DeviceType":1,"InTestMode":false,"CID":1,"IsLock":false,"StoreId":"1","MachineSn":"01","DeviceSn":"FCAA147DA9F9"}]
2016-08-05 21:42:06.643 DEBUG /api/ClearOrder:  参数:[{"StoreId":"1","MachineSn":"01","CID":1,"DeviceSn":"FCAA147DA9F9"}]
2016-08-05 21:42:06.780 DEBUG /api/HandBillNum:  参数:[{"OrderSn":null,"StoreId":"1","MachineSn":"01","CID":1,"DeviceSn":"FCAA147DA9F9"}]
2016-08-05 21:42:08.326 DEBUG /api/GetRefundAllOrderSn:  参数:[{"StoreId":"1","MachineSn":"01","CID":1,"DeviceSn":"FCAA147DA9F9"}]
2016-08-05 21:42:16.485 DEBUG /api/SetOldCustomerOrderSn:  参数:[{"OldCustomerOrderSN":"01201606140002","Mode":1,"StoreId":"1","MachineSn":"01","CID":1,"DeviceSn":"FCAA147DA9F9"}]
2016-08-05 21:42:20.546 DEBUG /api/SetOldCustomerOrderSn: 未将对象引用设置到对象的实例。
2016-08-05 21:42:34.579 DEBUG /api/SetOldCustomerOrderSn:  参数:[{"OldCustomerOrderSN":"01201606140002","Mode":1,"StoreId":"1","MachineSn":"01","CID":1,"DeviceSn":"FCAA147DA9F9"}]
2016-08-05 21:42:57.316 DEBUG /api/SetOldCustomerOrderSn: 未将对象引用设置到对象的实例。
2016-08-05 21:43:04.231 DEBUG /api/SetOldCustomerOrderSn:  参数:[{"OldCustomerOrderSN":"01201606140002","Mode":1,"StoreId":"1","MachineSn":"01","CID":1,"DeviceSn":"FCAA147DA9F9"}]
2016-08-05 21:44:02.976 DEBUG /api/SetOldCustomerOrderSn: 未将对象引用设置到对象的实例。
2016-08-05 21:45:05.763 DEBUG /api/SetOldCustomerOrderSn:  参数:[{"OldCustomerOrderSN":"01201606140002","Mode":1,"StoreId":"1","MachineSn":"01","CID":1,"DeviceSn":"FCAA147DA9F9"}]
2016-08-05 21:45:32.034 DEBUG /api/SetOldCustomerOrderSn: 未将对象引用设置到对象的实例。
2016-08-05 21:46:50.252 DEBUG /api/GetProductCategory:  参数:[{"StoreId":"1","MachineSn":"01","CID":1,"DeviceSn":"FCAA147DA9F9"}]
2016-08-05 21:46:50.278 DEBUG /api/PaysStatus:  参数:[{"StoreId":"1","MachineSn":null,"CID":1,"DeviceSn":"FCAA147DA9F9"}]
2016-08-05 21:46:53.692 DEBUG /api/Login:  参数:[{"Account":"1008","Password":"123456","EntryPoint":0,"DeviceType":1,"InTestMode":false,"CID":1,"IsLock":false,"StoreId":"1","MachineSn":"01","DeviceSn":"FCAA147DA9F9"}]
2016-08-05 21:46:54.875 DEBUG /api/ClearOrder:  参数:[{"StoreId":"1","MachineSn":"01","CID":1,"DeviceSn":"FCAA147DA9F9"}]
2016-08-05 21:46:55.011 DEBUG /api/HandBillNum:  参数:[{"OrderSn":null,"StoreId":"1","MachineSn":"01","CID":1,"DeviceSn":"FCAA147DA9F9"}]
2016-08-05 21:46:56.772 DEBUG /api/GetRefundAllOrderSn:  参数:[{"StoreId":"1","MachineSn":"01","CID":1,"DeviceSn":"FCAA147DA9F9"}]
2016-08-05 21:46:59.603 DEBUG /api/SetOldCustomerOrderSn:  参数:[{"OldCustomerOrderSN":"01201606140002","Mode":1,"StoreId":"1","MachineSn":"01","CID":1,"DeviceSn":"FCAA147DA9F9"}]
2016-08-05 21:47:30.364 DEBUG /api/SetOldCustomerOrderSn: 未将对象引用设置到对象的实例。
2016-08-05 21:51:07.788 DEBUG /api/GetProductCategory:  参数:[{"StoreId":"1","MachineSn":"01","CID":1,"DeviceSn":"FCAA147DA9F9"}]
2016-08-05 21:51:07.788 DEBUG /api/PaysStatus:  参数:[{"StoreId":"1","MachineSn":null,"CID":1,"DeviceSn":"FCAA147DA9F9"}]
2016-08-05 21:51:14.832 DEBUG /api/Login:  参数:[{"Account":"1008","Password":"123456","EntryPoint":0,"DeviceType":1,"InTestMode":false,"CID":1,"IsLock":false,"StoreId":"1","MachineSn":"01","DeviceSn":"FCAA147DA9F9"}]
2016-08-05 21:51:15.327 DEBUG /api/ClearOrder:  参数:[{"StoreId":"1","MachineSn":"01","CID":1,"DeviceSn":"FCAA147DA9F9"}]
2016-08-05 21:51:15.442 DEBUG /api/HandBillNum:  参数:[{"OrderSn":null,"StoreId":"1","MachineSn":"01","CID":1,"DeviceSn":"FCAA147DA9F9"}]
2016-08-05 21:51:17.393 DEBUG /api/GetRefundAllOrderSn:  参数:[{"StoreId":"1","MachineSn":"01","CID":1,"DeviceSn":"FCAA147DA9F9"}]
2016-08-05 21:51:30.629 DEBUG /api/SetOldCustomerOrderSn:  参数:[{"OldCustomerOrderSN":"01201606140002","Mode":1,"StoreId":"1","MachineSn":"01","CID":1,"DeviceSn":"FCAA147DA9F9"}]
2016-08-05 21:52:57.592 DEBUG /api/AddRefundOrChangeInfo:  参数:[{"Barcode":"0101020001","ChangeNumber":0.0,"ChangePrice":0.0,"Status":false,"Mode":1,"RecordId":null,"ProductType":0,"StoreId":"1","MachineSn":"01","CID":1,"DeviceSn":"FCAA147DA9F9"}]
2016-08-05 21:56:10.254 DEBUG /api/PaysStatus:  参数:[{"StoreId":"1","MachineSn":null,"CID":1,"DeviceSn":"FCAA147DA9F9"}]
2016-08-05 21:56:10.254 DEBUG /api/GetProductCategory:  参数:[{"StoreId":"1","MachineSn":"01","CID":1,"DeviceSn":"FCAA147DA9F9"}]
2016-08-05 21:56:20.499 DEBUG /api/Login:  参数:[{"Account":"1008","Password":"123456","EntryPoint":0,"DeviceType":1,"InTestMode":false,"CID":1,"IsLock":false,"StoreId":"1","MachineSn":"01","DeviceSn":"FCAA147DA9F9"}]
2016-08-05 21:56:20.989 DEBUG /api/ClearOrder:  参数:[{"StoreId":"1","MachineSn":"01","CID":1,"DeviceSn":"FCAA147DA9F9"}]
2016-08-05 21:56:21.105 DEBUG /api/HandBillNum:  参数:[{"OrderSn":null,"StoreId":"1","MachineSn":"01","CID":1,"DeviceSn":"FCAA147DA9F9"}]
2016-08-05 21:56:44.729 DEBUG /api/GetRefundAllOrderSn:  参数:[{"StoreId":"1","MachineSn":"01","CID":1,"DeviceSn":"FCAA147DA9F9"}]
2016-08-05 21:56:54.453 DEBUG /api/SetOldCustomerOrderSn:  参数:[{"OldCustomerOrderSN":"saleman","Mode":1,"StoreId":"1","MachineSn":"01","CID":1,"DeviceSn":"FCAA147DA9F9"}]
2016-08-05 21:57:18.784 DEBUG /api/SetOldCustomerOrderSn:  参数:[{"OldCustomerOrderSN":"01201606140002","Mode":1,"StoreId":"1","MachineSn":"01","CID":1,"DeviceSn":"FCAA147DA9F9"}]
2016-08-05 21:58:10.500 DEBUG /api/AddRefundOrChangeInfo:  参数:[{"Barcode":"0101","ChangeNumber":0.0,"ChangePrice":0.0,"Status":false,"Mode":1,"RecordId":null,"ProductType":0,"StoreId":"1","MachineSn":"01","CID":1,"DeviceSn":"FCAA147DA9F9"}]
2016-08-05 21:58:11.615 DEBUG /api/AddRefundOrChangeInfo: 未找到商品【0101】！
2016-08-05 21:58:17.890 DEBUG /api/SetOldCustomerOrderSn:  参数:[{"OldCustomerOrderSN":"01201606140002","Mode":1,"StoreId":"1","MachineSn":"01","CID":1,"DeviceSn":"FCAA147DA9F9"}]
2016-08-05 21:59:30.202 DEBUG /api/GetProductCategory:  参数:[{"StoreId":"1","MachineSn":"01","CID":1,"DeviceSn":"FCAA147DA9F9"}]
2016-08-05 21:59:30.202 DEBUG /api/PaysStatus:  参数:[{"StoreId":"1","MachineSn":null,"CID":1,"DeviceSn":"FCAA147DA9F9"}]
2016-08-05 21:59:50.819 DEBUG /api/Login:  参数:[{"Account":"1008","Password":"123456","EntryPoint":0,"DeviceType":1,"InTestMode":false,"CID":1,"IsLock":false,"StoreId":"1","MachineSn":"01","DeviceSn":"FCAA147DA9F9"}]
2016-08-05 21:59:54.149 DEBUG /api/ClearOrder:  参数:[{"StoreId":"1","MachineSn":"01","CID":1,"DeviceSn":"FCAA147DA9F9"}]
2016-08-05 21:59:54.301 DEBUG /api/HandBillNum:  参数:[{"OrderSn":null,"StoreId":"1","MachineSn":"01","CID":1,"DeviceSn":"FCAA147DA9F9"}]
2016-08-05 21:59:57.592 DEBUG /api/GetRefundAllOrderSn:  参数:[{"StoreId":"1","MachineSn":"01","CID":1,"DeviceSn":"FCAA147DA9F9"}]
2016-08-05 22:00:03.320 DEBUG /api/SetOldCustomerOrderSn:  参数:[{"OldCustomerOrderSN":"01201606140002","Mode":1,"StoreId":"1","MachineSn":"01","CID":1,"DeviceSn":"FCAA147DA9F9"}]
2016-08-05 22:00:17.126 DEBUG /api/AddRefundOrChangeInfo:  参数:[{"Barcode":"0101020001","ChangeNumber":0.0,"ChangePrice":0.0,"Status":false,"Mode":1,"RecordId":null,"ProductType":0,"StoreId":"1","MachineSn":"01","CID":1,"DeviceSn":"FCAA147DA9F9"}]
2016-08-05 22:01:01.249 DEBUG /api/AddRefundOrChangeInfo:  参数:[{"Barcode":"0101020001","ChangeNumber":0.0,"ChangePrice":0.0,"Status":false,"Mode":1,"RecordId":null,"ProductType":0,"StoreId":"1","MachineSn":"01","CID":1,"DeviceSn":"FCAA147DA9F9"}]
2016-08-05 22:01:25.547 DEBUG /api/AddRefundOrChangeInfo:  参数:[{"Barcode":"10189","ChangeNumber":0.0,"ChangePrice":0.0,"Status":false,"Mode":1,"RecordId":null,"ProductType":0,"StoreId":"1","MachineSn":"01","CID":1,"DeviceSn":"FCAA147DA9F9"}]
2016-08-05 22:01:26.155 DEBUG /api/AddRefundOrChangeInfo: 散称商品请过称！
2016-08-05 22:01:46.938 DEBUG /api/AddRefundOrChangeInfo:  参数:[{"Barcode":"10019","ChangeNumber":0.0,"ChangePrice":0.0,"Status":false,"Mode":1,"RecordId":null,"ProductType":0,"StoreId":"1","MachineSn":"01","CID":1,"DeviceSn":"FCAA147DA9F9"}]
2016-08-05 22:01:47.202 DEBUG /api/AddRefundOrChangeInfo: 散称商品请过称！
2016-08-05 22:13:01.380 DEBUG /api/PaysStatus:  参数:[{"StoreId":"1","MachineSn":null,"CID":1,"DeviceSn":"FCAA147DA9F9"}]
2016-08-05 22:13:01.380 DEBUG /api/GetProductCategory:  参数:[{"StoreId":"1","MachineSn":"01","CID":1,"DeviceSn":"FCAA147DA9F9"}]
2016-08-05 22:13:05.902 DEBUG /api/Login:  参数:[{"Account":"1008","Password":"123456","EntryPoint":0,"DeviceType":1,"InTestMode":false,"CID":1,"IsLock":false,"StoreId":"1","MachineSn":"01","DeviceSn":"FCAA147DA9F9"}]
2016-08-05 22:13:06.376 DEBUG /api/ClearOrder:  参数:[{"StoreId":"1","MachineSn":"01","CID":1,"DeviceSn":"FCAA147DA9F9"}]
2016-08-05 22:13:06.517 DEBUG /api/HandBillNum:  参数:[{"OrderSn":null,"StoreId":"1","MachineSn":"01","CID":1,"DeviceSn":"FCAA147DA9F9"}]
2016-08-05 22:13:08.309 DEBUG /api/GetRefundAllOrderSn:  参数:[{"StoreId":"1","MachineSn":"01","CID":1,"DeviceSn":"FCAA147DA9F9"}]
2016-08-05 22:13:35.780 DEBUG /api/SetOldCustomerOrderSn:  参数:[{"OldCustomerOrderSN":"01201606140002","Mode":1,"StoreId":"1","MachineSn":"01","CID":1,"DeviceSn":"FCAA147DA9F9"}]
2016-08-05 22:15:08.402 DEBUG /api/AddRefundOrChangeInfo:  参数:[{"Barcode":"2710019990001","ChangeNumber":0.0,"ChangePrice":0.0,"Status":false,"Mode":1,"RecordId":null,"ProductType":0,"StoreId":"1","MachineSn":"01","CID":1,"DeviceSn":"FCAA147DA9F9"}]
2016-08-05 22:15:15.673 DEBUG /api/RemoveRefundOrChangeInfo:  参数:[{"Barcode":"2710019990001","ChangeNumber":0.0,"ChangePrice":0.0,"Status":true,"Mode":1,"RecordId":"f982c7c2-9802-4c01-9a5d-58047b36968f","ProductType":0,"StoreId":"1","MachineSn":"01","CID":1,"DeviceSn":"FCAA147DA9F9"}]
2016-08-05 22:15:19.144 DEBUG /api/SetOldCustomerOrderSn:  参数:[{"OldCustomerOrderSN":"01201606140002","Mode":2,"StoreId":"1","MachineSn":"01","CID":1,"DeviceSn":"FCAA147DA9F9"}]
2016-08-05 22:25:08.692 DEBUG /api/GetProductCategory:  参数:[{"StoreId":"1","MachineSn":"01","CID":1,"DeviceSn":"FCAA147DA9F9"}]
2016-08-05 22:25:08.711 DEBUG /api/PaysStatus:  参数:[{"StoreId":"1","MachineSn":null,"CID":1,"DeviceSn":"FCAA147DA9F9"}]
2016-08-05 22:25:13.808 DEBUG /api/Login:  参数:[{"Account":"1008","Password":"123456","EntryPoint":0,"DeviceType":1,"InTestMode":false,"CID":1,"IsLock":false,"StoreId":"1","MachineSn":"01","DeviceSn":"FCAA147DA9F9"}]
2016-08-05 22:25:14.384 DEBUG /api/ClearOrder:  参数:[{"StoreId":"1","MachineSn":"01","CID":1,"DeviceSn":"FCAA147DA9F9"}]
2016-08-05 22:25:14.522 DEBUG /api/HandBillNum:  参数:[{"OrderSn":null,"StoreId":"1","MachineSn":"01","CID":1,"DeviceSn":"FCAA147DA9F9"}]
2016-08-05 22:25:18.180 DEBUG /api/GetRefundAllOrderSn:  参数:[{"StoreId":"1","MachineSn":"01","CID":1,"DeviceSn":"FCAA147DA9F9"}]
2016-08-05 22:25:39.008 DEBUG /api/SetOldCustomerOrderSn:  参数:[{"OldCustomerOrderSN":"01201606140002","Mode":1,"StoreId":"1","MachineSn":"01","CID":1,"DeviceSn":"FCAA147DA9F9"}]
2016-08-05 22:25:43.687 DEBUG /api/SetOldCustomerOrderSn:  参数:[{"OldCustomerOrderSN":"01201606140002","Mode":2,"StoreId":"1","MachineSn":"01","CID":1,"DeviceSn":"FCAA147DA9F9"}]
2016-08-05 22:26:56.279 DEBUG /api/SetOldCustomerOrderSn:  参数:[{"OldCustomerOrderSN":"01201606140002","Mode":1,"StoreId":"1","MachineSn":"01","CID":1,"DeviceSn":"FCAA147DA9F9"}]
2016-08-05 22:29:06.780 DEBUG /api/PaysStatus:  参数:[{"StoreId":"1","MachineSn":null,"CID":1,"DeviceSn":"FCAA147DA9F9"}]
2016-08-05 22:29:06.780 DEBUG /api/GetProductCategory:  参数:[{"StoreId":"1","MachineSn":"01","CID":1,"DeviceSn":"FCAA147DA9F9"}]
2016-08-05 22:29:11.759 DEBUG /api/Login:  参数:[{"Account":"1008","Password":"123456","EntryPoint":0,"DeviceType":1,"InTestMode":false,"CID":1,"IsLock":false,"StoreId":"1","MachineSn":"01","DeviceSn":"FCAA147DA9F9"}]
2016-08-05 22:29:12.265 DEBUG /api/ClearOrder:  参数:[{"StoreId":"1","MachineSn":"01","CID":1,"DeviceSn":"FCAA147DA9F9"}]
2016-08-05 22:29:12.393 DEBUG /api/HandBillNum:  参数:[{"OrderSn":null,"StoreId":"1","MachineSn":"01","CID":1,"DeviceSn":"FCAA147DA9F9"}]
2016-08-05 22:29:14.192 DEBUG /api/GetRefundAllOrderSn:  参数:[{"StoreId":"1","MachineSn":"01","CID":1,"DeviceSn":"FCAA147DA9F9"}]
2016-08-05 22:29:22.267 DEBUG /api/SetOldCustomerOrderSn:  参数:[{"OldCustomerOrderSN":"<TextBlock Grid.Row=\"1\" Grid.Column=\"1\" Style=\"{StaticResource titleStyle}\" HorizontalAlignment=\"Center\" Text=\"{Binding OldSalemanFullName}\"></TextBlock>","Mode":1,"StoreId":"1","MachineSn":"01","CID":1,"DeviceSn":"FCAA147DA9F9"}]
2016-08-05 22:29:27.925 DEBUG /api/SetOldCustomerOrderSn:  参数:[{"OldCustomerOrderSN":"01201606140002","Mode":1,"StoreId":"1","MachineSn":"01","CID":1,"DeviceSn":"FCAA147DA9F9"}]
2016-08-05 22:29:46.783 DEBUG /api/SetOldCustomerOrderSn:  参数:[{"OldCustomerOrderSN":"01201606140002","Mode":2,"StoreId":"1","MachineSn":"01","CID":1,"DeviceSn":"FCAA147DA9F9"}]
2016-08-05 22:34:19.434 DEBUG /api/GetProductCategory:  参数:[{"StoreId":"1","MachineSn":"01","CID":1,"DeviceSn":"FCAA147DA9F9"}]
2016-08-05 22:34:19.435 DEBUG /api/PaysStatus:  参数:[{"StoreId":"1","MachineSn":null,"CID":1,"DeviceSn":"FCAA147DA9F9"}]
2016-08-05 22:34:28.568 DEBUG /api/Login:  参数:[{"Account":"1008","Password":"123456","EntryPoint":0,"DeviceType":1,"InTestMode":false,"CID":1,"IsLock":false,"StoreId":"1","MachineSn":"01","DeviceSn":"FCAA147DA9F9"}]
2016-08-05 22:34:29.028 DEBUG /api/ClearOrder:  参数:[{"StoreId":"1","MachineSn":"01","CID":1,"DeviceSn":"FCAA147DA9F9"}]
2016-08-05 22:34:29.148 DEBUG /api/HandBillNum:  参数:[{"OrderSn":null,"StoreId":"1","MachineSn":"01","CID":1,"DeviceSn":"FCAA147DA9F9"}]
2016-08-05 22:34:31.777 DEBUG /api/GetRefundAllOrderSn:  参数:[{"StoreId":"1","MachineSn":"01","CID":1,"DeviceSn":"FCAA147DA9F9"}]
2016-08-05 22:34:42.728 DEBUG /api/SetOldCustomerOrderSn:  参数:[{"OldCustomerOrderSN":"01201606140002","Mode":1,"StoreId":"1","MachineSn":"01","CID":1,"DeviceSn":"FCAA147DA9F9"}]
2016-08-05 22:34:48.159 DEBUG /api/SetOldCustomerOrderSn:  参数:[{"OldCustomerOrderSN":"01201606140002","Mode":2,"StoreId":"1","MachineSn":"01","CID":1,"DeviceSn":"FCAA147DA9F9"}]
2016-08-05 22:42:39.756 DEBUG /api/PaysStatus:  参数:[{"StoreId":"1","MachineSn":null,"CID":1,"DeviceSn":"FCAA147DA9F9"}]
2016-08-05 22:42:39.756 DEBUG /api/GetProductCategory:  参数:[{"StoreId":"1","MachineSn":"01","CID":1,"DeviceSn":"FCAA147DA9F9"}]
2016-08-05 22:42:43.235 DEBUG /api/Login:  参数:[{"Account":"1008","Password":"123456","EntryPoint":0,"DeviceType":1,"InTestMode":false,"CID":1,"IsLock":false,"StoreId":"1","MachineSn":"01","DeviceSn":"FCAA147DA9F9"}]
2016-08-05 22:42:43.731 DEBUG /api/ClearOrder:  参数:[{"StoreId":"1","MachineSn":"01","CID":1,"DeviceSn":"FCAA147DA9F9"}]
2016-08-05 22:42:43.858 DEBUG /api/HandBillNum:  参数:[{"OrderSn":null,"StoreId":"1","MachineSn":"01","CID":1,"DeviceSn":"FCAA147DA9F9"}]
2016-08-05 22:42:45.573 DEBUG /api/GetRefundAllOrderSn:  参数:[{"StoreId":"1","MachineSn":"01","CID":1,"DeviceSn":"FCAA147DA9F9"}]
2016-08-05 22:42:55.279 DEBUG /api/SetOldCustomerOrderSn:  参数:[{"OldCustomerOrderSN":"01201606140002","Mode":1,"StoreId":"1","MachineSn":"01","CID":1,"DeviceSn":"FCAA147DA9F9"}]
2016-08-05 22:43:08.246 DEBUG /api/AddRefundOrChangeInfo:  参数:[{"Barcode":"2710019990001","ChangeNumber":0.0,"ChangePrice":0.0,"Status":false,"Mode":1,"RecordId":null,"ProductType":0,"StoreId":"1","MachineSn":"01","CID":1,"DeviceSn":"FCAA147DA9F9"}]
2016-08-05 22:43:13.837 DEBUG /api/AddRefundOrChangeInfo:  参数:[{"Barcode":"2710019990001","ChangeNumber":0.0,"ChangePrice":0.0,"Status":true,"Mode":1,"RecordId":null,"ProductType":0,"StoreId":"1","MachineSn":"01","CID":1,"DeviceSn":"FCAA147DA9F9"}]
2016-08-05 22:43:14.112 DEBUG /api/AddRefundOrChangeInfo: 值不能为 null。
参数名: source
2016-08-05 22:43:20.984 DEBUG /api/AddRefundOrChangeInfo:  参数:[{"Barcode":"0101020001","ChangeNumber":0.0,"ChangePrice":0.0,"Status":true,"Mode":1,"RecordId":null,"ProductType":0,"StoreId":"1","MachineSn":"01","CID":1,"DeviceSn":"FCAA147DA9F9"}]
2016-08-05 22:43:21.285 DEBUG /api/AddRefundOrChangeInfo: 值不能为 null。
参数名: source
2016-08-05 22:43:28.733 DEBUG /api/AddRefundOrChangeInfo:  参数:[{"Barcode":"0101020001","ChangeNumber":0.0,"ChangePrice":0.0,"Status":true,"Mode":1,"RecordId":null,"ProductType":0,"StoreId":"1","MachineSn":"01","CID":1,"DeviceSn":"FCAA147DA9F9"}]
2016-08-05 22:43:28.908 DEBUG /api/AddRefundOrChangeInfo: 值不能为 null。
参数名: source
2016-08-05 22:43:39.280 DEBUG /api/SetOldCustomerOrderSn:  参数:[{"OldCustomerOrderSN":"2710019990001","Mode":2,"StoreId":"1","MachineSn":"01","CID":1,"DeviceSn":"FCAA147DA9F9"}]
2016-08-05 22:43:57.162 DEBUG /api/SetOldCustomerOrderSn:  参数:[{"OldCustomerOrderSN":"01201606140002","Mode":2,"StoreId":"1","MachineSn":"01","CID":1,"DeviceSn":"FCAA147DA9F9"}]
2016-08-05 22:44:04.480 DEBUG /api/AddRefundOrChangeInfo:  参数:[{"Barcode":"2710019990001","ChangeNumber":0.0,"ChangePrice":0.0,"Status":false,"Mode":2,"RecordId":null,"ProductType":0,"StoreId":"1","MachineSn":"01","CID":1,"DeviceSn":"FCAA147DA9F9"}]
2016-08-05 22:44:20.764 DEBUG /api/Authorization:  参数:[{"Password":"123456","StoreId":"1","MachineSn":"01","CID":1,"DeviceSn":"FCAA147DA9F9"}]
2016-08-05 22:44:20.887 DEBUG /api/SetSaleMan:  参数:[{"SaleMan":"2111","Source":2,"Mode":2,"StoreId":"1","MachineSn":"01","CID":1,"DeviceSn":"FCAA147DA9F9"}]
2016-08-05 22:44:22.802 DEBUG /api/PaysStatus:  参数:[{"StoreId":"1","MachineSn":null,"CID":1,"DeviceSn":"FCAA147DA9F9"}]
2016-08-05 22:44:28.981 DEBUG /api/ClearRefundOrChangeInfo:  参数:[{"Barcode":null,"ChangeNumber":0.0,"ChangePrice":0.0,"Status":false,"Mode":1,"RecordId":null,"ProductType":0,"StoreId":"1","MachineSn":"01","CID":1,"DeviceSn":"FCAA147DA9F9"}]
2016-08-05 22:44:29.011 DEBUG /api/ClearRefundOrChangeInfo:  参数:[{"Barcode":null,"ChangeNumber":0.0,"ChangePrice":0.0,"Status":false,"Mode":2,"RecordId":null,"ProductType":0,"StoreId":"1","MachineSn":"01","CID":1,"DeviceSn":"FCAA147DA9F9"}]
2016-08-05 22:44:30.332 DEBUG /api/GetRefundAllOrderSn:  参数:[{"StoreId":"1","MachineSn":"01","CID":1,"DeviceSn":"FCAA147DA9F9"}]
2016-08-05 22:44:47.965 DEBUG /api/SetOldCustomerOrderSn:  参数:[{"OldCustomerOrderSN":"2710019990001","Mode":1,"StoreId":"1","MachineSn":"01","CID":1,"DeviceSn":"FCAA147DA9F9"}]
2016-08-05 22:44:51.462 DEBUG /api/SetOldCustomerOrderSn:  参数:[{"OldCustomerOrderSN":"01201606140003","Mode":1,"StoreId":"1","MachineSn":"01","CID":1,"DeviceSn":"FCAA147DA9F9"}]
2016-08-05 22:45:04.035 DEBUG /api/AddRefundOrChangeInfo:  参数:[{"Barcode":"2710047990001","ChangeNumber":0.0,"ChangePrice":0.0,"Status":false,"Mode":1,"RecordId":null,"ProductType":0,"StoreId":"1","MachineSn":"01","CID":1,"DeviceSn":"FCAA147DA9F9"}]
2016-08-05 22:45:11.890 DEBUG /api/AddRefundOrChangeInfo:  参数:[{"Barcode":"0301040053","ChangeNumber":0.0,"ChangePrice":0.0,"Status":true,"Mode":1,"RecordId":null,"ProductType":0,"StoreId":"1","MachineSn":"01","CID":1,"DeviceSn":"FCAA147DA9F9"}]
2016-08-05 22:45:12.068 DEBUG /api/AddRefundOrChangeInfo: 值不能为 null。
参数名: source
2016-08-05 22:46:59.755 DEBUG /api/AddRefundOrChangeInfo:  参数:[{"Barcode":"0101020001","ChangeNumber":0.0,"ChangePrice":0.0,"Status":true,"Mode":1,"RecordId":null,"ProductType":0,"StoreId":"1","MachineSn":"01","CID":1,"DeviceSn":"FCAA147DA9F9"}]
2016-08-05 22:47:02.714 DEBUG /api/AddRefundOrChangeInfo: 值不能为 null。
参数名: source
2016-08-05 22:47:08.964 DEBUG /api/AddRefundOrChangeInfo:  参数:[{"Barcode":"0101020001","ChangeNumber":0.0,"ChangePrice":0.0,"Status":true,"Mode":1,"RecordId":null,"ProductType":0,"StoreId":"1","MachineSn":"01","CID":1,"DeviceSn":"FCAA147DA9F9"}]
2016-08-05 22:51:37.506 DEBUG /api/AddRefundOrChangeInfo: 值不能为 null。
参数名: source
2016-08-05 22:51:48.687 DEBUG /api/AddRefundOrChangeInfo:  参数:[{"Barcode":"0101020001","ChangeNumber":0.0,"ChangePrice":0.0,"Status":true,"Mode":1,"RecordId":null,"ProductType":0,"StoreId":"1","MachineSn":"01","CID":1,"DeviceSn":"FCAA147DA9F9"}]
2016-08-05 22:52:05.017 DEBUG /api/AddRefundOrChangeInfo: 值不能为 null。
参数名: source
2016-08-05 22:52:18.555 DEBUG /api/AddRefundOrChangeInfo:  参数:[{"Barcode":"0101020001","ChangeNumber":0.0,"ChangePrice":0.0,"Status":true,"Mode":1,"RecordId":null,"ProductType":0,"StoreId":"1","MachineSn":"01","CID":1,"DeviceSn":"FCAA147DA9F9"}]
2016-08-05 22:52:28.653 DEBUG /api/AddRefundOrChangeInfo: 值不能为 null。
参数名: source
2016-08-05 22:52:32.912 DEBUG /api/AddRefundOrChangeInfo:  参数:[{"Barcode":"0101020001","ChangeNumber":0.0,"ChangePrice":0.0,"Status":true,"Mode":1,"RecordId":null,"ProductType":0,"StoreId":"1","MachineSn":"01","CID":1,"DeviceSn":"FCAA147DA9F9"}]
