2017-02-21 17:16:05.571 DEBUG /api/PaysStatus:  参数:[{"StoreId":"16","MachineSn":null,"CID":1,"DeviceSn":"FCAA147DA9F9"}]
2017-02-21 17:16:24.136 DEBUG /api/PaysStatus:  参数:[{"StoreId":"16","MachineSn":null,"CID":1,"DeviceSn":"FCAA147DA9F9"}]
2017-02-21 17:16:38.176 DEBUG /api/Login:  参数:[{"Account":"8001","Password":"123456","EntryPoint":0,"DeviceType":1,"InTestMode":false,"CID":1,"IsLock":false,"StoreId":"16","MachineSn":"01","DeviceSn":"FCAA147DA9F9"}]
2017-02-21 17:16:38.691 DEBUG /api/Login: 账号错误！
2017-02-21 17:16:39.596 DEBUG /api/PaysStatus:  参数:[{"StoreId":"16","MachineSn":null,"CID":1,"DeviceSn":"FCAA147DA9F9"}]
2017-02-21 17:16:43.213 DEBUG /api/Login:  参数:[{"Account":"8002","Password":"123456","EntryPoint":0,"DeviceType":1,"InTestMode":false,"CID":1,"IsLock":false,"StoreId":"16","MachineSn":"01","DeviceSn":"FCAA147DA9F9"}]
2017-02-21 17:16:43.353 DEBUG /api/Login: 账号错误！
2017-02-21 17:16:54.976 DEBUG /api/PaysStatus:  参数:[{"StoreId":"16","MachineSn":null,"CID":1,"DeviceSn":"FCAA147DA9F9"}]
2017-02-21 17:17:10.284 DEBUG /api/PaysStatus:  参数:[{"StoreId":"16","MachineSn":null,"CID":1,"DeviceSn":"FCAA147DA9F9"}]
2017-02-21 17:17:25.558 DEBUG /api/PaysStatus:  参数:[{"StoreId":"16","MachineSn":null,"CID":1,"DeviceSn":"FCAA147DA9F9"}]
2017-02-21 17:17:37.726 DEBUG /api/Login:  参数:[{"Account":"1008","Password":"123456","EntryPoint":0,"DeviceType":1,"InTestMode":false,"CID":1,"IsLock":false,"StoreId":"16","MachineSn":"01","DeviceSn":"FCAA147DA9F9"}]
2017-02-21 17:17:39.025 DEBUG /api/ClearOrder:  参数:[{"StoreId":"16","MachineSn":"01","CID":1,"DeviceSn":"FCAA147DA9F9"}]
2017-02-21 17:17:40.030 DEBUG /api/HandBillNum:  参数:[{"OrderSn":null,"StoreId":"16","MachineSn":"01","CID":1,"DeviceSn":"FCAA147DA9F9"}]
2017-02-21 17:17:40.881 DEBUG /api/PaysStatus:  参数:[{"StoreId":"16","MachineSn":null,"CID":1,"DeviceSn":"FCAA147DA9F9"}]
2017-02-21 17:17:56.246 DEBUG /api/PaysStatus:  参数:[{"StoreId":"16","MachineSn":null,"CID":1,"DeviceSn":"FCAA147DA9F9"}]
2017-02-21 17:18:10.758 DEBUG /api/FindBills:  参数:[{"Date":"2017-02-21 17:18:10","Range":0,"PaySn":null,"Cashier":"1008","QueryMachineSn":"01","StoreId":"16","MachineSn":"01","CID":1,"DeviceSn":"FCAA147DA9F9"}]
2017-02-21 17:18:11.523 DEBUG /api/PaysStatus:  参数:[{"StoreId":"16","MachineSn":null,"CID":1,"DeviceSn":"FCAA147DA9F9"}]
2017-02-21 17:18:26.778 DEBUG /api/PaysStatus:  参数:[{"StoreId":"16","MachineSn":null,"CID":1,"DeviceSn":"FCAA147DA9F9"}]
2017-02-21 17:18:36.785 DEBUG /api/GetProductCategory:  参数:[{"StoreId":"16","MachineSn":"01","CID":1,"DeviceSn":"FCAA147DA9F9"}]
2017-02-21 17:18:42.066 DEBUG /api/PaysStatus:  参数:[{"StoreId":"16","MachineSn":null,"CID":1,"DeviceSn":"FCAA147DA9F9"}]
2017-02-21 17:18:43.392 DEBUG /api/GetProductStock:  参数:[50,1,{"CategorySns":[30],"Keyword":null,"Price":0.0,"StoreId":"16","MachineSn":"01","CID":1,"DeviceSn":"FCAA147DA9F9"}]
2017-02-21 17:18:44.079 DEBUG /api/GetProductStock:  参数:[50,2,{"CategorySns":[30],"Keyword":null,"Price":0.0,"StoreId":"16","MachineSn":"01","CID":1,"DeviceSn":"FCAA147DA9F9"}]
2017-02-21 17:18:45.702 DEBUG /api/SaleOrderAdd:  参数:[{"Barcode":"0102010072","Status":47,"StoreId":"16","MachineSn":"01","CID":1,"DeviceSn":"FCAA147DA9F9"}]
2017-02-21 17:18:47.030 DEBUG /api/SaleOrderAdd:  参数:[{"Barcode":"0102010073","Status":47,"StoreId":"16","MachineSn":"01","CID":1,"DeviceSn":"FCAA147DA9F9"}]
2017-02-21 17:18:50.013 DEBUG /api/SaleOrderAdd:  参数:[{"Barcode":"0102010074","Status":47,"StoreId":"16","MachineSn":"01","CID":1,"DeviceSn":"FCAA147DA9F9"}]
2017-02-21 17:18:57.458 DEBUG /api/PaysStatus:  参数:[{"StoreId":"16","MachineSn":null,"CID":1,"DeviceSn":"FCAA147DA9F9"}]
2017-02-21 17:19:12.728 DEBUG /api/PaysStatus:  参数:[{"StoreId":"16","MachineSn":null,"CID":1,"DeviceSn":"FCAA147DA9F9"}]
2017-02-21 17:19:28.076 DEBUG /api/PaysStatus:  参数:[{"StoreId":"16","MachineSn":null,"CID":1,"DeviceSn":"FCAA147DA9F9"}]
2017-02-21 17:19:43.346 DEBUG /api/PaysStatus:  参数:[{"StoreId":"16","MachineSn":null,"CID":1,"DeviceSn":"FCAA147DA9F9"}]
2017-02-21 17:19:58.717 DEBUG /api/PaysStatus:  参数:[{"StoreId":"16","MachineSn":null,"CID":1,"DeviceSn":"FCAA147DA9F9"}]
2017-02-21 17:20:13.996 DEBUG /api/PaysStatus:  参数:[{"StoreId":"16","MachineSn":null,"CID":1,"DeviceSn":"FCAA147DA9F9"}]
2017-02-21 17:20:29.351 DEBUG /api/PaysStatus:  参数:[{"StoreId":"16","MachineSn":null,"CID":1,"DeviceSn":"FCAA147DA9F9"}]
2017-02-21 17:20:44.656 DEBUG /api/PaysStatus:  参数:[{"StoreId":"16","MachineSn":null,"CID":1,"DeviceSn":"FCAA147DA9F9"}]
2017-02-21 17:20:59.953 DEBUG /api/PaysStatus:  参数:[{"StoreId":"16","MachineSn":null,"CID":1,"DeviceSn":"FCAA147DA9F9"}]
2017-02-21 17:21:15.235 DEBUG /api/PaysStatus:  参数:[{"StoreId":"16","MachineSn":null,"CID":1,"DeviceSn":"FCAA147DA9F9"}]
2017-02-21 17:21:30.661 DEBUG /api/PaysStatus:  参数:[{"StoreId":"16","MachineSn":null,"CID":1,"DeviceSn":"FCAA147DA9F9"}]
2017-02-21 17:21:35.046 DEBUG /api/ClearOrder:  参数:[{"StoreId":"16","MachineSn":"01","CID":1,"DeviceSn":"FCAA147DA9F9"}]
2017-02-21 17:21:53.152 DEBUG /api/PaysStatus:  参数:[{"StoreId":"16","MachineSn":null,"CID":1,"DeviceSn":"FCAA147DA9F9"}]
2017-02-21 17:21:53.152 DEBUG /api/GetProductCategory:  参数:[{"StoreId":"16","MachineSn":"01","CID":1,"DeviceSn":"FCAA147DA9F9"}]
2017-02-21 17:22:07.799 DEBUG /api/Login:  参数:[{"Account":"1008","Password":"123456","EntryPoint":0,"DeviceType":1,"InTestMode":false,"CID":1,"IsLock":false,"StoreId":"16","MachineSn":"01","DeviceSn":"FCAA147DA9F9"}]
2017-02-21 17:22:07.955 DEBUG /api/ClearOrder:  参数:[{"StoreId":"16","MachineSn":"01","CID":1,"DeviceSn":"FCAA147DA9F9"}]
2017-02-21 17:22:08.458 DEBUG /api/PaysStatus:  参数:[{"StoreId":"16","MachineSn":null,"CID":1,"DeviceSn":"FCAA147DA9F9"}]
2017-02-21 17:22:08.962 DEBUG /api/HandBillNum:  参数:[{"OrderSn":null,"StoreId":"16","MachineSn":"01","CID":1,"DeviceSn":"FCAA147DA9F9"}]
2017-02-21 17:22:12.018 DEBUG /api/GetProductCategory:  参数:[{"StoreId":"16","MachineSn":"01","CID":1,"DeviceSn":"FCAA147DA9F9"}]
2017-02-21 17:22:16.639 DEBUG /api/GetProductStock:  参数:[50,1,{"CategorySns":[30],"Keyword":null,"Price":0.0,"StoreId":"16","MachineSn":"01","CID":1,"DeviceSn":"FCAA147DA9F9"}]
2017-02-21 17:22:16.951 DEBUG /api/GetProductStock:  参数:[50,2,{"CategorySns":[30],"Keyword":null,"Price":0.0,"StoreId":"16","MachineSn":"01","CID":1,"DeviceSn":"FCAA147DA9F9"}]
2017-02-21 17:22:18.454 DEBUG /api/SaleOrderAdd:  参数:[{"Barcode":"0102010072","Status":47,"StoreId":"16","MachineSn":"01","CID":1,"DeviceSn":"FCAA147DA9F9"}]
2017-02-21 17:22:19.266 DEBUG /api/SaleOrderAdd:  参数:[{"Barcode":"0102010073","Status":47,"StoreId":"16","MachineSn":"01","CID":1,"DeviceSn":"FCAA147DA9F9"}]
2017-02-21 17:22:20.092 DEBUG /api/SaleOrderAdd:  参数:[{"Barcode":"0102010074","Status":47,"StoreId":"16","MachineSn":"01","CID":1,"DeviceSn":"FCAA147DA9F9"}]
2017-02-21 17:22:23.817 DEBUG /api/PaysStatus:  参数:[{"StoreId":"16","MachineSn":null,"CID":1,"DeviceSn":"FCAA147DA9F9"}]
2017-02-21 17:22:39.108 DEBUG /api/PaysStatus:  参数:[{"StoreId":"16","MachineSn":null,"CID":1,"DeviceSn":"FCAA147DA9F9"}]
2017-02-21 17:22:54.401 DEBUG /api/PaysStatus:  参数:[{"StoreId":"16","MachineSn":null,"CID":1,"DeviceSn":"FCAA147DA9F9"}]
2017-02-21 17:22:58.172 DEBUG /api/BackgroundPayment:  参数:[{"CardNo":"3000000000010000032","Amount":114.0,"Mode":6,"CardPassword":"","StoreId":"16","MachineSn":"01","CID":1,"DeviceSn":"FCAA147DA9F9"}]
2017-02-21 17:23:09.754 DEBUG /api/PaysStatus:  参数:[{"StoreId":"16","MachineSn":null,"CID":1,"DeviceSn":"FCAA147DA9F9"}]
2017-02-21 17:23:11.080 DEBUG /api/Pay:  参数:[{"Mode":2,"Receivable":114.0,"OrderAmount":114.00,"Payway":[{"Type":6,"Amount":114.0,"Receive":114.0,"Change":0.0,"CardNo":"3000000000010000032","WipeZero":0.0}],"Reason":0,"OldOrderSn":"","SaleMan":null,"StoreId":"16","MachineSn":"01","CID":1,"DeviceSn":"FCAA147DA9F9"}]
2017-02-21 17:23:16.459 DEBUG /api/ClearOrder:  参数:[{"StoreId":"16","MachineSn":"01","CID":1,"DeviceSn":"FCAA147DA9F9"}]
2017-02-21 17:23:25.107 DEBUG /api/PaysStatus:  参数:[{"StoreId":"16","MachineSn":null,"CID":1,"DeviceSn":"FCAA147DA9F9"}]
2017-02-21 17:23:40.472 DEBUG /api/PaysStatus:  参数:[{"StoreId":"16","MachineSn":null,"CID":1,"DeviceSn":"FCAA147DA9F9"}]
2017-02-21 17:23:55.808 DEBUG /api/PaysStatus:  参数:[{"StoreId":"16","MachineSn":null,"CID":1,"DeviceSn":"FCAA147DA9F9"}]
2017-02-21 17:24:11.086 DEBUG /api/PaysStatus:  参数:[{"StoreId":"16","MachineSn":null,"CID":1,"DeviceSn":"FCAA147DA9F9"}]
2017-02-21 17:24:26.377 DEBUG /api/PaysStatus:  参数:[{"StoreId":"16","MachineSn":null,"CID":1,"DeviceSn":"FCAA147DA9F9"}]
2017-02-21 17:24:41.690 DEBUG /api/PaysStatus:  参数:[{"StoreId":"16","MachineSn":null,"CID":1,"DeviceSn":"FCAA147DA9F9"}]
2017-02-21 17:24:56.979 DEBUG /api/PaysStatus:  参数:[{"StoreId":"16","MachineSn":null,"CID":1,"DeviceSn":"FCAA147DA9F9"}]
2017-02-21 17:25:12.268 DEBUG /api/PaysStatus:  参数:[{"StoreId":"16","MachineSn":null,"CID":1,"DeviceSn":"FCAA147DA9F9"}]
2017-02-21 17:25:27.609 DEBUG /api/PaysStatus:  参数:[{"StoreId":"16","MachineSn":null,"CID":1,"DeviceSn":"FCAA147DA9F9"}]
2017-02-21 17:25:42.931 DEBUG /api/PaysStatus:  参数:[{"StoreId":"16","MachineSn":null,"CID":1,"DeviceSn":"FCAA147DA9F9"}]
2017-02-21 17:25:58.213 DEBUG /api/PaysStatus:  参数:[{"StoreId":"16","MachineSn":null,"CID":1,"DeviceSn":"FCAA147DA9F9"}]
2017-02-21 17:26:13.503 DEBUG /api/PaysStatus:  参数:[{"StoreId":"16","MachineSn":null,"CID":1,"DeviceSn":"FCAA147DA9F9"}]
2017-02-21 17:26:28.812 DEBUG /api/PaysStatus:  参数:[{"StoreId":"16","MachineSn":null,"CID":1,"DeviceSn":"FCAA147DA9F9"}]
2017-02-21 17:26:44.121 DEBUG /api/PaysStatus:  参数:[{"StoreId":"16","MachineSn":null,"CID":1,"DeviceSn":"FCAA147DA9F9"}]
2017-02-21 17:26:59.380 DEBUG /api/PaysStatus:  参数:[{"StoreId":"16","MachineSn":null,"CID":1,"DeviceSn":"FCAA147DA9F9"}]
2017-02-21 17:27:14.501 DEBUG /api/GetProductCategory:  参数:[{"StoreId":"16","MachineSn":"01","CID":1,"DeviceSn":"FCAA147DA9F9"}]
2017-02-21 17:27:14.673 DEBUG /api/PaysStatus:  参数:[{"StoreId":"16","MachineSn":null,"CID":1,"DeviceSn":"FCAA147DA9F9"}]
2017-02-21 17:27:17.886 DEBUG /api/GetProductStock:  参数:[50,1,{"CategorySns":[23],"Keyword":null,"Price":0.0,"StoreId":"16","MachineSn":"01","CID":1,"DeviceSn":"FCAA147DA9F9"}]
2017-02-21 17:27:19.447 DEBUG /api/SaleOrderAdd:  参数:[{"Barcode":"0101010007","Status":47,"StoreId":"16","MachineSn":"01","CID":1,"DeviceSn":"FCAA147DA9F9"}]
2017-02-21 17:27:20.072 DEBUG /api/SaleOrderAdd:  参数:[{"Barcode":"0200305700001","Status":47,"StoreId":"16","MachineSn":"01","CID":1,"DeviceSn":"FCAA147DA9F9"}]
2017-02-21 17:27:29.949 DEBUG /api/PaysStatus:  参数:[{"StoreId":"16","MachineSn":null,"CID":1,"DeviceSn":"FCAA147DA9F9"}]
2017-02-21 17:27:45.270 DEBUG /api/PaysStatus:  参数:[{"StoreId":"16","MachineSn":null,"CID":1,"DeviceSn":"FCAA147DA9F9"}]
2017-02-21 17:27:52.038 DEBUG /api/BackgroundPayment:  参数:[{"CardNo":"3000000000010000032","Amount":2415.0,"Mode":6,"CardPassword":"","StoreId":"16","MachineSn":"01","CID":1,"DeviceSn":"FCAA147DA9F9"}]
2017-02-21 17:27:58.495 DEBUG /api/Pay:  参数:[{"Mode":2,"Receivable":2415.0,"OrderAmount":2415.00,"Payway":[{"Type":6,"Amount":2415.0,"Receive":2415.0,"Change":0.0,"CardNo":"3000000000010000032","WipeZero":0.0}],"Reason":0,"OldOrderSn":"","SaleMan":null,"StoreId":"16","MachineSn":"01","CID":1,"DeviceSn":"FCAA147DA9F9"}]
2017-02-21 17:28:05.099 DEBUG /api/PaysStatus:  参数:[{"StoreId":"16","MachineSn":null,"CID":1,"DeviceSn":"FCAA147DA9F9"}]
2017-02-21 17:28:40.494 DEBUG /api/ClearOrder:  参数:[{"StoreId":"16","MachineSn":"01","CID":1,"DeviceSn":"FCAA147DA9F9"}]
2017-02-21 17:28:53.864 DEBUG /api/PaysStatus:  参数:[{"StoreId":"16","MachineSn":null,"CID":1,"DeviceSn":"FCAA147DA9F9"}]
2017-02-21 17:29:09.126 DEBUG /api/PaysStatus:  参数:[{"StoreId":"16","MachineSn":null,"CID":1,"DeviceSn":"FCAA147DA9F9"}]
2017-02-21 18:01:56.548 DEBUG /api/GetProductCategory:  参数:[{"StoreId":"16","MachineSn":"01","CID":1,"DeviceSn":"FCAA147DA9F9"}]
2017-02-21 18:01:56.548 DEBUG /api/PaysStatus:  参数:[{"StoreId":"16","MachineSn":null,"CID":1,"DeviceSn":"FCAA147DA9F9"}]
2017-02-21 18:02:01.892 DEBUG /api/Login:  参数:[{"Account":"1008","Password":"123456","EntryPoint":0,"DeviceType":1,"InTestMode":false,"CID":1,"IsLock":false,"StoreId":"16","MachineSn":"01","DeviceSn":"FCAA147DA9F9"}]
2017-02-21 18:02:08.946 DEBUG /api/Login: It was not possible to connect to the redis server(s); to create a disconnected multiplexer, disable AbortOnConnectFail. SocketFailure on PING
2017-02-21 18:02:08.967 DEBUG /api/GetProductCategory: It was not possible to connect to the redis server(s); to create a disconnected multiplexer, disable AbortOnConnectFail. SocketFailure on PING
2017-02-21 18:02:13.080 DEBUG /api/Login:  参数:[{"Account":"1008","Password":"123456","EntryPoint":0,"DeviceType":1,"InTestMode":false,"CID":1,"IsLock":false,"StoreId":"16","MachineSn":"01","DeviceSn":"FCAA147DA9F9"}]
2017-02-21 18:02:13.251 DEBUG /api/Login: It was not possible to connect to the redis server(s); to create a disconnected multiplexer, disable AbortOnConnectFail. SocketFailure on PING
2017-02-21 18:02:17.417 DEBUG /api/Login:  参数:[{"Account":"1008","Password":"123456","EntryPoint":0,"DeviceType":1,"InTestMode":false,"CID":1,"IsLock":false,"StoreId":"16","MachineSn":"01","DeviceSn":"FCAA147DA9F9"}]
2017-02-21 18:02:17.573 DEBUG /api/Login: It was not possible to connect to the redis server(s); to create a disconnected multiplexer, disable AbortOnConnectFail. SocketFailure on PING
2017-02-21 18:02:34.144 DEBUG /api/GetProductCategory:  参数:[{"StoreId":"16","MachineSn":"01","CID":1,"DeviceSn":"FCAA147DA9F9"}]
2017-02-21 18:02:34.144 DEBUG /api/PaysStatus:  参数:[{"StoreId":"16","MachineSn":null,"CID":1,"DeviceSn":"FCAA147DA9F9"}]
2017-02-21 18:02:34.465 DEBUG /api/GetProductCategory: It was not possible to connect to the redis server(s); to create a disconnected multiplexer, disable AbortOnConnectFail. SocketFailure on PING
2017-02-21 18:02:49.692 DEBUG /api/PaysStatus:  参数:[{"StoreId":"16","MachineSn":null,"CID":1,"DeviceSn":"FCAA147DA9F9"}]
2017-02-21 18:02:53.575 DEBUG /api/Login:  参数:[{"Account":"1008","Password":"123456","EntryPoint":0,"DeviceType":1,"InTestMode":false,"CID":1,"IsLock":false,"StoreId":"16","MachineSn":"01","DeviceSn":"FCAA147DA9F9"}]
2017-02-21 18:02:53.778 DEBUG /api/Login: It was not possible to connect to the redis server(s); to create a disconnected multiplexer, disable AbortOnConnectFail. SocketFailure on PING
2017-02-21 18:03:04.078 DEBUG /api/Login:  参数:[{"Account":"1008","Password":"123456","EntryPoint":0,"DeviceType":1,"InTestMode":false,"CID":1,"IsLock":false,"StoreId":"16","MachineSn":"01","DeviceSn":"FCAA147DA9F9"}]
2017-02-21 18:03:04.281 DEBUG /api/Login: It was not possible to connect to the redis server(s); to create a disconnected multiplexer, disable AbortOnConnectFail. SocketFailure on PING
2017-02-21 18:03:05.014 DEBUG /api/PaysStatus:  参数:[{"StoreId":"16","MachineSn":null,"CID":1,"DeviceSn":"FCAA147DA9F9"}]
2017-02-21 18:03:20.321 DEBUG /api/PaysStatus:  参数:[{"StoreId":"16","MachineSn":null,"CID":1,"DeviceSn":"FCAA147DA9F9"}]
2017-02-21 18:03:35.622 DEBUG /api/PaysStatus:  参数:[{"StoreId":"16","MachineSn":null,"CID":1,"DeviceSn":"FCAA147DA9F9"}]
2017-02-21 18:03:50.882 DEBUG /api/PaysStatus:  参数:[{"StoreId":"16","MachineSn":null,"CID":1,"DeviceSn":"FCAA147DA9F9"}]
2017-02-21 18:04:01.731 DEBUG /api/Login:  参数:[{"Account":"1008","Password":"123456","EntryPoint":0,"DeviceType":1,"InTestMode":false,"CID":1,"IsLock":false,"StoreId":"16","MachineSn":"01","DeviceSn":"FCAA147DA9F9"}]
2017-02-21 18:04:01.980 DEBUG /api/Login: It was not possible to connect to the redis server(s); to create a disconnected multiplexer, disable AbortOnConnectFail. SocketFailure on PING
2017-02-21 18:07:06.743 DEBUG /api/PaysStatus:  参数:[{"StoreId":"16","MachineSn":null,"CID":1,"DeviceSn":"FCAA147DA9F9"}]
2017-02-21 18:07:06.743 DEBUG /api/GetProductCategory:  参数:[{"StoreId":"16","MachineSn":"01","CID":1,"DeviceSn":"FCAA147DA9F9"}]
2017-02-21 18:07:11.526 DEBUG /api/Login:  参数:[{"Account":"1008","Password":"123456","EntryPoint":0,"DeviceType":1,"InTestMode":false,"CID":1,"IsLock":false,"StoreId":"16","MachineSn":"01","DeviceSn":"FCAA147DA9F9"}]
2017-02-21 18:07:12.801 DEBUG /api/ClearOrder:  参数:[{"StoreId":"16","MachineSn":"01","CID":1,"DeviceSn":"FCAA147DA9F9"}]
2017-02-21 18:07:13.810 DEBUG /api/HandBillNum:  参数:[{"OrderSn":null,"StoreId":"16","MachineSn":"01","CID":1,"DeviceSn":"FCAA147DA9F9"}]
2017-02-21 18:07:19.994 DEBUG /api/GetProductCategory:  参数:[{"StoreId":"16","MachineSn":"01","CID":1,"DeviceSn":"FCAA147DA9F9"}]
2017-02-21 18:07:24.080 DEBUG /api/GetProductStock:  参数:[50,1,{"CategorySns":[5],"Keyword":null,"Price":0.0,"StoreId":"16","MachineSn":"01","CID":1,"DeviceSn":"FCAA147DA9F9"}]
2017-02-21 18:07:25.297 DEBUG /api/GetProductStock:  参数:[50,2,{"CategorySns":[5],"Keyword":null,"Price":0.0,"StoreId":"16","MachineSn":"01","CID":1,"DeviceSn":"FCAA147DA9F9"}]
2017-02-21 18:07:26.763 DEBUG /api/SaleOrderAdd:  参数:[{"Barcode":"0102010072","Status":47,"StoreId":"16","MachineSn":"01","CID":1,"DeviceSn":"FCAA147DA9F9"}]
2017-02-21 18:07:27.169 DEBUG /api/SaleOrderAdd:  参数:[{"Barcode":"0102010073","Status":47,"StoreId":"16","MachineSn":"01","CID":1,"DeviceSn":"FCAA147DA9F9"}]
2017-02-21 18:07:27.794 DEBUG /api/PaysStatus:  参数:[{"StoreId":"16","MachineSn":null,"CID":1,"DeviceSn":"FCAA147DA9F9"}]
2017-02-21 18:07:43.095 DEBUG /api/PaysStatus:  参数:[{"StoreId":"16","MachineSn":null,"CID":1,"DeviceSn":"FCAA147DA9F9"}]
2017-02-21 18:07:54.657 DEBUG /api/BackgroundPayment:  参数:[{"CardNo":"3000000000010000032","Amount":12.0,"Mode":6,"CardPassword":"","StoreId":"16","MachineSn":"01","CID":1,"DeviceSn":"FCAA147DA9F9"}]
2017-02-21 18:07:58.467 DEBUG /api/PaysStatus:  参数:[{"StoreId":"16","MachineSn":null,"CID":1,"DeviceSn":"FCAA147DA9F9"}]
2017-02-21 18:08:07.226 DEBUG /api/Pay:  参数:[{"Mode":2,"Receivable":12.0,"OrderAmount":12.00,"Payway":[{"Type":6,"Amount":12.0,"Receive":12.0,"Change":0.0,"CardNo":"3000000000010000032","WipeZero":0.0}],"Reason":0,"OldOrderSn":"","SaleMan":null,"StoreId":"16","MachineSn":"01","CID":1,"DeviceSn":"FCAA147DA9F9"}]
2017-02-21 18:08:13.748 DEBUG /api/PaysStatus:  参数:[{"StoreId":"16","MachineSn":null,"CID":1,"DeviceSn":"FCAA147DA9F9"}]
2017-02-21 18:08:29.030 DEBUG /api/PaysStatus:  参数:[{"StoreId":"16","MachineSn":null,"CID":1,"DeviceSn":"FCAA147DA9F9"}]
2017-02-21 18:08:44.368 DEBUG /api/PaysStatus:  参数:[{"StoreId":"16","MachineSn":null,"CID":1,"DeviceSn":"FCAA147DA9F9"}]
2017-02-21 18:08:59.687 DEBUG /api/PaysStatus:  参数:[{"StoreId":"16","MachineSn":null,"CID":1,"DeviceSn":"FCAA147DA9F9"}]
2017-02-21 18:09:46.265 DEBUG /api/PaysStatus:  参数:[{"StoreId":"16","MachineSn":null,"CID":1,"DeviceSn":"FCAA147DA9F9"}]
2017-02-21 18:10:01.542 DEBUG /api/PaysStatus:  参数:[{"StoreId":"16","MachineSn":null,"CID":1,"DeviceSn":"FCAA147DA9F9"}]
2017-02-21 18:10:04.006 DEBUG /api/BackgroundPayment:  参数:[{"CardNo":"3000000000010000032","Amount":12.0,"Mode":6,"CardPassword":"","StoreId":"16","MachineSn":"01","CID":1,"DeviceSn":"FCAA147DA9F9"}]
2017-02-21 18:10:08.752 DEBUG /api/Pay:  参数:[{"Mode":2,"Receivable":12.0,"OrderAmount":12.00,"Payway":[{"Type":6,"Amount":12.0,"Receive":12.0,"Change":0.0,"CardNo":"3000000000010000032","WipeZero":0.0}],"Reason":0,"OldOrderSn":"","SaleMan":null,"StoreId":"16","MachineSn":"01","CID":1,"DeviceSn":"FCAA147DA9F9"}]
2017-02-21 18:10:08.861 DEBUG /api/Pay: 该商品已结算，遇到网络异常，请手动按 Q 清空购物车！
2017-02-21 18:10:16.817 DEBUG /api/PaysStatus:  参数:[{"StoreId":"16","MachineSn":null,"CID":1,"DeviceSn":"FCAA147DA9F9"}]
2017-02-21 18:10:25.243 DEBUG /api/Pay:  参数:[{"Mode":2,"Receivable":12.0,"OrderAmount":12.00,"Payway":[{"Type":6,"Amount":12.0,"Receive":12.0,"Change":0.0,"CardNo":"3000000000010000032","WipeZero":0.0}],"Reason":0,"OldOrderSn":"","SaleMan":null,"StoreId":"16","MachineSn":"01","CID":1,"DeviceSn":"FCAA147DA9F9"}]
2017-02-21 18:10:25.368 DEBUG /api/Pay: 该商品已结算，遇到网络异常，请手动按 Q 清空购物车！
2017-02-21 18:10:32.168 DEBUG /api/PaysStatus:  参数:[{"StoreId":"16","MachineSn":null,"CID":1,"DeviceSn":"FCAA147DA9F9"}]
2017-02-21 18:10:47.478 DEBUG /api/PaysStatus:  参数:[{"StoreId":"16","MachineSn":null,"CID":1,"DeviceSn":"FCAA147DA9F9"}]
2017-02-21 18:10:50.482 DEBUG /api/Pay:  参数:[{"Mode":2,"Receivable":12.0,"OrderAmount":12.00,"Payway":[{"Type":6,"Amount":12.0,"Receive":12.0,"Change":0.0,"CardNo":"3000000000010000032","WipeZero":0.0}],"Reason":0,"OldOrderSn":"","SaleMan":null,"StoreId":"16","MachineSn":"01","CID":1,"DeviceSn":"FCAA147DA9F9"}]
2017-02-21 18:10:50.591 DEBUG /api/Pay: 该商品已结算，遇到网络异常，请手动按 Q 清空购物车！
2017-02-21 18:11:02.765 DEBUG /api/PaysStatus:  参数:[{"StoreId":"16","MachineSn":null,"CID":1,"DeviceSn":"FCAA147DA9F9"}]
2017-02-21 18:11:10.085 DEBUG /api/Pay:  参数:[{"Mode":2,"Receivable":12.0,"OrderAmount":12.00,"Payway":[{"Type":6,"Amount":12.0,"Receive":12.0,"Change":0.0,"CardNo":"3000000000010000032","WipeZero":0.0}],"Reason":0,"OldOrderSn":"","SaleMan":null,"StoreId":"16","MachineSn":"01","CID":1,"DeviceSn":"FCAA147DA9F9"}]
2017-02-21 18:11:10.194 DEBUG /api/Pay: 该商品已结算，遇到网络异常，请手动按 Q 清空购物车！
2017-02-21 18:11:18.108 DEBUG /api/PaysStatus:  参数:[{"StoreId":"16","MachineSn":null,"CID":1,"DeviceSn":"FCAA147DA9F9"}]
2017-02-21 18:12:36.156 DEBUG /api/GetProductCategory:  参数:[{"StoreId":"16","MachineSn":"01","CID":1,"DeviceSn":"FCAA147DA9F9"}]
2017-02-21 18:12:36.156 DEBUG /api/PaysStatus:  参数:[{"StoreId":"16","MachineSn":null,"CID":1,"DeviceSn":"FCAA147DA9F9"}]
2017-02-21 18:12:41.885 DEBUG /api/Login:  参数:[{"Account":"1008","Password":"123456","EntryPoint":0,"DeviceType":1,"InTestMode":false,"CID":1,"IsLock":false,"StoreId":"16","MachineSn":"01","DeviceSn":"FCAA147DA9F9"}]
2017-02-21 18:12:42.493 DEBUG /api/ClearOrder:  参数:[{"StoreId":"16","MachineSn":"01","CID":1,"DeviceSn":"FCAA147DA9F9"}]
2017-02-21 18:12:43.504 DEBUG /api/HandBillNum:  参数:[{"OrderSn":null,"StoreId":"16","MachineSn":"01","CID":1,"DeviceSn":"FCAA147DA9F9"}]
2017-02-21 18:12:45.768 DEBUG /api/GetProductCategory:  参数:[{"StoreId":"16","MachineSn":"01","CID":1,"DeviceSn":"FCAA147DA9F9"}]
2017-02-21 18:12:49.864 DEBUG /api/GetProductStock:  参数:[50,1,{"CategorySns":[30],"Keyword":null,"Price":0.0,"StoreId":"16","MachineSn":"01","CID":1,"DeviceSn":"FCAA147DA9F9"}]
2017-02-21 18:12:50.722 DEBUG /api/GetProductStock:  参数:[50,2,{"CategorySns":[30],"Keyword":null,"Price":0.0,"StoreId":"16","MachineSn":"01","CID":1,"DeviceSn":"FCAA147DA9F9"}]
2017-02-21 18:12:52.813 DEBUG /api/SaleOrderAdd:  参数:[{"Barcode":"0102010072","Status":47,"StoreId":"16","MachineSn":"01","CID":1,"DeviceSn":"FCAA147DA9F9"}]
2017-02-21 18:12:53.796 DEBUG /api/SaleOrderAdd:  参数:[{"Barcode":"0102010073","Status":47,"StoreId":"16","MachineSn":"01","CID":1,"DeviceSn":"FCAA147DA9F9"}]
2017-02-21 18:12:53.827 DEBUG /api/PaysStatus:  参数:[{"StoreId":"16","MachineSn":null,"CID":1,"DeviceSn":"FCAA147DA9F9"}]
2017-02-21 18:13:09.368 DEBUG /api/PaysStatus:  参数:[{"StoreId":"16","MachineSn":null,"CID":1,"DeviceSn":"FCAA147DA9F9"}]
2017-02-21 18:13:15.142 DEBUG /api/BackgroundPayment:  参数:[{"CardNo":"3000000000010000032","Amount":12.0,"Mode":6,"CardPassword":"","StoreId":"16","MachineSn":"01","CID":1,"DeviceSn":"FCAA147DA9F9"}]
2017-02-21 18:13:19.607 DEBUG /api/Pay:  参数:[{"Mode":2,"Receivable":12.0,"OrderAmount":12.00,"Payway":[{"Type":6,"Amount":12.0,"Receive":12.0,"Change":0.0,"CardNo":"3000000000010000032","WipeZero":0.0}],"Reason":0,"OldOrderSn":"","SaleMan":null,"StoreId":"16","MachineSn":"01","CID":1,"DeviceSn":"FCAA147DA9F9"}]
2017-02-21 18:17:03.841 DEBUG /api/PaysStatus:  参数:[{"StoreId":"16","MachineSn":null,"CID":1,"DeviceSn":"FCAA147DA9F9"}]
2017-02-21 18:17:03.841 DEBUG /api/GetProductCategory:  参数:[{"StoreId":"16","MachineSn":"01","CID":1,"DeviceSn":"FCAA147DA9F9"}]
2017-02-21 18:17:22.560 DEBUG /api/Login:  参数:[{"Account":"1008","Password":"123456","EntryPoint":0,"DeviceType":1,"InTestMode":false,"CID":1,"IsLock":false,"StoreId":"16","MachineSn":"01","DeviceSn":"FCAA147DA9F9"}]
2017-02-21 18:17:23.033 DEBUG /api/ClearOrder:  参数:[{"StoreId":"16","MachineSn":"01","CID":1,"DeviceSn":"FCAA147DA9F9"}]
2017-02-21 18:17:24.044 DEBUG /api/HandBillNum:  参数:[{"OrderSn":null,"StoreId":"16","MachineSn":"01","CID":1,"DeviceSn":"FCAA147DA9F9"}]
2017-02-21 18:17:24.438 DEBUG /api/PaysStatus:  参数:[{"StoreId":"16","MachineSn":null,"CID":1,"DeviceSn":"FCAA147DA9F9"}]
2017-02-21 18:17:26.561 DEBUG /api/GetProductCategory:  参数:[{"StoreId":"16","MachineSn":"01","CID":1,"DeviceSn":"FCAA147DA9F9"}]
2017-02-21 18:17:30.814 DEBUG /api/GetProductStock:  参数:[50,1,{"CategorySns":[30],"Keyword":null,"Price":0.0,"StoreId":"16","MachineSn":"01","CID":1,"DeviceSn":"FCAA147DA9F9"}]
2017-02-21 18:17:31.251 DEBUG /api/GetProductStock:  参数:[50,2,{"CategorySns":[30],"Keyword":null,"Price":0.0,"StoreId":"16","MachineSn":"01","CID":1,"DeviceSn":"FCAA147DA9F9"}]
2017-02-21 18:17:33.139 DEBUG /api/SaleOrderAdd:  参数:[{"Barcode":"0102010072","Status":47,"StoreId":"16","MachineSn":"01","CID":1,"DeviceSn":"FCAA147DA9F9"}]
2017-02-21 18:17:33.546 DEBUG /api/SaleOrderAdd:  参数:[{"Barcode":"0102010073","Status":47,"StoreId":"16","MachineSn":"01","CID":1,"DeviceSn":"FCAA147DA9F9"}]
2017-02-21 18:17:39.765 DEBUG /api/PaysStatus:  参数:[{"StoreId":"16","MachineSn":null,"CID":1,"DeviceSn":"FCAA147DA9F9"}]
2017-02-21 18:17:55.125 DEBUG /api/PaysStatus:  参数:[{"StoreId":"16","MachineSn":null,"CID":1,"DeviceSn":"FCAA147DA9F9"}]
2017-02-21 18:17:56.364 DEBUG /api/BackgroundPayment:  参数:[{"CardNo":"3000000000010000032","Amount":12.0,"Mode":6,"CardPassword":"","StoreId":"16","MachineSn":"01","CID":1,"DeviceSn":"FCAA147DA9F9"}]
2017-02-21 18:18:00.319 DEBUG /api/Pay:  参数:[{"Mode":2,"Receivable":12.0,"OrderAmount":12.00,"Payway":[{"Type":6,"Amount":12.0,"Receive":12.0,"Change":0.0,"CardNo":"3000000000010000032","WipeZero":0.0}],"Reason":0,"OldOrderSn":"","SaleMan":null,"StoreId":"16","MachineSn":"01","CID":1,"DeviceSn":"FCAA147DA9F9"}]
2017-02-21 18:18:15.395 DEBUG /api/PaysStatus:  参数:[{"StoreId":"16","MachineSn":null,"CID":1,"DeviceSn":"FCAA147DA9F9"}]
2017-02-21 18:24:39.330 DEBUG /api/PaysStatus:  参数:[{"StoreId":"16","MachineSn":null,"CID":1,"DeviceSn":"FCAA147DA9F9"}]
2017-02-21 18:24:39.330 DEBUG /api/GetProductCategory:  参数:[{"StoreId":"16","MachineSn":"01","CID":1,"DeviceSn":"FCAA147DA9F9"}]
2017-02-21 18:24:59.935 DEBUG /api/PaysStatus:  参数:[{"StoreId":"16","MachineSn":null,"CID":1,"DeviceSn":"FCAA147DA9F9"}]
2017-02-21 18:25:15.314 DEBUG /api/PaysStatus:  参数:[{"StoreId":"16","MachineSn":null,"CID":1,"DeviceSn":"FCAA147DA9F9"}]
2017-02-21 18:25:30.595 DEBUG /api/PaysStatus:  参数:[{"StoreId":"16","MachineSn":null,"CID":1,"DeviceSn":"FCAA147DA9F9"}]
2017-02-21 18:25:45.876 DEBUG /api/PaysStatus:  参数:[{"StoreId":"16","MachineSn":null,"CID":1,"DeviceSn":"FCAA147DA9F9"}]
2017-02-21 18:26:01.193 DEBUG /api/PaysStatus:  参数:[{"StoreId":"16","MachineSn":null,"CID":1,"DeviceSn":"FCAA147DA9F9"}]
2017-02-21 18:26:16.495 DEBUG /api/PaysStatus:  参数:[{"StoreId":"16","MachineSn":null,"CID":1,"DeviceSn":"FCAA147DA9F9"}]
2017-02-21 18:26:31.800 DEBUG /api/PaysStatus:  参数:[{"StoreId":"16","MachineSn":null,"CID":1,"DeviceSn":"FCAA147DA9F9"}]
2017-02-21 18:26:47.073 DEBUG /api/PaysStatus:  参数:[{"StoreId":"16","MachineSn":null,"CID":1,"DeviceSn":"FCAA147DA9F9"}]
2017-02-21 18:27:02.377 DEBUG /api/PaysStatus:  参数:[{"StoreId":"16","MachineSn":null,"CID":1,"DeviceSn":"FCAA147DA9F9"}]
2017-02-21 18:27:17.665 DEBUG /api/PaysStatus:  参数:[{"StoreId":"16","MachineSn":null,"CID":1,"DeviceSn":"FCAA147DA9F9"}]
2017-02-21 18:27:32.984 DEBUG /api/PaysStatus:  参数:[{"StoreId":"16","MachineSn":null,"CID":1,"DeviceSn":"FCAA147DA9F9"}]
2017-02-21 18:27:48.256 DEBUG /api/PaysStatus:  参数:[{"StoreId":"16","MachineSn":null,"CID":1,"DeviceSn":"FCAA147DA9F9"}]
2017-02-21 18:28:03.527 DEBUG /api/PaysStatus:  参数:[{"StoreId":"16","MachineSn":null,"CID":1,"DeviceSn":"FCAA147DA9F9"}]
2017-02-21 18:28:18.823 DEBUG /api/PaysStatus:  参数:[{"StoreId":"16","MachineSn":null,"CID":1,"DeviceSn":"FCAA147DA9F9"}]
2017-02-21 18:28:34.086 DEBUG /api/PaysStatus:  参数:[{"StoreId":"16","MachineSn":null,"CID":1,"DeviceSn":"FCAA147DA9F9"}]
2017-02-21 18:28:49.390 DEBUG /api/PaysStatus:  参数:[{"StoreId":"16","MachineSn":null,"CID":1,"DeviceSn":"FCAA147DA9F9"}]
2017-02-21 18:29:04.678 DEBUG /api/PaysStatus:  参数:[{"StoreId":"16","MachineSn":null,"CID":1,"DeviceSn":"FCAA147DA9F9"}]
2017-02-21 18:29:19.980 DEBUG /api/PaysStatus:  参数:[{"StoreId":"16","MachineSn":null,"CID":1,"DeviceSn":"FCAA147DA9F9"}]
2017-02-21 18:29:35.275 DEBUG /api/PaysStatus:  参数:[{"StoreId":"16","MachineSn":null,"CID":1,"DeviceSn":"FCAA147DA9F9"}]
2017-02-21 18:29:50.625 DEBUG /api/PaysStatus:  参数:[{"StoreId":"16","MachineSn":null,"CID":1,"DeviceSn":"FCAA147DA9F9"}]
2017-02-21 18:30:05.891 DEBUG /api/PaysStatus:  参数:[{"StoreId":"16","MachineSn":null,"CID":1,"DeviceSn":"FCAA147DA9F9"}]
2017-02-21 18:30:21.190 DEBUG /api/PaysStatus:  参数:[{"StoreId":"16","MachineSn":null,"CID":1,"DeviceSn":"FCAA147DA9F9"}]
2017-02-21 18:30:36.518 DEBUG /api/PaysStatus:  参数:[{"StoreId":"16","MachineSn":null,"CID":1,"DeviceSn":"FCAA147DA9F9"}]
2017-02-21 18:30:51.808 DEBUG /api/PaysStatus:  参数:[{"StoreId":"16","MachineSn":null,"CID":1,"DeviceSn":"FCAA147DA9F9"}]
2017-02-21 18:31:07.152 DEBUG /api/PaysStatus:  参数:[{"StoreId":"16","MachineSn":null,"CID":1,"DeviceSn":"FCAA147DA9F9"}]
2017-02-21 18:31:22.439 DEBUG /api/PaysStatus:  参数:[{"StoreId":"16","MachineSn":null,"CID":1,"DeviceSn":"FCAA147DA9F9"}]
2017-02-21 18:31:37.734 DEBUG /api/PaysStatus:  参数:[{"StoreId":"16","MachineSn":null,"CID":1,"DeviceSn":"FCAA147DA9F9"}]
2017-02-21 18:31:43.867 DEBUG /api/Login:  参数:[{"Account":"1008","Password":"123456","EntryPoint":0,"DeviceType":1,"InTestMode":false,"CID":1,"IsLock":false,"StoreId":"16","MachineSn":"01","DeviceSn":"FCAA147DA9F9"}]
2017-02-21 18:31:44.307 DEBUG /api/ClearOrder:  参数:[{"StoreId":"16","MachineSn":"01","CID":1,"DeviceSn":"FCAA147DA9F9"}]
2017-02-21 18:31:45.323 DEBUG /api/HandBillNum:  参数:[{"OrderSn":null,"StoreId":"16","MachineSn":"01","CID":1,"DeviceSn":"FCAA147DA9F9"}]
2017-02-21 18:31:47.565 DEBUG /api/GetProductCategory:  参数:[{"StoreId":"16","MachineSn":"01","CID":1,"DeviceSn":"FCAA147DA9F9"}]
2017-02-21 18:31:53.056 DEBUG /api/PaysStatus:  参数:[{"StoreId":"16","MachineSn":null,"CID":1,"DeviceSn":"FCAA147DA9F9"}]
2017-02-21 18:31:55.601 DEBUG /api/GetProductStock:  参数:[50,1,{"CategorySns":[5],"Keyword":null,"Price":0.0,"StoreId":"16","MachineSn":"01","CID":1,"DeviceSn":"FCAA147DA9F9"}]
2017-02-21 18:32:05.571 DEBUG /api/GetProductStock: No connection is available to service this operation: GET 1_16_01_FCAA147DA9F9OnlineCache
2017-02-21 18:32:16.311 DEBUG /api/PaysStatus:  参数:[{"StoreId":"16","MachineSn":null,"CID":1,"DeviceSn":"FCAA147DA9F9"}]
2017-02-21 18:32:27.642 DEBUG /api/GetProductStock:  参数:[50,1,{"CategorySns":[4],"Keyword":null,"Price":0.0,"StoreId":"16","MachineSn":"01","CID":1,"DeviceSn":"FCAA147DA9F9"}]
2017-02-21 18:32:28.375 DEBUG /api/GetProductStock:  参数:[50,2,{"CategorySns":[4],"Keyword":null,"Price":0.0,"StoreId":"16","MachineSn":"01","CID":1,"DeviceSn":"FCAA147DA9F9"}]
2017-02-21 18:32:28.656 DEBUG /api/GetProductStock:  参数:[50,3,{"CategorySns":[4],"Keyword":null,"Price":0.0,"StoreId":"16","MachineSn":"01","CID":1,"DeviceSn":"FCAA147DA9F9"}]
2017-02-21 18:32:31.667 DEBUG /api/PaysStatus:  参数:[{"StoreId":"16","MachineSn":null,"CID":1,"DeviceSn":"FCAA147DA9F9"}]
2017-02-21 18:32:32.618 DEBUG /api/SaleOrderAdd:  参数:[{"Barcode":"0101010007","Status":47,"StoreId":"16","MachineSn":"01","CID":1,"DeviceSn":"FCAA147DA9F9"}]
2017-02-21 18:32:46.959 DEBUG /api/PaysStatus:  参数:[{"StoreId":"16","MachineSn":null,"CID":1,"DeviceSn":"FCAA147DA9F9"}]
2017-02-21 18:33:02.289 DEBUG /api/PaysStatus:  参数:[{"StoreId":"16","MachineSn":null,"CID":1,"DeviceSn":"FCAA147DA9F9"}]
2017-02-21 18:33:15.639 DEBUG /api/BackgroundPayment:  参数:[{"CardNo":"3000000000010000032","Amount":5.0,"Mode":6,"CardPassword":"","StoreId":"16","MachineSn":"01","CID":1,"DeviceSn":"FCAA147DA9F9"}]
2017-02-21 18:33:17.654 DEBUG /api/PaysStatus:  参数:[{"StoreId":"16","MachineSn":null,"CID":1,"DeviceSn":"FCAA147DA9F9"}]
2017-02-21 18:33:32.949 DEBUG /api/PaysStatus:  参数:[{"StoreId":"16","MachineSn":null,"CID":1,"DeviceSn":"FCAA147DA9F9"}]
2017-02-21 18:33:34.290 DEBUG /api/Pay:  参数:[{"Mode":2,"Receivable":5.0,"OrderAmount":5.00,"Payway":[{"Type":6,"Amount":5.0,"Receive":5.0,"Change":0.0,"CardNo":"3000000000010000032","WipeZero":0.0}],"Reason":0,"OldOrderSn":"","SaleMan":null,"StoreId":"16","MachineSn":"01","CID":1,"DeviceSn":"FCAA147DA9F9"}]
2017-02-21 18:34:00.462 DEBUG /api/PaysStatus:  参数:[{"StoreId":"16","MachineSn":null,"CID":1,"DeviceSn":"FCAA147DA9F9"}]
2017-02-21 18:37:45.289 DEBUG /api/ClearOrder:  参数:[{"StoreId":"16","MachineSn":"01","CID":1,"DeviceSn":"FCAA147DA9F9"}]
2017-02-21 18:37:58.253 DEBUG /api/PaysStatus:  参数:[{"StoreId":"16","MachineSn":null,"CID":1,"DeviceSn":"FCAA147DA9F9"}]
2017-02-21 18:38:13.577 DEBUG /api/PaysStatus:  参数:[{"StoreId":"16","MachineSn":null,"CID":1,"DeviceSn":"FCAA147DA9F9"}]
2017-02-21 18:38:16.542 DEBUG /api/GetProductCategory:  参数:[{"StoreId":"16","MachineSn":"01","CID":1,"DeviceSn":"FCAA147DA9F9"}]
2017-02-21 18:38:19.734 DEBUG /api/GetProductStock:  参数:[50,1,{"CategorySns":[30],"Keyword":null,"Price":0.0,"StoreId":"16","MachineSn":"01","CID":1,"DeviceSn":"FCAA147DA9F9"}]
2017-02-21 18:38:20.576 DEBUG /api/GetProductStock:  参数:[50,2,{"CategorySns":[30],"Keyword":null,"Price":0.0,"StoreId":"16","MachineSn":"01","CID":1,"DeviceSn":"FCAA147DA9F9"}]
2017-02-21 18:38:21.855 DEBUG /api/SaleOrderAdd:  参数:[{"Barcode":"0102010072","Status":47,"StoreId":"16","MachineSn":"01","CID":1,"DeviceSn":"FCAA147DA9F9"}]
2017-02-21 18:38:22.323 DEBUG /api/SaleOrderAdd:  参数:[{"Barcode":"0102010072","Status":47,"StoreId":"16","MachineSn":"01","CID":1,"DeviceSn":"FCAA147DA9F9"}]
2017-02-21 18:38:26.495 DEBUG /api/SaleOrderRemove:  参数:[{"Barcode":"0102010072","Status":47,"HasEditPrice":false,"RecordId":"77e6ea1f-8e32-437f-adc6-dd883a418d76","StoreId":"16","MachineSn":"01","CID":1,"DeviceSn":"FCAA147DA9F9"}]
2017-02-21 18:38:28.010 DEBUG /api/GetProductCategory:  参数:[{"StoreId":"16","MachineSn":"01","CID":1,"DeviceSn":"FCAA147DA9F9"}]
2017-02-21 18:38:28.857 DEBUG /api/PaysStatus:  参数:[{"StoreId":"16","MachineSn":null,"CID":1,"DeviceSn":"FCAA147DA9F9"}]
2017-02-21 18:38:30.724 DEBUG /api/GetProductStock:  参数:[50,1,{"CategorySns":[85],"Keyword":null,"Price":0.0,"StoreId":"16","MachineSn":"01","CID":1,"DeviceSn":"FCAA147DA9F9"}]
2017-02-21 18:38:32.892 DEBUG /api/SaleOrderAdd:  参数:[{"Barcode":"0202010001","Status":47,"StoreId":"16","MachineSn":"01","CID":1,"DeviceSn":"FCAA147DA9F9"}]
2017-02-21 18:38:44.234 DEBUG /api/PaysStatus:  参数:[{"StoreId":"16","MachineSn":null,"CID":1,"DeviceSn":"FCAA147DA9F9"}]
2017-02-21 18:38:59.534 DEBUG /api/PaysStatus:  参数:[{"StoreId":"16","MachineSn":null,"CID":1,"DeviceSn":"FCAA147DA9F9"}]
2017-02-21 18:39:14.842 DEBUG /api/PaysStatus:  参数:[{"StoreId":"16","MachineSn":null,"CID":1,"DeviceSn":"FCAA147DA9F9"}]
2017-02-21 18:39:30.196 DEBUG /api/PaysStatus:  参数:[{"StoreId":"16","MachineSn":null,"CID":1,"DeviceSn":"FCAA147DA9F9"}]
2017-02-21 18:39:45.499 DEBUG /api/PaysStatus:  参数:[{"StoreId":"16","MachineSn":null,"CID":1,"DeviceSn":"FCAA147DA9F9"}]
2017-02-21 18:40:00.810 DEBUG /api/PaysStatus:  参数:[{"StoreId":"16","MachineSn":null,"CID":1,"DeviceSn":"FCAA147DA9F9"}]
2017-02-21 18:40:16.100 DEBUG /api/PaysStatus:  参数:[{"StoreId":"16","MachineSn":null,"CID":1,"DeviceSn":"FCAA147DA9F9"}]
2017-02-21 18:40:31.442 DEBUG /api/PaysStatus:  参数:[{"StoreId":"16","MachineSn":null,"CID":1,"DeviceSn":"FCAA147DA9F9"}]
2017-02-21 18:40:46.803 DEBUG /api/PaysStatus:  参数:[{"StoreId":"16","MachineSn":null,"CID":1,"DeviceSn":"FCAA147DA9F9"}]
2017-02-21 18:41:02.089 DEBUG /api/PaysStatus:  参数:[{"StoreId":"16","MachineSn":null,"CID":1,"DeviceSn":"FCAA147DA9F9"}]
2017-02-21 18:41:17.399 DEBUG /api/PaysStatus:  参数:[{"StoreId":"16","MachineSn":null,"CID":1,"DeviceSn":"FCAA147DA9F9"}]
2017-02-21 18:41:32.688 DEBUG /api/PaysStatus:  参数:[{"StoreId":"16","MachineSn":null,"CID":1,"DeviceSn":"FCAA147DA9F9"}]
2017-02-21 18:41:47.968 DEBUG /api/PaysStatus:  参数:[{"StoreId":"16","MachineSn":null,"CID":1,"DeviceSn":"FCAA147DA9F9"}]
2017-02-21 18:42:03.294 DEBUG /api/PaysStatus:  参数:[{"StoreId":"16","MachineSn":null,"CID":1,"DeviceSn":"FCAA147DA9F9"}]
2017-02-21 18:42:14.532 DEBUG /api/BackgroundPayment:  参数:[{"CardNo":"3000000000010000032","Amount":7120.0,"Mode":6,"CardPassword":"","StoreId":"16","MachineSn":"01","CID":1,"DeviceSn":"FCAA147DA9F9"}]
2017-02-21 18:42:18.589 DEBUG /api/PaysStatus:  参数:[{"StoreId":"16","MachineSn":null,"CID":1,"DeviceSn":"FCAA147DA9F9"}]
2017-02-21 18:42:22.642 DEBUG /api/Pay:  参数:[{"Mode":2,"Receivable":7120.0,"OrderAmount":7120.00,"Payway":[{"Type":6,"Amount":7120.0,"Receive":7120.0,"Change":0.0,"CardNo":"3000000000010000032","WipeZero":0.0}],"Reason":0,"OldOrderSn":"","SaleMan":null,"StoreId":"16","MachineSn":"01","CID":1,"DeviceSn":"FCAA147DA9F9"}]
2017-02-21 18:43:38.423 DEBUG /api/PaysStatus:  参数:[{"StoreId":"16","MachineSn":null,"CID":1,"DeviceSn":"FCAA147DA9F9"}]
