2017-03-17 18:41:50.052 DEBUG /api/mobile/PayBuyerScanDyna:  参数:[{"StoreId":"1","Device_id":"","TotalAmount":0.01,"CardSN":"","UseIntegral":0.0,"DiscountAmount":0.0,"Received":0.01,"GetIntegral":0.0,"PayToken":"","MemberId":"","Alias":"","UserCode":"","Remark":"","CID":130}]
2017-03-17 18:42:01.974 DEBUG /api/mobile/PayBuyerScanDyna: 签名失败
2017-03-17 18:42:34.988 DEBUG /api/mobile/PayBuyerScanDyna:  参数:[{"StoreId":"1","Device_id":"","TotalAmount":0.01,"CardSN":"","UseIntegral":0.0,"DiscountAmount":0.0,"Received":0.01,"GetIntegral":0.0,"PayToken":"","MemberId":"","Alias":"","UserCode":"","Remark":"","CID":130}]
2017-03-17 18:43:20.073 DEBUG /api/mobile/PayBuyerScanDyna: 签名失败
2017-03-17 18:48:32.029 DEBUG /api/mobile/PayBuyerScanDyna:  参数:[{"StoreId":"1","Device_id":"","TotalAmount":0.01,"CardSN":"","UseIntegral":0.0,"DiscountAmount":0.0,"Received":0.01,"GetIntegral":0.0,"PayToken":"","MemberId":"","Alias":"","UserCode":"","Remark":"","CID":130}]
2017-03-17 18:49:11.656 DEBUG /api/mobile/PayBuyerScanDyna: 签名失败
2017-03-17 18:51:04.689 DEBUG /api/mobile/PayBuyerScanDyna:  参数:[{"StoreId":"1","Device_id":"","TotalAmount":0.01,"CardSN":"","UseIntegral":0.0,"DiscountAmount":0.0,"Received":0.01,"GetIntegral":0.0,"PayToken":"","MemberId":"","Alias":"","UserCode":"","Remark":"","CID":130}]
2017-03-17 18:52:31.793 DEBUG /api/mobile/PayBuyerScanDyna:  参数:[{"StoreId":"1","Device_id":"","TotalAmount":0.01,"CardSN":"","UseIntegral":0.0,"DiscountAmount":0.0,"Received":0.01,"GetIntegral":0.0,"PayToken":"","MemberId":"","Alias":"","UserCode":"","Remark":"","CID":130}]
2017-03-17 18:53:37.495 DEBUG /api/mobile/PayBuyerScanDyna: Device_Id 字段是必需的。
2017-03-17 18:53:42.103 DEBUG /api/mobile/PayBuyerScanDyna:  参数:[{"StoreId":"1","Device_id":"","TotalAmount":0.01,"CardSN":"","UseIntegral":0.0,"DiscountAmount":0.0,"Received":0.01,"GetIntegral":0.0,"PayToken":"","MemberId":"","Alias":"","UserCode":"","Remark":"","CID":130}]
2017-03-17 18:55:23.288 DEBUG /api/mobile/PayBuyerScanDyna: Device_Id 字段是必需的。
2017-03-17 18:55:28.246 DEBUG /api/mobile/PayBuyerScanDyna:  参数:[{"StoreId":"1","Device_id":"11111","TotalAmount":0.01,"CardSN":"","UseIntegral":0.0,"DiscountAmount":0.0,"Received":0.01,"GetIntegral":0.0,"PayToken":"","MemberId":"","Alias":"","UserCode":"","Remark":"","CID":130}]
2017-03-17 19:01:32.899 DEBUG /api/mobile/PayMerchScanDyna:  参数:[{"StoreId":"1","Device_id":"1111","TotalAmount":0.01,"CardSN":"","UseIntegral":0.0,"DiscountAmount":0.0,"Received":0.01,"GetIntegral":0.0,"PayToken":"","MemberId":"","Alias":"","UserCode":"1002","Remark":"","CID":3}]
2017-03-17 19:02:01.175 DEBUG /api/mobile/PayMerchScanDyna: 扫码二维码有误！
2017-03-17 19:16:41.882 DEBUG /api/mobile/PayBuyerScanDyna:  参数:[{"StoreId":"1","Device_id":"40d53de33a3ceed5","TotalAmount":0.01,"CardSN":"","UseIntegral":0.0,"DiscountAmount":0.0,"Received":0.01,"GetIntegral":0.0,"PayToken":null,"MemberId":"","Alias":"android_1010_40d53de33a3ceed5","UserCode":"1010","Remark":"","CID":3}]
2017-03-17 19:20:12.849 DEBUG /api/mobile/TradeNotify:  参数:[{"charset":"utf-8","device_id":"046201C427034F559E91820FF9AB4FCA","mch_id":"858","method":"qct.trade.notify.pay","out_trade_no":"P0000120170317000024","pay_channel":"WX","pay_status":"PAYSUCCESS","receipt_amount":"0.01","sign":"9B9A344EAA55545E8A38CC4A46AE90F5","sign_type":"MD5","store_id":"85801","trade_date":"2017-03-17 19:18:12","version":"1.0"}]
2017-03-17 19:24:51.055 DEBUG /api/mobile/TradeNotify:  参数:[{"charset":"utf-8","device_id":"046201C427034F559E91820FF9AB4FCA","mch_id":"858","method":"qct.trade.notify.pay","out_trade_no":"P0000120170317000024","pay_channel":"WX","pay_status":"PAYSUCCESS","receipt_amount":"0.01","sign":"9B9A344EAA55545E8A38CC4A46AE90F5","sign_type":"MD5","store_id":"85801","trade_date":"2017-03-17 19:18:12","version":"1.0"}]
2017-03-17 19:29:37.307 DEBUG /api/mobile/TradeNotify:  参数:[{"charset":"utf-8","device_id":"046201C427034F559E91820FF9AB4FCA","mch_id":"858","method":"qct.trade.notify.pay","out_trade_no":"P0000120170317000024","pay_channel":"WX","pay_status":"PAYSUCCESS","receipt_amount":"0.01","sign":"9B9A344EAA55545E8A38CC4A46AE90F5","sign_type":"MD5","store_id":"85801","trade_date":"2017-03-17 19:18:12","version":"1.0"}]
2017-03-17 19:29:47.913 DEBUG /api/mobile/TradeNotify: 输入字符串的格式不正确。
2017-03-17 19:30:20.884 DEBUG /api/mobile/TradeNotify:  参数:[{"charset":"utf-8","device_id":"046201C427034F559E91820FF9AB4FCA","mch_id":"858","method":"qct.trade.notify.pay","out_trade_no":"P0000120170317000024","pay_channel":"WX","pay_status":"PAYSUCCESS","receipt_amount":"0.01","sign":"9B9A344EAA55545E8A38CC4A46AE90F5","sign_type":"MD5","store_id":"85801","trade_date":"2017-03-17 19:18:12","version":"1.0"}]
2017-03-17 19:31:14.082 DEBUG /api/mobile/TradeNotify:  参数:[{"charset":"utf-8","device_id":"046201C427034F559E91820FF9AB4FCA","mch_id":"858","method":"qct.trade.notify.pay","out_trade_no":"P0000120170317000024","pay_channel":"WX","pay_status":"PAYSUCCESS","receipt_amount":"0.01","sign":"9B9A344EAA55545E8A38CC4A46AE90F5","sign_type":"MD5","store_id":"85801","trade_date":"2017-03-17 19:18:12","version":"1.0"}]
