2017-03-15 10:07:36.314 DEBUG /api/mobile/PayMerchScanDyna:  参数:[{"StoreId":"1","Device_id":"string","TotalAmount":0.01,"CardSN":"string","UseIntegral":0.0,"DiscountAmount":0.0,"Received":0.01,"GetIntegral":0.0,"PayToken":"123456","MemberId":"","Alias":"","UserCode":"1002","CID":130}]
2017-03-15 10:09:05.705 DEBUG /api/mobile/PayMerchScanDyna: 支付渠道数据非法，它的枚举值范围：{WX,ALIPAY}
2017-03-15 10:24:33.908 DEBUG /api/mobile/PayMerchScanDyna:  参数:[{"StoreId":"1","Device_id":"40d53de33a3ceed5","TotalAmount":0.01,"CardSN":"","UseIntegral":0.0,"DiscountAmount":0.0,"Received":0.01,"GetIntegral":0.0,"PayToken":"https://wx.tenpay.com/f2f?t=AQAAAMrDbf4oVdICIbxtEpXiATE=","MemberId":"","Alias":"android_1002_40d53de33a3ceed5","UserCode":"1002","CID":130}]
2017-03-15 10:24:58.780 DEBUG /api/mobile/PayMerchScanDyna: 远程服务器返回错误: (500) 内部服务器错误。
2017-03-15 10:25:23.951 DEBUG /api/mobile/PayMerchScanDyna:  参数:[{"StoreId":"1","Device_id":"40d53de33a3ceed5","TotalAmount":0.01,"CardSN":"","UseIntegral":0.0,"DiscountAmount":0.0,"Received":0.01,"GetIntegral":0.0,"PayToken":"https://wx.tenpay.com/f2f?t=AQAAAMrDbf4oVdICIbxtEpXiATE=","MemberId":"","Alias":"android_1002_40d53de33a3ceed5","UserCode":"1002","CID":130}]
2017-03-15 10:31:28.603 DEBUG /api/mobile/PayMerchScanDyna:  参数:[{"StoreId":"1","Device_id":"40d53de33a3ceed5","TotalAmount":0.01,"CardSN":"","UseIntegral":0.0,"DiscountAmount":0.0,"Received":0.01,"GetIntegral":0.0,"PayToken":"130388243864333796","MemberId":"","Alias":"android_1002_40d53de33a3ceed5","UserCode":"1002","CID":130}]
2017-03-15 10:31:28.603 DEBUG /api/mobile/PayMerchScanDyna:  参数:[{"StoreId":"1","Device_id":"40d53de33a3ceed5","TotalAmount":0.01,"CardSN":"","UseIntegral":0.0,"DiscountAmount":0.0,"Received":0.01,"GetIntegral":0.0,"PayToken":"130388243864333796","MemberId":"","Alias":"android_1002_40d53de33a3ceed5","UserCode":"1002","CID":130}]
2017-03-15 10:35:01.329 DEBUG /api/mobile/PayMerchScanDyna: 远程服务器返回错误: (500) 内部服务器错误。
2017-03-15 10:35:06.125 DEBUG /api/mobile/PayMerchScanDyna: 支付失败！无效二维码，请重新扫码
2017-03-15 10:35:06.125 DEBUG /api/mobile/PayMerchScanDyna: 订单号已存在，不能重复提交
2017-03-15 10:35:58.637 DEBUG /api/mobile/PayMerchScanDyna:  参数:[{"StoreId":"1","Device_id":"40d53de33a3ceed5","TotalAmount":0.01,"CardSN":"","UseIntegral":0.0,"DiscountAmount":0.0,"Received":0.01,"GetIntegral":0.0,"PayToken":"130388243864333796","MemberId":"","Alias":"android_1002_40d53de33a3ceed5","UserCode":"1002","CID":130}]
2017-03-15 11:22:40.061 DEBUG /api/mobile/PayMerchScanDyna:  参数:[{"StoreId":"2","Device_id":"iOS_1003_2CC58ECB-94A2-4334-93F4-840E635EB9F6","TotalAmount":0.01,"CardSN":"","UseIntegral":0.0,"DiscountAmount":0.0,"Received":0.01,"GetIntegral":0.0,"PayToken":"13019943325334061","MemberId":"","Alias":"iOS_1003_2CC58ECB-94A2-4334-93F4-840E635EB9F6","UserCode":"1003","CID":130}]
2017-03-15 11:40:35.824 DEBUG /api/mobile/PayMerchScanDyna:  参数:[{"StoreId":"2","Device_id":"iOS_1003_2CC58ECB-94A2-4334-93F4-840E635EB9F6","TotalAmount":0.01,"CardSN":"","UseIntegral":0.0,"DiscountAmount":0.0,"Received":0.01,"GetIntegral":0.0,"PayToken":"13019943325334061","MemberId":"","Alias":"iOS_1003_2CC58ECB-94A2-4334-93F4-840E635EB9F6","UserCode":"1003","Remark":null,"CID":130}]
2017-03-15 11:42:23.405 DEBUG /api/mobile/PayMerchScanDyna: 订单请求异常
2017-03-15 11:43:56.118 DEBUG /api/mobile/PayMerchScanDyna:  参数:[{"StoreId":"2","Device_id":"iOS_1003_2CC58ECB-94A2-4334-93F4-840E635EB9F6","TotalAmount":0.01,"CardSN":"","UseIntegral":0.0,"DiscountAmount":0.0,"Received":0.01,"GetIntegral":0.0,"PayToken":"13019943325334061","MemberId":"","Alias":"iOS_1003_2CC58ECB-94A2-4334-93F4-840E635EB9F6","UserCode":"1003","Remark":null,"CID":130}]
2017-03-15 11:46:30.622 DEBUG /api/mobile/PayMerchScanDyna: 订单请求异常
2017-03-15 14:52:39.207 DEBUG /api/mobile/PayMerchScanDyna:  参数:[{"StoreId":"2","Device_id":"iOS_1003_2CC58ECB-94A2-4334-93F4-840E635EB9F6","TotalAmount":0.01,"CardSN":"","UseIntegral":0.0,"DiscountAmount":0.0,"Received":0.01,"GetIntegral":0.0,"PayToken":"13019943325334061","MemberId":"","Alias":"iOS_1003_2CC58ECB-94A2-4334-93F4-840E635EB9F6","UserCode":"1003","Remark":null,"CID":130}]
2017-03-15 14:55:00.798 DEBUG /api/mobile/PayMerchScanDyna: 已存在具有相同键的条目。
2017-03-15 14:55:15.248 DEBUG /api/mobile/PayBuyerScanDyna:  参数:[{"StoreId":"2","Device_id":"iOS_1003_06E3825E5B721644C6B7","TotalAmount":0.01,"CardSN":"","UseIntegral":0.0,"DiscountAmount":0.0,"Received":0.01,"GetIntegral":0.0,"PayToken":"","MemberId":"","Alias":"iOS_1003_06E3825E5B721644C6B7","UserCode":"1003","Remark":"","CID":130}]
2017-03-15 15:05:01.530 DEBUG /api/mobile/PayBuyerScanDyna: excute transaction has exception!
2017-03-15 15:05:40.883 DEBUG /api/mobile/PayBuyerScanDyna:  参数:[{"StoreId":"2","Device_id":"iOS_1003_06E3825E5B721644C6B7","TotalAmount":0.01,"CardSN":"","UseIntegral":0.0,"DiscountAmount":0.0,"Received":0.01,"GetIntegral":0.0,"PayToken":"","MemberId":"","Alias":"iOS_1003_06E3825E5B721644C6B7","UserCode":"1003","Remark":"","CID":130}]
2017-03-15 15:18:27.282 DEBUG /api/mobile/PayBuyerScanDyna: excute transaction has exception!
2017-03-15 15:17:49.613 DEBUG /api/mobile/PayBuyerScanDyna:  参数:[{"StoreId":"2","Device_id":"iOS_1003_06E3825E5B721644C6B7","TotalAmount":0.01,"CardSN":"","UseIntegral":0.0,"DiscountAmount":0.0,"Received":0.01,"GetIntegral":0.0,"PayToken":"","MemberId":"","Alias":"iOS_1003_06E3825E5B721644C6B7","UserCode":"1003","Remark":"","CID":130}]
2017-03-15 15:33:14.927 DEBUG /api/mobile/PayBuyerScanDyna:  参数:[{"StoreId":"2","Device_id":"iOS_1003_06E3825E5B721644C6B7","TotalAmount":0.01,"CardSN":"","UseIntegral":0.0,"DiscountAmount":0.0,"Received":0.01,"GetIntegral":0.0,"PayToken":"","MemberId":"","Alias":"iOS_1003_06E3825E5B721644C6B7","UserCode":"1003","Remark":"","CID":130}]
2017-03-15 15:45:23.185 DEBUG /api/mobile/PayBuyerScanDyna: excute transaction has exception!
