2015-10-21 17:27:38.680 DEBUG WxPayApi: UnfiedOrder request : <xml><appid><![CDATA[wxbeb2e5a46ca7bf69]]></appid><body><![CDATA[test]]></body><goods_tag><![CDATA[]]></goods_tag><mch_id><![CDATA[1240541002]]></mch_id><nonce_str><![CDATA[b6e5686c7c894763b30926a6854c9983]]></nonce_str><notify_url><![CDATA[http://localhost:88/example/ResultNotifyPage.aspx]]></notify_url><out_trade_no><![CDATA[111]]></out_trade_no><product_id><![CDATA[111]]></product_id><sign><![CDATA[1FB1EC6B01096361B822F5289E9CB307]]></sign><spbill_create_ip><![CDATA[8.8.8.8]]></spbill_create_ip><time_expire><![CDATA[20151021173733]]></time_expire><time_start><![CDATA[20151021172733]]></time_start><total_fee>1</total_fee><trade_type><![CDATA[NATIVE]]></trade_type></xml>
2015-10-21 17:27:48.239 DEBUG WxPayApi: UnfiedOrder response : <xml><return_code><![CDATA[SUCCESS]]></return_code>
<return_msg><![CDATA[OK]]></return_msg>
<appid><![CDATA[wxbeb2e5a46ca7bf69]]></appid>
<mch_id><![CDATA[1240541002]]></mch_id>
<nonce_str><![CDATA[Hujf8b64530NeZo4]]></nonce_str>
<sign><![CDATA[D77E786390490376907A8390F7C6F634]]></sign>
<result_code><![CDATA[SUCCESS]]></result_code>
<prepay_id><![CDATA[wx20151021173046617a80bd010462056699]]></prepay_id>
<trade_type><![CDATA[NATIVE]]></trade_type>
<code_url><![CDATA[weixin://wxpay/bizpayurl?pr=jqAm1S1]]></code_url>
</xml>
2015-10-21 17:28:09.587 DEBUG WxPayApi: UnfiedOrder request : <xml><appid><![CDATA[wxbeb2e5a46ca7bf69]]></appid><body><![CDATA[test]]></body><goods_tag><![CDATA[]]></goods_tag><mch_id><![CDATA[1240541002]]></mch_id><nonce_str><![CDATA[98f9de3f91ec4fe895a1333908fa937b]]></nonce_str><notify_url><![CDATA[http://localhost:88/example/ResultNotifyPage.aspx]]></notify_url><out_trade_no><![CDATA[111]]></out_trade_no><product_id><![CDATA[111]]></product_id><sign><![CDATA[B95FA867E21B0F635A5E94A9D6951FBE]]></sign><spbill_create_ip><![CDATA[8.8.8.8]]></spbill_create_ip><time_expire><![CDATA[20151021173806]]></time_expire><time_start><![CDATA[20151021172806]]></time_start><total_fee>2</total_fee><trade_type><![CDATA[NATIVE]]></trade_type></xml>
2015-10-21 17:28:09.977 DEBUG WxPayApi: UnfiedOrder response : <xml><return_code><![CDATA[SUCCESS]]></return_code>
<return_msg><![CDATA[OK]]></return_msg>
<appid><![CDATA[wxbeb2e5a46ca7bf69]]></appid>
<mch_id><![CDATA[1240541002]]></mch_id>
<nonce_str><![CDATA[NFbeuM3p6xQCqGE8]]></nonce_str>
<sign><![CDATA[1DFA74F165DDE74F8571EB6F96E06B4B]]></sign>
<result_code><![CDATA[FAIL]]></result_code>
<err_code><![CDATA[OUT_TRADE_NO_USED]]></err_code>
<err_code_des><![CDATA[商户订单号重复]]></err_code_des>
</xml>
2015-10-21 17:28:43.563 DEBUG WxPayApi: UnfiedOrder request : <xml><appid><![CDATA[wxbeb2e5a46ca7bf69]]></appid><body><![CDATA[test]]></body><goods_tag><![CDATA[]]></goods_tag><mch_id><![CDATA[1240541002]]></mch_id><nonce_str><![CDATA[46c4b686b65e4b55ac2c2f015a10d168]]></nonce_str><notify_url><![CDATA[http://localhost:88/example/ResultNotifyPage.aspx]]></notify_url><out_trade_no><![CDATA[111]]></out_trade_no><product_id><![CDATA[111]]></product_id><sign><![CDATA[EF8287A0CC4F12ADC5E750AAF9AE0164]]></sign><spbill_create_ip><![CDATA[8.8.8.8]]></spbill_create_ip><time_expire><![CDATA[20151021173822]]></time_expire><time_start><![CDATA[20151021172822]]></time_start><total_fee>1</total_fee><trade_type><![CDATA[NATIVE]]></trade_type></xml>
2015-10-21 17:28:43.949 DEBUG WxPayApi: UnfiedOrder response : <xml><return_code><![CDATA[SUCCESS]]></return_code>
<return_msg><![CDATA[OK]]></return_msg>
<appid><![CDATA[wxbeb2e5a46ca7bf69]]></appid>
<mch_id><![CDATA[1240541002]]></mch_id>
<nonce_str><![CDATA[tbfR91bxOhWx7Ukk]]></nonce_str>
<sign><![CDATA[4EFF83E009C0D5F963C6E4E6341FF63A]]></sign>
<result_code><![CDATA[SUCCESS]]></result_code>
<prepay_id><![CDATA[wx201510211731497ba4f3e92a0042621730]]></prepay_id>
<trade_type><![CDATA[NATIVE]]></trade_type>
<code_url><![CDATA[weixin://wxpay/bizpayurl?pr=8MuLmOe]]></code_url>
</xml>
2015-10-21 17:29:16.711 DEBUG WxPayApi: UnfiedOrder request : <xml><appid><![CDATA[wxbeb2e5a46ca7bf69]]></appid><body><![CDATA[test]]></body><goods_tag><![CDATA[]]></goods_tag><mch_id><![CDATA[1240541002]]></mch_id><nonce_str><![CDATA[fe2807c9ae7f42ddab70a37a0074f3e6]]></nonce_str><notify_url><![CDATA[http://localhost:88/example/ResultNotifyPage.aspx]]></notify_url><out_trade_no><![CDATA[222]]></out_trade_no><product_id><![CDATA[222]]></product_id><sign><![CDATA[1E7397CFAC336EE055C9FBBDFDA93B07]]></sign><spbill_create_ip><![CDATA[8.8.8.8]]></spbill_create_ip><time_expire><![CDATA[20151021173916]]></time_expire><time_start><![CDATA[20151021172916]]></time_start><total_fee>2</total_fee><trade_type><![CDATA[NATIVE]]></trade_type></xml>
2015-10-21 17:29:17.129 DEBUG WxPayApi: UnfiedOrder response : <xml><return_code><![CDATA[SUCCESS]]></return_code>
<return_msg><![CDATA[OK]]></return_msg>
<appid><![CDATA[wxbeb2e5a46ca7bf69]]></appid>
<mch_id><![CDATA[1240541002]]></mch_id>
<nonce_str><![CDATA[sWaFxBBIzDRkHYBe]]></nonce_str>
<sign><![CDATA[72418F1ACCDBD10611947176FB4B5E3D]]></sign>
<result_code><![CDATA[FAIL]]></result_code>
<err_code><![CDATA[OUT_TRADE_NO_USED]]></err_code>
<err_code_des><![CDATA[商户订单号重复]]></err_code_des>
</xml>
2015-10-21 17:30:27.191 DEBUG WxPayApi: UnfiedOrder request : <xml><appid><![CDATA[wxbeb2e5a46ca7bf69]]></appid><body><![CDATA[test]]></body><goods_tag><![CDATA[]]></goods_tag><mch_id><![CDATA[1240541002]]></mch_id><nonce_str><![CDATA[ca0e4376bde64c669579add728455b17]]></nonce_str><notify_url><![CDATA[http://localhost:88/example/ResultNotifyPage.aspx]]></notify_url><out_trade_no><![CDATA[333]]></out_trade_no><product_id><![CDATA[333]]></product_id><sign><![CDATA[1897AE1B0B7BFFF5105B1DA5254F216C]]></sign><spbill_create_ip><![CDATA[8.8.8.8]]></spbill_create_ip><time_expire><![CDATA[20151021174027]]></time_expire><time_start><![CDATA[20151021173027]]></time_start><total_fee>2</total_fee><trade_type><![CDATA[NATIVE]]></trade_type></xml>
2015-10-21 17:30:27.650 DEBUG WxPayApi: UnfiedOrder response : <xml><return_code><![CDATA[SUCCESS]]></return_code>
<return_msg><![CDATA[OK]]></return_msg>
<appid><![CDATA[wxbeb2e5a46ca7bf69]]></appid>
<mch_id><![CDATA[1240541002]]></mch_id>
<nonce_str><![CDATA[VOauteTpCFLMGxPV]]></nonce_str>
<sign><![CDATA[23D9CEBA61D5053A09A9F6CBA0DDDAE2]]></sign>
<result_code><![CDATA[SUCCESS]]></result_code>
<prepay_id><![CDATA[wx20151021173333ea915488b30599347504]]></prepay_id>
<trade_type><![CDATA[NATIVE]]></trade_type>
<code_url><![CDATA[weixin://wxpay/bizpayurl?pr=DUHu1KT]]></code_url>
</xml>
2015-10-21 17:30:48.828 DEBUG WxPayApi: UnfiedOrder request : <xml><appid><![CDATA[wxbeb2e5a46ca7bf69]]></appid><body><![CDATA[test]]></body><goods_tag><![CDATA[]]></goods_tag><mch_id><![CDATA[1240541002]]></mch_id><nonce_str><![CDATA[97949d91781144b6ac596e56899db069]]></nonce_str><notify_url><![CDATA[http://localhost:88/example/ResultNotifyPage.aspx]]></notify_url><out_trade_no><![CDATA[333]]></out_trade_no><product_id><![CDATA[333]]></product_id><sign><![CDATA[58616564990B921E6EDBE545531FE0D0]]></sign><spbill_create_ip><![CDATA[8.8.8.8]]></spbill_create_ip><time_expire><![CDATA[20151021174048]]></time_expire><time_start><![CDATA[20151021173048]]></time_start><total_fee>2</total_fee><trade_type><![CDATA[NATIVE]]></trade_type></xml>
2015-10-21 17:30:49.241 DEBUG WxPayApi: UnfiedOrder response : <xml><return_code><![CDATA[SUCCESS]]></return_code>
<return_msg><![CDATA[OK]]></return_msg>
<appid><![CDATA[wxbeb2e5a46ca7bf69]]></appid>
<mch_id><![CDATA[1240541002]]></mch_id>
<nonce_str><![CDATA[OeGqJaW7OZC8CpYN]]></nonce_str>
<sign><![CDATA[0A94E5006B5F160AC604A3E096276BF2]]></sign>
<result_code><![CDATA[SUCCESS]]></result_code>
<prepay_id><![CDATA[wx201510211733555facaef5360629770626]]></prepay_id>
<trade_type><![CDATA[NATIVE]]></trade_type>
<code_url><![CDATA[weixin://wxpay/bizpayurl?pr=6EKesFW]]></code_url>
</xml>
2015-10-21 17:31:14.756 DEBUG WxPayApi: UnfiedOrder request : <xml><appid><![CDATA[wxbeb2e5a46ca7bf69]]></appid><body><![CDATA[test]]></body><goods_tag><![CDATA[]]></goods_tag><mch_id><![CDATA[1240541002]]></mch_id><nonce_str><![CDATA[4936908c13f14f6d845323ef7fbd6ddb]]></nonce_str><notify_url><![CDATA[http://localhost:88/example/ResultNotifyPage.aspx]]></notify_url><out_trade_no><![CDATA[222]]></out_trade_no><product_id><![CDATA[222]]></product_id><sign><![CDATA[4A169750604BF42A5DD39A77CA5BBF52]]></sign><spbill_create_ip><![CDATA[8.8.8.8]]></spbill_create_ip><time_expire><![CDATA[20151021174114]]></time_expire><time_start><![CDATA[20151021173114]]></time_start><total_fee>2</total_fee><trade_type><![CDATA[NATIVE]]></trade_type></xml>
2015-10-21 17:31:15.134 DEBUG WxPayApi: UnfiedOrder response : <xml><return_code><![CDATA[SUCCESS]]></return_code>
<return_msg><![CDATA[OK]]></return_msg>
<appid><![CDATA[wxbeb2e5a46ca7bf69]]></appid>
<mch_id><![CDATA[1240541002]]></mch_id>
<nonce_str><![CDATA[bLYFRfecvyGBJDtR]]></nonce_str>
<sign><![CDATA[D49C58D8D82BAD950023F394F9434B7A]]></sign>
<result_code><![CDATA[FAIL]]></result_code>
<err_code><![CDATA[OUT_TRADE_NO_USED]]></err_code>
<err_code_des><![CDATA[商户订单号重复]]></err_code_des>
</xml>
2015-10-21 17:35:19.378 DEBUG WxPayApi: UnfiedOrder request : <xml><appid><![CDATA[wxbeb2e5a46ca7bf69]]></appid><body><![CDATA[test]]></body><goods_tag><![CDATA[]]></goods_tag><mch_id><![CDATA[1240541002]]></mch_id><nonce_str><![CDATA[75b025238dc7489f8f17f4d6e77a4bbd]]></nonce_str><notify_url><![CDATA[http://localhost:88/example/ResultNotifyPage.aspx]]></notify_url><out_trade_no><![CDATA[222]]></out_trade_no><product_id><![CDATA[222]]></product_id><sign><![CDATA[1F4146AF7A764878900C6B7C68EDFBAF]]></sign><spbill_create_ip><![CDATA[8.8.8.8]]></spbill_create_ip><time_expire><![CDATA[20151021174519]]></time_expire><time_start><![CDATA[20151021173519]]></time_start><total_fee>2</total_fee><trade_type><![CDATA[NATIVE]]></trade_type></xml>
2015-10-21 17:35:19.760 DEBUG WxPayApi: UnfiedOrder response : <xml><return_code><![CDATA[SUCCESS]]></return_code>
<return_msg><![CDATA[OK]]></return_msg>
<appid><![CDATA[wxbeb2e5a46ca7bf69]]></appid>
<mch_id><![CDATA[1240541002]]></mch_id>
<nonce_str><![CDATA[clQvGUFbHu03jhqU]]></nonce_str>
<sign><![CDATA[9E72D5B6FEBDDA822B7C9D08C2DDBAC3]]></sign>
<result_code><![CDATA[FAIL]]></result_code>
<err_code><![CDATA[OUT_TRADE_NO_USED]]></err_code>
<err_code_des><![CDATA[商户订单号重复]]></err_code_des>
</xml>
2015-10-21 17:35:54.699 DEBUG WxPayApi: UnfiedOrder request : <xml><appid><![CDATA[wxbeb2e5a46ca7bf69]]></appid><body><![CDATA[购买商品支付金额]]></body><goods_tag><![CDATA[]]></goods_tag><mch_id><![CDATA[1240541002]]></mch_id><nonce_str><![CDATA[c8e218a73b094249a2f48c8cf6d4a0c9]]></nonce_str><notify_url><![CDATA[http://localhost:88/Qrcode/ResultNotify]]></notify_url><out_trade_no><![CDATA[222]]></out_trade_no><product_id><![CDATA[222]]></product_id><sign><![CDATA[44D3E0368065E628E8992FE42AA936B5]]></sign><spbill_create_ip><![CDATA[8.8.8.8]]></spbill_create_ip><time_expire><![CDATA[20151021174554]]></time_expire><time_start><![CDATA[20151021173554]]></time_start><total_fee>2</total_fee><trade_type><![CDATA[NATIVE]]></trade_type></xml>
2015-10-21 17:35:55.640 DEBUG WxPayApi: UnfiedOrder response : <xml><return_code><![CDATA[SUCCESS]]></return_code>
<return_msg><![CDATA[OK]]></return_msg>
<appid><![CDATA[wxbeb2e5a46ca7bf69]]></appid>
<mch_id><![CDATA[1240541002]]></mch_id>
<nonce_str><![CDATA[tibKgDqrcVy173RG]]></nonce_str>
<sign><![CDATA[F6C589B7EE59BA8E1971768F49AD0EB1]]></sign>
<result_code><![CDATA[FAIL]]></result_code>
<err_code><![CDATA[OUT_TRADE_NO_USED]]></err_code>
<err_code_des><![CDATA[商户订单号重复]]></err_code_des>
</xml>
2015-10-21 17:36:24.590 DEBUG WxPayApi: UnfiedOrder request : <xml><appid><![CDATA[wxbeb2e5a46ca7bf69]]></appid><body><![CDATA[购买商品支付金额]]></body><goods_tag><![CDATA[]]></goods_tag><mch_id><![CDATA[1240541002]]></mch_id><nonce_str><![CDATA[ee9982618a7042dea13d05a6c02fca79]]></nonce_str><notify_url><![CDATA[http://localhost:88/Qrcode/ResultNotify]]></notify_url><out_trade_no><![CDATA[222]]></out_trade_no><product_id><![CDATA[222]]></product_id><sign><![CDATA[82616B3BE52190DC5C31FE8909875B2C]]></sign><spbill_create_ip><![CDATA[8.8.8.8]]></spbill_create_ip><time_expire><![CDATA[20151021174623]]></time_expire><time_start><![CDATA[20151021173623]]></time_start><total_fee>2</total_fee><trade_type><![CDATA[NATIVE]]></trade_type></xml>
2015-10-21 17:36:24.993 DEBUG WxPayApi: UnfiedOrder response : <xml><return_code><![CDATA[SUCCESS]]></return_code>
<return_msg><![CDATA[OK]]></return_msg>
<appid><![CDATA[wxbeb2e5a46ca7bf69]]></appid>
<mch_id><![CDATA[1240541002]]></mch_id>
<nonce_str><![CDATA[3pw1ohqZbcFPKL11]]></nonce_str>
<sign><![CDATA[24628D56A3ECA76DFF0AAAD750820A5D]]></sign>
<result_code><![CDATA[FAIL]]></result_code>
<err_code><![CDATA[OUT_TRADE_NO_USED]]></err_code>
<err_code_des><![CDATA[商户订单号重复]]></err_code_des>
</xml>
2015-10-21 17:39:00.814 DEBUG WxPayApi: UnfiedOrder request : <xml><appid><![CDATA[wxbeb2e5a46ca7bf69]]></appid><body><![CDATA[购买商品支付金额]]></body><goods_tag><![CDATA[]]></goods_tag><mch_id><![CDATA[1240541002]]></mch_id><nonce_str><![CDATA[7ce46eb08379496e9278daf803669eb1]]></nonce_str><notify_url><![CDATA[http://localhost:88/Qrcode/ResultNotify]]></notify_url><out_trade_no><![CDATA[222]]></out_trade_no><product_id><![CDATA[222]]></product_id><sign><![CDATA[B1682023711E4FB9F9AEFC316E439B6C]]></sign><spbill_create_ip><![CDATA[8.8.8.8]]></spbill_create_ip><time_expire><![CDATA[20151021174858]]></time_expire><time_start><![CDATA[20151021173858]]></time_start><total_fee>2</total_fee><trade_type><![CDATA[NATIVE]]></trade_type></xml>
2015-10-21 17:39:01.326 DEBUG WxPayApi: UnfiedOrder response : <xml><return_code><![CDATA[SUCCESS]]></return_code>
<return_msg><![CDATA[OK]]></return_msg>
<appid><![CDATA[wxbeb2e5a46ca7bf69]]></appid>
<mch_id><![CDATA[1240541002]]></mch_id>
<nonce_str><![CDATA[eDGJval40vdJexAE]]></nonce_str>
<sign><![CDATA[3FDE9FB513823D7828BE09054EF5C742]]></sign>
<result_code><![CDATA[FAIL]]></result_code>
<err_code><![CDATA[OUT_TRADE_NO_USED]]></err_code>
<err_code_des><![CDATA[商户订单号重复]]></err_code_des>
</xml>
2015-10-21 17:41:43.821 DEBUG WxPayApi: UnfiedOrder request : <xml><appid><![CDATA[wxbeb2e5a46ca7bf69]]></appid><body><![CDATA[购买商品支付金额]]></body><goods_tag><![CDATA[]]></goods_tag><mch_id><![CDATA[1240541002]]></mch_id><nonce_str><![CDATA[4c8a3e3c4a674a558ff08d8c883b5e39]]></nonce_str><notify_url><![CDATA[http://localhost:88/Qrcode/ResultNotify]]></notify_url><out_trade_no><![CDATA[22243223]]></out_trade_no><product_id><![CDATA[22243223]]></product_id><sign><![CDATA[96DCAE2763BB2DFF71A556A58FAD845C]]></sign><spbill_create_ip><![CDATA[8.8.8.8]]></spbill_create_ip><time_expire><![CDATA[20151021175143]]></time_expire><time_start><![CDATA[20151021174143]]></time_start><total_fee>2</total_fee><trade_type><![CDATA[NATIVE]]></trade_type></xml>
2015-10-21 17:41:44.262 DEBUG WxPayApi: UnfiedOrder response : <xml><return_code><![CDATA[SUCCESS]]></return_code>
<return_msg><![CDATA[OK]]></return_msg>
<appid><![CDATA[wxbeb2e5a46ca7bf69]]></appid>
<mch_id><![CDATA[1240541002]]></mch_id>
<nonce_str><![CDATA[vRe2n5Tlp19G2Oja]]></nonce_str>
<sign><![CDATA[B161FCCB759CA2FA0B63F8C35A5F63AD]]></sign>
<result_code><![CDATA[SUCCESS]]></result_code>
<prepay_id><![CDATA[wx20151021174450dd4aa632070214421936]]></prepay_id>
<trade_type><![CDATA[NATIVE]]></trade_type>
<code_url><![CDATA[weixin://wxpay/bizpayurl?pr=JLXnmlK]]></code_url>
</xml>
2015-10-21 17:41:53.472 DEBUG WxPayApi: UnfiedOrder request : <xml><appid><![CDATA[wxbeb2e5a46ca7bf69]]></appid><body><![CDATA[购买商品支付金额]]></body><goods_tag><![CDATA[]]></goods_tag><mch_id><![CDATA[1240541002]]></mch_id><nonce_str><![CDATA[d4e6b50aec33426a9c5a9a7768ea3680]]></nonce_str><notify_url><![CDATA[http://localhost:88/Qrcode/ResultNotify]]></notify_url><out_trade_no><![CDATA[22243223]]></out_trade_no><product_id><![CDATA[22243223]]></product_id><sign><![CDATA[4176890BB0CCC24FB99DCFFB723F7C2C]]></sign><spbill_create_ip><![CDATA[8.8.8.8]]></spbill_create_ip><time_expire><![CDATA[20151021175153]]></time_expire><time_start><![CDATA[20151021174153]]></time_start><total_fee>2</total_fee><trade_type><![CDATA[NATIVE]]></trade_type></xml>
2015-10-21 17:41:53.885 DEBUG WxPayApi: UnfiedOrder response : <xml><return_code><![CDATA[SUCCESS]]></return_code>
<return_msg><![CDATA[OK]]></return_msg>
<appid><![CDATA[wxbeb2e5a46ca7bf69]]></appid>
<mch_id><![CDATA[1240541002]]></mch_id>
<nonce_str><![CDATA[s2JLmwpCOabJOoT1]]></nonce_str>
<sign><![CDATA[B61D0F8057D13B4F6395C0061C54BAAC]]></sign>
<result_code><![CDATA[SUCCESS]]></result_code>
<prepay_id><![CDATA[wx201510211744598d12a140490368380220]]></prepay_id>
<trade_type><![CDATA[NATIVE]]></trade_type>
<code_url><![CDATA[weixin://wxpay/bizpayurl?pr=imr7krX]]></code_url>
</xml>
2015-10-21 17:42:04.912 DEBUG WxPayApi: UnfiedOrder request : <xml><appid><![CDATA[wxbeb2e5a46ca7bf69]]></appid><body><![CDATA[购买商品支付金额]]></body><goods_tag><![CDATA[]]></goods_tag><mch_id><![CDATA[1240541002]]></mch_id><nonce_str><![CDATA[9ae08f3d062345e6b633b1f05f482e95]]></nonce_str><notify_url><![CDATA[http://localhost:88/Qrcode/ResultNotify]]></notify_url><out_trade_no><![CDATA[22243223]]></out_trade_no><product_id><![CDATA[22243223]]></product_id><sign><![CDATA[6F40286F362D971DB7A99793F9AFA50E]]></sign><spbill_create_ip><![CDATA[8.8.8.8]]></spbill_create_ip><time_expire><![CDATA[20151021175204]]></time_expire><time_start><![CDATA[20151021174204]]></time_start><total_fee>2</total_fee><trade_type><![CDATA[NATIVE]]></trade_type></xml>
2015-10-21 17:42:05.311 DEBUG WxPayApi: UnfiedOrder response : <xml><return_code><![CDATA[SUCCESS]]></return_code>
<return_msg><![CDATA[OK]]></return_msg>
<appid><![CDATA[wxbeb2e5a46ca7bf69]]></appid>
<mch_id><![CDATA[1240541002]]></mch_id>
<nonce_str><![CDATA[hmF66uG9VurnKrNF]]></nonce_str>
<sign><![CDATA[46EDAE3936AFDD38CC44A39E4015C994]]></sign>
<result_code><![CDATA[SUCCESS]]></result_code>
<prepay_id><![CDATA[wx20151021174511aa3e8b64ab0021256017]]></prepay_id>
<trade_type><![CDATA[NATIVE]]></trade_type>
<code_url><![CDATA[weixin://wxpay/bizpayurl?pr=YSlvi6E]]></code_url>
</xml>
2015-10-21 17:42:15.111 DEBUG WxPayApi: UnfiedOrder request : <xml><appid><![CDATA[wxbeb2e5a46ca7bf69]]></appid><body><![CDATA[购买商品支付金额]]></body><goods_tag><![CDATA[]]></goods_tag><mch_id><![CDATA[1240541002]]></mch_id><nonce_str><![CDATA[4710f17da081494195bcf689111e88c9]]></nonce_str><notify_url><![CDATA[http://localhost:88/Qrcode/ResultNotify]]></notify_url><out_trade_no><![CDATA[22243223]]></out_trade_no><product_id><![CDATA[22243223]]></product_id><sign><![CDATA[E84615F07952023D2A63479523F65087]]></sign><spbill_create_ip><![CDATA[8.8.8.8]]></spbill_create_ip><time_expire><![CDATA[20151021175215]]></time_expire><time_start><![CDATA[20151021174215]]></time_start><total_fee>2</total_fee><trade_type><![CDATA[NATIVE]]></trade_type></xml>
2015-10-21 17:42:15.548 DEBUG WxPayApi: UnfiedOrder response : <xml><return_code><![CDATA[SUCCESS]]></return_code>
<return_msg><![CDATA[OK]]></return_msg>
<appid><![CDATA[wxbeb2e5a46ca7bf69]]></appid>
<mch_id><![CDATA[1240541002]]></mch_id>
<nonce_str><![CDATA[Zz1kgUllPSjucYL9]]></nonce_str>
<sign><![CDATA[07DAFA48E3F917B6A5562278DF706EB6]]></sign>
<result_code><![CDATA[SUCCESS]]></result_code>
<prepay_id><![CDATA[wx2015102117452197dc717d170746744349]]></prepay_id>
<trade_type><![CDATA[NATIVE]]></trade_type>
<code_url><![CDATA[weixin://wxpay/bizpayurl?pr=PyKo2Dj]]></code_url>
</xml>
2015-10-21 17:42:43.661 DEBUG WxPayApi: UnfiedOrder request : <xml><appid><![CDATA[wxbeb2e5a46ca7bf69]]></appid><body><![CDATA[购买商品支付金额]]></body><goods_tag><![CDATA[]]></goods_tag><mch_id><![CDATA[1240541002]]></mch_id><nonce_str><![CDATA[48a772b987ef4a9492b0eef1b22e1608]]></nonce_str><notify_url><![CDATA[http://localhost:88/Qrcode/ResultNotify]]></notify_url><out_trade_no><![CDATA[22243223]]></out_trade_no><product_id><![CDATA[22243223]]></product_id><sign><![CDATA[FE67A8D813FDC26270A5E8078787E3A3]]></sign><spbill_create_ip><![CDATA[8.8.8.8]]></spbill_create_ip><time_expire><![CDATA[20151021175243]]></time_expire><time_start><![CDATA[20151021174243]]></time_start><total_fee>2</total_fee><trade_type><![CDATA[NATIVE]]></trade_type></xml>
2015-10-21 17:42:44.062 DEBUG WxPayApi: UnfiedOrder response : <xml><return_code><![CDATA[SUCCESS]]></return_code>
<return_msg><![CDATA[OK]]></return_msg>
<appid><![CDATA[wxbeb2e5a46ca7bf69]]></appid>
<mch_id><![CDATA[1240541002]]></mch_id>
<nonce_str><![CDATA[1H0ebPpYJ0zGdD6R]]></nonce_str>
<sign><![CDATA[A98D6894F9A385E55C1ECBCBC53D728D]]></sign>
<result_code><![CDATA[SUCCESS]]></result_code>
<prepay_id><![CDATA[wx201510211745504f4235ce170181617946]]></prepay_id>
<trade_type><![CDATA[NATIVE]]></trade_type>
<code_url><![CDATA[weixin://wxpay/bizpayurl?pr=Cn4g1K1]]></code_url>
</xml>
2015-10-21 17:54:56.019 DEBUG WxPayApi: UnfiedOrder request : <xml><appid><![CDATA[wxbeb2e5a46ca7bf69]]></appid><body><![CDATA[购买商品支付金额]]></body><goods_tag><![CDATA[]]></goods_tag><mch_id><![CDATA[1240541002]]></mch_id><nonce_str><![CDATA[aac977a3de3c4881bd89cb75cdd6ba55]]></nonce_str><notify_url><![CDATA[http://localhost:88/Qrcode/ResultNotify]]></notify_url><out_trade_no><![CDATA[222]]></out_trade_no><product_id><![CDATA[222]]></product_id><sign><![CDATA[A2B6E961BD31A9F394CD4110A25279A9]]></sign><spbill_create_ip><![CDATA[8.8.8.8]]></spbill_create_ip><time_expire><![CDATA[20151021180456]]></time_expire><time_start><![CDATA[20151021175456]]></time_start><total_fee>2</total_fee><trade_type><![CDATA[NATIVE]]></trade_type></xml>
2015-10-21 17:54:56.419 DEBUG WxPayApi: UnfiedOrder response : <xml><return_code><![CDATA[SUCCESS]]></return_code>
<return_msg><![CDATA[OK]]></return_msg>
<appid><![CDATA[wxbeb2e5a46ca7bf69]]></appid>
<mch_id><![CDATA[1240541002]]></mch_id>
<nonce_str><![CDATA[seQg6RGZHpUkJPfl]]></nonce_str>
<sign><![CDATA[9BE9BEC2B8CDC0A3A69E575D04669242]]></sign>
<result_code><![CDATA[FAIL]]></result_code>
<err_code><![CDATA[OUT_TRADE_NO_USED]]></err_code>
<err_code_des><![CDATA[商户订单号重复]]></err_code_des>
</xml>
2015-10-21 17:55:05.529 DEBUG WxPayApi: UnfiedOrder request : <xml><appid><![CDATA[wxbeb2e5a46ca7bf69]]></appid><body><![CDATA[购买商品支付金额]]></body><goods_tag><![CDATA[]]></goods_tag><mch_id><![CDATA[1240541002]]></mch_id><nonce_str><![CDATA[f2ef1d9444b34ad38a216bd0c3f3ff24]]></nonce_str><notify_url><![CDATA[http://localhost:88/Qrcode/ResultNotify]]></notify_url><out_trade_no><![CDATA[222]]></out_trade_no><product_id><![CDATA[222]]></product_id><sign><![CDATA[3422C46A933F9099B82B670F8146E704]]></sign><spbill_create_ip><![CDATA[8.8.8.8]]></spbill_create_ip><time_expire><![CDATA[20151021180505]]></time_expire><time_start><![CDATA[20151021175505]]></time_start><total_fee>2</total_fee><trade_type><![CDATA[NATIVE]]></trade_type></xml>
2015-10-21 17:55:05.959 DEBUG WxPayApi: UnfiedOrder response : <xml><return_code><![CDATA[SUCCESS]]></return_code>
<return_msg><![CDATA[OK]]></return_msg>
<appid><![CDATA[wxbeb2e5a46ca7bf69]]></appid>
<mch_id><![CDATA[1240541002]]></mch_id>
<nonce_str><![CDATA[e4Zzj0c1vNFYTtV7]]></nonce_str>
<sign><![CDATA[A194F9C1B47134279ACB4A57ED85ED6F]]></sign>
<result_code><![CDATA[FAIL]]></result_code>
<err_code><![CDATA[OUT_TRADE_NO_USED]]></err_code>
<err_code_des><![CDATA[商户订单号重复]]></err_code_des>
</xml>
2015-10-21 17:58:33.247 DEBUG WxPayApi: UnfiedOrder request : <xml><appid><![CDATA[wxbeb2e5a46ca7bf69]]></appid><body><![CDATA[购买商品支付金额]]></body><goods_tag><![CDATA[]]></goods_tag><mch_id><![CDATA[1240541002]]></mch_id><nonce_str><![CDATA[77304d1121314dae997e6873e07f8103]]></nonce_str><notify_url><![CDATA[http://localhost:88/Qrcode/ResultNotify]]></notify_url><out_trade_no><![CDATA[111]]></out_trade_no><product_id><![CDATA[111]]></product_id><sign><![CDATA[84421F001B5D86A44085ADEDA9F69083]]></sign><spbill_create_ip><![CDATA[8.8.8.8]]></spbill_create_ip><time_expire><![CDATA[20151021180833]]></time_expire><time_start><![CDATA[20151021175833]]></time_start><total_fee>1</total_fee><trade_type><![CDATA[NATIVE]]></trade_type></xml>
2015-10-21 17:58:33.646 DEBUG WxPayApi: UnfiedOrder response : <xml><return_code><![CDATA[SUCCESS]]></return_code>
<return_msg><![CDATA[OK]]></return_msg>
<appid><![CDATA[wxbeb2e5a46ca7bf69]]></appid>
<mch_id><![CDATA[1240541002]]></mch_id>
<nonce_str><![CDATA[JhBYoDRWehTL5L6h]]></nonce_str>
<sign><![CDATA[7AFE7D71AC63022A52A0E222E34C24BA]]></sign>
<result_code><![CDATA[FAIL]]></result_code>
<err_code><![CDATA[OUT_TRADE_NO_USED]]></err_code>
<err_code_des><![CDATA[商户订单号重复]]></err_code_des>
</xml>
2015-10-21 17:59:00.203 DEBUG WxPayApi: UnfiedOrder request : <xml><appid><![CDATA[wxbeb2e5a46ca7bf69]]></appid><body><![CDATA[购买商品支付金额]]></body><goods_tag><![CDATA[]]></goods_tag><mch_id><![CDATA[1240541002]]></mch_id><nonce_str><![CDATA[95d1670835c24892852deb952eb0721a]]></nonce_str><notify_url><![CDATA[http://localhost:88/Qrcode/ResultNotify]]></notify_url><out_trade_no><![CDATA[111]]></out_trade_no><product_id><![CDATA[111]]></product_id><sign><![CDATA[43BB33EF6E90CF5AFE1421470576742B]]></sign><spbill_create_ip><![CDATA[8.8.8.8]]></spbill_create_ip><time_expire><![CDATA[20151021180900]]></time_expire><time_start><![CDATA[20151021175900]]></time_start><total_fee>1</total_fee><trade_type><![CDATA[NATIVE]]></trade_type></xml>
2015-10-21 17:59:00.607 DEBUG WxPayApi: UnfiedOrder response : <xml><return_code><![CDATA[SUCCESS]]></return_code>
<return_msg><![CDATA[OK]]></return_msg>
<appid><![CDATA[wxbeb2e5a46ca7bf69]]></appid>
<mch_id><![CDATA[1240541002]]></mch_id>
<nonce_str><![CDATA[qFwX0DRmJNR6ydvm]]></nonce_str>
<sign><![CDATA[334762E5910EBCD493575D4546DBFC62]]></sign>
<result_code><![CDATA[FAIL]]></result_code>
<err_code><![CDATA[OUT_TRADE_NO_USED]]></err_code>
<err_code_des><![CDATA[商户订单号重复]]></err_code_des>
</xml>
2015-10-21 18:05:57.871 DEBUG WxPayApi: UnfiedOrder request : <xml><appid><![CDATA[wxbeb2e5a46ca7bf69]]></appid><attach><![CDATA[111]]></attach><body><![CDATA[购买商品支付金额]]></body><goods_tag><![CDATA[]]></goods_tag><mch_id><![CDATA[1240541002]]></mch_id><nonce_str><![CDATA[51c652c7bcec40cd9723460ca3acc6cb]]></nonce_str><notify_url><![CDATA[http://localhost:88/Qrcode/ResultNotify]]></notify_url><out_trade_no><![CDATA[124054100220151021180557128]]></out_trade_no><product_id><![CDATA[111]]></product_id><sign><![CDATA[55D86223968D53B25B6B5C3A1C0E6109]]></sign><spbill_create_ip><![CDATA[8.8.8.8]]></spbill_create_ip><time_expire><![CDATA[20151021181557]]></time_expire><time_start><![CDATA[20151021180557]]></time_start><total_fee>1</total_fee><trade_type><![CDATA[NATIVE]]></trade_type></xml>
2015-10-21 18:05:57.996 ERROR HttpService: System.Net.WebException: 未能解析此远程名称: 'api.mch.weixin.qq.com'
   在 System.Net.HttpWebRequest.GetRequestStream(TransportContext& context)
   在 System.Net.HttpWebRequest.GetRequestStream()
   在 qrcode.wx.HttpService.Post(String xml, String url, Boolean isUseCert, Int32 timeout) 位置 e:\daoc\Pharos\Pharos.CRM.Retailing\App_Code\qrcode\wx\HttpService.cs:行号 74
2015-10-21 18:05:57.998 ERROR QrcodeController: System.Net.WebException: 未能解析此远程名称: 'api.mch.weixin.qq.com'
   在 System.Net.HttpWebRequest.GetRequestStream(TransportContext& context)
   在 System.Net.HttpWebRequest.GetRequestStream()
   在 qrcode.wx.HttpService.Post(String xml, String url, Boolean isUseCert, Int32 timeout) 位置 e:\daoc\Pharos\Pharos.CRM.Retailing\App_Code\qrcode\wx\HttpService.cs:行号 74
2015-10-21 18:07:43.115 DEBUG WxPayApi: UnfiedOrder request : <xml><appid><![CDATA[wxbeb2e5a46ca7bf69]]></appid><attach><![CDATA[111]]></attach><body><![CDATA[购买商品支付金额]]></body><goods_tag><![CDATA[]]></goods_tag><mch_id><![CDATA[1240541002]]></mch_id><nonce_str><![CDATA[0a8b5c32b5524038a23d04be0146307d]]></nonce_str><notify_url><![CDATA[http://localhost:88/Qrcode/ResultNotify]]></notify_url><out_trade_no><![CDATA[12405410022015102118071291]]></out_trade_no><product_id><![CDATA[111]]></product_id><sign><![CDATA[A8F303D071F08F879AC2F76A2C7017E0]]></sign><spbill_create_ip><![CDATA[8.8.8.8]]></spbill_create_ip><time_expire><![CDATA[20151021181712]]></time_expire><time_start><![CDATA[20151021180712]]></time_start><total_fee>1</total_fee><trade_type><![CDATA[NATIVE]]></trade_type></xml>
2015-10-21 18:08:14.550 DEBUG WxPayApi: UnfiedOrder response : <xml><return_code><![CDATA[SUCCESS]]></return_code>
<return_msg><![CDATA[OK]]></return_msg>
<appid><![CDATA[wxbeb2e5a46ca7bf69]]></appid>
<mch_id><![CDATA[1240541002]]></mch_id>
<nonce_str><![CDATA[gAunypxKCficxZ9C]]></nonce_str>
<sign><![CDATA[4B672E834C17E52BF94889ED6881C6C3]]></sign>
<result_code><![CDATA[SUCCESS]]></result_code>
<prepay_id><![CDATA[wx20151021181110551b5c978c0502042561]]></prepay_id>
<trade_type><![CDATA[NATIVE]]></trade_type>
<code_url><![CDATA[weixin://wxpay/bizpayurl?pr=x4bjXSD]]></code_url>
</xml>
