2015-10-22 11:09:40.480 DEBUG WxPayApi: UnfiedOrder request : <xml><appid><![CDATA[wxbeb2e5a46ca7bf69]]></appid><attach><![CDATA[111]]></attach><body><![CDATA[购买商品支付金额]]></body><goods_tag><![CDATA[]]></goods_tag><mch_id><![CDATA[1240541002]]></mch_id><nonce_str><![CDATA[b95820c656b0433cb064e690d309bea2]]></nonce_str><notify_url><![CDATA[http://27.154.234.10/Qrcode/ResultNotify]]></notify_url><out_trade_no><![CDATA[124054100220151022110940627]]></out_trade_no><product_id><![CDATA[111]]></product_id><sign><![CDATA[2BBE36B71643C214FEC389B8DD059701]]></sign><spbill_create_ip><![CDATA[8.8.8.8]]></spbill_create_ip><time_expire><![CDATA[20151022111940]]></time_expire><time_start><![CDATA[20151022110940]]></time_start><total_fee>1</total_fee><trade_type><![CDATA[NATIVE]]></trade_type></xml>
2015-10-22 11:09:40.919 DEBUG WxPayApi: UnfiedOrder response : <xml><return_code><![CDATA[SUCCESS]]></return_code>
<return_msg><![CDATA[OK]]></return_msg>
<appid><![CDATA[wxbeb2e5a46ca7bf69]]></appid>
<mch_id><![CDATA[1240541002]]></mch_id>
<nonce_str><![CDATA[wF0Xbg6KTxoI2VkZ]]></nonce_str>
<sign><![CDATA[657784300CA95AD5C4C513DBB704AECF]]></sign>
<result_code><![CDATA[SUCCESS]]></result_code>
<prepay_id><![CDATA[wx20151022111248aa792358ae0974869843]]></prepay_id>
<trade_type><![CDATA[NATIVE]]></trade_type>
<code_url><![CDATA[weixin://wxpay/bizpayurl?pr=gf1H6tf]]></code_url>
</xml>
2015-10-22 11:10:38.463 DEBUG WxPayApi: UnfiedOrder request : <xml><appid><![CDATA[wxbeb2e5a46ca7bf69]]></appid><attach><![CDATA[111]]></attach><body><![CDATA[购买商品支付金额]]></body><goods_tag><![CDATA[]]></goods_tag><mch_id><![CDATA[1240541002]]></mch_id><nonce_str><![CDATA[d3f1349c21fd4986919a28a5c92a29e3]]></nonce_str><notify_url><![CDATA[http://27.154.234.10/Qrcode/ResultNotify]]></notify_url><out_trade_no><![CDATA[124054100220151022111029660]]></out_trade_no><product_id><![CDATA[111]]></product_id><sign><![CDATA[49DAD8D5B766AE824D3468BE40AF310E]]></sign><spbill_create_ip><![CDATA[8.8.8.8]]></spbill_create_ip><time_expire><![CDATA[20151022112030]]></time_expire><time_start><![CDATA[20151022111030]]></time_start><total_fee>1</total_fee><trade_type><![CDATA[NATIVE]]></trade_type></xml>
2015-10-22 11:10:40.473 DEBUG WxPayApi: UnfiedOrder response : <xml><return_code><![CDATA[SUCCESS]]></return_code>
<return_msg><![CDATA[OK]]></return_msg>
<appid><![CDATA[wxbeb2e5a46ca7bf69]]></appid>
<mch_id><![CDATA[1240541002]]></mch_id>
<nonce_str><![CDATA[hmxkllx77FZVF43H]]></nonce_str>
<sign><![CDATA[7E81C90F496F943881440B1808E0FA1A]]></sign>
<result_code><![CDATA[SUCCESS]]></result_code>
<prepay_id><![CDATA[wx20151022111346ec6de9f7ab0517136160]]></prepay_id>
<trade_type><![CDATA[NATIVE]]></trade_type>
<code_url><![CDATA[weixin://wxpay/bizpayurl?pr=ZrbvgrI]]></code_url>
</xml>
2015-10-22 11:11:26.896 DEBUG WxPayApi: UnfiedOrder request : <xml><appid><![CDATA[wxbeb2e5a46ca7bf69]]></appid><attach><![CDATA[111]]></attach><body><![CDATA[购买商品支付金额]]></body><goods_tag><![CDATA[]]></goods_tag><mch_id><![CDATA[1240541002]]></mch_id><nonce_str><![CDATA[5dd8d372a31440d0a4f24539bf2d7d28]]></nonce_str><notify_url><![CDATA[http://27.154.234.10/Qrcode/ResultNotify]]></notify_url><out_trade_no><![CDATA[124054100220151022111125678]]></out_trade_no><product_id><![CDATA[111]]></product_id><sign><![CDATA[382E3A8DD059C9376751F9370F066CA3]]></sign><spbill_create_ip><![CDATA[8.8.8.8]]></spbill_create_ip><time_expire><![CDATA[20151022112125]]></time_expire><time_start><![CDATA[20151022111125]]></time_start><total_fee>1</total_fee><trade_type><![CDATA[NATIVE]]></trade_type></xml>
2015-10-22 11:11:27.327 DEBUG WxPayApi: UnfiedOrder response : <xml><return_code><![CDATA[SUCCESS]]></return_code>
<return_msg><![CDATA[OK]]></return_msg>
<appid><![CDATA[wxbeb2e5a46ca7bf69]]></appid>
<mch_id><![CDATA[1240541002]]></mch_id>
<nonce_str><![CDATA[XloI0sUi92vvj15s]]></nonce_str>
<sign><![CDATA[8C3287D34176069779B5A23643290F27]]></sign>
<result_code><![CDATA[SUCCESS]]></result_code>
<prepay_id><![CDATA[wx201510221114349ee7adfce30393392463]]></prepay_id>
<trade_type><![CDATA[NATIVE]]></trade_type>
<code_url><![CDATA[weixin://wxpay/bizpayurl?pr=adP4XLN]]></code_url>
</xml>
2015-10-22 11:13:38.823 DEBUG WxPayApi: UnfiedOrder request : <xml><appid><![CDATA[wxbeb2e5a46ca7bf69]]></appid><attach><![CDATA[111]]></attach><body><![CDATA[购买商品支付金额]]></body><goods_tag><![CDATA[]]></goods_tag><mch_id><![CDATA[1240541002]]></mch_id><nonce_str><![CDATA[3211a2f270e24c29a9e2aa4f284d5224]]></nonce_str><notify_url><![CDATA[http://27.154.234.10/Qrcode/ResultNotify]]></notify_url><out_trade_no><![CDATA[124054100220151022111337800]]></out_trade_no><product_id><![CDATA[111]]></product_id><sign><![CDATA[589E93E095E18AAC3902D75E35C39499]]></sign><spbill_create_ip><![CDATA[8.8.8.8]]></spbill_create_ip><time_expire><![CDATA[20151022112337]]></time_expire><time_start><![CDATA[20151022111337]]></time_start><total_fee>1</total_fee><trade_type><![CDATA[NATIVE]]></trade_type></xml>
2015-10-22 11:13:39.264 DEBUG WxPayApi: UnfiedOrder response : <xml><return_code><![CDATA[SUCCESS]]></return_code>
<return_msg><![CDATA[OK]]></return_msg>
<appid><![CDATA[wxbeb2e5a46ca7bf69]]></appid>
<mch_id><![CDATA[1240541002]]></mch_id>
<nonce_str><![CDATA[e4jnhPXMu5YOtyWR]]></nonce_str>
<sign><![CDATA[53C3A18988E2EC6E0B52A90EF65DC795]]></sign>
<result_code><![CDATA[SUCCESS]]></result_code>
<prepay_id><![CDATA[wx201510221116461d603ccfd70750809463]]></prepay_id>
<trade_type><![CDATA[NATIVE]]></trade_type>
<code_url><![CDATA[weixin://wxpay/bizpayurl?pr=1fVxbv1]]></code_url>
</xml>
2015-10-22 11:15:20.888 DEBUG WxPayApi: UnfiedOrder request : <xml><appid><![CDATA[wxbeb2e5a46ca7bf69]]></appid><attach><![CDATA[111]]></attach><body><![CDATA[购买商品支付金额]]></body><goods_tag><![CDATA[]]></goods_tag><mch_id><![CDATA[1240541002]]></mch_id><nonce_str><![CDATA[bf3f7e7e5ec348b184f319259766e0b7]]></nonce_str><notify_url><![CDATA[http://27.154.234.10/Qrcode/ResultNotify]]></notify_url><out_trade_no><![CDATA[124054100220151022111520906]]></out_trade_no><product_id><![CDATA[111]]></product_id><sign><![CDATA[A4EE80DBC2B63142BF3D5B03FC972438]]></sign><spbill_create_ip><![CDATA[8.8.8.8]]></spbill_create_ip><time_expire><![CDATA[20151022112520]]></time_expire><time_start><![CDATA[20151022111520]]></time_start><total_fee>1</total_fee><trade_type><![CDATA[NATIVE]]></trade_type></xml>
2015-10-22 11:15:21.427 DEBUG WxPayApi: UnfiedOrder response : <xml><return_code><![CDATA[SUCCESS]]></return_code>
<return_msg><![CDATA[OK]]></return_msg>
<appid><![CDATA[wxbeb2e5a46ca7bf69]]></appid>
<mch_id><![CDATA[1240541002]]></mch_id>
<nonce_str><![CDATA[iZLRRGnxZOqH2XZR]]></nonce_str>
<sign><![CDATA[4F05022C68F23690E6F48027759CA9FA]]></sign>
<result_code><![CDATA[SUCCESS]]></result_code>
<prepay_id><![CDATA[wx20151022111828d835a351c90424459081]]></prepay_id>
<trade_type><![CDATA[NATIVE]]></trade_type>
<code_url><![CDATA[weixin://wxpay/bizpayurl?pr=ZMUbZdO]]></code_url>
</xml>
2015-10-22 13:14:00.043 DEBUG WxPayApi: UnfiedOrder request : <xml><appid><![CDATA[wxbeb2e5a46ca7bf69]]></appid><attach><![CDATA[111]]></attach><body><![CDATA[购买商品支付金额]]></body><goods_tag><![CDATA[]]></goods_tag><mch_id><![CDATA[1240541002]]></mch_id><nonce_str><![CDATA[9363585a02074296b4029eaf143f1d55]]></nonce_str><notify_url><![CDATA[http://27.154.234.10/Qrcode/ResultNotify]]></notify_url><out_trade_no><![CDATA[124054100220151022131400649]]></out_trade_no><product_id><![CDATA[111]]></product_id><sign><![CDATA[4D47D7F3D1C2CF5081F25924D0E06F57]]></sign><spbill_create_ip><![CDATA[8.8.8.8]]></spbill_create_ip><time_expire><![CDATA[20151022132400]]></time_expire><time_start><![CDATA[20151022131400]]></time_start><total_fee>1</total_fee><trade_type><![CDATA[NATIVE]]></trade_type></xml>
2015-10-22 13:14:00.525 DEBUG WxPayApi: UnfiedOrder response : <xml><return_code><![CDATA[SUCCESS]]></return_code>
<return_msg><![CDATA[OK]]></return_msg>
<appid><![CDATA[wxbeb2e5a46ca7bf69]]></appid>
<mch_id><![CDATA[1240541002]]></mch_id>
<nonce_str><![CDATA[ezCul76z1gUFzX5z]]></nonce_str>
<sign><![CDATA[9AB4BBD637156FFBC96BBE3AE8573AD6]]></sign>
<result_code><![CDATA[SUCCESS]]></result_code>
<prepay_id><![CDATA[wx20151022131707477cf03d8a0550404893]]></prepay_id>
<trade_type><![CDATA[NATIVE]]></trade_type>
<code_url><![CDATA[weixin://wxpay/bizpayurl?pr=E6HJk82]]></code_url>
</xml>
2015-10-22 13:14:04.386 DEBUG WxPayApi: UnfiedOrder request : <xml><appid><![CDATA[wxbeb2e5a46ca7bf69]]></appid><attach><![CDATA[111]]></attach><body><![CDATA[购买商品支付金额]]></body><goods_tag><![CDATA[]]></goods_tag><mch_id><![CDATA[1240541002]]></mch_id><nonce_str><![CDATA[a844084952e848c3923b94dca7a3734e]]></nonce_str><notify_url><![CDATA[http://27.154.234.10/Qrcode/ResultNotify]]></notify_url><out_trade_no><![CDATA[124054100220151022131404244]]></out_trade_no><product_id><![CDATA[111]]></product_id><sign><![CDATA[4F44DB360B5B513800DC7F212D92F85E]]></sign><spbill_create_ip><![CDATA[8.8.8.8]]></spbill_create_ip><time_expire><![CDATA[20151022132404]]></time_expire><time_start><![CDATA[20151022131404]]></time_start><total_fee>1</total_fee><trade_type><![CDATA[NATIVE]]></trade_type></xml>
2015-10-22 13:14:04.713 DEBUG WxPayApi: UnfiedOrder response : <xml><return_code><![CDATA[SUCCESS]]></return_code>
<return_msg><![CDATA[OK]]></return_msg>
<appid><![CDATA[wxbeb2e5a46ca7bf69]]></appid>
<mch_id><![CDATA[1240541002]]></mch_id>
<nonce_str><![CDATA[B8dFKvjALRr3Ra8s]]></nonce_str>
<sign><![CDATA[BBA079C99BD61536ED93C44259C5CD20]]></sign>
<result_code><![CDATA[SUCCESS]]></result_code>
<prepay_id><![CDATA[wx201510221317111d40d5376f0405656039]]></prepay_id>
<trade_type><![CDATA[NATIVE]]></trade_type>
<code_url><![CDATA[weixin://wxpay/bizpayurl?pr=bXOMqdb]]></code_url>
</xml>
2015-10-22 13:20:56.390 DEBUG WxPayApi: UnfiedOrder request : <xml><appid><![CDATA[wxbeb2e5a46ca7bf69]]></appid><attach><![CDATA[111]]></attach><body><![CDATA[购买商品支付金额]]></body><goods_tag><![CDATA[]]></goods_tag><mch_id><![CDATA[1240541002]]></mch_id><nonce_str><![CDATA[806621ab16f44b08abec6b041131f4f3]]></nonce_str><notify_url><![CDATA[http://27.154.234.10/Qrcode/ResultNotify]]></notify_url><out_trade_no><![CDATA[124054100220151022132053176]]></out_trade_no><product_id><![CDATA[111]]></product_id><sign><![CDATA[C31CE388BA27273BF7DBDB89581AA317]]></sign><spbill_create_ip><![CDATA[8.8.8.8]]></spbill_create_ip><time_expire><![CDATA[20151022133053]]></time_expire><time_start><![CDATA[20151022132053]]></time_start><total_fee>2</total_fee><trade_type><![CDATA[NATIVE]]></trade_type></xml>
2015-10-22 13:20:56.788 DEBUG WxPayApi: UnfiedOrder response : <xml><return_code><![CDATA[SUCCESS]]></return_code>
<return_msg><![CDATA[OK]]></return_msg>
<appid><![CDATA[wxbeb2e5a46ca7bf69]]></appid>
<mch_id><![CDATA[1240541002]]></mch_id>
<nonce_str><![CDATA[zpTe7GAb5m8heHXZ]]></nonce_str>
<sign><![CDATA[6618C10148E7DF31F8F179013C3DF6F5]]></sign>
<result_code><![CDATA[SUCCESS]]></result_code>
<prepay_id><![CDATA[wx201510221324032030a2b22f0796387675]]></prepay_id>
<trade_type><![CDATA[NATIVE]]></trade_type>
<code_url><![CDATA[weixin://wxpay/bizpayurl?pr=gNAB6gH]]></code_url>
</xml>
2015-10-22 13:21:40.347 DEBUG WxPayApi: UnfiedOrder request : <xml><appid><![CDATA[wxbeb2e5a46ca7bf69]]></appid><attach><![CDATA[111]]></attach><body><![CDATA[购买商品支付金额]]></body><goods_tag><![CDATA[]]></goods_tag><mch_id><![CDATA[1240541002]]></mch_id><nonce_str><![CDATA[d7a64dbda60e40519633d8251bbd5765]]></nonce_str><notify_url><![CDATA[http://27.154.234.10/Qrcode/ResultNotify]]></notify_url><out_trade_no><![CDATA[124054100220151022132140290]]></out_trade_no><product_id><![CDATA[111]]></product_id><sign><![CDATA[2029755D3DD1F9A1C4CB7B85A575510C]]></sign><spbill_create_ip><![CDATA[8.8.8.8]]></spbill_create_ip><time_expire><![CDATA[20151022133140]]></time_expire><time_start><![CDATA[20151022132140]]></time_start><total_fee>2</total_fee><trade_type><![CDATA[NATIVE]]></trade_type></xml>
2015-10-22 13:21:40.767 DEBUG WxPayApi: UnfiedOrder response : <xml><return_code><![CDATA[SUCCESS]]></return_code>
<return_msg><![CDATA[OK]]></return_msg>
<appid><![CDATA[wxbeb2e5a46ca7bf69]]></appid>
<mch_id><![CDATA[1240541002]]></mch_id>
<nonce_str><![CDATA[Mr40hB9EMYZaTfIK]]></nonce_str>
<sign><![CDATA[A8F825E9A874D5008598E40B46B2208F]]></sign>
<result_code><![CDATA[SUCCESS]]></result_code>
<prepay_id><![CDATA[wx201510221324472d539635e70076406466]]></prepay_id>
<trade_type><![CDATA[NATIVE]]></trade_type>
<code_url><![CDATA[weixin://wxpay/bizpayurl?pr=qRiKn0s]]></code_url>
</xml>
2015-10-22 13:21:41.610 DEBUG WxPayApi: UnfiedOrder request : <xml><appid><![CDATA[wxbeb2e5a46ca7bf69]]></appid><attach><![CDATA[111]]></attach><body><![CDATA[购买商品支付金额]]></body><goods_tag><![CDATA[]]></goods_tag><mch_id><![CDATA[1240541002]]></mch_id><nonce_str><![CDATA[194c73d811e34dcc8bf43094217a56df]]></nonce_str><notify_url><![CDATA[http://27.154.234.10/Qrcode/ResultNotify]]></notify_url><out_trade_no><![CDATA[124054100220151022132141472]]></out_trade_no><product_id><![CDATA[111]]></product_id><sign><![CDATA[15D80C7D7C31AEA19E8FDB056D280CE5]]></sign><spbill_create_ip><![CDATA[8.8.8.8]]></spbill_create_ip><time_expire><![CDATA[20151022133141]]></time_expire><time_start><![CDATA[20151022132141]]></time_start><total_fee>2</total_fee><trade_type><![CDATA[NATIVE]]></trade_type></xml>
2015-10-22 13:21:41.936 DEBUG WxPayApi: UnfiedOrder response : <xml><return_code><![CDATA[SUCCESS]]></return_code>
<return_msg><![CDATA[OK]]></return_msg>
<appid><![CDATA[wxbeb2e5a46ca7bf69]]></appid>
<mch_id><![CDATA[1240541002]]></mch_id>
<nonce_str><![CDATA[Je7NRIoRNoOoHNli]]></nonce_str>
<sign><![CDATA[B1A8BCD8E819852B4F6E322CD173CA8C]]></sign>
<result_code><![CDATA[SUCCESS]]></result_code>
<prepay_id><![CDATA[wx2015102213244998e84097300560936692]]></prepay_id>
<trade_type><![CDATA[NATIVE]]></trade_type>
<code_url><![CDATA[weixin://wxpay/bizpayurl?pr=wy0wfv8]]></code_url>
</xml>
2015-10-22 13:22:00.118 DEBUG WxPayApi: UnfiedOrder request : <xml><appid><![CDATA[wxbeb2e5a46ca7bf69]]></appid><attach><![CDATA[111]]></attach><body><![CDATA[购买商品支付金额]]></body><goods_tag><![CDATA[]]></goods_tag><mch_id><![CDATA[1240541002]]></mch_id><nonce_str><![CDATA[cea2617980874c15ba4a10361b7ce059]]></nonce_str><notify_url><![CDATA[http://27.154.234.10/Qrcode/ResultNotify]]></notify_url><out_trade_no><![CDATA[124054100220151022132200386]]></out_trade_no><product_id><![CDATA[111]]></product_id><sign><![CDATA[3B6A4F398E7384EBB639453B10F61677]]></sign><spbill_create_ip><![CDATA[8.8.8.8]]></spbill_create_ip><time_expire><![CDATA[20151022133200]]></time_expire><time_start><![CDATA[20151022132200]]></time_start><total_fee>2</total_fee><trade_type><![CDATA[NATIVE]]></trade_type></xml>
2015-10-22 13:22:00.495 DEBUG WxPayApi: UnfiedOrder response : <xml><return_code><![CDATA[SUCCESS]]></return_code>
<return_msg><![CDATA[OK]]></return_msg>
<appid><![CDATA[wxbeb2e5a46ca7bf69]]></appid>
<mch_id><![CDATA[1240541002]]></mch_id>
<nonce_str><![CDATA[4CJqdjWBktGCx8A8]]></nonce_str>
<sign><![CDATA[37AC3A801B4281B4F7D4B08985ED98E5]]></sign>
<result_code><![CDATA[SUCCESS]]></result_code>
<prepay_id><![CDATA[wx201510221325072ff72ccc170399285743]]></prepay_id>
<trade_type><![CDATA[NATIVE]]></trade_type>
<code_url><![CDATA[weixin://wxpay/bizpayurl?pr=b85mFed]]></code_url>
</xml>
2015-10-22 13:26:41.844 DEBUG WxPayApi: UnfiedOrder request : <xml><appid><![CDATA[wxbeb2e5a46ca7bf69]]></appid><attach><![CDATA[111]]></attach><body><![CDATA[购买商品支付金额]]></body><goods_tag><![CDATA[]]></goods_tag><mch_id><![CDATA[1240541002]]></mch_id><nonce_str><![CDATA[f21b26a3911048e1bda0808b93cdb9d7]]></nonce_str><notify_url><![CDATA[http://27.154.234.10/Qrcode/ResultNotify]]></notify_url><out_trade_no><![CDATA[12405410022015102213264190]]></out_trade_no><product_id><![CDATA[111]]></product_id><sign><![CDATA[D1C24B5A82F8514D8F75DFAB620CB858]]></sign><spbill_create_ip><![CDATA[8.8.8.8]]></spbill_create_ip><time_expire><![CDATA[20151022133641]]></time_expire><time_start><![CDATA[20151022132641]]></time_start><total_fee>1</total_fee><trade_type><![CDATA[NATIVE]]></trade_type></xml>
2015-10-22 13:26:42.276 DEBUG WxPayApi: UnfiedOrder response : <xml><return_code><![CDATA[SUCCESS]]></return_code>
<return_msg><![CDATA[OK]]></return_msg>
<appid><![CDATA[wxbeb2e5a46ca7bf69]]></appid>
<mch_id><![CDATA[1240541002]]></mch_id>
<nonce_str><![CDATA[j5sY2u2lMY4QX7rM]]></nonce_str>
<sign><![CDATA[FFFE0A4B7C1EC5EE5CE0E0E072917B8F]]></sign>
<result_code><![CDATA[SUCCESS]]></result_code>
<prepay_id><![CDATA[wx20151022132949639cade0880393959357]]></prepay_id>
<trade_type><![CDATA[NATIVE]]></trade_type>
<code_url><![CDATA[weixin://wxpay/bizpayurl?pr=ysVNoTV]]></code_url>
</xml>
2015-10-22 13:36:58.695 DEBUG WxPayApi: UnfiedOrder request : <xml><appid><![CDATA[wxbeb2e5a46ca7bf69]]></appid><attach><![CDATA[111]]></attach><body><![CDATA[购买商品支付金额]]></body><goods_tag><![CDATA[]]></goods_tag><mch_id><![CDATA[1240541002]]></mch_id><nonce_str><![CDATA[ef9778cc1d67465ca2a0bd769b00b7b5]]></nonce_str><notify_url><![CDATA[http://27.154.234.10/Qrcode/ResultNotify]]></notify_url><out_trade_no><![CDATA[12405410022015102213365811]]></out_trade_no><product_id><![CDATA[111]]></product_id><sign><![CDATA[7C9D3FE439CAA173F840C2D47988B0B6]]></sign><spbill_create_ip><![CDATA[8.8.8.8]]></spbill_create_ip><time_expire><![CDATA[20151022134658]]></time_expire><time_start><![CDATA[20151022133658]]></time_start><total_fee>1</total_fee><trade_type><![CDATA[NATIVE]]></trade_type></xml>
2015-10-22 13:36:59.105 DEBUG WxPayApi: UnfiedOrder response : <xml><return_code><![CDATA[SUCCESS]]></return_code>
<return_msg><![CDATA[OK]]></return_msg>
<appid><![CDATA[wxbeb2e5a46ca7bf69]]></appid>
<mch_id><![CDATA[1240541002]]></mch_id>
<nonce_str><![CDATA[r7T6Exge5dFJ16KS]]></nonce_str>
<sign><![CDATA[B3274ACC7872BF0A929509FFBA795E01]]></sign>
<result_code><![CDATA[SUCCESS]]></result_code>
<prepay_id><![CDATA[wx201510221340060be03e88a70631645333]]></prepay_id>
<trade_type><![CDATA[NATIVE]]></trade_type>
<code_url><![CDATA[weixin://wxpay/bizpayurl?pr=aEvF06A]]></code_url>
</xml>
2015-10-22 13:39:25.613 DEBUG WxPayApi: UnfiedOrder request : <xml><appid><![CDATA[wxbeb2e5a46ca7bf69]]></appid><attach><![CDATA[111]]></attach><body><![CDATA[购买商品支付金额]]></body><goods_tag><![CDATA[]]></goods_tag><mch_id><![CDATA[1240541002]]></mch_id><nonce_str><![CDATA[f8106d5155b547c788571ba763fe51d4]]></nonce_str><notify_url><![CDATA[http://27.154.234.10/Qrcode/ResultNotify]]></notify_url><out_trade_no><![CDATA[124054100220151022133921463]]></out_trade_no><product_id><![CDATA[111]]></product_id><sign><![CDATA[8808D4F8BC7B73FF77A12E11438D64F9]]></sign><spbill_create_ip><![CDATA[8.8.8.8]]></spbill_create_ip><time_expire><![CDATA[20151022134921]]></time_expire><time_start><![CDATA[20151022133921]]></time_start><total_fee>1</total_fee><trade_type><![CDATA[NATIVE]]></trade_type></xml>
2015-10-22 13:39:50.064 DEBUG WxPayApi: UnfiedOrder response : <xml><return_code><![CDATA[SUCCESS]]></return_code>
<return_msg><![CDATA[OK]]></return_msg>
<appid><![CDATA[wxbeb2e5a46ca7bf69]]></appid>
<mch_id><![CDATA[1240541002]]></mch_id>
<nonce_str><![CDATA[8XunAjCC0nNMFfXd]]></nonce_str>
<sign><![CDATA[3314C0748D61DB118657D103B028D8D6]]></sign>
<result_code><![CDATA[SUCCESS]]></result_code>
<prepay_id><![CDATA[wx20151022134233e59ef9d5f40315483259]]></prepay_id>
<trade_type><![CDATA[NATIVE]]></trade_type>
<code_url><![CDATA[weixin://wxpay/bizpayurl?pr=WXxJgZz]]></code_url>
</xml>
2015-10-22 13:45:33.577 DEBUG WxPayApi: UnfiedOrder request : <xml><appid><![CDATA[wxbeb2e5a46ca7bf69]]></appid><attach><![CDATA[111]]></attach><body><![CDATA[购买商品支付金额]]></body><goods_tag><![CDATA[]]></goods_tag><mch_id><![CDATA[1240541002]]></mch_id><nonce_str><![CDATA[35ff24be9ea346ddb55c9e4481176841]]></nonce_str><notify_url><![CDATA[http://27.154.234.10/Qrcode/ResultNotify]]></notify_url><out_trade_no><![CDATA[124054100220151022134533878]]></out_trade_no><product_id><![CDATA[111]]></product_id><sign><![CDATA[3F5A8C1811676B3F9FBCAA1027F74B7F]]></sign><spbill_create_ip><![CDATA[8.8.8.8]]></spbill_create_ip><time_expire><![CDATA[20151022135533]]></time_expire><time_start><![CDATA[20151022134533]]></time_start><total_fee>1</total_fee><trade_type><![CDATA[NATIVE]]></trade_type></xml>
2015-10-22 13:45:34.047 DEBUG WxPayApi: UnfiedOrder response : <xml><return_code><![CDATA[SUCCESS]]></return_code>
<return_msg><![CDATA[OK]]></return_msg>
<appid><![CDATA[wxbeb2e5a46ca7bf69]]></appid>
<mch_id><![CDATA[1240541002]]></mch_id>
<nonce_str><![CDATA[xyIQHeKKFfybWqNG]]></nonce_str>
<sign><![CDATA[6D4731DD0A8AF17EC856725FE71B9F1B]]></sign>
<result_code><![CDATA[SUCCESS]]></result_code>
<prepay_id><![CDATA[wx201510221348415619f0c6e20397958013]]></prepay_id>
<trade_type><![CDATA[NATIVE]]></trade_type>
<code_url><![CDATA[weixin://wxpay/bizpayurl?pr=m42kQCY]]></code_url>
</xml>
2015-10-22 13:52:07.300 ERROR QrcodeController: WxPayData字段数据类型错误!
2015-10-22 13:53:00.048 DEBUG WxPayApi: UnfiedOrder request : <xml><appid><![CDATA[wxbeb2e5a46ca7bf69]]></appid><attach><![CDATA[111]]></attach><body><![CDATA[购买商品支付金额]]></body><goods_tag><![CDATA[]]></goods_tag><mch_id><![CDATA[1240541002]]></mch_id><nonce_str><![CDATA[a1c9f7ad9b124b0886259446086a0528]]></nonce_str><notify_url><![CDATA[http://27.154.234.10/Qrcode/ResultNotify]]></notify_url><out_trade_no><![CDATA[124054100220151022135300720]]></out_trade_no><product_id><![CDATA[111]]></product_id><sign><![CDATA[6A4D48CC418699FB22FEC82E9E78E307]]></sign><spbill_create_ip><![CDATA[8.8.8.8]]></spbill_create_ip><time_expire><![CDATA[20151022140300]]></time_expire><time_start><![CDATA[20151022135300]]></time_start><total_fee>100</total_fee><trade_type><![CDATA[NATIVE]]></trade_type></xml>
2015-10-22 13:53:00.461 DEBUG WxPayApi: UnfiedOrder response : <xml><return_code><![CDATA[SUCCESS]]></return_code>
<return_msg><![CDATA[OK]]></return_msg>
<appid><![CDATA[wxbeb2e5a46ca7bf69]]></appid>
<mch_id><![CDATA[1240541002]]></mch_id>
<nonce_str><![CDATA[KUnQgm1hL4kxXuqw]]></nonce_str>
<sign><![CDATA[5A8952DF35CD0D5D79A23DA46B59D597]]></sign>
<result_code><![CDATA[SUCCESS]]></result_code>
<prepay_id><![CDATA[wx201510221356077403ac69070529062511]]></prepay_id>
<trade_type><![CDATA[NATIVE]]></trade_type>
<code_url><![CDATA[weixin://wxpay/bizpayurl?pr=ELk5W4f]]></code_url>
</xml>
2015-10-22 13:53:30.845 DEBUG WxPayApi: UnfiedOrder request : <xml><appid><![CDATA[wxbeb2e5a46ca7bf69]]></appid><attach><![CDATA[111]]></attach><body><![CDATA[购买商品支付金额]]></body><goods_tag><![CDATA[]]></goods_tag><mch_id><![CDATA[1240541002]]></mch_id><nonce_str><![CDATA[e03a8c9424184cb0a596fd5ebe1adabf]]></nonce_str><notify_url><![CDATA[http://27.154.234.10/Qrcode/ResultNotify]]></notify_url><out_trade_no><![CDATA[124054100220151022135330644]]></out_trade_no><product_id><![CDATA[111]]></product_id><sign><![CDATA[2888A372FA6E695349061040417FAAEA]]></sign><spbill_create_ip><![CDATA[8.8.8.8]]></spbill_create_ip><time_expire><![CDATA[20151022140330]]></time_expire><time_start><![CDATA[20151022135330]]></time_start><total_fee>150</total_fee><trade_type><![CDATA[NATIVE]]></trade_type></xml>
2015-10-22 13:53:31.265 DEBUG WxPayApi: UnfiedOrder response : <xml><return_code><![CDATA[SUCCESS]]></return_code>
<return_msg><![CDATA[OK]]></return_msg>
<appid><![CDATA[wxbeb2e5a46ca7bf69]]></appid>
<mch_id><![CDATA[1240541002]]></mch_id>
<nonce_str><![CDATA[bM95tj7fRun8jeUO]]></nonce_str>
<sign><![CDATA[4569C95E470C963137166304A12FF49F]]></sign>
<result_code><![CDATA[SUCCESS]]></result_code>
<prepay_id><![CDATA[wx201510221356383535d1cb150247400258]]></prepay_id>
<trade_type><![CDATA[NATIVE]]></trade_type>
<code_url><![CDATA[weixin://wxpay/bizpayurl?pr=XzMz9Cz]]></code_url>
</xml>
2015-10-22 13:55:16.582 DEBUG WxPayApi: UnfiedOrder request : <xml><appid><![CDATA[wxbeb2e5a46ca7bf69]]></appid><attach><![CDATA[111]]></attach><body><![CDATA[购买商品支付金额]]></body><goods_tag><![CDATA[]]></goods_tag><mch_id><![CDATA[1240541002]]></mch_id><nonce_str><![CDATA[e6decde2404c46788c5c7c37b615c300]]></nonce_str><notify_url><![CDATA[http://27.154.234.10/Qrcode/ResultNotify]]></notify_url><out_trade_no><![CDATA[124054100220151022135516330]]></out_trade_no><product_id><![CDATA[111]]></product_id><sign><![CDATA[EC3D4F353B247723528E60583B6C7A9A]]></sign><spbill_create_ip><![CDATA[8.8.8.8]]></spbill_create_ip><time_expire><![CDATA[20151022140516]]></time_expire><time_start><![CDATA[20151022135516]]></time_start><total_fee>1</total_fee><trade_type><![CDATA[NATIVE]]></trade_type></xml>
2015-10-22 13:55:20.060 DEBUG WxPayApi: UnfiedOrder response : <xml><return_code><![CDATA[SUCCESS]]></return_code>
<return_msg><![CDATA[OK]]></return_msg>
<appid><![CDATA[wxbeb2e5a46ca7bf69]]></appid>
<mch_id><![CDATA[1240541002]]></mch_id>
<nonce_str><![CDATA[IMrjbQ8nYgMK6ZrM]]></nonce_str>
<sign><![CDATA[DFCAC9C8290E866FB8C18BAD5C8AE8E9]]></sign>
<result_code><![CDATA[SUCCESS]]></result_code>
<prepay_id><![CDATA[wx2015102213582737404508a80363361246]]></prepay_id>
<trade_type><![CDATA[NATIVE]]></trade_type>
<code_url><![CDATA[weixin://wxpay/bizpayurl?pr=ddAl0go]]></code_url>
</xml>
2015-10-22 14:07:15.452 DEBUG WxPayApi: UnfiedOrder request : <xml><appid><![CDATA[wxbeb2e5a46ca7bf69]]></appid><attach><![CDATA[111]]></attach><body><![CDATA[购买商品支付金额]]></body><goods_tag><![CDATA[]]></goods_tag><mch_id><![CDATA[1240541002]]></mch_id><nonce_str><![CDATA[119f17d939c44000a4dca85b1602f97d]]></nonce_str><notify_url><![CDATA[http://27.154.234.10/Qrcode/ResultNotify]]></notify_url><out_trade_no><![CDATA[124054100220151022140715693]]></out_trade_no><product_id><![CDATA[111]]></product_id><sign><![CDATA[72329E093EB98EAB6C36D09CDDFE4AF0]]></sign><spbill_create_ip><![CDATA[8.8.8.8]]></spbill_create_ip><time_expire><![CDATA[20151022141715]]></time_expire><time_start><![CDATA[20151022140715]]></time_start><total_fee>100</total_fee><trade_type><![CDATA[NATIVE]]></trade_type></xml>
2015-10-22 14:07:15.951 DEBUG WxPayApi: UnfiedOrder response : <xml><return_code><![CDATA[SUCCESS]]></return_code>
<return_msg><![CDATA[OK]]></return_msg>
<appid><![CDATA[wxbeb2e5a46ca7bf69]]></appid>
<mch_id><![CDATA[1240541002]]></mch_id>
<nonce_str><![CDATA[GbAdRPQ3TbcuNfln]]></nonce_str>
<sign><![CDATA[EDFB12FECF6A1AC05D097A56B69AF16B]]></sign>
<result_code><![CDATA[SUCCESS]]></result_code>
<prepay_id><![CDATA[wx20151022141022d372fd3f990986751015]]></prepay_id>
<trade_type><![CDATA[NATIVE]]></trade_type>
<code_url><![CDATA[weixin://wxpay/bizpayurl?pr=c0YlUaY]]></code_url>
</xml>
2015-10-22 14:07:29.313 DEBUG WxPayApi: UnfiedOrder request : <xml><appid><![CDATA[wxbeb2e5a46ca7bf69]]></appid><attach><![CDATA[1]]></attach><body><![CDATA[购买商品支付金额]]></body><goods_tag><![CDATA[]]></goods_tag><mch_id><![CDATA[1240541002]]></mch_id><nonce_str><![CDATA[6c30d9912461446a9fa4bbccd8970270]]></nonce_str><notify_url><![CDATA[http://27.154.234.10/Qrcode/ResultNotify]]></notify_url><out_trade_no><![CDATA[124054100220151022140729851]]></out_trade_no><product_id><![CDATA[1]]></product_id><sign><![CDATA[791C07001773F89126EACB79829FD34B]]></sign><spbill_create_ip><![CDATA[8.8.8.8]]></spbill_create_ip><time_expire><![CDATA[20151022141729]]></time_expire><time_start><![CDATA[20151022140729]]></time_start><total_fee>100</total_fee><trade_type><![CDATA[NATIVE]]></trade_type></xml>
2015-10-22 14:07:29.719 DEBUG WxPayApi: UnfiedOrder response : <xml><return_code><![CDATA[SUCCESS]]></return_code>
<return_msg><![CDATA[OK]]></return_msg>
<appid><![CDATA[wxbeb2e5a46ca7bf69]]></appid>
<mch_id><![CDATA[1240541002]]></mch_id>
<nonce_str><![CDATA[3uWdhWsJ7PlxTsYQ]]></nonce_str>
<sign><![CDATA[579C6D56D6D6259E84D3702AD52AC6A9]]></sign>
<result_code><![CDATA[SUCCESS]]></result_code>
<prepay_id><![CDATA[wx20151022141036c8fecc06d30372215328]]></prepay_id>
<trade_type><![CDATA[NATIVE]]></trade_type>
<code_url><![CDATA[weixin://wxpay/bizpayurl?pr=9R1xFAK]]></code_url>
</xml>
2015-10-22 14:07:51.896 DEBUG WxPayApi: UnfiedOrder request : <xml><appid><![CDATA[wxbeb2e5a46ca7bf69]]></appid><attach><![CDATA[1]]></attach><body><![CDATA[购买商品支付金额]]></body><goods_tag><![CDATA[]]></goods_tag><mch_id><![CDATA[1240541002]]></mch_id><nonce_str><![CDATA[607f861a48844ca694b9b04941715eba]]></nonce_str><notify_url><![CDATA[http://27.154.234.10/Qrcode/ResultNotify]]></notify_url><out_trade_no><![CDATA[124054100220151022140751916]]></out_trade_no><product_id><![CDATA[1]]></product_id><sign><![CDATA[8B2B11344F280FFBC424D6402067AFB6]]></sign><spbill_create_ip><![CDATA[8.8.8.8]]></spbill_create_ip><time_expire><![CDATA[20151022141751]]></time_expire><time_start><![CDATA[20151022140751]]></time_start><total_fee>100</total_fee><trade_type><![CDATA[NATIVE]]></trade_type></xml>
2015-10-22 14:07:52.518 DEBUG WxPayApi: UnfiedOrder response : <xml><return_code><![CDATA[SUCCESS]]></return_code>
<return_msg><![CDATA[OK]]></return_msg>
<appid><![CDATA[wxbeb2e5a46ca7bf69]]></appid>
<mch_id><![CDATA[1240541002]]></mch_id>
<nonce_str><![CDATA[xIELE6F4JdB5K64D]]></nonce_str>
<sign><![CDATA[821BBDF2142B29726D139E3BDCEBE2A1]]></sign>
<result_code><![CDATA[SUCCESS]]></result_code>
<prepay_id><![CDATA[wx201510221410596bf23005380071026970]]></prepay_id>
<trade_type><![CDATA[NATIVE]]></trade_type>
<code_url><![CDATA[weixin://wxpay/bizpayurl?pr=8cyulZ0]]></code_url>
</xml>
